6900
41 0 0
41 0 100
41 0 200
41 0 300
41 0 400
41 0 500
41 0 600
41 0 700
41 0 800
41 0 900
41 100 0
41 100 100
41 100 200
41 100 300
41 100 400
41 100 500
41 100 600
41 100 700
41 100 800
41 100 900
41 200 0
41 200 100
41 200 200
41 200 300
41 200 400
41 200 500
41 200 600
41 200 700
41 200 800
41 200 900
41 300 0
41 300 100
41 300 200
41 300 300
41 300 400
41 300 500
41 300 600
41 300 700
41 300 800
41 300 900
41 400 0
41 400 100
41 400 200
41 400 300
41 400 400
41 400 500
41 400 600
41 400 700
41 400 800
41 400 900
41 500 0
41 500 100
41 500 200
41 500 300
41 500 400
41 500 500
41 500 600
41 500 700
41 500 800
41 500 900
41 600 0
41 600 100
41 600 200
41 600 300
41 600 400
41 600 500
41 600 600
41 600 700
41 600 800
41 600 900
41 700 0
41 700 100
41 700 200
41 700 300
41 700 400
41 700 500
41 700 600
41 700 700
41 700 800
41 700 900
41 800 0
41 800 100
41 800 200
41 800 300
41 800 400
41 800 500
41 800 600
41 800 700
41 800 800
41 800 900
41 900 0
41 900 100
41 900 200
41 900 300
41 900 400
41 900 500
41 900 600
41 900 700
41 900 800
41 900 900
116 20 0
116 20 100
116 20 200
116 20 300
116 20 400
116 20 500
116 20 600
116 20 700
116 20 800
116 20 900
116 120 0
116 120 100
116 120 200
116 120 300
116 120 400
116 120 500
116 120 600
116 120 700
116 120 800
116 120 900
116 220 0
116 220 100
116 220 200
116 220 300
116 220 400
116 220 500
116 220 600
116 220 700
116 220 800
116 220 900
116 320 0
116 320 100
116 320 200
116 320 300
116 320 400
116 320 500
116 320 600
116 320 700
116 320 800
116 320 900
116 420 0
116 420 100
116 420 200
116 420 300
116 420 400
116 420 500
116 420 600
116 420 700
116 420 800
116 420 900
116 520 0
116 520 100
116 520 200
116 520 300
116 520 400
116 520 500
116 520 600
116 520 700
116 520 800
116 520 900
116 620 0
116 620 100
116 620 200
116 620 300
116 620 400
116 620 500
116 620 600
116 620 700
116 620 800
116 620 900
116 720 0
116 720 100
116 720 200
116 720 300
116 720 400
116 720 500
116 720 600
116 720 700
116 720 800
116 720 900
116 820 0
116 820 100
116 820 200
116 820 300
116 820 400
116 820 500
116 820 600
116 820 700
116 820 800
116 820 900
116 920 0
116 920 100
116 920 200
116 920 300
116 920 400
116 920 500
116 920 600
116 920 700
116 920 800
116 920 900
93 0 12
93 0 112
93 0 212
93 0 312
93 0 412
93 0 512
93 0 612
93 0 712
93 0 812
93 0 912
93 100 12
93 100 112
93 100 212
93 100 312
93 100 412
93 100 512
93 100 612
93 100 712
93 100 812
93 100 912
93 200 12
93 200 112
93 200 212
93 200 312
93 200 412
93 200 512
93 200 612
93 200 712
93 200 812
93 200 912
93 300 12
93 300 112
93 300 212
93 300 312
93 300 412
93 300 512
93 300 612
93 300 712
93 300 812
93 300 912
93 400 12
93 400 112
93 400 212
93 400 312
93 400 412
93 400 512
93 400 612
93 400 712
93 400 812
93 400 912
93 500 12
93 500 112
93 500 212
93 500 312
93 500 412
93 500 512
93 500 612
93 500 712
93 500 812
93 500 912
93 600 12
93 600 112
93 600 212
93 600 312
93 600 412
93 600 512
93 600 612
93 600 712
93 600 812
93 600 912
93 700 12
93 700 112
93 700 212
93 700 312
93 700 412
93 700 512
93 700 612
93 700 712
93 700 812
93 700 912
93 800 12
93 800 112
93 800 212
93 800 312
93 800 412
93 800 512
93 800 612
93 800 712
93 800 812
93 800 912
93 900 12
93 900 112
93 900 212
93 900 312
93 900 412
93 900 512
93 900 612
93 900 712
93 900 812
93 900 912
93 39 0
93 39 100
93 39 200
93 39 300
93 39 400
93 39 500
93 39 600
93 39 700
93 39 800
93 39 900
93 139 0
93 139 100
93 139 200
93 139 300
93 139 400
93 139 500
93 139 600
93 139 700
93 139 800
93 139 900
93 239 0
93 239 100
93 239 200
93 239 300
93 239 400
93 239 500
93 239 600
93 239 700
93 239 800
93 239 900
93 339 0
93 339 100
93 339 200
93 339 300
93 339 400
93 339 500
93 339 600
93 339 700
93 339 800
93 339 900
93 439 0
93 439 100
93 439 200
93 439 300
93 439 400
93 439 500
93 439 600
93 439 700
93 439 800
93 439 900
93 539 0
93 539 100
93 539 200
93 539 300
93 539 400
93 539 500
93 539 600
93 539 700
93 539 800
93 539 900
93 639 0
93 639 100
93 639 200
93 639 300
93 639 400
93 639 500
93 639 600
93 639 700
93 639 800
93 639 900
93 739 0
93 739 100
93 739 200
93 739 300
93 739 400
93 739 500
93 739 600
93 739 700
93 739 800
93 739 900
93 839 0
93 839 100
93 839 200
93 839 300
93 839 400
93 839 500
93 839 600
93 839 700
93 839 800
93 839 900
93 939 0
93 939 100
93 939 200
93 939 300
93 939 400
93 939 500
93 939 600
93 939 700
93 939 800
93 939 900
93 20 20
93 20 120
93 20 220
93 20 320
93 20 420
93 20 520
93 20 620
93 20 720
93 20 820
93 20 920
93 120 20
93 120 120
93 120 220
93 120 320
93 120 420
93 120 520
93 120 620
93 120 720
93 120 820
93 120 920
93 220 20
93 220 120
93 220 220
93 220 320
93 220 420
93 220 520
93 220 620
93 220 720
93 220 820
93 220 920
93 320 20
93 320 120
93 320 220
93 320 320
93 320 420
93 320 520
93 320 620
93 320 720
93 320 820
93 320 920
93 420 20
93 420 120
93 420 220
93 420 320
93 420 420
93 420 520
93 420 620
93 420 720
93 420 820
93 420 920
93 520 20
93 520 120
93 520 220
93 520 320
93 520 420
93 520 520
93 520 620
93 520 720
93 520 820
93 520 920
93 620 20
93 620 120
93 620 220
93 620 320
93 620 420
93 620 520
93 620 620
93 620 720
93 620 820
93 620 920
93 720 20
93 720 120
93 720 220
93 720 320
93 720 420
93 720 520
93 720 620
93 720 720
93 720 820
93 720 920
93 820 20
93 820 120
93 820 220
93 820 320
93 820 420
93 820 520
93 820 620
93 820 720
93 820 820
93 820 920
93 920 20
93 920 120
93 920 220
93 920 320
93 920 420
93 920 520
93 920 620
93 920 720
93 920 820
93 920 920
93 0 29
93 0 129
93 0 229
93 0 329
93 0 429
93 0 529
93 0 629
93 0 729
93 0 829
93 0 929
93 100 29
93 100 129
93 100 229
93 100 329
93 100 429
93 100 529
93 100 629
93 100 729
93 100 829
93 100 929
93 200 29
93 200 129
93 200 229
93 200 329
93 200 429
93 200 529
93 200 629
93 200 729
93 200 829
93 200 929
93 300 29
93 300 129
93 300 229
93 300 329
93 300 429
93 300 529
93 300 629
93 300 729
93 300 829
93 300 929
93 400 29
93 400 129
93 400 229
93 400 329
93 400 429
93 400 529
93 400 629
93 400 729
93 400 829
93 400 929
93 500 29
93 500 129
93 500 229
93 500 329
93 500 429
93 500 529
93 500 629
93 500 729
93 500 829
93 500 929
93 600 29
93 600 129
93 600 229
93 600 329
93 600 429
93 600 529
93 600 629
93 600 729
93 600 829
93 600 929
93 700 29
93 700 129
93 700 229
93 700 329
93 700 429
93 700 529
93 700 629
93 700 729
93 700 829
93 700 929
93 800 29
93 800 129
93 800 229
93 800 329
93 800 429
93 800 529
93 800 629
93 800 729
93 800 829
93 800 929
93 900 29
93 900 129
93 900 229
93 900 329
93 900 429
93 900 529
93 900 629
93 900 729
93 900 829
93 900 929
116 59 0
116 59 100
116 59 200
116 59 300
116 59 400
116 59 500
116 59 600
116 59 700
116 59 800
116 59 900
116 159 0
116 159 100
116 159 200
116 159 300
116 159 400
116 159 500
116 159 600
116 159 700
116 159 800
116 159 900
116 259 0
116 259 100
116 259 200
116 259 300
116 259 400
116 259 500
116 259 600
116 259 700
116 259 800
116 259 900
116 359 0
116 359 100
116 359 200
116 359 300
116 359 400
116 359 500
116 359 600
116 359 700
116 359 800
116 359 900
116 459 0
116 459 100
116 459 200
116 459 300
116 459 400
116 459 500
116 459 600
116 459 700
116 459 800
116 459 900
116 559 0
116 559 100
116 559 200
116 559 300
116 559 400
116 559 500
116 559 600
116 559 700
116 559 800
116 559 900
116 659 0
116 659 100
116 659 200
116 659 300
116 659 400
116 659 500
116 659 600
116 659 700
116 659 800
116 659 900
116 759 0
116 759 100
116 759 200
116 759 300
116 759 400
116 759 500
116 759 600
116 759 700
116 759 800
116 759 900
116 859 0
116 859 100
116 859 200
116 859 300
116 859 400
116 859 500
116 859 600
116 859 700
116 859 800
116 859 900
116 959 0
116 959 100
116 959 200
116 959 300
116 959 400
116 959 500
116 959 600
116 959 700
116 959 800
116 959 900
101 39 17
101 39 117
101 39 217
101 39 317
101 39 417
101 39 517
101 39 617
101 39 717
101 39 817
101 39 917
101 139 17
101 139 117
101 139 217
101 139 317
101 139 417
101 139 517
101 139 617
101 139 717
101 139 817
101 139 917
101 239 17
101 239 117
101 239 217
101 239 317
101 239 417
101 239 517
101 239 617
101 239 717
101 239 817
101 239 917
101 339 17
101 339 117
101 339 217
101 339 317
101 339 417
101 339 517
101 339 617
101 339 717
101 339 817
101 339 917
101 439 17
101 439 117
101 439 217
101 439 317
101 439 417
101 439 517
101 439 617
101 439 717
101 439 817
101 439 917
101 539 17
101 539 117
101 539 217
101 539 317
101 539 417
101 539 517
101 539 617
101 539 717
101 539 817
101 539 917
101 639 17
101 639 117
101 639 217
101 639 317
101 639 417
101 639 517
101 639 617
101 639 717
101 639 817
101 639 917
101 739 17
101 739 117
101 739 217
101 739 317
101 739 417
101 739 517
101 739 617
101 739 717
101 739 817
101 739 917
101 839 17
101 839 117
101 839 217
101 839 317
101 839 417
101 839 517
101 839 617
101 839 717
101 839 817
101 839 917
101 939 17
101 939 117
101 939 217
101 939 317
101 939 417
101 939 517
101 939 617
101 939 717
101 939 817
101 939 917
93 40 20
93 40 120
93 40 220
93 40 320
93 40 420
93 40 520
93 40 620
93 40 720
93 40 820
93 40 920
93 140 20
93 140 120
93 140 220
93 140 320
93 140 420
93 140 520
93 140 620
93 140 720
93 140 820
93 140 920
93 240 20
93 240 120
93 240 220
93 240 320
93 240 420
93 240 520
93 240 620
93 240 720
93 240 820
93 240 920
93 340 20
93 340 120
93 340 220
93 340 320
93 340 420
93 340 520
93 340 620
93 340 720
93 340 820
93 340 920
93 440 20
93 440 120
93 440 220
93 440 320
93 440 420
93 440 520
93 440 620
93 440 720
93 440 820
93 440 920
93 540 20
93 540 120
93 540 220
93 540 320
93 540 420
93 540 520
93 540 620
93 540 720
93 540 820
93 540 920
93 640 20
93 640 120
93 640 220
93 640 320
93 640 420
93 640 520
93 640 620
93 640 720
93 640 820
93 640 920
93 740 20
93 740 120
93 740 220
93 740 320
93 740 420
93 740 520
93 740 620
93 740 720
93 740 820
93 740 920
93 840 20
93 840 120
93 840 220
93 840 320
93 840 420
93 840 520
93 840 620
93 840 720
93 840 820
93 840 920
93 940 20
93 940 120
93 940 220
93 940 320
93 940 420
93 940 520
93 940 620
93 940 720
93 940 820
93 940 920
93 20 37
93 20 137
93 20 237
93 20 337
93 20 437
93 20 537
93 20 637
93 20 737
93 20 837
93 20 937
93 120 37
93 120 137
93 120 237
93 120 337
93 120 437
93 120 537
93 120 637
93 120 737
93 120 837
93 120 937
93 220 37
93 220 137
93 220 237
93 220 337
93 220 437
93 220 537
93 220 637
93 220 737
93 220 837
93 220 937
93 320 37
93 320 137
93 320 237
93 320 337
93 320 437
93 320 537
93 320 637
93 320 737
93 320 837
93 320 937
93 420 37
93 420 137
93 420 237
93 420 337
93 420 437
93 420 537
93 420 637
93 420 737
93 420 837
93 420 937
93 520 37
93 520 137
93 520 237
93 520 337
93 520 437
93 520 537
93 520 637
93 520 737
93 520 837
93 520 937
93 620 37
93 620 137
93 620 237
93 620 337
93 620 437
93 620 537
93 620 637
93 620 737
93 620 837
93 620 937
93 720 37
93 720 137
93 720 237
93 720 337
93 720 437
93 720 537
93 720 637
93 720 737
93 720 837
93 720 937
93 820 37
93 820 137
93 820 237
93 820 337
93 820 437
93 820 537
93 820 637
93 820 737
93 820 837
93 820 937
93 920 37
93 920 137
93 920 237
93 920 337
93 920 437
93 920 537
93 920 637
93 920 737
93 920 837
93 920 937
93 40 37
93 40 137
93 40 237
93 40 337
93 40 437
93 40 537
93 40 637
93 40 737
93 40 837
93 40 937
93 140 37
93 140 137
93 140 237
93 140 337
93 140 437
93 140 537
93 140 637
93 140 737
93 140 837
93 140 937
93 240 37
93 240 137
93 240 237
93 240 337
93 240 437
93 240 537
93 240 637
93 240 737
93 240 837
93 240 937
93 340 37
93 340 137
93 340 237
93 340 337
93 340 437
93 340 537
93 340 637
93 340 737
93 340 837
93 340 937
93 440 37
93 440 137
93 440 237
93 440 337
93 440 437
93 440 537
93 440 637
93 440 737
93 440 837
93 440 937
93 540 37
93 540 137
93 540 237
93 540 337
93 540 437
93 540 537
93 540 637
93 540 737
93 540 837
93 540 937
93 640 37
93 640 137
93 640 237
93 640 337
93 640 437
93 640 537
93 640 637
93 640 737
93 640 837
93 640 937
93 740 37
93 740 137
93 740 237
93 740 337
93 740 437
93 740 537
93 740 637
93 740 737
93 740 837
93 740 937
93 840 37
93 840 137
93 840 237
93 840 337
93 840 437
93 840 537
93 840 637
93 840 737
93 840 837
93 840 937
93 940 37
93 940 137
93 940 237
93 940 337
93 940 437
93 940 537
93 940 637
93 940 737
93 940 837
93 940 937
173 0 46
173 0 146
173 0 246
173 0 346
173 0 446
173 0 546
173 0 646
173 0 746
173 0 846
173 0 946
173 100 46
173 100 146
173 100 246
173 100 346
173 100 446
173 100 546
173 100 646
173 100 746
173 100 846
173 100 946
173 200 46
173 200 146
173 200 246
173 200 346
173 200 446
173 200 546
173 200 646
173 200 746
173 200 846
173 200 946
173 300 46
173 300 146
173 300 246
173 300 346
173 300 446
173 300 546
173 300 646
173 300 746
173 300 846
173 300 946
173 400 46
173 400 146
173 400 246
173 400 346
173 400 446
173 400 546
173 400 646
173 400 746
173 400 846
173 400 946
173 500 46
173 500 146
173 500 246
173 500 346
173 500 446
173 500 546
173 500 646
173 500 746
173 500 846
173 500 946
173 600 46
173 600 146
173 600 246
173 600 346
173 600 446
173 600 546
173 600 646
173 600 746
173 600 846
173 600 946
173 700 46
173 700 146
173 700 246
173 700 346
173 700 446
173 700 546
173 700 646
173 700 746
173 700 846
173 700 946
173 800 46
173 800 146
173 800 246
173 800 346
173 800 446
173 800 546
173 800 646
173 800 746
173 800 846
173 800 946
173 900 46
173 900 146
173 900 246
173 900 346
173 900 446
173 900 546
173 900 646
173 900 746
173 900 846
173 900 946
93 78 0
93 78 100
93 78 200
93 78 300
93 78 400
93 78 500
93 78 600
93 78 700
93 78 800
93 78 900
93 178 0
93 178 100
93 178 200
93 178 300
93 178 400
93 178 500
93 178 600
93 178 700
93 178 800
93 178 900
93 278 0
93 278 100
93 278 200
93 278 300
93 278 400
93 278 500
93 278 600
93 278 700
93 278 800
93 278 900
93 378 0
93 378 100
93 378 200
93 378 300
93 378 400
93 378 500
93 378 600
93 378 700
93 378 800
93 378 900
93 478 0
93 478 100
93 478 200
93 478 300
93 478 400
93 478 500
93 478 600
93 478 700
93 478 800
93 478 900
93 578 0
93 578 100
93 578 200
93 578 300
93 578 400
93 578 500
93 578 600
93 578 700
93 578 800
93 578 900
93 678 0
93 678 100
93 678 200
93 678 300
93 678 400
93 678 500
93 678 600
93 678 700
93 678 800
93 678 900
93 778 0
93 778 100
93 778 200
93 778 300
93 778 400
93 778 500
93 778 600
93 778 700
93 778 800
93 778 900
93 878 0
93 878 100
93 878 200
93 878 300
93 878 400
93 878 500
93 878 600
93 878 700
93 878 800
93 878 900
93 978 0
93 978 100
93 978 200
93 978 300
93 978 400
93 978 500
93 978 600
93 978 700
93 978 800
93 978 900
93 78 20
93 78 120
93 78 220
93 78 320
93 78 420
93 78 520
93 78 620
93 78 720
93 78 820
93 78 920
93 178 20
93 178 120
93 178 220
93 178 320
93 178 420
93 178 520
93 178 620
93 178 720
93 178 820
93 178 920
93 278 20
93 278 120
93 278 220
93 278 320
93 278 420
93 278 520
93 278 620
93 278 720
93 278 820
93 278 920
93 378 20
93 378 120
93 378 220
93 378 320
93 378 420
93 378 520
93 378 620
93 378 720
93 378 820
93 378 920
93 478 20
93 478 120
93 478 220
93 478 320
93 478 420
93 478 520
93 478 620
93 478 720
93 478 820
93 478 920
93 578 20
93 578 120
93 578 220
93 578 320
93 578 420
93 578 520
93 578 620
93 578 720
93 578 820
93 578 920
93 678 20
93 678 120
93 678 220
93 678 320
93 678 420
93 678 520
93 678 620
93 678 720
93 678 820
93 678 920
93 778 20
93 778 120
93 778 220
93 778 320
93 778 420
93 778 520
93 778 620
93 778 720
93 778 820
93 778 920
93 878 20
93 878 120
93 878 220
93 878 320
93 878 420
93 878 520
93 878 620
93 878 720
93 878 820
93 878 920
93 978 20
93 978 120
93 978 220
93 978 320
93 978 420
93 978 520
93 978 620
93 978 720
93 978 820
93 978 920
195 54 17
195 54 117
195 54 217
195 54 317
195 54 417
195 54 517
195 54 617
195 54 717
195 54 817
195 54 917
195 154 17
195 154 117
195 154 217
195 154 317
195 154 417
195 154 517
195 154 617
195 154 717
195 154 817
195 154 917
195 254 17
195 254 117
195 254 217
195 254 317
195 254 417
195 254 517
195 254 617
195 254 717
195 254 817
195 254 917
195 354 17
195 354 117
195 354 217
195 354 317
195 354 417
195 354 517
195 354 617
195 354 717
195 354 817
195 354 917
195 454 17
195 454 117
195 454 217
195 454 317
195 454 417
195 454 517
195 454 617
195 454 717
195 454 817
195 454 917
195 554 17
195 554 117
195 554 217
195 554 317
195 554 417
195 554 517
195 554 617
195 554 717
195 554 817
195 554 917
195 654 17
195 654 117
195 654 217
195 654 317
195 654 417
195 654 517
195 654 617
195 654 717
195 654 817
195 654 917
195 754 17
195 754 117
195 754 217
195 754 317
195 754 417
195 754 517
195 754 617
195 754 717
195 754 817
195 754 917
195 854 17
195 854 117
195 854 217
195 854 317
195 854 417
195 854 517
195 854 617
195 854 717
195 854 817
195 854 917
195 954 17
195 954 117
195 954 217
195 954 317
195 954 417
195 954 517
195 954 617
195 954 717
195 954 817
195 954 917
173 60 20
173 60 120
173 60 220
173 60 320
173 60 420
173 60 520
173 60 620
173 60 720
173 60 820
173 60 920
173 160 20
173 160 120
173 160 220
173 160 320
173 160 420
173 160 520
173 160 620
173 160 720
173 160 820
173 160 920
173 260 20
173 260 120
173 260 220
173 260 320
173 260 420
173 260 520
173 260 620
173 260 720
173 260 820
173 260 920
173 360 20
173 360 120
173 360 220
173 360 320
173 360 420
173 360 520
173 360 620
173 360 720
173 360 820
173 360 920
173 460 20
173 460 120
173 460 220
173 460 320
173 460 420
173 460 520
173 460 620
173 460 720
173 460 820
173 460 920
173 560 20
173 560 120
173 560 220
173 560 320
173 560 420
173 560 520
173 560 620
173 560 720
173 560 820
173 560 920
173 660 20
173 660 120
173 660 220
173 660 320
173 660 420
173 660 520
173 660 620
173 660 720
173 660 820
173 660 920
173 760 20
173 760 120
173 760 220
173 760 320
173 760 420
173 760 520
173 760 620
173 760 720
173 760 820
173 760 920
173 860 20
173 860 120
173 860 220
173 860 320
173 860 420
173 860 520
173 860 620
173 860 720
173 860 820
173 860 920
173 960 20
173 960 120
173 960 220
173 960 320
173 960 420
173 960 520
173 960 620
173 960 720
173 960 820
173 960 920
93 20 54
93 20 154
93 20 254
93 20 354
93 20 454
93 20 554
93 20 654
93 20 754
93 20 854
93 20 954
93 120 54
93 120 154
93 120 254
93 120 354
93 120 454
93 120 554
93 120 654
93 120 754
93 120 854
93 120 954
93 220 54
93 220 154
93 220 254
93 220 354
93 220 454
93 220 554
93 220 654
93 220 754
93 220 854
93 220 954
93 320 54
93 320 154
93 320 254
93 320 354
93 320 454
93 320 554
93 320 654
93 320 754
93 320 854
93 320 954
93 420 54
93 420 154
93 420 254
93 420 354
93 420 454
93 420 554
93 420 654
93 420 754
93 420 854
93 420 954
93 520 54
93 520 154
93 520 254
93 520 354
93 520 454
93 520 554
93 520 654
93 520 754
93 520 854
93 520 954
93 620 54
93 620 154
93 620 254
93 620 354
93 620 454
93 620 554
93 620 654
93 620 754
93 620 854
93 620 954
93 720 54
93 720 154
93 720 254
93 720 354
93 720 454
93 720 554
93 720 654
93 720 754
93 720 854
93 720 954
93 820 54
93 820 154
93 820 254
93 820 354
93 820 454
93 820 554
93 820 654
93 820 754
93 820 854
93 820 954
93 920 54
93 920 154
93 920 254
93 920 354
93 920 454
93 920 554
93 920 654
93 920 754
93 920 854
93 920 954
93 40 54
93 40 154
93 40 254
93 40 354
93 40 454
93 40 554
93 40 654
93 40 754
93 40 854
93 40 954
93 140 54
93 140 154
93 140 254
93 140 354
93 140 454
93 140 554
93 140 654
93 140 754
93 140 854
93 140 954
93 240 54
93 240 154
93 240 254
93 240 354
93 240 454
93 240 554
93 240 654
93 240 754
93 240 854
93 240 954
93 340 54
93 340 154
93 340 254
93 340 354
93 340 454
93 340 554
93 340 654
93 340 754
93 340 854
93 340 954
93 440 54
93 440 154
93 440 254
93 440 354
93 440 454
93 440 554
93 440 654
93 440 754
93 440 854
93 440 954
93 540 54
93 540 154
93 540 254
93 540 354
93 540 454
93 540 554
93 540 654
93 540 754
93 540 854
93 540 954
93 640 54
93 640 154
93 640 254
93 640 354
93 640 454
93 640 554
93 640 654
93 640 754
93 640 854
93 640 954
93 740 54
93 740 154
93 740 254
93 740 354
93 740 454
93 740 554
93 740 654
93 740 754
93 740 854
93 740 954
93 840 54
93 840 154
93 840 254
93 840 354
93 840 454
93 840 554
93 840 654
93 840 754
93 840 854
93 840 954
93 940 54
93 940 154
93 940 254
93 940 354
93 940 454
93 940 554
93 940 654
93 940 754
93 940 854
93 940 954
93 60 54
93 60 154
93 60 254
93 60 354
93 60 454
93 60 554
93 60 654
93 60 754
93 60 854
93 60 954
93 160 54
93 160 154
93 160 254
93 160 354
93 160 454
93 160 554
93 160 654
93 160 754
93 160 854
93 160 954
93 260 54
93 260 154
93 260 254
93 260 354
93 260 454
93 260 554
93 260 654
93 260 754
93 260 854
93 260 954
93 360 54
93 360 154
93 360 254
93 360 354
93 360 454
93 360 554
93 360 654
93 360 754
93 360 854
93 360 954
93 460 54
93 460 154
93 460 254
93 460 354
93 460 454
93 460 554
93 460 654
93 460 754
93 460 854
93 460 954
93 560 54
93 560 154
93 560 254
93 560 354
93 560 454
93 560 554
93 560 654
93 560 754
93 560 854
93 560 954
93 660 54
93 660 154
93 660 254
93 660 354
93 660 454
93 660 554
93 660 654
93 660 754
93 660 854
93 660 954
93 760 54
93 760 154
93 760 254
93 760 354
93 760 454
93 760 554
93 760 654
93 760 754
93 760 854
93 760 954
93 860 54
93 860 154
93 860 254
93 860 354
93 860 454
93 860 554
93 860 654
93 860 754
93 860 854
93 860 954
93 960 54
93 960 154
93 960 254
93 960 354
93 960 454
93 960 554
93 960 654
93 960 754
93 960 854
93 960 954
104 18 46
104 18 146
104 18 246
104 18 346
104 18 446
104 18 546
104 18 646
104 18 746
104 18 846
104 18 946
104 118 46
104 118 146
104 118 246
104 118 346
104 118 446
104 118 546
104 118 646
104 118 746
104 118 846
104 118 946
104 218 46
104 218 146
104 218 246
104 218 346
104 218 446
104 218 546
104 218 646
104 218 746
104 218 846
104 218 946
104 318 46
104 318 146
104 318 246
104 318 346
104 318 446
104 318 546
104 318 646
104 318 746
104 318 846
104 318 946
104 418 46
104 418 146
104 418 246
104 418 346
104 418 446
104 418 546
104 418 646
104 418 746
104 418 846
104 418 946
104 518 46
104 518 146
104 518 246
104 518 346
104 518 446
104 518 546
104 518 646
104 518 746
104 518 846
104 518 946
104 618 46
104 618 146
104 618 246
104 618 346
104 618 446
104 618 546
104 618 646
104 618 746
104 618 846
104 618 946
104 718 46
104 718 146
104 718 246
104 718 346
104 718 446
104 718 546
104 718 646
104 718 746
104 718 846
104 718 946
104 818 46
104 818 146
104 818 246
104 818 346
104 818 446
104 818 546
104 818 646
104 818 746
104 818 846
104 818 946
104 918 46
104 918 146
104 918 246
104 918 346
104 918 446
104 918 546
104 918 646
104 918 746
104 918 846
104 918 946
93 0 66
93 0 166
93 0 266
93 0 366
93 0 466
93 0 566
93 0 666
93 0 766
93 0 866
93 0 966
93 100 66
93 100 166
93 100 266
93 100 366
93 100 466
93 100 566
93 100 666
93 100 766
93 100 866
93 100 966
93 200 66
93 200 166
93 200 266
93 200 366
93 200 466
93 200 566
93 200 666
93 200 766
93 200 866
93 200 966
93 300 66
93 300 166
93 300 266
93 300 366
93 300 466
93 300 566
93 300 666
93 300 766
93 300 866
93 300 966
93 400 66
93 400 166
93 400 266
93 400 366
93 400 466
93 400 566
93 400 666
93 400 766
93 400 866
93 400 966
93 500 66
93 500 166
93 500 266
93 500 366
93 500 466
93 500 566
93 500 666
93 500 766
93 500 866
93 500 966
93 600 66
93 600 166
93 600 266
93 600 366
93 600 466
93 600 566
93 600 666
93 600 766
93 600 866
93 600 966
93 700 66
93 700 166
93 700 266
93 700 366
93 700 466
93 700 566
93 700 666
93 700 766
93 700 866
93 700 966
93 800 66
93 800 166
93 800 266
93 800 366
93 800 466
93 800 566
93 800 666
93 800 766
93 800 866
93 800 966
93 900 66
93 900 166
93 900 266
93 900 366
93 900 466
93 900 566
93 900 666
93 900 766
93 900 866
93 900 966
104 98 0
104 98 100
104 98 200
104 98 300
104 98 400
104 98 500
104 98 600
104 98 700
104 98 800
104 98 900
104 198 0
104 198 100
104 198 200
104 198 300
104 198 400
104 198 500
104 198 600
104 198 700
104 198 800
104 198 900
104 298 0
104 298 100
104 298 200
104 298 300
104 298 400
104 298 500
104 298 600
104 298 700
104 298 800
104 298 900
104 398 0
104 398 100
104 398 200
104 398 300
104 398 400
104 398 500
104 398 600
104 398 700
104 398 800
104 398 900
104 498 0
104 498 100
104 498 200
104 498 300
104 498 400
104 498 500
104 498 600
104 498 700
104 498 800
104 498 900
104 598 0
104 598 100
104 598 200
104 598 300
104 598 400
104 598 500
104 598 600
104 598 700
104 598 800
104 598 900
104 698 0
104 698 100
104 698 200
104 698 300
104 698 400
104 698 500
104 698 600
104 698 700
104 698 800
104 698 900
104 798 0
104 798 100
104 798 200
104 798 300
104 798 400
104 798 500
104 798 600
104 798 700
104 798 800
104 798 900
104 898 0
104 898 100
104 898 200
104 898 300
104 898 400
104 898 500
104 898 600
104 898 700
104 898 800
104 898 900
104 998 0
104 998 100
104 998 200
104 998 300
104 998 400
104 998 500
104 998 600
104 998 700
104 998 800
104 998 900
101 78 17
101 78 117
101 78 217
101 78 317
101 78 417
101 78 517
101 78 617
101 78 717
101 78 817
101 78 917
101 178 17
101 178 117
101 178 217
101 178 317
101 178 417
101 178 517
101 178 617
101 178 717
101 178 817
101 178 917
101 278 17
101 278 117
101 278 217
101 278 317
101 278 417
101 278 517
101 278 617
101 278 717
101 278 817
101 278 917
101 378 17
101 378 117
101 378 217
101 378 317
101 378 417
101 378 517
101 378 617
101 378 717
101 378 817
101 378 917
101 478 17
101 478 117
101 478 217
101 478 317
101 478 417
101 478 517
101 478 617
101 478 717
101 478 817
101 478 917
101 578 17
101 578 117
101 578 217
101 578 317
101 578 417
101 578 517
101 578 617
101 578 717
101 578 817
101 578 917
101 678 17
101 678 117
101 678 217
101 678 317
101 678 417
101 678 517
101 678 617
101 678 717
101 678 817
101 678 917
101 778 17
101 778 117
101 778 217
101 778 317
101 778 417
101 778 517
101 778 617
101 778 717
101 778 817
101 778 917
101 878 17
101 878 117
101 878 217
101 878 317
101 878 417
101 878 517
101 878 617
101 878 717
101 878 817
101 878 917
101 978 17
101 978 117
101 978 217
101 978 317
101 978 417
101 978 517
101 978 617
101 978 717
101 978 817
101 978 917
104 98 17
104 98 117
104 98 217
104 98 317
104 98 417
104 98 517
104 98 617
104 98 717
104 98 817
104 98 917
104 198 17
104 198 117
104 198 217
104 198 317
104 198 417
104 198 517
104 198 617
104 198 717
104 198 817
104 198 917
104 298 17
104 298 117
104 298 217
104 298 317
104 298 417
104 298 517
104 298 617
104 298 717
104 298 817
104 298 917
104 398 17
104 398 117
104 398 217
104 398 317
104 398 417
104 398 517
104 398 617
104 398 717
104 398 817
104 398 917
104 498 17
104 498 117
104 498 217
104 498 317
104 498 417
104 498 517
104 498 617
104 498 717
104 498 817
104 498 917
104 598 17
104 598 117
104 598 217
104 598 317
104 598 417
104 598 517
104 598 617
104 598 717
104 598 817
104 598 917
104 698 17
104 698 117
104 698 217
104 698 317
104 698 417
104 698 517
104 698 617
104 698 717
104 698 817
104 698 917
104 798 17
104 798 117
104 798 217
104 798 317
104 798 417
104 798 517
104 798 617
104 798 717
104 798 817
104 798 917
104 898 17
104 898 117
104 898 217
104 898 317
104 898 417
104 898 517
104 898 617
104 898 717
104 898 817
104 898 917
104 998 17
104 998 117
104 998 217
104 998 317
104 998 417
104 998 517
104 998 617
104 998 717
104 998 817
104 998 917
93 78 37
93 78 137
93 78 237
93 78 337
93 78 437
93 78 537
93 78 637
93 78 737
93 78 837
93 78 937
93 178 37
93 178 137
93 178 237
93 178 337
93 178 437
93 178 537
93 178 637
93 178 737
93 178 837
93 178 937
93 278 37
93 278 137
93 278 237
93 278 337
93 278 437
93 278 537
93 278 637
93 278 737
93 278 837
93 278 937
93 378 37
93 378 137
93 378 237
93 378 337
93 378 437
93 378 537
93 378 637
93 378 737
93 378 837
93 378 937
93 478 37
93 478 137
93 478 237
93 478 337
93 478 437
93 478 537
93 478 637
93 478 737
93 478 837
93 478 937
93 578 37
93 578 137
93 578 237
93 578 337
93 578 437
93 578 537
93 578 637
93 578 737
93 578 837
93 578 937
93 678 37
93 678 137
93 678 237
93 678 337
93 678 437
93 678 537
93 678 637
93 678 737
93 678 837
93 678 937
93 778 37
93 778 137
93 778 237
93 778 337
93 778 437
93 778 537
93 778 637
93 778 737
93 778 837
93 778 937
93 878 37
93 878 137
93 878 237
93 878 337
93 878 437
93 878 537
93 878 637
93 878 737
93 878 837
93 878 937
93 978 37
93 978 137
93 978 237
93 978 337
93 978 437
93 978 537
93 978 637
93 978 737
93 978 837
93 978 937
104 98 37
104 98 137
104 98 237
104 98 337
104 98 437
104 98 537
104 98 637
104 98 737
104 98 837
104 98 937
104 198 37
104 198 137
104 198 237
104 198 337
104 198 437
104 198 537
104 198 637
104 198 737
104 198 837
104 198 937
104 298 37
104 298 137
104 298 237
104 298 337
104 298 437
104 298 537
104 298 637
104 298 737
104 298 837
104 298 937
104 398 37
104 398 137
104 398 237
104 398 337
104 398 437
104 398 537
104 398 637
104 398 737
104 398 837
104 398 937
104 498 37
104 498 137
104 498 237
104 498 337
104 498 437
104 498 537
104 498 637
104 498 737
104 498 837
104 498 937
104 598 37
104 598 137
104 598 237
104 598 337
104 598 437
104 598 537
104 598 637
104 598 737
104 598 837
104 598 937
104 698 37
104 698 137
104 698 237
104 698 337
104 698 437
104 698 537
104 698 637
104 698 737
104 698 837
104 698 937
104 798 37
104 798 137
104 798 237
104 798 337
104 798 437
104 798 537
104 798 637
104 798 737
104 798 837
104 798 937
104 898 37
104 898 137
104 898 237
104 898 337
104 898 437
104 898 537
104 898 637
104 898 737
104 898 837
104 898 937
104 998 37
104 998 137
104 998 237
104 998 337
104 998 437
104 998 537
104 998 637
104 998 737
104 998 837
104 998 937
142 57 17
142 57 117
142 57 217
142 57 317
142 57 417
142 57 517
142 57 617
142 57 717
142 57 817
142 57 917
142 157 17
142 157 117
142 157 217
142 157 317
142 157 417
142 157 517
142 157 617
142 157 717
142 157 817
142 157 917
142 257 17
142 257 117
142 257 217
142 257 317
142 257 417
142 257 517
142 257 617
142 257 717
142 257 817
142 257 917
142 357 17
142 357 117
142 357 217
142 357 317
142 357 417
142 357 517
142 357 617
142 357 717
142 357 817
142 357 917
142 457 17
142 457 117
142 457 217
142 457 317
142 457 417
142 457 517
142 457 617
142 457 717
142 457 817
142 457 917
142 557 17
142 557 117
142 557 217
142 557 317
142 557 417
142 557 517
142 557 617
142 557 717
142 557 817
142 557 917
142 657 17
142 657 117
142 657 217
142 657 317
142 657 417
142 657 517
142 657 617
142 657 717
142 657 817
142 657 917
142 757 17
142 757 117
142 757 217
142 757 317
142 757 417
142 757 517
142 757 617
142 757 717
142 757 817
142 757 917
142 857 17
142 857 117
142 857 217
142 857 317
142 857 417
142 857 517
142 857 617
142 857 717
142 857 817
142 857 917
142 957 17
142 957 117
142 957 217
142 957 317
142 957 417
142 957 517
142 957 617
142 957 717
142 957 817
142 957 917
112 54 19
112 54 119
112 54 219
112 54 319
112 54 419
112 54 519
112 54 619
112 54 719
112 54 819
112 54 919
112 154 19
112 154 119
112 154 219
112 154 319
112 154 419
112 154 519
112 154 619
112 154 719
112 154 819
112 154 919
112 254 19
112 254 119
112 254 219
112 254 319
112 254 419
112 254 519
112 254 619
112 254 719
112 254 819
112 254 919
112 354 19
112 354 119
112 354 219
112 354 319
112 354 419
112 354 519
112 354 619
112 354 719
112 354 819
112 354 919
112 454 19
112 454 119
112 454 219
112 454 319
112 454 419
112 454 519
112 454 619
112 454 719
112 454 819
112 454 919
112 554 19
112 554 119
112 554 219
112 554 319
112 554 419
112 554 519
112 554 619
112 554 719
112 554 819
112 554 919
112 654 19
112 654 119
112 654 219
112 654 319
112 654 419
112 654 519
112 654 619
112 654 719
112 654 819
112 654 919
112 754 19
112 754 119
112 754 219
112 754 319
112 754 419
112 754 519
112 754 619
112 754 719
112 754 819
112 754 919
112 854 19
112 854 119
112 854 219
112 854 319
112 854 419
112 854 519
112 854 619
112 854 719
112 854 819
112 854 919
112 954 19
112 954 119
112 954 219
112 954 319
112 954 419
112 954 519
112 954 619
112 954 719
112 954 819
112 954 919
109 60 40
109 60 140
109 60 240
109 60 340
109 60 440
109 60 540
109 60 640
109 60 740
109 60 840
109 60 940
109 160 40
109 160 140
109 160 240
109 160 340
109 160 440
109 160 540
109 160 640
109 160 740
109 160 840
109 160 940
109 260 40
109 260 140
109 260 240
109 260 340
109 260 440
109 260 540
109 260 640
109 260 740
109 260 840
109 260 940
109 360 40
109 360 140
109 360 240
109 360 340
109 360 440
109 360 540
109 360 640
109 360 740
109 360 840
109 360 940
109 460 40
109 460 140
109 460 240
109 460 340
109 460 440
109 460 540
109 460 640
109 460 740
109 460 840
109 460 940
109 560 40
109 560 140
109 560 240
109 560 340
109 560 440
109 560 540
109 560 640
109 560 740
109 560 840
109 560 940
109 660 40
109 660 140
109 660 240
109 660 340
109 660 440
109 660 540
109 660 640
109 660 740
109 660 840
109 660 940
109 760 40
109 760 140
109 760 240
109 760 340
109 760 440
109 760 540
109 760 640
109 760 740
109 760 840
109 760 940
109 860 40
109 860 140
109 860 240
109 860 340
109 860 440
109 860 540
109 860 640
109 860 740
109 860 840
109 860 940
109 960 40
109 960 140
109 960 240
109 960 340
109 960 440
109 960 540
109 960 640
109 960 740
109 960 840
109 960 940
93 20 71
93 20 171
93 20 271
93 20 371
93 20 471
93 20 571
93 20 671
93 20 771
93 20 871
93 20 971
93 120 71
93 120 171
93 120 271
93 120 371
93 120 471
93 120 571
93 120 671
93 120 771
93 120 871
93 120 971
93 220 71
93 220 171
93 220 271
93 220 371
93 220 471
93 220 571
93 220 671
93 220 771
93 220 871
93 220 971
93 320 71
93 320 171
93 320 271
93 320 371
93 320 471
93 320 571
93 320 671
93 320 771
93 320 871
93 320 971
93 420 71
93 420 171
93 420 271
93 420 371
93 420 471
93 420 571
93 420 671
93 420 771
93 420 871
93 420 971
93 520 71
93 520 171
93 520 271
93 520 371
93 520 471
93 520 571
93 520 671
93 520 771
93 520 871
93 520 971
93 620 71
93 620 171
93 620 271
93 620 371
93 620 471
93 620 571
93 620 671
93 620 771
93 620 871
93 620 971
93 720 71
93 720 171
93 720 271
93 720 371
93 720 471
93 720 571
93 720 671
93 720 771
93 720 871
93 720 971
93 820 71
93 820 171
93 820 271
93 820 371
93 820 471
93 820 571
93 820 671
93 820 771
93 820 871
93 820 971
93 920 71
93 920 171
93 920 271
93 920 371
93 920 471
93 920 571
93 920 671
93 920 771
93 920 871
93 920 971
116 40 71
116 40 171
116 40 271
116 40 371
116 40 471
116 40 571
116 40 671
116 40 771
116 40 871
116 40 971
116 140 71
116 140 171
116 140 271
116 140 371
116 140 471
116 140 571
116 140 671
116 140 771
116 140 871
116 140 971
116 240 71
116 240 171
116 240 271
116 240 371
116 240 471
116 240 571
116 240 671
116 240 771
116 240 871
116 240 971
116 340 71
116 340 171
116 340 271
116 340 371
116 340 471
116 340 571
116 340 671
116 340 771
116 340 871
116 340 971
116 440 71
116 440 171
116 440 271
116 440 371
116 440 471
116 440 571
116 440 671
116 440 771
116 440 871
116 440 971
116 540 71
116 540 171
116 540 271
116 540 371
116 540 471
116 540 571
116 540 671
116 540 771
116 540 871
116 540 971
116 640 71
116 640 171
116 640 271
116 640 371
116 640 471
116 640 571
116 640 671
116 640 771
116 640 871
116 640 971
116 740 71
116 740 171
116 740 271
116 740 371
116 740 471
116 740 571
116 740 671
116 740 771
116 740 871
116 740 971
116 840 71
116 840 171
116 840 271
116 840 371
116 840 471
116 840 571
116 840 671
116 840 771
116 840 871
116 840 971
116 940 71
116 940 171
116 940 271
116 940 371
116 940 471
116 940 571
116 940 671
116 940 771
116 940 871
116 940 971
93 60 71
93 60 171
93 60 271
93 60 371
93 60 471
93 60 571
93 60 671
93 60 771
93 60 871
93 60 971
93 160 71
93 160 171
93 160 271
93 160 371
93 160 471
93 160 571
93 160 671
93 160 771
93 160 871
93 160 971
93 260 71
93 260 171
93 260 271
93 260 371
93 260 471
93 260 571
93 260 671
93 260 771
93 260 871
93 260 971
93 360 71
93 360 171
93 360 271
93 360 371
93 360 471
93 360 571
93 360 671
93 360 771
93 360 871
93 360 971
93 460 71
93 460 171
93 460 271
93 460 371
93 460 471
93 460 571
93 460 671
93 460 771
93 460 871
93 460 971
93 560 71
93 560 171
93 560 271
93 560 371
93 560 471
93 560 571
93 560 671
93 560 771
93 560 871
93 560 971
93 660 71
93 660 171
93 660 271
93 660 371
93 660 471
93 660 571
93 660 671
93 660 771
93 660 871
93 660 971
93 760 71
93 760 171
93 760 271
93 760 371
93 760 471
93 760 571
93 760 671
93 760 771
93 760 871
93 760 971
93 860 71
93 860 171
93 860 271
93 860 371
93 860 471
93 860 571
93 860 671
93 860 771
93 860 871
93 860 971
93 960 71
93 960 171
93 960 271
93 960 371
93 960 471
93 960 571
93 960 671
93 960 771
93 960 871
93 960 971
93 80 54
93 80 154
93 80 254
93 80 354
93 80 454
93 80 554
93 80 654
93 80 754
93 80 854
93 80 954
93 180 54
93 180 154
93 180 254
93 180 354
93 180 454
93 180 554
93 180 654
93 180 754
93 180 854
93 180 954
93 280 54
93 280 154
93 280 254
93 280 354
93 280 454
93 280 554
93 280 654
93 280 754
93 280 854
93 280 954
93 380 54
93 380 154
93 380 254
93 380 354
93 380 454
93 380 554
93 380 654
93 380 754
93 380 854
93 380 954
93 480 54
93 480 154
93 480 254
93 480 354
93 480 454
93 480 554
93 480 654
93 480 754
93 480 854
93 480 954
93 580 54
93 580 154
93 580 254
93 580 354
93 580 454
93 580 554
93 580 654
93 580 754
93 580 854
93 580 954
93 680 54
93 680 154
93 680 254
93 680 354
93 680 454
93 680 554
93 680 654
93 680 754
93 680 854
93 680 954
93 780 54
93 780 154
93 780 254
93 780 354
93 780 454
93 780 554
93 780 654
93 780 754
93 780 854
93 780 954
93 880 54
93 880 154
93 880 254
93 880 354
93 880 454
93 880 554
93 880 654
93 880 754
93 880 854
93 880 954
93 980 54
93 980 154
93 980 254
93 980 354
93 980 454
93 980 554
93 980 654
93 980 754
93 980 854
93 980 954
93 80 71
93 80 171
93 80 271
93 80 371
93 80 471
93 80 571
93 80 671
93 80 771
93 80 871
93 80 971
93 180 71
93 180 171
93 180 271
93 180 371
93 180 471
93 180 571
93 180 671
93 180 771
93 180 871
93 180 971
93 280 71
93 280 171
93 280 271
93 280 371
93 280 471
93 280 571
93 280 671
93 280 771
93 280 871
93 280 971
93 380 71
93 380 171
93 380 271
93 380 371
93 380 471
93 380 571
93 380 671
93 380 771
93 380 871
93 380 971
93 480 71
93 480 171
93 480 271
93 480 371
93 480 471
93 480 571
93 480 671
93 480 771
93 480 871
93 480 971
93 580 71
93 580 171
93 580 271
93 580 371
93 580 471
93 580 571
93 580 671
93 580 771
93 580 871
93 580 971
93 680 71
93 680 171
93 680 271
93 680 371
93 680 471
93 680 571
93 680 671
93 680 771
93 680 871
93 680 971
93 780 71
93 780 171
93 780 271
93 780 371
93 780 471
93 780 571
93 780 671
93 780 771
93 780 871
93 780 971
93 880 71
93 880 171
93 880 271
93 880 371
93 880 471
93 880 571
93 880 671
93 880 771
93 880 871
93 880 971
93 980 71
93 980 171
93 980 271
93 980 371
93 980 471
93 980 571
93 980 671
93 980 771
93 980 871
93 980 971
142 18 63
142 18 163
142 18 263
142 18 363
142 18 463
142 18 563
142 18 663
142 18 763
142 18 863
142 18 963
142 118 63
142 118 163
142 118 263
142 118 363
142 118 463
142 118 563
142 118 663
142 118 763
142 118 863
142 118 963
142 218 63
142 218 163
142 218 263
142 218 363
142 218 463
142 218 563
142 218 663
142 218 763
142 218 863
142 218 963
142 318 63
142 318 163
142 318 263
142 318 363
142 318 463
142 318 563
142 318 663
142 318 763
142 318 863
142 318 963
142 418 63
142 418 163
142 418 263
142 418 363
142 418 463
142 418 563
142 418 663
142 418 763
142 418 863
142 418 963
142 518 63
142 518 163
142 518 263
142 518 363
142 518 463
142 518 563
142 518 663
142 518 763
142 518 863
142 518 963
142 618 63
142 618 163
142 618 263
142 618 363
142 618 463
142 618 563
142 618 663
142 618 763
142 618 863
142 618 963
142 718 63
142 718 163
142 718 263
142 718 363
142 718 463
142 718 563
142 718 663
142 718 763
142 718 863
142 718 963
142 818 63
142 818 163
142 818 263
142 818 363
142 818 463
142 818 563
142 818 663
142 818 763
142 818 863
142 818 963
142 918 63
142 918 163
142 918 263
142 918 363
142 918 463
142 918 563
142 918 663
142 918 763
142 918 863
142 918 963
93 0 83
93 0 183
93 0 283
93 0 383
93 0 483
93 0 583
93 0 683
93 0 783
93 0 883
93 0 983
93 100 83
93 100 183
93 100 283
93 100 383
93 100 483
93 100 583
93 100 683
93 100 783
93 100 883
93 100 983
93 200 83
93 200 183
93 200 283
93 200 383
93 200 483
93 200 583
93 200 683
93 200 783
93 200 883
93 200 983
93 300 83
93 300 183
93 300 283
93 300 383
93 300 483
93 300 583
93 300 683
93 300 783
93 300 883
93 300 983
93 400 83
93 400 183
93 400 283
93 400 383
93 400 483
93 400 583
93 400 683
93 400 783
93 400 883
93 400 983
93 500 83
93 500 183
93 500 283
93 500 383
93 500 483
93 500 583
93 500 683
93 500 783
93 500 883
93 500 983
93 600 83
93 600 183
93 600 283
93 600 383
93 600 483
93 600 583
93 600 683
93 600 783
93 600 883
93 600 983
93 700 83
93 700 183
93 700 283
93 700 383
93 700 483
93 700 583
93 700 683
93 700 783
93 700 883
93 700 983
93 800 83
93 800 183
93 800 283
93 800 383
93 800 483
93 800 583
93 800 683
93 800 783
93 800 883
93 800 983
93 900 83
93 900 183
93 900 283
93 900 383
93 900 483
93 900 583
93 900 683
93 900 783
93 900 883
93 900 983
195 93 17
195 93 117
195 93 217
195 93 317
195 93 417
195 93 517
195 93 617
195 93 717
195 93 817
195 93 917
195 193 17
195 193 117
195 193 217
195 193 317
195 193 417
195 193 517
195 193 617
195 193 717
195 193 817
195 193 917
195 293 17
195 293 117
195 293 217
195 293 317
195 293 417
195 293 517
195 293 617
195 293 717
195 293 817
195 293 917
195 393 17
195 393 117
195 393 217
195 393 317
195 393 417
195 393 517
195 393 617
195 393 717
195 393 817
195 393 917
195 493 17
195 493 117
195 493 217
195 493 317
195 493 417
195 493 517
195 493 617
195 493 717
195 493 817
195 493 917
195 593 17
195 593 117
195 593 217
195 593 317
195 593 417
195 593 517
195 593 617
195 593 717
195 593 817
195 593 917
195 693 17
195 693 117
195 693 217
195 693 317
195 693 417
195 693 517
195 693 617
195 693 717
195 693 817
195 693 917
195 793 17
195 793 117
195 793 217
195 793 317
195 793 417
195 793 517
195 793 617
195 793 717
195 793 817
195 793 917
195 893 17
195 893 117
195 893 217
195 893 317
195 893 417
195 893 517
195 893 617
195 893 717
195 893 817
195 893 917
195 993 17
195 993 117
195 993 217
195 993 317
195 993 417
195 993 517
195 993 617
195 993 717
195 993 817
195 993 917
142 98 34
142 98 134
142 98 234
142 98 334
142 98 434
142 98 534
142 98 634
142 98 734
142 98 834
142 98 934
142 198 34
142 198 134
142 198 234
142 198 334
142 198 434
142 198 534
142 198 634
142 198 734
142 198 834
142 198 934
142 298 34
142 298 134
142 298 234
142 298 334
142 298 434
142 298 534
142 298 634
142 298 734
142 298 834
142 298 934
142 398 34
142 398 134
142 398 234
142 398 334
142 398 434
142 398 534
142 398 634
142 398 734
142 398 834
142 398 934
142 498 34
142 498 134
142 498 234
142 498 334
142 498 434
142 498 534
142 498 634
142 498 734
142 498 834
142 498 934
142 598 34
142 598 134
142 598 234
142 598 334
142 598 434
142 598 534
142 598 634
142 598 734
142 598 834
142 598 934
142 698 34
142 698 134
142 698 234
142 698 334
142 698 434
142 698 534
142 698 634
142 698 734
142 698 834
142 698 934
142 798 34
142 798 134
142 798 234
142 798 334
142 798 434
142 798 534
142 798 634
142 798 734
142 798 834
142 798 934
142 898 34
142 898 134
142 898 234
142 898 334
142 898 434
142 898 534
142 898 634
142 898 734
142 898 834
142 898 934
142 998 34
142 998 134
142 998 234
142 998 334
142 998 434
142 998 534
142 998 634
142 998 734
142 998 834
142 998 934
142 58 17
142 58 117
142 58 217
142 58 317
142 58 417
142 58 517
142 58 617
142 58 717
142 58 817
142 58 917
142 158 17
142 158 117
142 158 217
142 158 317
142 158 417
142 158 517
142 158 617
142 158 717
142 158 817
142 158 917
142 258 17
142 258 117
142 258 217
142 258 317
142 258 417
142 258 517
142 258 617
142 258 717
142 258 817
142 258 917
142 358 17
142 358 117
142 358 217
142 358 317
142 358 417
142 358 517
142 358 617
142 358 717
142 358 817
142 358 917
142 458 17
142 458 117
142 458 217
142 458 317
142 458 417
142 458 517
142 458 617
142 458 717
142 458 817
142 458 917
142 558 17
142 558 117
142 558 217
142 558 317
142 558 417
142 558 517
142 558 617
142 558 717
142 558 817
142 558 917
142 658 17
142 658 117
142 658 217
142 658 317
142 658 417
142 658 517
142 658 617
142 658 717
142 658 817
142 658 917
142 758 17
142 758 117
142 758 217
142 758 317
142 758 417
142 758 517
142 758 617
142 758 717
142 758 817
142 758 917
142 858 17
142 858 117
142 858 217
142 858 317
142 858 417
142 858 517
142 858 617
142 858 717
142 858 817
142 858 917
142 958 17
142 958 117
142 958 217
142 958 317
142 958 417
142 958 517
142 958 617
142 958 717
142 958 817
142 958 917
189 76 40
189 76 140
189 76 240
189 76 340
189 76 440
189 76 540
189 76 640
189 76 740
189 76 840
189 76 940
189 176 40
189 176 140
189 176 240
189 176 340
189 176 440
189 176 540
189 176 640
189 176 740
189 176 840
189 176 940
189 276 40
189 276 140
189 276 240
189 276 340
189 276 440
189 276 540
189 276 640
189 276 740
189 276 840
189 276 940
189 376 40
189 376 140
189 376 240
189 376 340
189 376 440
189 376 540
189 376 640
189 376 740
189 376 840
189 376 940
189 476 40
189 476 140
189 476 240
189 476 340
189 476 440
189 476 540
189 476 640
189 476 740
189 476 840
189 476 940
189 576 40
189 576 140
189 576 240
189 576 340
189 576 440
189 576 540
189 576 640
189 576 740
189 576 840
189 576 940
189 676 40
189 676 140
189 676 240
189 676 340
189 676 440
189 676 540
189 676 640
189 676 740
189 676 840
189 676 940
189 776 40
189 776 140
189 776 240
189 776 340
189 776 440
189 776 540
189 776 640
189 776 740
189 776 840
189 776 940
189 876 40
189 876 140
189 876 240
189 876 340
189 876 440
189 876 540
189 876 640
189 876 740
189 876 840
189 876 940
189 976 40
189 976 140
189 976 240
189 976 340
189 976 440
189 976 540
189 976 640
189 976 740
189 976 840
189 976 940
159 20 88
159 20 188
159 20 288
159 20 388
159 20 488
159 20 588
159 20 688
159 20 788
159 20 888
159 20 988
159 120 88
159 120 188
159 120 288
159 120 388
159 120 488
159 120 588
159 120 688
159 120 788
159 120 888
159 120 988
159 220 88
159 220 188
159 220 288
159 220 388
159 220 488
159 220 588
159 220 688
159 220 788
159 220 888
159 220 988
159 320 88
159 320 188
159 320 288
159 320 388
159 320 488
159 320 588
159 320 688
159 320 788
159 320 888
159 320 988
159 420 88
159 420 188
159 420 288
159 420 388
159 420 488
159 420 588
159 420 688
159 420 788
159 420 888
159 420 988
159 520 88
159 520 188
159 520 288
159 520 388
159 520 488
159 520 588
159 520 688
159 520 788
159 520 888
159 520 988
159 620 88
159 620 188
159 620 288
159 620 388
159 620 488
159 620 588
159 620 688
159 620 788
159 620 888
159 620 988
159 720 88
159 720 188
159 720 288
159 720 388
159 720 488
159 720 588
159 720 688
159 720 788
159 720 888
159 720 988
159 820 88
159 820 188
159 820 288
159 820 388
159 820 488
159 820 588
159 820 688
159 820 788
159 820 888
159 820 988
159 920 88
159 920 188
159 920 288
159 920 388
159 920 488
159 920 588
159 920 688
159 920 788
159 920 888
159 920 988
188 59 71
188 59 171
188 59 271
188 59 371
188 59 471
188 59 571
188 59 671
188 59 771
188 59 871
188 59 971
188 159 71
188 159 171
188 159 271
188 159 371
188 159 471
188 159 571
188 159 671
188 159 771
188 159 871
188 159 971
188 259 71
188 259 171
188 259 271
188 259 371
188 259 471
188 259 571
188 259 671
188 259 771
188 259 871
188 259 971
188 359 71
188 359 171
188 359 271
188 359 371
188 359 471
188 359 571
188 359 671
188 359 771
188 359 871
188 359 971
188 459 71
188 459 171
188 459 271
188 459 371
188 459 471
188 459 571
188 459 671
188 459 771
188 459 871
188 459 971
188 559 71
188 559 171
188 559 271
188 559 371
188 559 471
188 559 571
188 559 671
188 559 771
188 559 871
188 559 971
188 659 71
188 659 171
188 659 271
188 659 371
188 659 471
188 659 571
188 659 671
188 659 771
188 659 871
188 659 971
188 759 71
188 759 171
188 759 271
188 759 371
188 759 471
188 759 571
188 759 671
188 759 771
188 759 871
188 759 971
188 859 71
188 859 171
188 859 271
188 859 371
188 859 471
188 859 571
188 859 671
188 859 771
188 859 871
188 859 971
188 959 71
188 959 171
188 959 271
188 959 371
188 959 471
188 959 571
188 959 671
188 959 771
188 959 871
188 959 971
24 40 91
24 40 191
24 40 291
24 40 391
24 40 491
24 40 591
24 40 691
24 40 791
24 40 891
24 40 991
24 140 91
24 140 191
24 140 291
24 140 391
24 140 491
24 140 591
24 140 691
24 140 791
24 140 891
24 140 991
24 240 91
24 240 191
24 240 291
24 240 391
24 240 491
24 240 591
24 240 691
24 240 791
24 240 891
24 240 991
24 340 91
24 340 191
24 340 291
24 340 391
24 340 491
24 340 591
24 340 691
24 340 791
24 340 891
24 340 991
24 440 91
24 440 191
24 440 291
24 440 391
24 440 491
24 440 591
24 440 691
24 440 791
24 440 891
24 440 991
24 540 91
24 540 191
24 540 291
24 540 391
24 540 491
24 540 591
24 540 691
24 540 791
24 540 891
24 540 991
24 640 91
24 640 191
24 640 291
24 640 391
24 640 491
24 640 591
24 640 691
24 640 791
24 640 891
24 640 991
24 740 91
24 740 191
24 740 291
24 740 391
24 740 491
24 740 591
24 740 691
24 740 791
24 740 891
24 740 991
24 840 91
24 840 191
24 840 291
24 840 391
24 840 491
24 840 591
24 840 691
24 840 791
24 840 891
24 840 991
24 940 91
24 940 191
24 940 291
24 940 391
24 940 491
24 940 591
24 940 691
24 940 791
24 940 891
24 940 991
182 59 91
182 59 191
182 59 291
182 59 391
182 59 491
182 59 591
182 59 691
182 59 791
182 59 891
182 59 991
182 159 91
182 159 191
182 159 291
182 159 391
182 159 491
182 159 591
182 159 691
182 159 791
182 159 891
182 159 991
182 259 91
182 259 191
182 259 291
182 259 391
182 259 491
182 259 591
182 259 691
182 259 791
182 259 891
182 259 991
182 359 91
182 359 191
182 359 291
182 359 391
182 359 491
182 359 591
182 359 691
182 359 791
182 359 891
182 359 991
182 459 91
182 459 191
182 459 291
182 459 391
182 459 491
182 459 591
182 459 691
182 459 791
182 459 891
182 459 991
182 559 91
182 559 191
182 559 291
182 559 391
182 559 491
182 559 591
182 559 691
182 559 791
182 559 891
182 559 991
182 659 91
182 659 191
182 659 291
182 659 391
182 659 491
182 659 591
182 659 691
182 659 791
182 659 891
182 659 991
182 759 91
182 759 191
182 759 291
182 759 391
182 759 491
182 759 591
182 759 691
182 759 791
182 759 891
182 759 991
182 859 91
182 859 191
182 859 291
182 859 391
182 859 491
182 859 591
182 859 691
182 859 791
182 859 891
182 859 991
182 959 91
182 959 191
182 959 291
182 959 391
182 959 491
182 959 591
182 959 691
182 959 791
182 959 891
182 959 991
172 60 88
172 60 188
172 60 288
172 60 388
172 60 488
172 60 588
172 60 688
172 60 788
172 60 888
172 60 988
172 160 88
172 160 188
172 160 288
172 160 388
172 160 488
172 160 588
172 160 688
172 160 788
172 160 888
172 160 988
172 260 88
172 260 188
172 260 288
172 260 388
172 260 488
172 260 588
172 260 688
172 260 788
172 260 888
172 260 988
172 360 88
172 360 188
172 360 288
172 360 388
172 360 488
172 360 588
172 360 688
172 360 788
172 360 888
172 360 988
172 460 88
172 460 188
172 460 288
172 460 388
172 460 488
172 460 588
172 460 688
172 460 788
172 460 888
172 460 988
172 560 88
172 560 188
172 560 288
172 560 388
172 560 488
172 560 588
172 560 688
172 560 788
172 560 888
172 560 988
172 660 88
172 660 188
172 660 288
172 660 388
172 660 488
172 660 588
172 660 688
172 660 788
172 660 888
172 660 988
172 760 88
172 760 188
172 760 288
172 760 388
172 760 488
172 760 588
172 760 688
172 760 788
172 760 888
172 760 988
172 860 88
172 860 188
172 860 288
172 860 388
172 860 488
172 860 588
172 860 688
172 860 788
172 860 888
172 860 988
172 960 88
172 960 188
172 960 288
172 960 388
172 960 488
172 960 588
172 960 688
172 960 788
172 960 888
172 960 988
113 80 88
113 80 188
113 80 288
113 80 388
113 80 488
113 80 588
113 80 688
113 80 788
113 80 888
113 80 988
113 180 88
113 180 188
113 180 288
113 180 388
113 180 488
113 180 588
113 180 688
113 180 788
113 180 888
113 180 988
113 280 88
113 280 188
113 280 288
113 280 388
113 280 488
113 280 588
113 280 688
113 280 788
113 280 888
113 280 988
113 380 88
113 380 188
113 380 288
113 380 388
113 380 488
113 380 588
113 380 688
113 380 788
113 380 888
113 380 988
113 480 88
113 480 188
113 480 288
113 480 388
113 480 488
113 480 588
113 480 688
113 480 788
113 480 888
113 480 988
113 580 88
113 580 188
113 580 288
113 580 388
113 580 488
113 580 588
113 580 688
113 580 788
113 580 888
113 580 988
113 680 88
113 680 188
113 680 288
113 680 388
113 680 488
113 680 588
113 680 688
113 680 788
113 680 888
113 680 988
113 780 88
113 780 188
113 780 288
113 780 388
113 780 488
113 780 588
113 780 688
113 780 788
113 780 888
113 780 988
113 880 88
113 880 188
113 880 288
113 880 388
113 880 488
113 880 588
113 880 688
113 880 788
113 880 888
113 880 988
113 980 88
113 980 188
113 980 288
113 980 388
113 980 488
113 980 588
113 980 688
113 980 788
113 980 888
113 980 988
142 19 63
142 19 163
142 19 263
142 19 363
142 19 463
142 19 563
142 19 663
142 19 763
142 19 863
142 19 963
142 119 63
142 119 163
142 119 263
142 119 363
142 119 463
142 119 563
142 119 663
142 119 763
142 119 863
142 119 963
142 219 63
142 219 163
142 219 263
142 219 363
142 219 463
142 219 563
142 219 663
142 219 763
142 219 863
142 219 963
142 319 63
142 319 163
142 319 263
142 319 363
142 319 463
142 319 563
142 319 663
142 319 763
142 319 863
142 319 963
142 419 63
142 419 163
142 419 263
142 419 363
142 419 463
142 419 563
142 419 663
142 419 763
142 419 863
142 419 963
142 519 63
142 519 163
142 519 263
142 519 363
142 519 463
142 519 563
142 519 663
142 519 763
142 519 863
142 519 963
142 619 63
142 619 163
142 619 263
142 619 363
142 619 463
142 619 563
142 619 663
142 619 763
142 619 863
142 619 963
142 719 63
142 719 163
142 719 263
142 719 363
142 719 463
142 719 563
142 719 663
142 719 763
142 719 863
142 719 963
142 819 63
142 819 163
142 819 263
142 819 363
142 819 463
142 819 563
142 819 663
142 819 763
142 819 863
142 819 963
142 919 63
142 919 163
142 919 263
142 919 363
142 919 463
142 919 563
142 919 663
142 919 763
142 919 863
142 919 963
142 96 17
142 96 117
142 96 217
142 96 317
142 96 417
142 96 517
142 96 617
142 96 717
142 96 817
142 96 917
142 196 17
142 196 117
142 196 217
142 196 317
142 196 417
142 196 517
142 196 617
142 196 717
142 196 817
142 196 917
142 296 17
142 296 117
142 296 217
142 296 317
142 296 417
142 296 517
142 296 617
142 296 717
142 296 817
142 296 917
142 396 17
142 396 117
142 396 217
142 396 317
142 396 417
142 396 517
142 396 617
142 396 717
142 396 817
142 396 917
142 496 17
142 496 117
142 496 217
142 496 317
142 496 417
142 496 517
142 496 617
142 496 717
142 496 817
142 496 917
142 596 17
142 596 117
142 596 217
142 596 317
142 596 417
142 596 517
142 596 617
142 596 717
142 596 817
142 596 917
142 696 17
142 696 117
142 696 217
142 696 317
142 696 417
142 696 517
142 696 617
142 696 717
142 696 817
142 696 917
142 796 17
142 796 117
142 796 217
142 796 317
142 796 417
142 796 517
142 796 617
142 796 717
142 796 817
142 796 917
142 896 17
142 896 117
142 896 217
142 896 317
142 896 417
142 896 517
142 896 617
142 896 717
142 896 817
142 896 917
142 996 17
142 996 117
142 996 217
142 996 317
142 996 417
142 996 517
142 996 617
142 996 717
142 996 817
142 996 917
112 93 19
112 93 119
112 93 219
112 93 319
112 93 419
112 93 519
112 93 619
112 93 719
112 93 819
112 93 919
112 193 19
112 193 119
112 193 219
112 193 319
112 193 419
112 193 519
112 193 619
112 193 719
112 193 819
112 193 919
112 293 19
112 293 119
112 293 219
112 293 319
112 293 419
112 293 519
112 293 619
112 293 719
112 293 819
112 293 919
112 393 19
112 393 119
112 393 219
112 393 319
112 393 419
112 393 519
112 393 619
112 393 719
112 393 819
112 393 919
112 493 19
112 493 119
112 493 219
112 493 319
112 493 419
112 493 519
112 493 619
112 493 719
112 493 819
112 493 919
112 593 19
112 593 119
112 593 219
112 593 319
112 593 419
112 593 519
112 593 619
112 593 719
112 593 819
112 593 919
112 693 19
112 693 119
112 693 219
112 693 319
112 693 419
112 693 519
112 693 619
112 693 719
112 693 819
112 693 919
112 793 19
112 793 119
112 793 219
112 793 319
112 793 419
112 793 519
112 793 619
112 793 719
112 793 819
112 793 919
112 893 19
112 893 119
112 893 219
112 893 319
112 893 419
112 893 519
112 893 619
112 893 719
112 893 819
112 893 919
112 993 19
112 993 119
112 993 219
112 993 319
112 993 419
112 993 519
112 993 619
112 993 719
112 993 819
112 993 919
142 99 34
142 99 134
142 99 234
142 99 334
142 99 434
142 99 534
142 99 634
142 99 734
142 99 834
142 99 934
142 199 34
142 199 134
142 199 234
142 199 334
142 199 434
142 199 534
142 199 634
142 199 734
142 199 834
142 199 934
142 299 34
142 299 134
142 299 234
142 299 334
142 299 434
142 299 534
142 299 634
142 299 734
142 299 834
142 299 934
142 399 34
142 399 134
142 399 234
142 399 334
142 399 434
142 399 534
142 399 634
142 399 734
142 399 834
142 399 934
142 499 34
142 499 134
142 499 234
142 499 334
142 499 434
142 499 534
142 499 634
142 499 734
142 499 834
142 499 934
142 599 34
142 599 134
142 599 234
142 599 334
142 599 434
142 599 534
142 599 634
142 599 734
142 599 834
142 599 934
142 699 34
142 699 134
142 699 234
142 699 334
142 699 434
142 699 534
142 699 634
142 699 734
142 699 834
142 699 934
142 799 34
142 799 134
142 799 234
142 799 334
142 799 434
142 799 534
142 799 634
142 799 734
142 799 834
142 799 934
142 899 34
142 899 134
142 899 234
142 899 334
142 899 434
142 899 534
142 899 634
142 899 734
142 899 834
142 899 934
142 999 34
142 999 134
142 999 234
142 999 334
142 999 434
142 999 534
142 999 634
142 999 734
142 999 834
142 999 934
189 77 40
189 77 140
189 77 240
189 77 340
189 77 440
189 77 540
189 77 640
189 77 740
189 77 840
189 77 940
189 177 40
189 177 140
189 177 240
189 177 340
189 177 440
189 177 540
189 177 640
189 177 740
189 177 840
189 177 940
189 277 40
189 277 140
189 277 240
189 277 340
189 277 440
189 277 540
189 277 640
189 277 740
189 277 840
189 277 940
189 377 40
189 377 140
189 377 240
189 377 340
189 377 440
189 377 540
189 377 640
189 377 740
189 377 840
189 377 940
189 477 40
189 477 140
189 477 240
189 477 340
189 477 440
189 477 540
189 477 640
189 477 740
189 477 840
189 477 940
189 577 40
189 577 140
189 577 240
189 577 340
189 577 440
189 577 540
189 577 640
189 577 740
189 577 840
189 577 940
189 677 40
189 677 140
189 677 240
189 677 340
189 677 440
189 677 540
189 677 640
189 677 740
189 677 840
189 677 940
189 777 40
189 777 140
189 777 240
189 777 340
189 777 440
189 777 540
189 777 640
189 777 740
189 777 840
189 777 940
189 877 40
189 877 140
189 877 240
189 877 340
189 877 440
189 877 540
189 877 640
189 877 740
189 877 840
189 877 940
189 977 40
189 977 140
189 977 240
189 977 340
189 977 440
189 977 540
189 977 640
189 977 740
189 977 840
189 977 940
159 20 94
159 20 194
159 20 294
159 20 394
159 20 494
159 20 594
159 20 694
159 20 794
159 20 894
159 20 994
159 120 94
159 120 194
159 120 294
159 120 394
159 120 494
159 120 594
159 120 694
159 120 794
159 120 894
159 120 994
159 220 94
159 220 194
159 220 294
159 220 394
159 220 494
159 220 594
159 220 694
159 220 794
159 220 894
159 220 994
159 320 94
159 320 194
159 320 294
159 320 394
159 320 494
159 320 594
159 320 694
159 320 794
159 320 894
159 320 994
159 420 94
159 420 194
159 420 294
159 420 394
159 420 494
159 420 594
159 420 694
159 420 794
159 420 894
159 420 994
159 520 94
159 520 194
159 520 294
159 520 394
159 520 494
159 520 594
159 520 694
159 520 794
159 520 894
159 520 994
159 620 94
159 620 194
159 620 294
159 620 394
159 620 494
159 620 594
159 620 694
159 620 794
159 620 894
159 620 994
159 720 94
159 720 194
159 720 294
159 720 394
159 720 494
159 720 594
159 720 694
159 720 794
159 720 894
159 720 994
159 820 94
159 820 194
159 820 294
159 820 394
159 820 494
159 820 594
159 820 694
159 820 794
159 820 894
159 820 994
159 920 94
159 920 194
159 920 294
159 920 394
159 920 494
159 920 594
159 920 694
159 920 794
159 920 894
159 920 994
118 59 90
118 59 190
118 59 290
118 59 390
118 59 490
118 59 590
118 59 690
118 59 790
118 59 890
118 59 990
118 159 90
118 159 190
118 159 290
118 159 390
118 159 490
118 159 590
118 159 690
118 159 790
118 159 890
118 159 990
118 259 90
118 259 190
118 259 290
118 259 390
118 259 490
118 259 590
118 259 690
118 259 790
118 259 890
118 259 990
118 359 90
118 359 190
118 359 290
118 359 390
118 359 490
118 359 590
118 359 690
118 359 790
118 359 890
118 359 990
118 459 90
118 459 190
118 459 290
118 459 390
118 459 490
118 459 590
118 459 690
118 459 790
118 459 890
118 459 990
118 559 90
118 559 190
118 559 290
118 559 390
118 559 490
118 559 590
118 559 690
118 559 790
118 559 890
118 559 990
118 659 90
118 659 190
118 659 290
118 659 390
118 659 490
118 659 590
118 659 690
118 659 790
118 659 890
118 659 990
118 759 90
118 759 190
118 759 290
118 759 390
118 759 490
118 759 590
118 759 690
118 759 790
118 759 890
118 759 990
118 859 90
118 859 190
118 859 290
118 859 390
118 859 490
118 859 590
118 859 690
118 859 790
118 859 890
118 859 990
118 959 90
118 959 190
118 959 290
118 959 390
118 959 490
118 959 590
118 959 690
118 959 790
118 959 890
118 959 990
186 55 91
186 55 191
186 55 291
186 55 391
186 55 491
186 55 591
186 55 691
186 55 791
186 55 891
186 55 991
186 155 91
186 155 191
186 155 291
186 155 391
186 155 491
186 155 591
186 155 691
186 155 791
186 155 891
186 155 991
186 255 91
186 255 191
186 255 291
186 255 391
186 255 491
186 255 591
186 255 691
186 255 791
186 255 891
186 255 991
186 355 91
186 355 191
186 355 291
186 355 391
186 355 491
186 355 591
186 355 691
186 355 791
186 355 891
186 355 991
186 455 91
186 455 191
186 455 291
186 455 391
186 455 491
186 455 591
186 455 691
186 455 791
186 455 891
186 455 991
186 555 91
186 555 191
186 555 291
186 555 391
186 555 491
186 555 591
186 555 691
186 555 791
186 555 891
186 555 991
186 655 91
186 655 191
186 655 291
186 655 391
186 655 491
186 655 591
186 655 691
186 655 791
186 655 891
186 655 991
186 755 91
186 755 191
186 755 291
186 755 391
186 755 491
186 755 591
186 755 691
186 755 791
186 755 891
186 755 991
186 855 91
186 855 191
186 855 291
186 855 391
186 855 491
186 855 591
186 855 691
186 855 791
186 855 891
186 855 991
186 955 91
186 955 191
186 955 291
186 955 391
186 955 491
186 955 591
186 955 691
186 955 791
186 955 891
186 955 991
118 40 99
118 40 199
118 40 299
118 40 399
118 40 499
118 40 599
118 40 699
118 40 799
118 40 899
118 40 999
118 140 99
118 140 199
118 140 299
118 140 399
118 140 499
118 140 599
118 140 699
118 140 799
118 140 899
118 140 999
118 240 99
118 240 199
118 240 299
118 240 399
118 240 499
118 240 599
118 240 699
118 240 799
118 240 899
118 240 999
118 340 99
118 340 199
118 340 299
118 340 399
118 340 499
118 340 599
118 340 699
118 340 799
118 340 899
118 340 999
118 440 99
118 440 199
118 440 299
118 440 399
118 440 499
118 440 599
118 440 699
118 440 799
118 440 899
118 440 999
118 540 99
118 540 199
118 540 299
118 540 399
118 540 499
118 540 599
118 540 699
118 540 799
118 540 899
118 540 999
118 640 99
118 640 199
118 640 299
118 640 399
118 640 499
118 640 599
118 640 699
118 640 799
118 640 899
118 640 999
118 740 99
118 740 199
118 740 299
118 740 399
118 740 499
118 740 599
118 740 699
118 740 799
118 740 899
118 740 999
118 840 99
118 840 199
118 840 299
118 840 399
118 840 499
118 840 599
118 840 699
118 840 799
118 840 899
118 840 999
118 940 99
118 940 199
118 940 299
118 940 399
118 940 499
118 940 599
118 940 699
118 940 799
118 940 899
118 940 999
112 55 99
112 55 199
112 55 299
112 55 399
112 55 499
112 55 599
112 55 699
112 55 799
112 55 899
112 55 999
112 155 99
112 155 199
112 155 299
112 155 399
112 155 499
112 155 599
112 155 699
112 155 799
112 155 899
112 155 999
112 255 99
112 255 199
112 255 299
112 255 399
112 255 499
112 255 599
112 255 699
112 255 799
112 255 899
112 255 999
112 355 99
112 355 199
112 355 299
112 355 399
112 355 499
112 355 599
112 355 699
112 355 799
112 355 899
112 355 999
112 455 99
112 455 199
112 455 299
112 455 399
112 455 499
112 455 599
112 455 699
112 455 799
112 455 899
112 455 999
112 555 99
112 555 199
112 555 299
112 555 399
112 555 499
112 555 599
112 555 699
112 555 799
112 555 899
112 555 999
112 655 99
112 655 199
112 655 299
112 655 399
112 655 499
112 655 599
112 655 699
112 655 799
112 655 899
112 655 999
112 755 99
112 755 199
112 755 299
112 755 399
112 755 499
112 755 599
112 755 699
112 755 799
112 755 899
112 755 999
112 855 99
112 855 199
112 855 299
112 855 399
112 855 499
112 855 599
112 855 699
112 855 799
112 855 899
112 855 999
112 955 99
112 955 199
112 955 299
112 955 399
112 955 499
112 955 599
112 955 699
112 955 799
112 955 899
112 955 999
186 75 91
186 75 191
186 75 291
186 75 391
186 75 491
186 75 591
186 75 691
186 75 791
186 75 891
186 75 991
186 175 91
186 175 191
186 175 291
186 175 391
186 175 491
186 175 591
186 175 691
186 175 791
186 175 891
186 175 991
186 275 91
186 275 191
186 275 291
186 275 391
186 275 491
186 275 591
186 275 691
186 275 791
186 275 891
186 275 991
186 375 91
186 375 191
186 375 291
186 375 391
186 375 491
186 375 591
186 375 691
186 375 791
186 375 891
186 375 991
186 475 91
186 475 191
186 475 291
186 475 391
186 475 491
186 475 591
186 475 691
186 475 791
186 475 891
186 475 991
186 575 91
186 575 191
186 575 291
186 575 391
186 575 491
186 575 591
186 575 691
186 575 791
186 575 891
186 575 991
186 675 91
186 675 191
186 675 291
186 675 391
186 675 491
186 675 591
186 675 691
186 675 791
186 675 891
186 675 991
186 775 91
186 775 191
186 775 291
186 775 391
186 775 491
186 775 591
186 775 691
186 775 791
186 775 891
186 775 991
186 875 91
186 875 191
186 875 291
186 875 391
186 875 491
186 875 591
186 875 691
186 875 791
186 875 891
186 875 991
186 975 91
186 975 191
186 975 291
186 975 391
186 975 491
186 975 591
186 975 691
186 975 791
186 975 891
186 975 991
199 79 88
199 79 188
199 79 288
199 79 388
199 79 488
199 79 588
199 79 688
199 79 788
199 79 888
199 79 988
199 179 88
199 179 188
199 179 288
199 179 388
199 179 488
199 179 588
199 179 688
199 179 788
199 179 888
199 179 988
199 279 88
199 279 188
199 279 288
199 279 388
199 279 488
199 279 588
199 279 688
199 279 788
199 279 888
199 279 988
199 379 88
199 379 188
199 379 288
199 379 388
199 379 488
199 379 588
199 379 688
199 379 788
199 379 888
199 379 988
199 479 88
199 479 188
199 479 288
199 479 388
199 479 488
199 479 588
199 479 688
199 479 788
199 479 888
199 479 988
199 579 88
199 579 188
199 579 288
199 579 388
199 579 488
199 579 588
199 579 688
199 579 788
199 579 888
199 579 988
199 679 88
199 679 188
199 679 288
199 679 388
199 679 488
199 679 588
199 679 688
199 679 788
199 679 888
199 679 988
199 779 88
199 779 188
199 779 288
199 779 388
199 779 488
199 779 588
199 779 688
199 779 788
199 779 888
199 779 988
199 879 88
199 879 188
199 879 288
199 879 388
199 879 488
199 879 588
199 879 688
199 879 788
199 879 888
199 879 988
199 979 88
199 979 188
199 979 288
199 979 388
199 979 488
199 979 588
199 979 688
199 979 788
199 979 888
199 979 988
152 96 88
152 96 188
152 96 288
152 96 388
152 96 488
152 96 588
152 96 688
152 96 788
152 96 888
152 96 988
152 196 88
152 196 188
152 196 288
152 196 388
152 196 488
152 196 588
152 196 688
152 196 788
152 196 888
152 196 988
152 296 88
152 296 188
152 296 288
152 296 388
152 296 488
152 296 588
152 296 688
152 296 788
152 296 888
152 296 988
152 396 88
152 396 188
152 396 288
152 396 388
152 396 488
152 396 588
152 396 688
152 396 788
152 396 888
152 396 988
152 496 88
152 496 188
152 496 288
152 496 388
152 496 488
152 496 588
152 496 688
152 496 788
152 496 888
152 496 988
152 596 88
152 596 188
152 596 288
152 596 388
152 596 488
152 596 588
152 596 688
152 596 788
152 596 888
152 596 988
152 696 88
152 696 188
152 696 288
152 696 388
152 696 488
152 696 588
152 696 688
152 696 788
152 696 888
152 696 988
152 796 88
152 796 188
152 796 288
152 796 388
152 796 488
152 796 588
152 796 688
152 796 788
152 796 888
152 796 988
152 896 88
152 896 188
152 896 288
152 896 388
152 896 488
152 896 588
152 896 688
152 896 788
152 896 888
152 896 988
152 996 88
152 996 188
152 996 288
152 996 388
152 996 488
152 996 588
152 996 688
152 996 788
152 996 888
152 996 988
142 97 17
142 97 117
142 97 217
142 97 317
142 97 417
142 97 517
142 97 617
142 97 717
142 97 817
142 97 917
142 197 17
142 197 117
142 197 217
142 197 317
142 197 417
142 197 517
142 197 617
142 197 717
142 197 817
142 197 917
142 297 17
142 297 117
142 297 217
142 297 317
142 297 417
142 297 517
142 297 617
142 297 717
142 297 817
142 297 917
142 397 17
142 397 117
142 397 217
142 397 317
142 397 417
142 397 517
142 397 617
142 397 717
142 397 817
142 397 917
142 497 17
142 497 117
142 497 217
142 497 317
142 497 417
142 497 517
142 497 617
142 497 717
142 497 817
142 497 917
142 597 17
142 597 117
142 597 217
142 597 317
142 597 417
142 597 517
142 597 617
142 597 717
142 597 817
142 597 917
142 697 17
142 697 117
142 697 217
142 697 317
142 697 417
142 697 517
142 697 617
142 697 717
142 697 817
142 697 917
142 797 17
142 797 117
142 797 217
142 797 317
142 797 417
142 797 517
142 797 617
142 797 717
142 797 817
142 797 917
142 897 17
142 897 117
142 897 217
142 897 317
142 897 417
142 897 517
142 897 617
142 897 717
142 897 817
142 897 917
142 997 17
142 997 117
142 997 217
142 997 317
142 997 417
142 997 517
142 997 617
142 997 717
142 997 817
142 997 917
193 70 90
193 70 190
193 70 290
193 70 390
193 70 490
193 70 590
193 70 690
193 70 790
193 70 890
193 70 990
193 170 90
193 170 190
193 170 290
193 170 390
193 170 490
193 170 590
193 170 690
193 170 790
193 170 890
193 170 990
193 270 90
193 270 190
193 270 290
193 270 390
193 270 490
193 270 590
193 270 690
193 270 790
193 270 890
193 270 990
193 370 90
193 370 190
193 370 290
193 370 390
193 370 490
193 370 590
193 370 690
193 370 790
193 370 890
193 370 990
193 470 90
193 470 190
193 470 290
193 470 390
193 470 490
193 470 590
193 470 690
193 470 790
193 470 890
193 470 990
193 570 90
193 570 190
193 570 290
193 570 390
193 570 490
193 570 590
193 570 690
193 570 790
193 570 890
193 570 990
193 670 90
193 670 190
193 670 290
193 670 390
193 670 490
193 670 590
193 670 690
193 670 790
193 670 890
193 670 990
193 770 90
193 770 190
193 770 290
193 770 390
193 770 490
193 770 590
193 770 690
193 770 790
193 770 890
193 770 990
193 870 90
193 870 190
193 870 290
193 870 390
193 870 490
193 870 590
193 870 690
193 870 790
193 870 890
193 870 990
193 970 90
193 970 190
193 970 290
193 970 390
193 970 490
193 970 590
193 970 690
193 970 790
193 970 890
193 970 990
112 55 98
112 55 198
112 55 298
112 55 398
112 55 498
112 55 598
112 55 698
112 55 798
112 55 898
112 55 998
112 155 98
112 155 198
112 155 298
112 155 398
112 155 498
112 155 598
112 155 698
112 155 798
112 155 898
112 155 998
112 255 98
112 255 198
112 255 298
112 255 398
112 255 498
112 255 598
112 255 698
112 255 798
112 255 898
112 255 998
112 355 98
112 355 198
112 355 298
112 355 398
112 355 498
112 355 598
112 355 698
112 355 798
112 355 898
112 355 998
112 455 98
112 455 198
112 455 298
112 455 398
112 455 498
112 455 598
112 455 698
112 455 798
112 455 898
112 455 998
112 555 98
112 555 198
112 555 298
112 555 398
112 555 498
112 555 598
112 555 698
112 555 798
112 555 898
112 555 998
112 655 98
112 655 198
112 655 298
112 655 398
112 655 498
112 655 598
112 655 698
112 655 798
112 655 898
112 655 998
112 755 98
112 755 198
112 755 298
112 755 398
112 755 498
112 755 598
112 755 698
112 755 798
112 755 898
112 755 998
112 855 98
112 855 198
112 855 298
112 855 398
112 855 498
112 855 598
112 855 698
112 855 798
112 855 898
112 855 998
112 955 98
112 955 198
112 955 298
112 955 398
112 955 498
112 955 598
112 955 698
112 955 798
112 955 898
112 955 998
112 51 99
112 51 199
112 51 299
112 51 399
112 51 499
112 51 599
112 51 699
112 51 799
112 51 899
112 51 999
112 151 99
112 151 199
112 151 299
112 151 399
112 151 499
112 151 599
112 151 699
112 151 799
112 151 899
112 151 999
112 251 99
112 251 199
112 251 299
112 251 399
112 251 499
112 251 599
112 251 699
112 251 799
112 251 899
112 251 999
112 351 99
112 351 199
112 351 299
112 351 399
112 351 499
112 351 599
112 351 699
112 351 799
112 351 899
112 351 999
112 451 99
112 451 199
112 451 299
112 451 399
112 451 499
112 451 599
112 451 699
112 451 799
112 451 899
112 451 999
112 551 99
112 551 199
112 551 299
112 551 399
112 551 499
112 551 599
112 551 699
112 551 799
112 551 899
112 551 999
112 651 99
112 651 199
112 651 299
112 651 399
112 651 499
112 651 599
112 651 699
112 651 799
112 651 899
112 651 999
112 751 99
112 751 199
112 751 299
112 751 399
112 751 499
112 751 599
112 751 699
112 751 799
112 751 899
112 751 999
112 851 99
112 851 199
112 851 299
112 851 399
112 851 499
112 851 599
112 851 699
112 851 799
112 851 899
112 851 999
112 951 99
112 951 199
112 951 299
112 951 399
112 951 499
112 951 599
112 951 699
112 951 799
112 951 899
112 951 999
195 75 98
195 75 198
195 75 298
195 75 398
195 75 498
195 75 598
195 75 698
195 75 798
195 75 898
195 75 998
195 175 98
195 175 198
195 175 298
195 175 398
195 175 498
195 175 598
195 175 698
195 175 798
195 175 898
195 175 998
195 275 98
195 275 198
195 275 298
195 275 398
195 275 498
195 275 598
195 275 698
195 275 798
195 275 898
195 275 998
195 375 98
195 375 198
195 375 298
195 375 398
195 375 498
195 375 598
195 375 698
195 375 798
195 375 898
195 375 998
195 475 98
195 475 198
195 475 298
195 475 398
195 475 498
195 475 598
195 475 698
195 475 798
195 475 898
195 475 998
195 575 98
195 575 198
195 575 298
195 575 398
195 575 498
195 575 598
195 575 698
195 575 798
195 575 898
195 575 998
195 675 98
195 675 198
195 675 298
195 675 398
195 675 498
195 675 598
195 675 698
195 675 798
195 675 898
195 675 998
195 775 98
195 775 198
195 775 298
195 775 398
195 775 498
195 775 598
195 775 698
195 775 798
195 775 898
195 775 998
195 875 98
195 875 198
195 875 298
195 875 398
195 875 498
195 875 598
195 875 698
195 875 798
195 875 898
195 875 998
195 975 98
195 975 198
195 975 298
195 975 398
195 975 498
195 975 598
195 975 698
195 975 798
195 975 898
195 975 998
142 79 98
142 79 198
142 79 298
142 79 398
142 79 498
142 79 598
142 79 698
142 79 798
142 79 898
142 79 998
142 179 98
142 179 198
142 179 298
142 179 398
142 179 498
142 179 598
142 179 698
142 179 798
142 179 898
142 179 998
142 279 98
142 279 198
142 279 298
142 279 398
142 279 498
142 279 598
142 279 698
142 279 798
142 279 898
142 279 998
142 379 98
142 379 198
142 379 298
142 379 398
142 379 498
142 379 598
142 379 698
142 379 798
142 379 898
142 379 998
142 479 98
142 479 198
142 479 298
142 479 398
142 479 498
142 479 598
142 479 698
142 479 798
142 479 898
142 479 998
142 579 98
142 579 198
142 579 298
142 579 398
142 579 498
142 579 598
142 579 698
142 579 798
142 579 898
142 579 998
142 679 98
142 679 198
142 679 298
142 679 398
142 679 498
142 679 598
142 679 698
142 679 798
142 679 898
142 679 998
142 779 98
142 779 198
142 779 298
142 779 398
142 779 498
142 779 598
142 779 698
142 779 798
142 779 898
142 779 998
142 879 98
142 879 198
142 879 298
142 879 398
142 879 498
142 879 598
142 879 698
142 879 798
142 879 898
142 879 998
142 979 98
142 979 198
142 979 298
142 979 398
142 979 498
142 979 598
142 979 698
142 979 798
142 979 898
142 979 998
142 79 95
142 79 195
142 79 295
142 79 395
142 79 495
142 79 595
142 79 695
142 79 795
142 79 895
142 79 995
142 179 95
142 179 195
142 179 295
142 179 395
142 179 495
142 179 595
142 179 695
142 179 795
142 179 895
142 179 995
142 279 95
142 279 195
142 279 295
142 279 395
142 279 495
142 279 595
142 279 695
142 279 795
142 279 895
142 279 995
142 379 95
142 379 195
142 379 295
142 379 395
142 379 495
142 379 595
142 379 695
142 379 795
142 379 895
142 379 995
142 479 95
142 479 195
142 479 295
142 479 395
142 479 495
142 479 595
142 479 695
142 479 795
142 479 895
142 479 995
142 579 95
142 579 195
142 579 295
142 579 395
142 579 495
142 579 595
142 579 695
142 579 795
142 579 895
142 579 995
142 679 95
142 679 195
142 679 295
142 679 395
142 679 495
142 679 595
142 679 695
142 679 795
142 679 895
142 679 995
142 779 95
142 779 195
142 779 295
142 779 395
142 779 495
142 779 595
142 779 695
142 779 795
142 779 895
142 779 995
142 879 95
142 879 195
142 879 295
142 879 395
142 879 495
142 879 595
142 879 695
142 879 795
142 879 895
142 879 995
142 979 95
142 979 195
142 979 295
142 979 395
142 979 495
142 979 595
142 979 695
142 979 795
142 979 895
142 979 995
112 96 99
112 96 199
112 96 299
112 96 399
112 96 499
112 96 599
112 96 699
112 96 799
112 96 899
112 96 999
112 196 99
112 196 199
112 196 299
112 196 399
112 196 499
112 196 599
112 196 699
112 196 799
112 196 899
112 196 999
112 296 99
112 296 199
112 296 299
112 296 399
112 296 499
112 296 599
112 296 699
112 296 799
112 296 899
112 296 999
112 396 99
112 396 199
112 396 299
112 396 399
112 396 499
112 396 599
112 396 699
112 396 799
112 396 899
112 396 999
112 496 99
112 496 199
112 496 299
112 496 399
112 496 499
112 496 599
112 496 699
112 496 799
112 496 899
112 496 999
112 596 99
112 596 199
112 596 299
112 596 399
112 596 499
112 596 599
112 596 699
112 596 799
112 596 899
112 596 999
112 696 99
112 696 199
112 696 299
112 696 399
112 696 499
112 696 599
112 696 699
112 696 799
112 696 899
112 696 999
112 796 99
112 796 199
112 796 299
112 796 399
112 796 499
112 796 599
112 796 699
112 796 799
112 796 899
112 796 999
112 896 99
112 896 199
112 896 299
112 896 399
112 896 499
112 896 599
112 896 699
112 896 799
112 896 899
112 896 999
112 996 99
112 996 199
112 996 299
112 996 399
112 996 499
112 996 599
112 996 699
112 996 799
112 996 899
112 996 999
142 58 98
142 58 198
142 58 298
142 58 398
142 58 498
142 58 598
142 58 698
142 58 798
142 58 898
142 58 998
142 158 98
142 158 198
142 158 298
142 158 398
142 158 498
142 158 598
142 158 698
142 158 798
142 158 898
142 158 998
142 258 98
142 258 198
142 258 298
142 258 398
142 258 498
142 258 598
142 258 698
142 258 798
142 258 898
142 258 998
142 358 98
142 358 198
142 358 298
142 358 398
142 358 498
142 358 598
142 358 698
142 358 798
142 358 898
142 358 998
142 458 98
142 458 198
142 458 298
142 458 398
142 458 498
142 458 598
142 458 698
142 458 798
142 458 898
142 458 998
142 558 98
142 558 198
142 558 298
142 558 398
142 558 498
142 558 598
142 558 698
142 558 798
142 558 898
142 558 998
142 658 98
142 658 198
142 658 298
142 658 398
142 658 498
142 658 598
142 658 698
142 658 798
142 658 898
142 658 998
142 758 98
142 758 198
142 758 298
142 758 398
142 758 498
142 758 598
142 758 698
142 758 798
142 758 898
142 758 998
142 858 98
142 858 198
142 858 298
142 858 398
142 858 498
142 858 598
142 858 698
142 858 798
142 858 898
142 858 998
142 958 98
142 958 198
142 958 298
142 958 398
142 958 498
142 958 598
142 958 698
142 958 798
142 958 898
142 958 998
142 78 98
142 78 198
142 78 298
142 78 398
142 78 498
142 78 598
142 78 698
142 78 798
142 78 898
142 78 998
142 178 98
142 178 198
142 178 298
142 178 398
142 178 498
142 178 598
142 178 698
142 178 798
142 178 898
142 178 998
142 278 98
142 278 198
142 278 298
142 278 398
142 278 498
142 278 598
142 278 698
142 278 798
142 278 898
142 278 998
142 378 98
142 378 198
142 378 298
142 378 398
142 378 498
142 378 598
142 378 698
142 378 798
142 378 898
142 378 998
142 478 98
142 478 198
142 478 298
142 478 398
142 478 498
142 478 598
142 478 698
142 478 798
142 478 898
142 478 998
142 578 98
142 578 198
142 578 298
142 578 398
142 578 498
142 578 598
142 578 698
142 578 798
142 578 898
142 578 998
142 678 98
142 678 198
142 678 298
142 678 398
142 678 498
142 678 598
142 678 698
142 678 798
142 678 898
142 678 998
142 778 98
142 778 198
142 778 298
142 778 398
142 778 498
142 778 598
142 778 698
142 778 798
142 778 898
142 778 998
142 878 98
142 878 198
142 878 298
142 878 398
142 878 498
142 878 598
142 878 698
142 878 798
142 878 898
142 878 998
142 978 98
142 978 198
142 978 298
142 978 398
142 978 498
142 978 598
142 978 698
142 978 798
142 978 898
142 978 998
