6600
41 0 0
41 0 100
41 0 200
41 0 300
41 0 400
41 0 500
41 0 600
41 0 700
41 0 800
41 0 900
41 100 0
41 100 100
41 100 200
41 100 300
41 100 400
41 100 500
41 100 600
41 100 700
41 100 800
41 100 900
41 200 0
41 200 100
41 200 200
41 200 300
41 200 400
41 200 500
41 200 600
41 200 700
41 200 800
41 200 900
41 300 0
41 300 100
41 300 200
41 300 300
41 300 400
41 300 500
41 300 600
41 300 700
41 300 800
41 300 900
41 400 0
41 400 100
41 400 200
41 400 300
41 400 400
41 400 500
41 400 600
41 400 700
41 400 800
41 400 900
41 500 0
41 500 100
41 500 200
41 500 300
41 500 400
41 500 500
41 500 600
41 500 700
41 500 800
41 500 900
41 600 0
41 600 100
41 600 200
41 600 300
41 600 400
41 600 500
41 600 600
41 600 700
41 600 800
41 600 900
41 700 0
41 700 100
41 700 200
41 700 300
41 700 400
41 700 500
41 700 600
41 700 700
41 700 800
41 700 900
41 800 0
41 800 100
41 800 200
41 800 300
41 800 400
41 800 500
41 800 600
41 800 700
41 800 800
41 800 900
41 900 0
41 900 100
41 900 200
41 900 300
41 900 400
41 900 500
41 900 600
41 900 700
41 900 800
41 900 900
116 0 12
116 0 112
116 0 212
116 0 312
116 0 412
116 0 512
116 0 612
116 0 712
116 0 812
116 0 912
116 100 12
116 100 112
116 100 212
116 100 312
116 100 412
116 100 512
116 100 612
116 100 712
116 100 812
116 100 912
116 200 12
116 200 112
116 200 212
116 200 312
116 200 412
116 200 512
116 200 612
116 200 712
116 200 812
116 200 912
116 300 12
116 300 112
116 300 212
116 300 312
116 300 412
116 300 512
116 300 612
116 300 712
116 300 812
116 300 912
116 400 12
116 400 112
116 400 212
116 400 312
116 400 412
116 400 512
116 400 612
116 400 712
116 400 812
116 400 912
116 500 12
116 500 112
116 500 212
116 500 312
116 500 412
116 500 512
116 500 612
116 500 712
116 500 812
116 500 912
116 600 12
116 600 112
116 600 212
116 600 312
116 600 412
116 600 512
116 600 612
116 600 712
116 600 812
116 600 912
116 700 12
116 700 112
116 700 212
116 700 312
116 700 412
116 700 512
116 700 612
116 700 712
116 700 812
116 700 912
116 800 12
116 800 112
116 800 212
116 800 312
116 800 412
116 800 512
116 800 612
116 800 712
116 800 812
116 800 912
116 900 12
116 900 112
116 900 212
116 900 312
116 900 412
116 900 512
116 900 612
116 900 712
116 900 812
116 900 912
93 0 32
93 0 132
93 0 232
93 0 332
93 0 432
93 0 532
93 0 632
93 0 732
93 0 832
93 0 932
93 100 32
93 100 132
93 100 232
93 100 332
93 100 432
93 100 532
93 100 632
93 100 732
93 100 832
93 100 932
93 200 32
93 200 132
93 200 232
93 200 332
93 200 432
93 200 532
93 200 632
93 200 732
93 200 832
93 200 932
93 300 32
93 300 132
93 300 232
93 300 332
93 300 432
93 300 532
93 300 632
93 300 732
93 300 832
93 300 932
93 400 32
93 400 132
93 400 232
93 400 332
93 400 432
93 400 532
93 400 632
93 400 732
93 400 832
93 400 932
93 500 32
93 500 132
93 500 232
93 500 332
93 500 432
93 500 532
93 500 632
93 500 732
93 500 832
93 500 932
93 600 32
93 600 132
93 600 232
93 600 332
93 600 432
93 600 532
93 600 632
93 600 732
93 600 832
93 600 932
93 700 32
93 700 132
93 700 232
93 700 332
93 700 432
93 700 532
93 700 632
93 700 732
93 700 832
93 700 932
93 800 32
93 800 132
93 800 232
93 800 332
93 800 432
93 800 532
93 800 632
93 800 732
93 800 832
93 800 932
93 900 32
93 900 132
93 900 232
93 900 332
93 900 432
93 900 532
93 900 632
93 900 732
93 900 832
93 900 932
93 0 49
93 0 149
93 0 249
93 0 349
93 0 449
93 0 549
93 0 649
93 0 749
93 0 849
93 0 949
93 100 49
93 100 149
93 100 249
93 100 349
93 100 449
93 100 549
93 100 649
93 100 749
93 100 849
93 100 949
93 200 49
93 200 149
93 200 249
93 200 349
93 200 449
93 200 549
93 200 649
93 200 749
93 200 849
93 200 949
93 300 49
93 300 149
93 300 249
93 300 349
93 300 449
93 300 549
93 300 649
93 300 749
93 300 849
93 300 949
93 400 49
93 400 149
93 400 249
93 400 349
93 400 449
93 400 549
93 400 649
93 400 749
93 400 849
93 400 949
93 500 49
93 500 149
93 500 249
93 500 349
93 500 449
93 500 549
93 500 649
93 500 749
93 500 849
93 500 949
93 600 49
93 600 149
93 600 249
93 600 349
93 600 449
93 600 549
93 600 649
93 600 749
93 600 849
93 600 949
93 700 49
93 700 149
93 700 249
93 700 349
93 700 449
93 700 549
93 700 649
93 700 749
93 700 849
93 700 949
93 800 49
93 800 149
93 800 249
93 800 349
93 800 449
93 800 549
93 800 649
93 800 749
93 800 849
93 800 949
93 900 49
93 900 149
93 900 249
93 900 349
93 900 449
93 900 549
93 900 649
93 900 749
93 900 849
93 900 949
116 0 66
116 0 166
116 0 266
116 0 366
116 0 466
116 0 566
116 0 666
116 0 766
116 0 866
116 0 966
116 100 66
116 100 166
116 100 266
116 100 366
116 100 466
116 100 566
116 100 666
116 100 766
116 100 866
116 100 966
116 200 66
116 200 166
116 200 266
116 200 366
116 200 466
116 200 566
116 200 666
116 200 766
116 200 866
116 200 966
116 300 66
116 300 166
116 300 266
116 300 366
116 300 466
116 300 566
116 300 666
116 300 766
116 300 866
116 300 966
116 400 66
116 400 166
116 400 266
116 400 366
116 400 466
116 400 566
116 400 666
116 400 766
116 400 866
116 400 966
116 500 66
116 500 166
116 500 266
116 500 366
116 500 466
116 500 566
116 500 666
116 500 766
116 500 866
116 500 966
116 600 66
116 600 166
116 600 266
116 600 366
116 600 466
116 600 566
116 600 666
116 600 766
116 600 866
116 600 966
116 700 66
116 700 166
116 700 266
116 700 366
116 700 466
116 700 566
116 700 666
116 700 766
116 700 866
116 700 966
116 800 66
116 800 166
116 800 266
116 800 366
116 800 466
116 800 566
116 800 666
116 800 766
116 800 866
116 800 966
116 900 66
116 900 166
116 900 266
116 900 366
116 900 466
116 900 566
116 900 666
116 900 766
116 900 866
116 900 966
81 0 86
81 0 186
81 0 286
81 0 386
81 0 486
81 0 586
81 0 686
81 0 786
81 0 886
81 0 986
81 100 86
81 100 186
81 100 286
81 100 386
81 100 486
81 100 586
81 100 686
81 100 786
81 100 886
81 100 986
81 200 86
81 200 186
81 200 286
81 200 386
81 200 486
81 200 586
81 200 686
81 200 786
81 200 886
81 200 986
81 300 86
81 300 186
81 300 286
81 300 386
81 300 486
81 300 586
81 300 686
81 300 786
81 300 886
81 300 986
81 400 86
81 400 186
81 400 286
81 400 386
81 400 486
81 400 586
81 400 686
81 400 786
81 400 886
81 400 986
81 500 86
81 500 186
81 500 286
81 500 386
81 500 486
81 500 586
81 500 686
81 500 786
81 500 886
81 500 986
81 600 86
81 600 186
81 600 286
81 600 386
81 600 486
81 600 586
81 600 686
81 600 786
81 600 886
81 600 986
81 700 86
81 700 186
81 700 286
81 700 386
81 700 486
81 700 586
81 700 686
81 700 786
81 700 886
81 700 986
81 800 86
81 800 186
81 800 286
81 800 386
81 800 486
81 800 586
81 800 686
81 800 786
81 800 886
81 800 986
81 900 86
81 900 186
81 900 286
81 900 386
81 900 486
81 900 586
81 900 686
81 900 786
81 900 886
81 900 986
81 18 86
81 18 186
81 18 286
81 18 386
81 18 486
81 18 586
81 18 686
81 18 786
81 18 886
81 18 986
81 118 86
81 118 186
81 118 286
81 118 386
81 118 486
81 118 586
81 118 686
81 118 786
81 118 886
81 118 986
81 218 86
81 218 186
81 218 286
81 218 386
81 218 486
81 218 586
81 218 686
81 218 786
81 218 886
81 218 986
81 318 86
81 318 186
81 318 286
81 318 386
81 318 486
81 318 586
81 318 686
81 318 786
81 318 886
81 318 986
81 418 86
81 418 186
81 418 286
81 418 386
81 418 486
81 418 586
81 418 686
81 418 786
81 418 886
81 418 986
81 518 86
81 518 186
81 518 286
81 518 386
81 518 486
81 518 586
81 518 686
81 518 786
81 518 886
81 518 986
81 618 86
81 618 186
81 618 286
81 618 386
81 618 486
81 618 586
81 618 686
81 618 786
81 618 886
81 618 986
81 718 86
81 718 186
81 718 286
81 718 386
81 718 486
81 718 586
81 718 686
81 718 786
81 718 886
81 718 986
81 818 86
81 818 186
81 818 286
81 818 386
81 818 486
81 818 586
81 818 686
81 818 786
81 818 886
81 818 986
81 918 86
81 918 186
81 918 286
81 918 386
81 918 486
81 918 586
81 918 686
81 918 786
81 918 886
81 918 986
93 19 12
93 19 112
93 19 212
93 19 312
93 19 412
93 19 512
93 19 612
93 19 712
93 19 812
93 19 912
93 119 12
93 119 112
93 119 212
93 119 312
93 119 412
93 119 512
93 119 612
93 119 712
93 119 812
93 119 912
93 219 12
93 219 112
93 219 212
93 219 312
93 219 412
93 219 512
93 219 612
93 219 712
93 219 812
93 219 912
93 319 12
93 319 112
93 319 212
93 319 312
93 319 412
93 319 512
93 319 612
93 319 712
93 319 812
93 319 912
93 419 12
93 419 112
93 419 212
93 419 312
93 419 412
93 419 512
93 419 612
93 419 712
93 419 812
93 419 912
93 519 12
93 519 112
93 519 212
93 519 312
93 519 412
93 519 512
93 519 612
93 519 712
93 519 812
93 519 912
93 619 12
93 619 112
93 619 212
93 619 312
93 619 412
93 619 512
93 619 612
93 619 712
93 619 812
93 619 912
93 719 12
93 719 112
93 719 212
93 719 312
93 719 412
93 719 512
93 719 612
93 719 712
93 719 812
93 719 912
93 819 12
93 819 112
93 819 212
93 819 312
93 819 412
93 819 512
93 819 612
93 819 712
93 819 812
93 819 912
93 919 12
93 919 112
93 919 212
93 919 312
93 919 412
93 919 512
93 919 612
93 919 712
93 919 812
93 919 912
101 19 29
101 19 129
101 19 229
101 19 329
101 19 429
101 19 529
101 19 629
101 19 729
101 19 829
101 19 929
101 119 29
101 119 129
101 119 229
101 119 329
101 119 429
101 119 529
101 119 629
101 119 729
101 119 829
101 119 929
101 219 29
101 219 129
101 219 229
101 219 329
101 219 429
101 219 529
101 219 629
101 219 729
101 219 829
101 219 929
101 319 29
101 319 129
101 319 229
101 319 329
101 319 429
101 319 529
101 319 629
101 319 729
101 319 829
101 319 929
101 419 29
101 419 129
101 419 229
101 419 329
101 419 429
101 419 529
101 419 629
101 419 729
101 419 829
101 419 929
101 519 29
101 519 129
101 519 229
101 519 329
101 519 429
101 519 529
101 519 629
101 519 729
101 519 829
101 519 929
101 619 29
101 619 129
101 619 229
101 619 329
101 619 429
101 619 529
101 619 629
101 619 729
101 619 829
101 619 929
101 719 29
101 719 129
101 719 229
101 719 329
101 719 429
101 719 529
101 719 629
101 719 729
101 719 829
101 719 929
101 819 29
101 819 129
101 819 229
101 819 329
101 819 429
101 819 529
101 819 629
101 819 729
101 819 829
101 819 929
101 919 29
101 919 129
101 919 229
101 919 329
101 919 429
101 919 529
101 919 629
101 919 729
101 919 829
101 919 929
93 19 66
93 19 166
93 19 266
93 19 366
93 19 466
93 19 566
93 19 666
93 19 766
93 19 866
93 19 966
93 119 66
93 119 166
93 119 266
93 119 366
93 119 466
93 119 566
93 119 666
93 119 766
93 119 866
93 119 966
93 219 66
93 219 166
93 219 266
93 219 366
93 219 466
93 219 566
93 219 666
93 219 766
93 219 866
93 219 966
93 319 66
93 319 166
93 319 266
93 319 366
93 319 466
93 319 566
93 319 666
93 319 766
93 319 866
93 319 966
93 419 66
93 419 166
93 419 266
93 419 366
93 419 466
93 419 566
93 419 666
93 419 766
93 419 866
93 419 966
93 519 66
93 519 166
93 519 266
93 519 366
93 519 466
93 519 566
93 519 666
93 519 766
93 519 866
93 519 966
93 619 66
93 619 166
93 619 266
93 619 366
93 619 466
93 619 566
93 619 666
93 619 766
93 619 866
93 619 966
93 719 66
93 719 166
93 719 266
93 719 366
93 719 466
93 719 566
93 719 666
93 719 766
93 719 866
93 719 966
93 819 66
93 819 166
93 819 266
93 819 366
93 819 466
93 819 566
93 819 666
93 819 766
93 819 866
93 819 966
93 919 66
93 919 166
93 919 266
93 919 366
93 919 466
93 919 566
93 919 666
93 919 766
93 919 866
93 919 966
101 19 83
101 19 183
101 19 283
101 19 383
101 19 483
101 19 583
101 19 683
101 19 783
101 19 883
101 19 983
101 119 83
101 119 183
101 119 283
101 119 383
101 119 483
101 119 583
101 119 683
101 119 783
101 119 883
101 119 983
101 219 83
101 219 183
101 219 283
101 219 383
101 219 483
101 219 583
101 219 683
101 219 783
101 219 883
101 219 983
101 319 83
101 319 183
101 319 283
101 319 383
101 319 483
101 319 583
101 319 683
101 319 783
101 319 883
101 319 983
101 419 83
101 419 183
101 419 283
101 419 383
101 419 483
101 419 583
101 419 683
101 419 783
101 419 883
101 419 983
101 519 83
101 519 183
101 519 283
101 519 383
101 519 483
101 519 583
101 519 683
101 519 783
101 519 883
101 519 983
101 619 83
101 619 183
101 619 283
101 619 383
101 619 483
101 619 583
101 619 683
101 619 783
101 619 883
101 619 983
101 719 83
101 719 183
101 719 283
101 719 383
101 719 483
101 719 583
101 719 683
101 719 783
101 719 883
101 719 983
101 819 83
101 819 183
101 819 283
101 819 383
101 819 483
101 819 583
101 819 683
101 819 783
101 819 883
101 819 983
101 919 83
101 919 183
101 919 283
101 919 383
101 919 483
101 919 583
101 919 683
101 919 783
101 919 883
101 919 983
29 20 0
29 20 100
29 20 200
29 20 300
29 20 400
29 20 500
29 20 600
29 20 700
29 20 800
29 20 900
29 120 0
29 120 100
29 120 200
29 120 300
29 120 400
29 120 500
29 120 600
29 120 700
29 120 800
29 120 900
29 220 0
29 220 100
29 220 200
29 220 300
29 220 400
29 220 500
29 220 600
29 220 700
29 220 800
29 220 900
29 320 0
29 320 100
29 320 200
29 320 300
29 320 400
29 320 500
29 320 600
29 320 700
29 320 800
29 320 900
29 420 0
29 420 100
29 420 200
29 420 300
29 420 400
29 420 500
29 420 600
29 420 700
29 420 800
29 420 900
29 520 0
29 520 100
29 520 200
29 520 300
29 520 400
29 520 500
29 520 600
29 520 700
29 520 800
29 520 900
29 620 0
29 620 100
29 620 200
29 620 300
29 620 400
29 620 500
29 620 600
29 620 700
29 620 800
29 620 900
29 720 0
29 720 100
29 720 200
29 720 300
29 720 400
29 720 500
29 720 600
29 720 700
29 720 800
29 720 900
29 820 0
29 820 100
29 820 200
29 820 300
29 820 400
29 820 500
29 820 600
29 820 700
29 820 800
29 820 900
29 920 0
29 920 100
29 920 200
29 920 300
29 920 400
29 920 500
29 920 600
29 920 700
29 920 800
29 920 900
93 20 32
93 20 132
93 20 232
93 20 332
93 20 432
93 20 532
93 20 632
93 20 732
93 20 832
93 20 932
93 120 32
93 120 132
93 120 232
93 120 332
93 120 432
93 120 532
93 120 632
93 120 732
93 120 832
93 120 932
93 220 32
93 220 132
93 220 232
93 220 332
93 220 432
93 220 532
93 220 632
93 220 732
93 220 832
93 220 932
93 320 32
93 320 132
93 320 232
93 320 332
93 320 432
93 320 532
93 320 632
93 320 732
93 320 832
93 320 932
93 420 32
93 420 132
93 420 232
93 420 332
93 420 432
93 420 532
93 420 632
93 420 732
93 420 832
93 420 932
93 520 32
93 520 132
93 520 232
93 520 332
93 520 432
93 520 532
93 520 632
93 520 732
93 520 832
93 520 932
93 620 32
93 620 132
93 620 232
93 620 332
93 620 432
93 620 532
93 620 632
93 620 732
93 620 832
93 620 932
93 720 32
93 720 132
93 720 232
93 720 332
93 720 432
93 720 532
93 720 632
93 720 732
93 720 832
93 720 932
93 820 32
93 820 132
93 820 232
93 820 332
93 820 432
93 820 532
93 820 632
93 820 732
93 820 832
93 820 932
93 920 32
93 920 132
93 920 232
93 920 332
93 920 432
93 920 532
93 920 632
93 920 732
93 920 832
93 920 932
93 20 49
93 20 149
93 20 249
93 20 349
93 20 449
93 20 549
93 20 649
93 20 749
93 20 849
93 20 949
93 120 49
93 120 149
93 120 249
93 120 349
93 120 449
93 120 549
93 120 649
93 120 749
93 120 849
93 120 949
93 220 49
93 220 149
93 220 249
93 220 349
93 220 449
93 220 549
93 220 649
93 220 749
93 220 849
93 220 949
93 320 49
93 320 149
93 320 249
93 320 349
93 320 449
93 320 549
93 320 649
93 320 749
93 320 849
93 320 949
93 420 49
93 420 149
93 420 249
93 420 349
93 420 449
93 420 549
93 420 649
93 420 749
93 420 849
93 420 949
93 520 49
93 520 149
93 520 249
93 520 349
93 520 449
93 520 549
93 520 649
93 520 749
93 520 849
93 520 949
93 620 49
93 620 149
93 620 249
93 620 349
93 620 449
93 620 549
93 620 649
93 620 749
93 620 849
93 620 949
93 720 49
93 720 149
93 720 249
93 720 349
93 720 449
93 720 549
93 720 649
93 720 749
93 720 849
93 720 949
93 820 49
93 820 149
93 820 249
93 820 349
93 820 449
93 820 549
93 820 649
93 820 749
93 820 849
93 820 949
93 920 49
93 920 149
93 920 249
93 920 349
93 920 449
93 920 549
93 920 649
93 920 749
93 920 849
93 920 949
29 32 0
29 32 100
29 32 200
29 32 300
29 32 400
29 32 500
29 32 600
29 32 700
29 32 800
29 32 900
29 132 0
29 132 100
29 132 200
29 132 300
29 132 400
29 132 500
29 132 600
29 132 700
29 132 800
29 132 900
29 232 0
29 232 100
29 232 200
29 232 300
29 232 400
29 232 500
29 232 600
29 232 700
29 232 800
29 232 900
29 332 0
29 332 100
29 332 200
29 332 300
29 332 400
29 332 500
29 332 600
29 332 700
29 332 800
29 332 900
29 432 0
29 432 100
29 432 200
29 432 300
29 432 400
29 432 500
29 432 600
29 432 700
29 432 800
29 432 900
29 532 0
29 532 100
29 532 200
29 532 300
29 532 400
29 532 500
29 532 600
29 532 700
29 532 800
29 532 900
29 632 0
29 632 100
29 632 200
29 632 300
29 632 400
29 632 500
29 632 600
29 632 700
29 632 800
29 632 900
29 732 0
29 732 100
29 732 200
29 732 300
29 732 400
29 732 500
29 732 600
29 732 700
29 732 800
29 732 900
29 832 0
29 832 100
29 832 200
29 832 300
29 832 400
29 832 500
29 832 600
29 832 700
29 832 800
29 832 900
29 932 0
29 932 100
29 932 200
29 932 300
29 932 400
29 932 500
29 932 600
29 932 700
29 932 800
29 932 900
101 34 29
101 34 129
101 34 229
101 34 329
101 34 429
101 34 529
101 34 629
101 34 729
101 34 829
101 34 929
101 134 29
101 134 129
101 134 229
101 134 329
101 134 429
101 134 529
101 134 629
101 134 729
101 134 829
101 134 929
101 234 29
101 234 129
101 234 229
101 234 329
101 234 429
101 234 529
101 234 629
101 234 729
101 234 829
101 234 929
101 334 29
101 334 129
101 334 229
101 334 329
101 334 429
101 334 529
101 334 629
101 334 729
101 334 829
101 334 929
101 434 29
101 434 129
101 434 229
101 434 329
101 434 429
101 434 529
101 434 629
101 434 729
101 434 829
101 434 929
101 534 29
101 534 129
101 534 229
101 534 329
101 534 429
101 534 529
101 534 629
101 534 729
101 534 829
101 534 929
101 634 29
101 634 129
101 634 229
101 634 329
101 634 429
101 634 529
101 634 629
101 634 729
101 634 829
101 634 929
101 734 29
101 734 129
101 734 229
101 734 329
101 734 429
101 734 529
101 734 629
101 734 729
101 734 829
101 734 929
101 834 29
101 834 129
101 834 229
101 834 329
101 834 429
101 834 529
101 834 629
101 834 729
101 834 829
101 834 929
101 934 29
101 934 129
101 934 229
101 934 329
101 934 429
101 934 529
101 934 629
101 934 729
101 934 829
101 934 929
101 34 83
101 34 183
101 34 283
101 34 383
101 34 483
101 34 583
101 34 683
101 34 783
101 34 883
101 34 983
101 134 83
101 134 183
101 134 283
101 134 383
101 134 483
101 134 583
101 134 683
101 134 783
101 134 883
101 134 983
101 234 83
101 234 183
101 234 283
101 234 383
101 234 483
101 234 583
101 234 683
101 234 783
101 234 883
101 234 983
101 334 83
101 334 183
101 334 283
101 334 383
101 334 483
101 334 583
101 334 683
101 334 783
101 334 883
101 334 983
101 434 83
101 434 183
101 434 283
101 434 383
101 434 483
101 434 583
101 434 683
101 434 783
101 434 883
101 434 983
101 534 83
101 534 183
101 534 283
101 534 383
101 534 483
101 534 583
101 534 683
101 534 783
101 534 883
101 534 983
101 634 83
101 634 183
101 634 283
101 634 383
101 634 483
101 634 583
101 634 683
101 634 783
101 634 883
101 634 983
101 734 83
101 734 183
101 734 283
101 734 383
101 734 483
101 734 583
101 734 683
101 734 783
101 734 883
101 734 983
101 834 83
101 834 183
101 834 283
101 834 383
101 834 483
101 834 583
101 834 683
101 834 783
101 834 883
101 834 983
101 934 83
101 934 183
101 934 283
101 934 383
101 934 483
101 934 583
101 934 683
101 934 783
101 934 883
101 934 983
109 36 86
109 36 186
109 36 286
109 36 386
109 36 486
109 36 586
109 36 686
109 36 786
109 36 886
109 36 986
109 136 86
109 136 186
109 136 286
109 136 386
109 136 486
109 136 586
109 136 686
109 136 786
109 136 886
109 136 986
109 236 86
109 236 186
109 236 286
109 236 386
109 236 486
109 236 586
109 236 686
109 236 786
109 236 886
109 236 986
109 336 86
109 336 186
109 336 286
109 336 386
109 336 486
109 336 586
109 336 686
109 336 786
109 336 886
109 336 986
109 436 86
109 436 186
109 436 286
109 436 386
109 436 486
109 436 586
109 436 686
109 436 786
109 436 886
109 436 986
109 536 86
109 536 186
109 536 286
109 536 386
109 536 486
109 536 586
109 536 686
109 536 786
109 536 886
109 536 986
109 636 86
109 636 186
109 636 286
109 636 386
109 636 486
109 636 586
109 636 686
109 636 786
109 636 886
109 636 986
109 736 86
109 736 186
109 736 286
109 736 386
109 736 486
109 736 586
109 736 686
109 736 786
109 736 886
109 736 986
109 836 86
109 836 186
109 836 286
109 836 386
109 836 486
109 836 586
109 836 686
109 836 786
109 836 886
109 836 986
109 936 86
109 936 186
109 936 286
109 936 386
109 936 486
109 936 586
109 936 686
109 936 786
109 936 886
109 936 986
93 39 12
93 39 112
93 39 212
93 39 312
93 39 412
93 39 512
93 39 612
93 39 712
93 39 812
93 39 912
93 139 12
93 139 112
93 139 212
93 139 312
93 139 412
93 139 512
93 139 612
93 139 712
93 139 812
93 139 912
93 239 12
93 239 112
93 239 212
93 239 312
93 239 412
93 239 512
93 239 612
93 239 712
93 239 812
93 239 912
93 339 12
93 339 112
93 339 212
93 339 312
93 339 412
93 339 512
93 339 612
93 339 712
93 339 812
93 339 912
93 439 12
93 439 112
93 439 212
93 439 312
93 439 412
93 439 512
93 439 612
93 439 712
93 439 812
93 439 912
93 539 12
93 539 112
93 539 212
93 539 312
93 539 412
93 539 512
93 539 612
93 539 712
93 539 812
93 539 912
93 639 12
93 639 112
93 639 212
93 639 312
93 639 412
93 639 512
93 639 612
93 639 712
93 639 812
93 639 912
93 739 12
93 739 112
93 739 212
93 739 312
93 739 412
93 739 512
93 739 612
93 739 712
93 739 812
93 739 912
93 839 12
93 839 112
93 839 212
93 839 312
93 839 412
93 839 512
93 839 612
93 839 712
93 839 812
93 839 912
93 939 12
93 939 112
93 939 212
93 939 312
93 939 412
93 939 512
93 939 612
93 939 712
93 939 812
93 939 912
93 39 66
93 39 166
93 39 266
93 39 366
93 39 466
93 39 566
93 39 666
93 39 766
93 39 866
93 39 966
93 139 66
93 139 166
93 139 266
93 139 366
93 139 466
93 139 566
93 139 666
93 139 766
93 139 866
93 139 966
93 239 66
93 239 166
93 239 266
93 239 366
93 239 466
93 239 566
93 239 666
93 239 766
93 239 866
93 239 966
93 339 66
93 339 166
93 339 266
93 339 366
93 339 466
93 339 566
93 339 666
93 339 766
93 339 866
93 339 966
93 439 66
93 439 166
93 439 266
93 439 366
93 439 466
93 439 566
93 439 666
93 439 766
93 439 866
93 439 966
93 539 66
93 539 166
93 539 266
93 539 366
93 539 466
93 539 566
93 539 666
93 539 766
93 539 866
93 539 966
93 639 66
93 639 166
93 639 266
93 639 366
93 639 466
93 639 566
93 639 666
93 639 766
93 639 866
93 639 966
93 739 66
93 739 166
93 739 266
93 739 366
93 739 466
93 739 566
93 739 666
93 739 766
93 739 866
93 739 966
93 839 66
93 839 166
93 839 266
93 839 366
93 839 466
93 839 566
93 839 666
93 839 766
93 839 866
93 839 966
93 939 66
93 939 166
93 939 266
93 939 366
93 939 466
93 939 566
93 939 666
93 939 766
93 939 866
93 939 966
116 40 32
116 40 132
116 40 232
116 40 332
116 40 432
116 40 532
116 40 632
116 40 732
116 40 832
116 40 932
116 140 32
116 140 132
116 140 232
116 140 332
116 140 432
116 140 532
116 140 632
116 140 732
116 140 832
116 140 932
116 240 32
116 240 132
116 240 232
116 240 332
116 240 432
116 240 532
116 240 632
116 240 732
116 240 832
116 240 932
116 340 32
116 340 132
116 340 232
116 340 332
116 340 432
116 340 532
116 340 632
116 340 732
116 340 832
116 340 932
116 440 32
116 440 132
116 440 232
116 440 332
116 440 432
116 440 532
116 440 632
116 440 732
116 440 832
116 440 932
116 540 32
116 540 132
116 540 232
116 540 332
116 540 432
116 540 532
116 540 632
116 540 732
116 540 832
116 540 932
116 640 32
116 640 132
116 640 232
116 640 332
116 640 432
116 640 532
116 640 632
116 640 732
116 640 832
116 640 932
116 740 32
116 740 132
116 740 232
116 740 332
116 740 432
116 740 532
116 740 632
116 740 732
116 740 832
116 740 932
116 840 32
116 840 132
116 840 232
116 840 332
116 840 432
116 840 532
116 840 632
116 840 732
116 840 832
116 840 932
116 940 32
116 940 132
116 940 232
116 940 332
116 940 432
116 940 532
116 940 632
116 940 732
116 940 832
116 940 932
109 40 52
109 40 152
109 40 252
109 40 352
109 40 452
109 40 552
109 40 652
109 40 752
109 40 852
109 40 952
109 140 52
109 140 152
109 140 252
109 140 352
109 140 452
109 140 552
109 140 652
109 140 752
109 140 852
109 140 952
109 240 52
109 240 152
109 240 252
109 240 352
109 240 452
109 240 552
109 240 652
109 240 752
109 240 852
109 240 952
109 340 52
109 340 152
109 340 252
109 340 352
109 340 452
109 340 552
109 340 652
109 340 752
109 340 852
109 340 952
109 440 52
109 440 152
109 440 252
109 440 352
109 440 452
109 440 552
109 440 652
109 440 752
109 440 852
109 440 952
109 540 52
109 540 152
109 540 252
109 540 352
109 540 452
109 540 552
109 540 652
109 540 752
109 540 852
109 540 952
109 640 52
109 640 152
109 640 252
109 640 352
109 640 452
109 640 552
109 640 652
109 640 752
109 640 852
109 640 952
109 740 52
109 740 152
109 740 252
109 740 352
109 740 452
109 740 552
109 740 652
109 740 752
109 740 852
109 740 952
109 840 52
109 840 152
109 840 252
109 840 352
109 840 452
109 840 552
109 840 652
109 840 752
109 840 852
109 840 952
109 940 52
109 940 152
109 940 252
109 940 352
109 940 452
109 940 552
109 940 652
109 940 752
109 940 852
109 940 952
113 44 0
113 44 100
113 44 200
113 44 300
113 44 400
113 44 500
113 44 600
113 44 700
113 44 800
113 44 900
113 144 0
113 144 100
113 144 200
113 144 300
113 144 400
113 144 500
113 144 600
113 144 700
113 144 800
113 144 900
113 244 0
113 244 100
113 244 200
113 244 300
113 244 400
113 244 500
113 244 600
113 244 700
113 244 800
113 244 900
113 344 0
113 344 100
113 344 200
113 344 300
113 344 400
113 344 500
113 344 600
113 344 700
113 344 800
113 344 900
113 444 0
113 444 100
113 444 200
113 444 300
113 444 400
113 444 500
113 444 600
113 444 700
113 444 800
113 444 900
113 544 0
113 544 100
113 544 200
113 544 300
113 544 400
113 544 500
113 544 600
113 544 700
113 544 800
113 544 900
113 644 0
113 644 100
113 644 200
113 644 300
113 644 400
113 644 500
113 644 600
113 644 700
113 644 800
113 644 900
113 744 0
113 744 100
113 744 200
113 744 300
113 744 400
113 744 500
113 744 600
113 744 700
113 744 800
113 744 900
113 844 0
113 844 100
113 844 200
113 844 300
113 844 400
113 844 500
113 844 600
113 844 700
113 844 800
113 844 900
113 944 0
113 944 100
113 944 200
113 944 300
113 944 400
113 944 500
113 944 600
113 944 700
113 944 800
113 944 900
101 49 29
101 49 129
101 49 229
101 49 329
101 49 429
101 49 529
101 49 629
101 49 729
101 49 829
101 49 929
101 149 29
101 149 129
101 149 229
101 149 329
101 149 429
101 149 529
101 149 629
101 149 729
101 149 829
101 149 929
101 249 29
101 249 129
101 249 229
101 249 329
101 249 429
101 249 529
101 249 629
101 249 729
101 249 829
101 249 929
101 349 29
101 349 129
101 349 229
101 349 329
101 349 429
101 349 529
101 349 629
101 349 729
101 349 829
101 349 929
101 449 29
101 449 129
101 449 229
101 449 329
101 449 429
101 449 529
101 449 629
101 449 729
101 449 829
101 449 929
101 549 29
101 549 129
101 549 229
101 549 329
101 549 429
101 549 529
101 549 629
101 549 729
101 549 829
101 549 929
101 649 29
101 649 129
101 649 229
101 649 329
101 649 429
101 649 529
101 649 629
101 649 729
101 649 829
101 649 929
101 749 29
101 749 129
101 749 229
101 749 329
101 749 429
101 749 529
101 749 629
101 749 729
101 749 829
101 749 929
101 849 29
101 849 129
101 849 229
101 849 329
101 849 429
101 849 529
101 849 629
101 849 729
101 849 829
101 849 929
101 949 29
101 949 129
101 949 229
101 949 329
101 949 429
101 949 529
101 949 629
101 949 729
101 949 829
101 949 929
101 49 83
101 49 183
101 49 283
101 49 383
101 49 483
101 49 583
101 49 683
101 49 783
101 49 883
101 49 983
101 149 83
101 149 183
101 149 283
101 149 383
101 149 483
101 149 583
101 149 683
101 149 783
101 149 883
101 149 983
101 249 83
101 249 183
101 249 283
101 249 383
101 249 483
101 249 583
101 249 683
101 249 783
101 249 883
101 249 983
101 349 83
101 349 183
101 349 283
101 349 383
101 349 483
101 349 583
101 349 683
101 349 783
101 349 883
101 349 983
101 449 83
101 449 183
101 449 283
101 449 383
101 449 483
101 449 583
101 449 683
101 449 783
101 449 883
101 449 983
101 549 83
101 549 183
101 549 283
101 549 383
101 549 483
101 549 583
101 549 683
101 549 783
101 549 883
101 549 983
101 649 83
101 649 183
101 649 283
101 649 383
101 649 483
101 649 583
101 649 683
101 649 783
101 649 883
101 649 983
101 749 83
101 749 183
101 749 283
101 749 383
101 749 483
101 749 583
101 749 683
101 749 783
101 749 883
101 749 983
101 849 83
101 849 183
101 849 283
101 849 383
101 849 483
101 849 583
101 849 683
101 849 783
101 849 883
101 849 983
101 949 83
101 949 183
101 949 283
101 949 383
101 949 483
101 949 583
101 949 683
101 949 783
101 949 883
101 949 983
109 52 86
109 52 186
109 52 286
109 52 386
109 52 486
109 52 586
109 52 686
109 52 786
109 52 886
109 52 986
109 152 86
109 152 186
109 152 286
109 152 386
109 152 486
109 152 586
109 152 686
109 152 786
109 152 886
109 152 986
109 252 86
109 252 186
109 252 286
109 252 386
109 252 486
109 252 586
109 252 686
109 252 786
109 252 886
109 252 986
109 352 86
109 352 186
109 352 286
109 352 386
109 352 486
109 352 586
109 352 686
109 352 786
109 352 886
109 352 986
109 452 86
109 452 186
109 452 286
109 452 386
109 452 486
109 452 586
109 452 686
109 452 786
109 452 886
109 452 986
109 552 86
109 552 186
109 552 286
109 552 386
109 552 486
109 552 586
109 552 686
109 552 786
109 552 886
109 552 986
109 652 86
109 652 186
109 652 286
109 652 386
109 652 486
109 652 586
109 652 686
109 652 786
109 652 886
109 652 986
109 752 86
109 752 186
109 752 286
109 752 386
109 752 486
109 752 586
109 752 686
109 752 786
109 752 886
109 752 986
109 852 86
109 852 186
109 852 286
109 852 386
109 852 486
109 852 586
109 852 686
109 852 786
109 852 886
109 852 986
109 952 86
109 952 186
109 952 286
109 952 386
109 952 486
109 952 586
109 952 686
109 952 786
109 952 886
109 952 986
109 56 52
109 56 152
109 56 252
109 56 352
109 56 452
109 56 552
109 56 652
109 56 752
109 56 852
109 56 952
109 156 52
109 156 152
109 156 252
109 156 352
109 156 452
109 156 552
109 156 652
109 156 752
109 156 852
109 156 952
109 256 52
109 256 152
109 256 252
109 256 352
109 256 452
109 256 552
109 256 652
109 256 752
109 256 852
109 256 952
109 356 52
109 356 152
109 356 252
109 356 352
109 356 452
109 356 552
109 356 652
109 356 752
109 356 852
109 356 952
109 456 52
109 456 152
109 456 252
109 456 352
109 456 452
109 456 552
109 456 652
109 456 752
109 456 852
109 456 952
109 556 52
109 556 152
109 556 252
109 556 352
109 556 452
109 556 552
109 556 652
109 556 752
109 556 852
109 556 952
109 656 52
109 656 152
109 656 252
109 656 352
109 656 452
109 656 552
109 656 652
109 656 752
109 656 852
109 656 952
109 756 52
109 756 152
109 756 252
109 756 352
109 756 452
109 756 552
109 756 652
109 756 752
109 756 852
109 756 952
109 856 52
109 856 152
109 856 252
109 856 352
109 856 452
109 856 552
109 856 652
109 856 752
109 856 852
109 856 952
109 956 52
109 956 152
109 956 252
109 956 352
109 956 452
109 956 552
109 956 652
109 956 752
109 956 852
109 956 952
93 59 12
93 59 112
93 59 212
93 59 312
93 59 412
93 59 512
93 59 612
93 59 712
93 59 812
93 59 912
93 159 12
93 159 112
93 159 212
93 159 312
93 159 412
93 159 512
93 159 612
93 159 712
93 159 812
93 159 912
93 259 12
93 259 112
93 259 212
93 259 312
93 259 412
93 259 512
93 259 612
93 259 712
93 259 812
93 259 912
93 359 12
93 359 112
93 359 212
93 359 312
93 359 412
93 359 512
93 359 612
93 359 712
93 359 812
93 359 912
93 459 12
93 459 112
93 459 212
93 459 312
93 459 412
93 459 512
93 459 612
93 459 712
93 459 812
93 459 912
93 559 12
93 559 112
93 559 212
93 559 312
93 559 412
93 559 512
93 559 612
93 559 712
93 559 812
93 559 912
93 659 12
93 659 112
93 659 212
93 659 312
93 659 412
93 659 512
93 659 612
93 659 712
93 659 812
93 659 912
93 759 12
93 759 112
93 759 212
93 759 312
93 759 412
93 759 512
93 759 612
93 759 712
93 759 812
93 759 912
93 859 12
93 859 112
93 859 212
93 859 312
93 859 412
93 859 512
93 859 612
93 859 712
93 859 812
93 859 912
93 959 12
93 959 112
93 959 212
93 959 312
93 959 412
93 959 512
93 959 612
93 959 712
93 959 812
93 959 912
116 59 32
116 59 132
116 59 232
116 59 332
116 59 432
116 59 532
116 59 632
116 59 732
116 59 832
116 59 932
116 159 32
116 159 132
116 159 232
116 159 332
116 159 432
116 159 532
116 159 632
116 159 732
116 159 832
116 159 932
116 259 32
116 259 132
116 259 232
116 259 332
116 259 432
116 259 532
116 259 632
116 259 732
116 259 832
116 259 932
116 359 32
116 359 132
116 359 232
116 359 332
116 359 432
116 359 532
116 359 632
116 359 732
116 359 832
116 359 932
116 459 32
116 459 132
116 459 232
116 459 332
116 459 432
116 459 532
116 459 632
116 459 732
116 459 832
116 459 932
116 559 32
116 559 132
116 559 232
116 559 332
116 559 432
116 559 532
116 559 632
116 559 732
116 559 832
116 559 932
116 659 32
116 659 132
116 659 232
116 659 332
116 659 432
116 659 532
116 659 632
116 659 732
116 659 832
116 659 932
116 759 32
116 759 132
116 759 232
116 759 332
116 759 432
116 759 532
116 759 632
116 759 732
116 759 832
116 759 932
116 859 32
116 859 132
116 859 232
116 859 332
116 859 432
116 859 532
116 859 632
116 859 732
116 859 832
116 859 932
116 959 32
116 959 132
116 959 232
116 959 332
116 959 432
116 959 532
116 959 632
116 959 732
116 959 832
116 959 932
93 59 66
93 59 166
93 59 266
93 59 366
93 59 466
93 59 566
93 59 666
93 59 766
93 59 866
93 59 966
93 159 66
93 159 166
93 159 266
93 159 366
93 159 466
93 159 566
93 159 666
93 159 766
93 159 866
93 159 966
93 259 66
93 259 166
93 259 266
93 259 366
93 259 466
93 259 566
93 259 666
93 259 766
93 259 866
93 259 966
93 359 66
93 359 166
93 359 266
93 359 366
93 359 466
93 359 566
93 359 666
93 359 766
93 359 866
93 359 966
93 459 66
93 459 166
93 459 266
93 459 366
93 459 466
93 459 566
93 459 666
93 459 766
93 459 866
93 459 966
93 559 66
93 559 166
93 559 266
93 559 366
93 559 466
93 559 566
93 559 666
93 559 766
93 559 866
93 559 966
93 659 66
93 659 166
93 659 266
93 659 366
93 659 466
93 659 566
93 659 666
93 659 766
93 659 866
93 659 966
93 759 66
93 759 166
93 759 266
93 759 366
93 759 466
93 759 566
93 759 666
93 759 766
93 759 866
93 759 966
93 859 66
93 859 166
93 859 266
93 859 366
93 859 466
93 859 566
93 859 666
93 859 766
93 859 866
93 859 966
93 959 66
93 959 166
93 959 266
93 959 366
93 959 466
93 959 566
93 959 666
93 959 766
93 959 866
93 959 966
113 60 0
113 60 100
113 60 200
113 60 300
113 60 400
113 60 500
113 60 600
113 60 700
113 60 800
113 60 900
113 160 0
113 160 100
113 160 200
113 160 300
113 160 400
113 160 500
113 160 600
113 160 700
113 160 800
113 160 900
113 260 0
113 260 100
113 260 200
113 260 300
113 260 400
113 260 500
113 260 600
113 260 700
113 260 800
113 260 900
113 360 0
113 360 100
113 360 200
113 360 300
113 360 400
113 360 500
113 360 600
113 360 700
113 360 800
113 360 900
113 460 0
113 460 100
113 460 200
113 460 300
113 460 400
113 460 500
113 460 600
113 460 700
113 460 800
113 460 900
113 560 0
113 560 100
113 560 200
113 560 300
113 560 400
113 560 500
113 560 600
113 560 700
113 560 800
113 560 900
113 660 0
113 660 100
113 660 200
113 660 300
113 660 400
113 660 500
113 660 600
113 660 700
113 660 800
113 660 900
113 760 0
113 760 100
113 760 200
113 760 300
113 760 400
113 760 500
113 760 600
113 760 700
113 760 800
113 760 900
113 860 0
113 860 100
113 860 200
113 860 300
113 860 400
113 860 500
113 860 600
113 860 700
113 860 800
113 860 900
113 960 0
113 960 100
113 960 200
113 960 300
113 960 400
113 960 500
113 960 600
113 960 700
113 960 800
113 960 900
101 64 29
101 64 129
101 64 229
101 64 329
101 64 429
101 64 529
101 64 629
101 64 729
101 64 829
101 64 929
101 164 29
101 164 129
101 164 229
101 164 329
101 164 429
101 164 529
101 164 629
101 164 729
101 164 829
101 164 929
101 264 29
101 264 129
101 264 229
101 264 329
101 264 429
101 264 529
101 264 629
101 264 729
101 264 829
101 264 929
101 364 29
101 364 129
101 364 229
101 364 329
101 364 429
101 364 529
101 364 629
101 364 729
101 364 829
101 364 929
101 464 29
101 464 129
101 464 229
101 464 329
101 464 429
101 464 529
101 464 629
101 464 729
101 464 829
101 464 929
101 564 29
101 564 129
101 564 229
101 564 329
101 564 429
101 564 529
101 564 629
101 564 729
101 564 829
101 564 929
101 664 29
101 664 129
101 664 229
101 664 329
101 664 429
101 664 529
101 664 629
101 664 729
101 664 829
101 664 929
101 764 29
101 764 129
101 764 229
101 764 329
101 764 429
101 764 529
101 764 629
101 764 729
101 764 829
101 764 929
101 864 29
101 864 129
101 864 229
101 864 329
101 864 429
101 864 529
101 864 629
101 864 729
101 864 829
101 864 929
101 964 29
101 964 129
101 964 229
101 964 329
101 964 429
101 964 529
101 964 629
101 964 729
101 964 829
101 964 929
101 64 83
101 64 183
101 64 283
101 64 383
101 64 483
101 64 583
101 64 683
101 64 783
101 64 883
101 64 983
101 164 83
101 164 183
101 164 283
101 164 383
101 164 483
101 164 583
101 164 683
101 164 783
101 164 883
101 164 983
101 264 83
101 264 183
101 264 283
101 264 383
101 264 483
101 264 583
101 264 683
101 264 783
101 264 883
101 264 983
101 364 83
101 364 183
101 364 283
101 364 383
101 364 483
101 364 583
101 364 683
101 364 783
101 364 883
101 364 983
101 464 83
101 464 183
101 464 283
101 464 383
101 464 483
101 464 583
101 464 683
101 464 783
101 464 883
101 464 983
101 564 83
101 564 183
101 564 283
101 564 383
101 564 483
101 564 583
101 564 683
101 564 783
101 564 883
101 564 983
101 664 83
101 664 183
101 664 283
101 664 383
101 664 483
101 664 583
101 664 683
101 664 783
101 664 883
101 664 983
101 764 83
101 764 183
101 764 283
101 764 383
101 764 483
101 764 583
101 764 683
101 764 783
101 764 883
101 764 983
101 864 83
101 864 183
101 864 283
101 864 383
101 864 483
101 864 583
101 864 683
101 864 783
101 864 883
101 864 983
101 964 83
101 964 183
101 964 283
101 964 383
101 964 483
101 964 583
101 964 683
101 964 783
101 964 883
101 964 983
81 68 86
81 68 186
81 68 286
81 68 386
81 68 486
81 68 586
81 68 686
81 68 786
81 68 886
81 68 986
81 168 86
81 168 186
81 168 286
81 168 386
81 168 486
81 168 586
81 168 686
81 168 786
81 168 886
81 168 986
81 268 86
81 268 186
81 268 286
81 268 386
81 268 486
81 268 586
81 268 686
81 268 786
81 268 886
81 268 986
81 368 86
81 368 186
81 368 286
81 368 386
81 368 486
81 368 586
81 368 686
81 368 786
81 368 886
81 368 986
81 468 86
81 468 186
81 468 286
81 468 386
81 468 486
81 468 586
81 468 686
81 468 786
81 468 886
81 468 986
81 568 86
81 568 186
81 568 286
81 568 386
81 568 486
81 568 586
81 568 686
81 568 786
81 568 886
81 568 986
81 668 86
81 668 186
81 668 286
81 668 386
81 668 486
81 668 586
81 668 686
81 668 786
81 668 886
81 668 986
81 768 86
81 768 186
81 768 286
81 768 386
81 768 486
81 768 586
81 768 686
81 768 786
81 768 886
81 768 986
81 868 86
81 868 186
81 868 286
81 868 386
81 868 486
81 868 586
81 868 686
81 868 786
81 868 886
81 868 986
81 968 86
81 968 186
81 968 286
81 968 386
81 968 486
81 968 586
81 968 686
81 968 786
81 968 886
81 968 986
81 72 52
81 72 152
81 72 252
81 72 352
81 72 452
81 72 552
81 72 652
81 72 752
81 72 852
81 72 952
81 172 52
81 172 152
81 172 252
81 172 352
81 172 452
81 172 552
81 172 652
81 172 752
81 172 852
81 172 952
81 272 52
81 272 152
81 272 252
81 272 352
81 272 452
81 272 552
81 272 652
81 272 752
81 272 852
81 272 952
81 372 52
81 372 152
81 372 252
81 372 352
81 372 452
81 372 552
81 372 652
81 372 752
81 372 852
81 372 952
81 472 52
81 472 152
81 472 252
81 472 352
81 472 452
81 472 552
81 472 652
81 472 752
81 472 852
81 472 952
81 572 52
81 572 152
81 572 252
81 572 352
81 572 452
81 572 552
81 572 652
81 572 752
81 572 852
81 572 952
81 672 52
81 672 152
81 672 252
81 672 352
81 672 452
81 672 552
81 672 652
81 672 752
81 672 852
81 672 952
81 772 52
81 772 152
81 772 252
81 772 352
81 772 452
81 772 552
81 772 652
81 772 752
81 772 852
81 772 952
81 872 52
81 872 152
81 872 252
81 872 352
81 872 452
81 872 552
81 872 652
81 872 752
81 872 852
81 872 952
81 972 52
81 972 152
81 972 252
81 972 352
81 972 452
81 972 552
81 972 652
81 972 752
81 972 852
81 972 952
113 76 0
113 76 100
113 76 200
113 76 300
113 76 400
113 76 500
113 76 600
113 76 700
113 76 800
113 76 900
113 176 0
113 176 100
113 176 200
113 176 300
113 176 400
113 176 500
113 176 600
113 176 700
113 176 800
113 176 900
113 276 0
113 276 100
113 276 200
113 276 300
113 276 400
113 276 500
113 276 600
113 276 700
113 276 800
113 276 900
113 376 0
113 376 100
113 376 200
113 376 300
113 376 400
113 376 500
113 376 600
113 376 700
113 376 800
113 376 900
113 476 0
113 476 100
113 476 200
113 476 300
113 476 400
113 476 500
113 476 600
113 476 700
113 476 800
113 476 900
113 576 0
113 576 100
113 576 200
113 576 300
113 576 400
113 576 500
113 576 600
113 576 700
113 576 800
113 576 900
113 676 0
113 676 100
113 676 200
113 676 300
113 676 400
113 676 500
113 676 600
113 676 700
113 676 800
113 676 900
113 776 0
113 776 100
113 776 200
113 776 300
113 776 400
113 776 500
113 776 600
113 776 700
113 776 800
113 776 900
113 876 0
113 876 100
113 876 200
113 876 300
113 876 400
113 876 500
113 876 600
113 876 700
113 876 800
113 876 900
113 976 0
113 976 100
113 976 200
113 976 300
113 976 400
113 976 500
113 976 600
113 976 700
113 976 800
113 976 900
93 78 32
93 78 132
93 78 232
93 78 332
93 78 432
93 78 532
93 78 632
93 78 732
93 78 832
93 78 932
93 178 32
93 178 132
93 178 232
93 178 332
93 178 432
93 178 532
93 178 632
93 178 732
93 178 832
93 178 932
93 278 32
93 278 132
93 278 232
93 278 332
93 278 432
93 278 532
93 278 632
93 278 732
93 278 832
93 278 932
93 378 32
93 378 132
93 378 232
93 378 332
93 378 432
93 378 532
93 378 632
93 378 732
93 378 832
93 378 932
93 478 32
93 478 132
93 478 232
93 478 332
93 478 432
93 478 532
93 478 632
93 478 732
93 478 832
93 478 932
93 578 32
93 578 132
93 578 232
93 578 332
93 578 432
93 578 532
93 578 632
93 578 732
93 578 832
93 578 932
93 678 32
93 678 132
93 678 232
93 678 332
93 678 432
93 678 532
93 678 632
93 678 732
93 678 832
93 678 932
93 778 32
93 778 132
93 778 232
93 778 332
93 778 432
93 778 532
93 778 632
93 778 732
93 778 832
93 778 932
93 878 32
93 878 132
93 878 232
93 878 332
93 878 432
93 878 532
93 878 632
93 878 732
93 878 832
93 878 932
93 978 32
93 978 132
93 978 232
93 978 332
93 978 432
93 978 532
93 978 632
93 978 732
93 978 832
93 978 932
101 78 49
101 78 149
101 78 249
101 78 349
101 78 449
101 78 549
101 78 649
101 78 749
101 78 849
101 78 949
101 178 49
101 178 149
101 178 249
101 178 349
101 178 449
101 178 549
101 178 649
101 178 749
101 178 849
101 178 949
101 278 49
101 278 149
101 278 249
101 278 349
101 278 449
101 278 549
101 278 649
101 278 749
101 278 849
101 278 949
101 378 49
101 378 149
101 378 249
101 378 349
101 378 449
101 378 549
101 378 649
101 378 749
101 378 849
101 378 949
101 478 49
101 478 149
101 478 249
101 478 349
101 478 449
101 478 549
101 478 649
101 478 749
101 478 849
101 478 949
101 578 49
101 578 149
101 578 249
101 578 349
101 578 449
101 578 549
101 578 649
101 578 749
101 578 849
101 578 949
101 678 49
101 678 149
101 678 249
101 678 349
101 678 449
101 678 549
101 678 649
101 678 749
101 678 849
101 678 949
101 778 49
101 778 149
101 778 249
101 778 349
101 778 449
101 778 549
101 778 649
101 778 749
101 778 849
101 778 949
101 878 49
101 878 149
101 878 249
101 878 349
101 878 449
101 878 549
101 878 649
101 878 749
101 878 849
101 878 949
101 978 49
101 978 149
101 978 249
101 978 349
101 978 449
101 978 549
101 978 649
101 978 749
101 978 849
101 978 949
93 79 12
93 79 112
93 79 212
93 79 312
93 79 412
93 79 512
93 79 612
93 79 712
93 79 812
93 79 912
93 179 12
93 179 112
93 179 212
93 179 312
93 179 412
93 179 512
93 179 612
93 179 712
93 179 812
93 179 912
93 279 12
93 279 112
93 279 212
93 279 312
93 279 412
93 279 512
93 279 612
93 279 712
93 279 812
93 279 912
93 379 12
93 379 112
93 379 212
93 379 312
93 379 412
93 379 512
93 379 612
93 379 712
93 379 812
93 379 912
93 479 12
93 479 112
93 479 212
93 479 312
93 479 412
93 479 512
93 479 612
93 479 712
93 479 812
93 479 912
93 579 12
93 579 112
93 579 212
93 579 312
93 579 412
93 579 512
93 579 612
93 579 712
93 579 812
93 579 912
93 679 12
93 679 112
93 679 212
93 679 312
93 679 412
93 679 512
93 679 612
93 679 712
93 679 812
93 679 912
93 779 12
93 779 112
93 779 212
93 779 312
93 779 412
93 779 512
93 779 612
93 779 712
93 779 812
93 779 912
93 879 12
93 879 112
93 879 212
93 879 312
93 879 412
93 879 512
93 879 612
93 879 712
93 879 812
93 879 912
93 979 12
93 979 112
93 979 212
93 979 312
93 979 412
93 979 512
93 979 612
93 979 712
93 979 812
93 979 912
101 79 29
101 79 129
101 79 229
101 79 329
101 79 429
101 79 529
101 79 629
101 79 729
101 79 829
101 79 929
101 179 29
101 179 129
101 179 229
101 179 329
101 179 429
101 179 529
101 179 629
101 179 729
101 179 829
101 179 929
101 279 29
101 279 129
101 279 229
101 279 329
101 279 429
101 279 529
101 279 629
101 279 729
101 279 829
101 279 929
101 379 29
101 379 129
101 379 229
101 379 329
101 379 429
101 379 529
101 379 629
101 379 729
101 379 829
101 379 929
101 479 29
101 479 129
101 479 229
101 479 329
101 479 429
101 479 529
101 479 629
101 479 729
101 479 829
101 479 929
101 579 29
101 579 129
101 579 229
101 579 329
101 579 429
101 579 529
101 579 629
101 579 729
101 579 829
101 579 929
101 679 29
101 679 129
101 679 229
101 679 329
101 679 429
101 679 529
101 679 629
101 679 729
101 679 829
101 679 929
101 779 29
101 779 129
101 779 229
101 779 329
101 779 429
101 779 529
101 779 629
101 779 729
101 779 829
101 779 929
101 879 29
101 879 129
101 879 229
101 879 329
101 879 429
101 879 529
101 879 629
101 879 729
101 879 829
101 879 929
101 979 29
101 979 129
101 979 229
101 979 329
101 979 429
101 979 529
101 979 629
101 979 729
101 979 829
101 979 929
93 79 66
93 79 166
93 79 266
93 79 366
93 79 466
93 79 566
93 79 666
93 79 766
93 79 866
93 79 966
93 179 66
93 179 166
93 179 266
93 179 366
93 179 466
93 179 566
93 179 666
93 179 766
93 179 866
93 179 966
93 279 66
93 279 166
93 279 266
93 279 366
93 279 466
93 279 566
93 279 666
93 279 766
93 279 866
93 279 966
93 379 66
93 379 166
93 379 266
93 379 366
93 379 466
93 379 566
93 379 666
93 379 766
93 379 866
93 379 966
93 479 66
93 479 166
93 479 266
93 479 366
93 479 466
93 479 566
93 479 666
93 479 766
93 479 866
93 479 966
93 579 66
93 579 166
93 579 266
93 579 366
93 579 466
93 579 566
93 579 666
93 579 766
93 579 866
93 579 966
93 679 66
93 679 166
93 679 266
93 679 366
93 679 466
93 679 566
93 679 666
93 679 766
93 679 866
93 679 966
93 779 66
93 779 166
93 779 266
93 779 366
93 779 466
93 779 566
93 779 666
93 779 766
93 779 866
93 779 966
93 879 66
93 879 166
93 879 266
93 879 366
93 879 466
93 879 566
93 879 666
93 879 766
93 879 866
93 879 966
93 979 66
93 979 166
93 979 266
93 979 366
93 979 466
93 979 566
93 979 666
93 979 766
93 979 866
93 979 966
101 79 83
101 79 183
101 79 283
101 79 383
101 79 483
101 79 583
101 79 683
101 79 783
101 79 883
101 79 983
101 179 83
101 179 183
101 179 283
101 179 383
101 179 483
101 179 583
101 179 683
101 179 783
101 179 883
101 179 983
101 279 83
101 279 183
101 279 283
101 279 383
101 279 483
101 279 583
101 279 683
101 279 783
101 279 883
101 279 983
101 379 83
101 379 183
101 379 283
101 379 383
101 379 483
101 379 583
101 379 683
101 379 783
101 379 883
101 379 983
101 479 83
101 479 183
101 479 283
101 479 383
101 479 483
101 479 583
101 479 683
101 479 783
101 479 883
101 479 983
101 579 83
101 579 183
101 579 283
101 579 383
101 579 483
101 579 583
101 579 683
101 579 783
101 579 883
101 579 983
101 679 83
101 679 183
101 679 283
101 679 383
101 679 483
101 679 583
101 679 683
101 679 783
101 679 883
101 679 983
101 779 83
101 779 183
101 779 283
101 779 383
101 779 483
101 779 583
101 779 683
101 779 783
101 779 883
101 779 983
101 879 83
101 879 183
101 879 283
101 879 383
101 879 483
101 879 583
101 879 683
101 879 783
101 879 883
101 879 983
101 979 83
101 979 183
101 979 283
101 979 383
101 979 483
101 979 583
101 979 683
101 979 783
101 979 883
101 979 983
141 86 86
141 86 186
141 86 286
141 86 386
141 86 486
141 86 586
141 86 686
141 86 786
141 86 886
141 86 986
141 186 86
141 186 186
141 186 286
141 186 386
141 186 486
141 186 586
141 186 686
141 186 786
141 186 886
141 186 986
141 286 86
141 286 186
141 286 286
141 286 386
141 286 486
141 286 586
141 286 686
141 286 786
141 286 886
141 286 986
141 386 86
141 386 186
141 386 286
141 386 386
141 386 486
141 386 586
141 386 686
141 386 786
141 386 886
141 386 986
141 486 86
141 486 186
141 486 286
141 486 386
141 486 486
141 486 586
141 486 686
141 486 786
141 486 886
141 486 986
141 586 86
141 586 186
141 586 286
141 586 386
141 586 486
141 586 586
141 586 686
141 586 786
141 586 886
141 586 986
141 686 86
141 686 186
141 686 286
141 686 386
141 686 486
141 686 586
141 686 686
141 686 786
141 686 886
141 686 986
141 786 86
141 786 186
141 786 286
141 786 386
141 786 486
141 786 586
141 786 686
141 786 786
141 786 886
141 786 986
141 886 86
141 886 186
141 886 286
141 886 386
141 886 486
141 886 586
141 886 686
141 886 786
141 886 886
141 886 986
141 986 86
141 986 186
141 986 286
141 986 386
141 986 486
141 986 586
141 986 686
141 986 786
141 986 886
141 986 986
165 90 52
165 90 152
165 90 252
165 90 352
165 90 452
165 90 552
165 90 652
165 90 752
165 90 852
165 90 952
165 190 52
165 190 152
165 190 252
165 190 352
165 190 452
165 190 552
165 190 652
165 190 752
165 190 852
165 190 952
165 290 52
165 290 152
165 290 252
165 290 352
165 290 452
165 290 552
165 290 652
165 290 752
165 290 852
165 290 952
165 390 52
165 390 152
165 390 252
165 390 352
165 390 452
165 390 552
165 390 652
165 390 752
165 390 852
165 390 952
165 490 52
165 490 152
165 490 252
165 490 352
165 490 452
165 490 552
165 490 652
165 490 752
165 490 852
165 490 952
165 590 52
165 590 152
165 590 252
165 590 352
165 590 452
165 590 552
165 590 652
165 590 752
165 590 852
165 590 952
165 690 52
165 690 152
165 690 252
165 690 352
165 690 452
165 690 552
165 690 652
165 690 752
165 690 852
165 690 952
165 790 52
165 790 152
165 790 252
165 790 352
165 790 452
165 790 552
165 790 652
165 790 752
165 790 852
165 790 952
165 890 52
165 890 152
165 890 252
165 890 352
165 890 452
165 890 552
165 890 652
165 890 752
165 890 852
165 890 952
165 990 52
165 990 152
165 990 252
165 990 352
165 990 452
165 990 552
165 990 652
165 990 752
165 990 852
165 990 952
108 92 0
108 92 100
108 92 200
108 92 300
108 92 400
108 92 500
108 92 600
108 92 700
108 92 800
108 92 900
108 192 0
108 192 100
108 192 200
108 192 300
108 192 400
108 192 500
108 192 600
108 192 700
108 192 800
108 192 900
108 292 0
108 292 100
108 292 200
108 292 300
108 292 400
108 292 500
108 292 600
108 292 700
108 292 800
108 292 900
108 392 0
108 392 100
108 392 200
108 392 300
108 392 400
108 392 500
108 392 600
108 392 700
108 392 800
108 392 900
108 492 0
108 492 100
108 492 200
108 492 300
108 492 400
108 492 500
108 492 600
108 492 700
108 492 800
108 492 900
108 592 0
108 592 100
108 592 200
108 592 300
108 592 400
108 592 500
108 592 600
108 592 700
108 592 800
108 592 900
108 692 0
108 692 100
108 692 200
108 692 300
108 692 400
108 692 500
108 692 600
108 692 700
108 692 800
108 692 900
108 792 0
108 792 100
108 792 200
108 792 300
108 792 400
108 792 500
108 792 600
108 792 700
108 792 800
108 792 900
108 892 0
108 892 100
108 892 200
108 892 300
108 892 400
108 892 500
108 892 600
108 892 700
108 892 800
108 892 900
108 992 0
108 992 100
108 992 200
108 992 300
108 992 400
108 992 500
108 992 600
108 992 700
108 992 800
108 992 900
195 93 49
195 93 149
195 93 249
195 93 349
195 93 449
195 93 549
195 93 649
195 93 749
195 93 849
195 93 949
195 193 49
195 193 149
195 193 249
195 193 349
195 193 449
195 193 549
195 193 649
195 193 749
195 193 849
195 193 949
195 293 49
195 293 149
195 293 249
195 293 349
195 293 449
195 293 549
195 293 649
195 293 749
195 293 849
195 293 949
195 393 49
195 393 149
195 393 249
195 393 349
195 393 449
195 393 549
195 393 649
195 393 749
195 393 849
195 393 949
195 493 49
195 493 149
195 493 249
195 493 349
195 493 449
195 493 549
195 493 649
195 493 749
195 493 849
195 493 949
195 593 49
195 593 149
195 593 249
195 593 349
195 593 449
195 593 549
195 593 649
195 593 749
195 593 849
195 593 949
195 693 49
195 693 149
195 693 249
195 693 349
195 693 449
195 693 549
195 693 649
195 693 749
195 693 849
195 693 949
195 793 49
195 793 149
195 793 249
195 793 349
195 793 449
195 793 549
195 793 649
195 793 749
195 793 849
195 793 949
195 893 49
195 893 149
195 893 249
195 893 349
195 893 449
195 893 549
195 893 649
195 893 749
195 893 849
195 893 949
195 993 49
195 993 149
195 993 249
195 993 349
195 993 449
195 993 549
195 993 649
195 993 749
195 993 849
195 993 949
112 93 51
112 93 151
112 93 251
112 93 351
112 93 451
112 93 551
112 93 651
112 93 751
112 93 851
112 93 951
112 193 51
112 193 151
112 193 251
112 193 351
112 193 451
112 193 551
112 193 651
112 193 751
112 193 851
112 193 951
112 293 51
112 293 151
112 293 251
112 293 351
112 293 451
112 293 551
112 293 651
112 293 751
112 293 851
112 293 951
112 393 51
112 393 151
112 393 251
112 393 351
112 393 451
112 393 551
112 393 651
112 393 751
112 393 851
112 393 951
112 493 51
112 493 151
112 493 251
112 493 351
112 493 451
112 493 551
112 493 651
112 493 751
112 493 851
112 493 951
112 593 51
112 593 151
112 593 251
112 593 351
112 593 451
112 593 551
112 593 651
112 593 751
112 593 851
112 593 951
112 693 51
112 693 151
112 693 251
112 693 351
112 693 451
112 693 551
112 693 651
112 693 751
112 693 851
112 693 951
112 793 51
112 793 151
112 793 251
112 793 351
112 793 451
112 793 551
112 793 651
112 793 751
112 793 851
112 793 951
112 893 51
112 893 151
112 893 251
112 893 351
112 893 451
112 893 551
112 893 651
112 893 751
112 893 851
112 893 951
112 993 51
112 993 151
112 993 251
112 993 351
112 993 451
112 993 551
112 993 651
112 993 751
112 993 851
112 993 951
195 94 29
195 94 129
195 94 229
195 94 329
195 94 429
195 94 529
195 94 629
195 94 729
195 94 829
195 94 929
195 194 29
195 194 129
195 194 229
195 194 329
195 194 429
195 194 529
195 194 629
195 194 729
195 194 829
195 194 929
195 294 29
195 294 129
195 294 229
195 294 329
195 294 429
195 294 529
195 294 629
195 294 729
195 294 829
195 294 929
195 394 29
195 394 129
195 394 229
195 394 329
195 394 429
195 394 529
195 394 629
195 394 729
195 394 829
195 394 929
195 494 29
195 494 129
195 494 229
195 494 329
195 494 429
195 494 529
195 494 629
195 494 729
195 494 829
195 494 929
195 594 29
195 594 129
195 594 229
195 594 329
195 594 429
195 594 529
195 594 629
195 594 729
195 594 829
195 594 929
195 694 29
195 694 129
195 694 229
195 694 329
195 694 429
195 694 529
195 694 629
195 694 729
195 694 829
195 694 929
195 794 29
195 794 129
195 794 229
195 794 329
195 794 429
195 794 529
195 794 629
195 794 729
195 794 829
195 794 929
195 894 29
195 894 129
195 894 229
195 894 329
195 894 429
195 894 529
195 894 629
195 894 729
195 894 829
195 894 929
195 994 29
195 994 129
195 994 229
195 994 329
195 994 429
195 994 529
195 994 629
195 994 729
195 994 829
195 994 929
112 94 31
112 94 131
112 94 231
112 94 331
112 94 431
112 94 531
112 94 631
112 94 731
112 94 831
112 94 931
112 194 31
112 194 131
112 194 231
112 194 331
112 194 431
112 194 531
112 194 631
112 194 731
112 194 831
112 194 931
112 294 31
112 294 131
112 294 231
112 294 331
112 294 431
112 294 531
112 294 631
112 294 731
112 294 831
112 294 931
112 394 31
112 394 131
112 394 231
112 394 331
112 394 431
112 394 531
112 394 631
112 394 731
112 394 831
112 394 931
112 494 31
112 494 131
112 494 231
112 494 331
112 494 431
112 494 531
112 494 631
112 494 731
112 494 831
112 494 931
112 594 31
112 594 131
112 594 231
112 594 331
112 594 431
112 594 531
112 594 631
112 594 731
112 594 831
112 594 931
112 694 31
112 694 131
112 694 231
112 694 331
112 694 431
112 694 531
112 694 631
112 694 731
112 694 831
112 694 931
112 794 31
112 794 131
112 794 231
112 794 331
112 794 431
112 794 531
112 794 631
112 794 731
112 794 831
112 794 931
112 894 31
112 894 131
112 894 231
112 894 331
112 894 431
112 894 531
112 894 631
112 894 731
112 894 831
112 894 931
112 994 31
112 994 131
112 994 231
112 994 331
112 994 431
112 994 531
112 994 631
112 994 731
112 994 831
112 994 931
195 94 83
195 94 183
195 94 283
195 94 383
195 94 483
195 94 583
195 94 683
195 94 783
195 94 883
195 94 983
195 194 83
195 194 183
195 194 283
195 194 383
195 194 483
195 194 583
195 194 683
195 194 783
195 194 883
195 194 983
195 294 83
195 294 183
195 294 283
195 294 383
195 294 483
195 294 583
195 294 683
195 294 783
195 294 883
195 294 983
195 394 83
195 394 183
195 394 283
195 394 383
195 394 483
195 394 583
195 394 683
195 394 783
195 394 883
195 394 983
195 494 83
195 494 183
195 494 283
195 494 383
195 494 483
195 494 583
195 494 683
195 494 783
195 494 883
195 494 983
195 594 83
195 594 183
195 594 283
195 594 383
195 594 483
195 594 583
195 594 683
195 594 783
195 594 883
195 594 983
195 694 83
195 694 183
195 694 283
195 694 383
195 694 483
195 694 583
195 694 683
195 694 783
195 694 883
195 694 983
195 794 83
195 794 183
195 794 283
195 794 383
195 794 483
195 794 583
195 794 683
195 794 783
195 794 883
195 794 983
195 894 83
195 894 183
195 894 283
195 894 383
195 894 483
195 894 583
195 894 683
195 894 783
195 894 883
195 894 983
195 994 83
195 994 183
195 994 283
195 994 383
195 994 483
195 994 583
195 994 683
195 994 783
195 994 883
195 994 983
112 94 85
112 94 185
112 94 285
112 94 385
112 94 485
112 94 585
112 94 685
112 94 785
112 94 885
112 94 985
112 194 85
112 194 185
112 194 285
112 194 385
112 194 485
112 194 585
112 194 685
112 194 785
112 194 885
112 194 985
112 294 85
112 294 185
112 294 285
112 294 385
112 294 485
112 294 585
112 294 685
112 294 785
112 294 885
112 294 985
112 394 85
112 394 185
112 394 285
112 394 385
112 394 485
112 394 585
112 394 685
112 394 785
112 394 885
112 394 985
112 494 85
112 494 185
112 494 285
112 494 385
112 494 485
112 494 585
112 494 685
112 494 785
112 494 885
112 494 985
112 594 85
112 594 185
112 594 285
112 594 385
112 594 485
112 594 585
112 594 685
112 594 785
112 594 885
112 594 985
112 694 85
112 694 185
112 694 285
112 694 385
112 694 485
112 694 585
112 694 685
112 694 785
112 694 885
112 694 985
112 794 85
112 794 185
112 794 285
112 794 385
112 794 485
112 794 585
112 794 685
112 794 785
112 794 885
112 794 985
112 894 85
112 894 185
112 894 285
112 894 385
112 894 485
112 894 585
112 894 685
112 894 785
112 894 885
112 894 985
112 994 85
112 994 185
112 994 285
112 994 385
112 994 485
112 994 585
112 994 685
112 994 785
112 994 885
112 994 985
195 96 49
195 96 149
195 96 249
195 96 349
195 96 449
195 96 549
195 96 649
195 96 749
195 96 849
195 96 949
195 196 49
195 196 149
195 196 249
195 196 349
195 196 449
195 196 549
195 196 649
195 196 749
195 196 849
195 196 949
195 296 49
195 296 149
195 296 249
195 296 349
195 296 449
195 296 549
195 296 649
195 296 749
195 296 849
195 296 949
195 396 49
195 396 149
195 396 249
195 396 349
195 396 449
195 396 549
195 396 649
195 396 749
195 396 849
195 396 949
195 496 49
195 496 149
195 496 249
195 496 349
195 496 449
195 496 549
195 496 649
195 496 749
195 496 849
195 496 949
195 596 49
195 596 149
195 596 249
195 596 349
195 596 449
195 596 549
195 596 649
195 596 749
195 596 849
195 596 949
195 696 49
195 696 149
195 696 249
195 696 349
195 696 449
195 696 549
195 696 649
195 696 749
195 696 849
195 696 949
195 796 49
195 796 149
195 796 249
195 796 349
195 796 449
195 796 549
195 796 649
195 796 749
195 796 849
195 796 949
195 896 49
195 896 149
195 896 249
195 896 349
195 896 449
195 896 549
195 896 649
195 896 749
195 896 849
195 896 949
195 996 49
195 996 149
195 996 249
195 996 349
195 996 449
195 996 549
195 996 649
195 996 749
195 996 849
195 996 949
112 96 51
112 96 151
112 96 251
112 96 351
112 96 451
112 96 551
112 96 651
112 96 751
112 96 851
112 96 951
112 196 51
112 196 151
112 196 251
112 196 351
112 196 451
112 196 551
112 196 651
112 196 751
112 196 851
112 196 951
112 296 51
112 296 151
112 296 251
112 296 351
112 296 451
112 296 551
112 296 651
112 296 751
112 296 851
112 296 951
112 396 51
112 396 151
112 396 251
112 396 351
112 396 451
112 396 551
112 396 651
112 396 751
112 396 851
112 396 951
112 496 51
112 496 151
112 496 251
112 496 351
112 496 451
112 496 551
112 496 651
112 496 751
112 496 851
112 496 951
112 596 51
112 596 151
112 596 251
112 596 351
112 596 451
112 596 551
112 596 651
112 596 751
112 596 851
112 596 951
112 696 51
112 696 151
112 696 251
112 696 351
112 696 451
112 696 551
112 696 651
112 696 751
112 696 851
112 696 951
112 796 51
112 796 151
112 796 251
112 796 351
112 796 451
112 796 551
112 796 651
112 796 751
112 796 851
112 796 951
112 896 51
112 896 151
112 896 251
112 896 351
112 896 451
112 896 551
112 896 651
112 896 751
112 896 851
112 896 951
112 996 51
112 996 151
112 996 251
112 996 351
112 996 451
112 996 551
112 996 651
112 996 751
112 996 851
112 996 951
195 97 29
195 97 129
195 97 229
195 97 329
195 97 429
195 97 529
195 97 629
195 97 729
195 97 829
195 97 929
195 197 29
195 197 129
195 197 229
195 197 329
195 197 429
195 197 529
195 197 629
195 197 729
195 197 829
195 197 929
195 297 29
195 297 129
195 297 229
195 297 329
195 297 429
195 297 529
195 297 629
195 297 729
195 297 829
195 297 929
195 397 29
195 397 129
195 397 229
195 397 329
195 397 429
195 397 529
195 397 629
195 397 729
195 397 829
195 397 929
195 497 29
195 497 129
195 497 229
195 497 329
195 497 429
195 497 529
195 497 629
195 497 729
195 497 829
195 497 929
195 597 29
195 597 129
195 597 229
195 597 329
195 597 429
195 597 529
195 597 629
195 597 729
195 597 829
195 597 929
195 697 29
195 697 129
195 697 229
195 697 329
195 697 429
195 697 529
195 697 629
195 697 729
195 697 829
195 697 929
195 797 29
195 797 129
195 797 229
195 797 329
195 797 429
195 797 529
195 797 629
195 797 729
195 797 829
195 797 929
195 897 29
195 897 129
195 897 229
195 897 329
195 897 429
195 897 529
195 897 629
195 897 729
195 897 829
195 897 929
195 997 29
195 997 129
195 997 229
195 997 329
195 997 429
195 997 529
195 997 629
195 997 729
195 997 829
195 997 929
112 97 31
112 97 131
112 97 231
112 97 331
112 97 431
112 97 531
112 97 631
112 97 731
112 97 831
112 97 931
112 197 31
112 197 131
112 197 231
112 197 331
112 197 431
112 197 531
112 197 631
112 197 731
112 197 831
112 197 931
112 297 31
112 297 131
112 297 231
112 297 331
112 297 431
112 297 531
112 297 631
112 297 731
112 297 831
112 297 931
112 397 31
112 397 131
112 397 231
112 397 331
112 397 431
112 397 531
112 397 631
112 397 731
112 397 831
112 397 931
112 497 31
112 497 131
112 497 231
112 497 331
112 497 431
112 497 531
112 497 631
112 497 731
112 497 831
112 497 931
112 597 31
112 597 131
112 597 231
112 597 331
112 597 431
112 597 531
112 597 631
112 597 731
112 597 831
112 597 931
112 697 31
112 697 131
112 697 231
112 697 331
112 697 431
112 697 531
112 697 631
112 697 731
112 697 831
112 697 931
112 797 31
112 797 131
112 797 231
112 797 331
112 797 431
112 797 531
112 797 631
112 797 731
112 797 831
112 797 931
112 897 31
112 897 131
112 897 231
112 897 331
112 897 431
112 897 531
112 897 631
112 897 731
112 897 831
112 897 931
112 997 31
112 997 131
112 997 231
112 997 331
112 997 431
112 997 531
112 997 631
112 997 731
112 997 831
112 997 931
195 97 83
195 97 183
195 97 283
195 97 383
195 97 483
195 97 583
195 97 683
195 97 783
195 97 883
195 97 983
195 197 83
195 197 183
195 197 283
195 197 383
195 197 483
195 197 583
195 197 683
195 197 783
195 197 883
195 197 983
195 297 83
195 297 183
195 297 283
195 297 383
195 297 483
195 297 583
195 297 683
195 297 783
195 297 883
195 297 983
195 397 83
195 397 183
195 397 283
195 397 383
195 397 483
195 397 583
195 397 683
195 397 783
195 397 883
195 397 983
195 497 83
195 497 183
195 497 283
195 497 383
195 497 483
195 497 583
195 497 683
195 497 783
195 497 883
195 497 983
195 597 83
195 597 183
195 597 283
195 597 383
195 597 483
195 597 583
195 597 683
195 597 783
195 597 883
195 597 983
195 697 83
195 697 183
195 697 283
195 697 383
195 697 483
195 697 583
195 697 683
195 697 783
195 697 883
195 697 983
195 797 83
195 797 183
195 797 283
195 797 383
195 797 483
195 797 583
195 797 683
195 797 783
195 797 883
195 797 983
195 897 83
195 897 183
195 897 283
195 897 383
195 897 483
195 897 583
195 897 683
195 897 783
195 897 883
195 897 983
195 997 83
195 997 183
195 997 283
195 997 383
195 997 483
195 997 583
195 997 683
195 997 783
195 997 883
195 997 983
112 97 85
112 97 185
112 97 285
112 97 385
112 97 485
112 97 585
112 97 685
112 97 785
112 97 885
112 97 985
112 197 85
112 197 185
112 197 285
112 197 385
112 197 485
112 197 585
112 197 685
112 197 785
112 197 885
112 197 985
112 297 85
112 297 185
112 297 285
112 297 385
112 297 485
112 297 585
112 297 685
112 297 785
112 297 885
112 297 985
112 397 85
112 397 185
112 397 285
112 397 385
112 397 485
112 397 585
112 397 685
112 397 785
112 397 885
112 397 985
112 497 85
112 497 185
112 497 285
112 497 385
112 497 485
112 497 585
112 497 685
112 497 785
112 497 885
112 497 985
112 597 85
112 597 185
112 597 285
112 597 385
112 597 485
112 597 585
112 597 685
112 597 785
112 597 885
112 597 985
112 697 85
112 697 185
112 697 285
112 697 385
112 697 485
112 697 585
112 697 685
112 697 785
112 697 885
112 697 985
112 797 85
112 797 185
112 797 285
112 797 385
112 797 485
112 797 585
112 797 685
112 797 785
112 797 885
112 797 985
112 897 85
112 897 185
112 897 285
112 897 385
112 897 485
112 897 585
112 897 685
112 897 785
112 897 885
112 897 985
112 997 85
112 997 185
112 997 285
112 997 385
112 997 485
112 997 585
112 997 685
112 997 785
112 997 885
112 997 985
199 98 0
199 98 100
199 98 200
199 98 300
199 98 400
199 98 500
199 98 600
199 98 700
199 98 800
199 98 900
199 198 0
199 198 100
199 198 200
199 198 300
199 198 400
199 198 500
199 198 600
199 198 700
199 198 800
199 198 900
199 298 0
199 298 100
199 298 200
199 298 300
199 298 400
199 298 500
199 298 600
199 298 700
199 298 800
199 298 900
199 398 0
199 398 100
199 398 200
199 398 300
199 398 400
199 398 500
199 398 600
199 398 700
199 398 800
199 398 900
199 498 0
199 498 100
199 498 200
199 498 300
199 498 400
199 498 500
199 498 600
199 498 700
199 498 800
199 498 900
199 598 0
199 598 100
199 598 200
199 598 300
199 598 400
199 598 500
199 598 600
199 598 700
199 598 800
199 598 900
199 698 0
199 698 100
199 698 200
199 698 300
199 698 400
199 698 500
199 698 600
199 698 700
199 698 800
199 698 900
199 798 0
199 798 100
199 798 200
199 798 300
199 798 400
199 798 500
199 798 600
199 798 700
199 798 800
199 798 900
199 898 0
199 898 100
199 898 200
199 898 300
199 898 400
199 898 500
199 898 600
199 898 700
199 898 800
199 898 900
199 998 0
199 998 100
199 998 200
199 998 300
199 998 400
199 998 500
199 998 600
199 998 700
199 998 800
199 998 900
142 98 7
142 98 107
142 98 207
142 98 307
142 98 407
142 98 507
142 98 607
142 98 707
142 98 807
142 98 907
142 198 7
142 198 107
142 198 207
142 198 307
142 198 407
142 198 507
142 198 607
142 198 707
142 198 807
142 198 907
142 298 7
142 298 107
142 298 207
142 298 307
142 298 407
142 298 507
142 298 607
142 298 707
142 298 807
142 298 907
142 398 7
142 398 107
142 398 207
142 398 307
142 398 407
142 398 507
142 398 607
142 398 707
142 398 807
142 398 907
142 498 7
142 498 107
142 498 207
142 498 307
142 498 407
142 498 507
142 498 607
142 498 707
142 498 807
142 498 907
142 598 7
142 598 107
142 598 207
142 598 307
142 598 407
142 598 507
142 598 607
142 598 707
142 598 807
142 598 907
142 698 7
142 698 107
142 698 207
142 698 307
142 698 407
142 698 507
142 698 607
142 698 707
142 698 807
142 698 907
142 798 7
142 798 107
142 798 207
142 798 307
142 798 407
142 798 507
142 798 607
142 798 707
142 798 807
142 798 907
142 898 7
142 898 107
142 898 207
142 898 307
142 898 407
142 898 507
142 898 607
142 898 707
142 898 807
142 898 907
142 998 7
142 998 107
142 998 207
142 998 307
142 998 407
142 998 507
142 998 607
142 998 707
142 998 807
142 998 907
142 98 9
142 98 109
142 98 209
142 98 309
142 98 409
142 98 509
142 98 609
142 98 709
142 98 809
142 98 909
142 198 9
142 198 109
142 198 209
142 198 309
142 198 409
142 198 509
142 198 609
142 198 709
142 198 809
142 198 909
142 298 9
142 298 109
142 298 209
142 298 309
142 298 409
142 298 509
142 298 609
142 298 709
142 298 809
142 298 909
142 398 9
142 398 109
142 398 209
142 398 309
142 398 409
142 398 509
142 398 609
142 398 709
142 398 809
142 398 909
142 498 9
142 498 109
142 498 209
142 498 309
142 498 409
142 498 509
142 498 609
142 498 709
142 498 809
142 498 909
142 598 9
142 598 109
142 598 209
142 598 309
142 598 409
142 598 509
142 598 609
142 598 709
142 598 809
142 598 909
142 698 9
142 698 109
142 698 209
142 698 309
142 698 409
142 698 509
142 698 609
142 698 709
142 698 809
142 698 909
142 798 9
142 798 109
142 798 209
142 798 309
142 798 409
142 798 509
142 798 609
142 798 709
142 798 809
142 798 909
142 898 9
142 898 109
142 898 209
142 898 309
142 898 409
142 898 509
142 898 609
142 898 709
142 898 809
142 898 909
142 998 9
142 998 109
142 998 209
142 998 309
142 998 409
142 998 509
142 998 609
142 998 709
142 998 809
142 998 909
104 98 32
104 98 132
104 98 232
104 98 332
104 98 432
104 98 532
104 98 632
104 98 732
104 98 832
104 98 932
104 198 32
104 198 132
104 198 232
104 198 332
104 198 432
104 198 532
104 198 632
104 198 732
104 198 832
104 198 932
104 298 32
104 298 132
104 298 232
104 298 332
104 298 432
104 298 532
104 298 632
104 298 732
104 298 832
104 298 932
104 398 32
104 398 132
104 398 232
104 398 332
104 398 432
104 398 532
104 398 632
104 398 732
104 398 832
104 398 932
104 498 32
104 498 132
104 498 232
104 498 332
104 498 432
104 498 532
104 498 632
104 498 732
104 498 832
104 498 932
104 598 32
104 598 132
104 598 232
104 598 332
104 598 432
104 598 532
104 598 632
104 598 732
104 598 832
104 598 932
104 698 32
104 698 132
104 698 232
104 698 332
104 698 432
104 698 532
104 698 632
104 698 732
104 698 832
104 698 932
104 798 32
104 798 132
104 798 232
104 798 332
104 798 432
104 798 532
104 798 632
104 798 732
104 798 832
104 798 932
104 898 32
104 898 132
104 898 232
104 898 332
104 898 432
104 898 532
104 898 632
104 898 732
104 898 832
104 898 932
104 998 32
104 998 132
104 998 232
104 998 332
104 998 432
104 998 532
104 998 632
104 998 732
104 998 832
104 998 932
188 99 0
188 99 100
188 99 200
188 99 300
188 99 400
188 99 500
188 99 600
188 99 700
188 99 800
188 99 900
188 199 0
188 199 100
188 199 200
188 199 300
188 199 400
188 199 500
188 199 600
188 199 700
188 199 800
188 199 900
188 299 0
188 299 100
188 299 200
188 299 300
188 299 400
188 299 500
188 299 600
188 299 700
188 299 800
188 299 900
188 399 0
188 399 100
188 399 200
188 399 300
188 399 400
188 399 500
188 399 600
188 399 700
188 399 800
188 399 900
188 499 0
188 499 100
188 499 200
188 499 300
188 499 400
188 499 500
188 499 600
188 499 700
188 499 800
188 499 900
188 599 0
188 599 100
188 599 200
188 599 300
188 599 400
188 599 500
188 599 600
188 599 700
188 599 800
188 599 900
188 699 0
188 699 100
188 699 200
188 699 300
188 699 400
188 699 500
188 699 600
188 699 700
188 699 800
188 699 900
188 799 0
188 799 100
188 799 200
188 799 300
188 799 400
188 799 500
188 799 600
188 799 700
188 799 800
188 799 900
188 899 0
188 899 100
188 899 200
188 899 300
188 899 400
188 899 500
188 899 600
188 899 700
188 899 800
188 899 900
188 999 0
188 999 100
188 999 200
188 999 300
188 999 400
188 999 500
188 999 600
188 999 700
188 999 800
188 999 900
199 99 19
199 99 119
199 99 219
199 99 319
199 99 419
199 99 519
199 99 619
199 99 719
199 99 819
199 99 919
199 199 19
199 199 119
199 199 219
199 199 319
199 199 419
199 199 519
199 199 619
199 199 719
199 199 819
199 199 919
199 299 19
199 299 119
199 299 219
199 299 319
199 299 419
199 299 519
199 299 619
199 299 719
199 299 819
199 299 919
199 399 19
199 399 119
199 399 219
199 399 319
199 399 419
199 399 519
199 399 619
199 399 719
199 399 819
199 399 919
199 499 19
199 499 119
199 499 219
199 499 319
199 499 419
199 499 519
199 499 619
199 499 719
199 499 819
199 499 919
199 599 19
199 599 119
199 599 219
199 599 319
199 599 419
199 599 519
199 599 619
199 599 719
199 599 819
199 599 919
199 699 19
199 699 119
199 699 219
199 699 319
199 699 419
199 699 519
199 699 619
199 699 719
199 699 819
199 699 919
199 799 19
199 799 119
199 799 219
199 799 319
199 799 419
199 799 519
199 799 619
199 799 719
199 799 819
199 799 919
199 899 19
199 899 119
199 899 219
199 899 319
199 899 419
199 899 519
199 899 619
199 899 719
199 899 819
199 899 919
199 999 19
199 999 119
199 999 219
199 999 319
199 999 419
199 999 519
199 999 619
199 999 719
199 999 819
199 999 919
142 99 26
142 99 126
142 99 226
142 99 326
142 99 426
142 99 526
142 99 626
142 99 726
142 99 826
142 99 926
142 199 26
142 199 126
142 199 226
142 199 326
142 199 426
142 199 526
142 199 626
142 199 726
142 199 826
142 199 926
142 299 26
142 299 126
142 299 226
142 299 326
142 299 426
142 299 526
142 299 626
142 299 726
142 299 826
142 299 926
142 399 26
142 399 126
142 399 226
142 399 326
142 399 426
142 399 526
142 399 626
142 399 726
142 399 826
142 399 926
142 499 26
142 499 126
142 499 226
142 499 326
142 499 426
142 499 526
142 499 626
142 499 726
142 499 826
142 499 926
142 599 26
142 599 126
142 599 226
142 599 326
142 599 426
142 599 526
142 599 626
142 599 726
142 599 826
142 599 926
142 699 26
142 699 126
142 699 226
142 699 326
142 699 426
142 699 526
142 699 626
142 699 726
142 699 826
142 699 926
142 799 26
142 799 126
142 799 226
142 799 326
142 799 426
142 799 526
142 799 626
142 799 726
142 799 826
142 799 926
142 899 26
142 899 126
142 899 226
142 899 326
142 899 426
142 899 526
142 899 626
142 899 726
142 899 826
142 899 926
142 999 26
142 999 126
142 999 226
142 999 326
142 999 426
142 999 526
142 999 626
142 999 726
142 999 826
142 999 926
188 99 49
188 99 149
188 99 249
188 99 349
188 99 449
188 99 549
188 99 649
188 99 749
188 99 849
188 99 949
188 199 49
188 199 149
188 199 249
188 199 349
188 199 449
188 199 549
188 199 649
188 199 749
188 199 849
188 199 949
188 299 49
188 299 149
188 299 249
188 299 349
188 299 449
188 299 549
188 299 649
188 299 749
188 299 849
188 299 949
188 399 49
188 399 149
188 399 249
188 399 349
188 399 449
188 399 549
188 399 649
188 399 749
188 399 849
188 399 949
188 499 49
188 499 149
188 499 249
188 499 349
188 499 449
188 499 549
188 499 649
188 499 749
188 499 849
188 499 949
188 599 49
188 599 149
188 599 249
188 599 349
188 599 449
188 599 549
188 599 649
188 599 749
188 599 849
188 599 949
188 699 49
188 699 149
188 699 249
188 699 349
188 699 449
188 699 549
188 699 649
188 699 749
188 699 849
188 699 949
188 799 49
188 799 149
188 799 249
188 799 349
188 799 449
188 799 549
188 799 649
188 799 749
188 799 849
188 799 949
188 899 49
188 899 149
188 899 249
188 899 349
188 899 449
188 899 549
188 899 649
188 899 749
188 899 849
188 899 949
188 999 49
188 999 149
188 999 249
188 999 349
188 999 449
188 999 549
188 999 649
188 999 749
188 999 849
188 999 949
189 99 68
189 99 168
189 99 268
189 99 368
189 99 468
189 99 568
189 99 668
189 99 768
189 99 868
189 99 968
189 199 68
189 199 168
189 199 268
189 199 368
189 199 468
189 199 568
189 199 668
189 199 768
189 199 868
189 199 968
189 299 68
189 299 168
189 299 268
189 299 368
189 299 468
189 299 568
189 299 668
189 299 768
189 299 868
189 299 968
189 399 68
189 399 168
189 399 268
189 399 368
189 399 468
189 399 568
189 399 668
189 399 768
189 399 868
189 399 968
189 499 68
189 499 168
189 499 268
189 499 368
189 499 468
189 499 568
189 499 668
189 499 768
189 499 868
189 499 968
189 599 68
189 599 168
189 599 268
189 599 368
189 599 468
189 599 568
189 599 668
189 599 768
189 599 868
189 599 968
189 699 68
189 699 168
189 699 268
189 699 368
189 699 468
189 699 568
189 699 668
189 699 768
189 699 868
189 699 968
189 799 68
189 799 168
189 799 268
189 799 368
189 799 468
189 799 568
189 799 668
189 799 768
189 799 868
189 799 968
189 899 68
189 899 168
189 899 268
189 899 368
189 899 468
189 899 568
189 899 668
189 899 768
189 899 868
189 899 968
189 999 68
189 999 168
189 999 268
189 999 368
189 999 468
189 999 568
189 999 668
189 999 768
189 999 868
189 999 968
