3 0 193 264
3 167 21 98
3 180 91 139
3 216 113 145
3 168 230 242
3 54 224 219
3 116 239 196
3 34 281 265
3 275 277 250
3 41 39 289
3 212 214 238
3 87 244 255
3 85 284 78
3 184 29 228
3 296 146 104
3 249 157 152
3 108 40 31
3 88 122 291
3 164 204 20
3 99 172 155
3 110 50 59
3 8 26 141
3 80 174 51
3 103 241 292
3 162 243 106
3 4 207 115
3 72 89 55
3 159 298 154
3 259 202 47
3 134 111 176
3 246 14 120
3 75 121 192
3 276 117 66
3 203 217 182
3 148 209 142
3 294 128 280
3 286 64 126
3 299 222 297
3 220 170 67
3 7 42 71
3 137 82 272
3 210 3 262
3 133 68 252
3 260 27 231
3 62 61 256
3 285 158 206
3 150 295 17
3 92 177 30
3 225 268 279
3 24 197 43
3 213 254 194
3 187 163 100
3 18 191 215
3 144 109 69
3 245 253 288
3 15 140 186
3 63 237 208
3 38 93 46
3 74 236 293
3 267 90 97
3 57 22 49
3 56 23 251
3 136 48 270
3 261 160 123
3 127 201 1
3 226 86 278
3 227 195 233
3 263 73 189
3 200 6 149
3 218 119 143
3 58 283 37
3 125 114 229
3 13 35 178
3 79 101 240
3 53 235 135
3 232 131 94
3 166 25 257
3 19 45 52
3 188 190 151
3 282 269 132
3 96 83 169
3 171 287 183
3 107 12 247
3 273 199 84
3 198 147 165
3 156 76 173
3 95 70 175
3 102 10 153
3 32 138 77
3 161 124 2
3 105 205 211
3 60 248 9
3 271 81 130
3 28 181 274
2 129 112
2 290 266
2 11 5
2 185 16
2 44 223
2 258 118
