3 0 32 248
3 296 232 266
3 180 146 45
3 167 24 141
3 216 111 176
3 168 38 152
3 54 50 228
3 85 14 145
3 116 11 143
3 108 188 289
3 249 267 223
3 212 295 272
3 87 217 238
3 41 102 20
3 275 204 154
3 164 263 59
3 75 202 118
3 184 243 135
3 34 56 106
3 80 170 120
3 103 128 155
3 110 258 97
3 88 29 43
3 259 197 69
3 294 27 1
3 148 209 55
3 72 40 78
3 162 157 255
3 99 241 250
3 127 10 247
3 203 73 257
3 161 160 208
3 159 236 51
3 8 82 71
3 13 254 206
3 4 28 288
3 260 101 173
3 7 239 142
3 62 48 100
3 133 177 47
3 276 298 199
3 95 172 93
3 134 230 67
3 92 237 151
3 210 158 182
3 290 190 280
3 136 140 186
3 246 114 178
3 285 181 46
3 15 201 274
3 213 147 115
3 58 61 262
3 156 117 94
3 220 166 104
3 273 3 297
3 137 163 30
3 227 26 264
3 107 112 183
3 218 25 77
3 74 23 251
3 150 53 124
3 63 283 229
3 105 98 165
3 144 131 231
3 125 269 189
3 18 195 37
3 19 253 215
3 171 70 132
3 245 191 192
3 60 6 279
3 96 138 9
3 226 86 293
3 286 207 233
3 21 22 240
3 198 122 31
3 224 76 153
2 200 242
3 282 90 194
3 299 89 123
3 57 16 169
3 261 109 49
3 225 42 149
3 193 119 278
3 79 205 130
2 39 265
3 113 222 256
3 214 235 84
2 271 291
3 44 268 252
3 281 287 66
2 284 12
3 129 83 17
3 244 81 52
3 121 5 2
3 185 35 175
3 187 64 126
3 68 139 211
3 277 219 270
2 174 196
2 91 292
