29 2735 7186 2335 6360 846 9538 6336 9846 7066 8075 4594 536 7627 816 6820 7098 6697 528 6337 8558 7774 5898 158 7544 2993 1350 3535 5661 5586
24 6689 1227 2293 7255 3972 2981 4532 3974 3432 5104 77 6204 8549 3508 7930 3350 6766 1007 1141 4897 2821 4402 1318 4779
28 3090 6654 7224 9382 8940 161 4958 826 9812 2867 1692 9319 4539 3573 2580 3776 2632 9862 1444 7670 7240 2471 7973 4763 2193 8156 2463 4891
29 1209 696 3461 5829 4141 6078 4371 2667 2525 3421 7234 8186 4685 1308 3699 9378 5722 997 5906 8512 6276 8408 6617 9898 6005 1544 8508 5857 9329
21 6466 7455 1778 3292 7145 6389 1525 5191 8871 6869 4238 7767 9099 7100 1881 6153 8726 2322 170 4790 8301
20 5018 4877 7779 6319 1322 3201 8603 5462 7121 1851 632 6577 7419 229 1238 2492 3431 3132 4865 7751
23 9313 3294 6875 1240 2570 2178 9394 6593 6248 2246 5664 151 7547 186 1235 7189 2517 8852 995 5669 8080 6911 9097
19 2519 6794 965 3544 4520 5597 6079 8141 727 367 5206 9755 1847 5432 8467 3520 2002 4324 8308
13 4525 2296 4084 8464 8155 8306 6521 8461 9277 3378 6368 2625 8594
28 549 6329 3291 3181 7755 3070 3799 5534 5364 3661 6862 1988 4619 4816 4684 5823 4961 1164 5056 4860 9787 9189 9936 2329 3712 6507 5720 7036
21 5934 5615 2626 9926 830 2180 6643 5579 9641 7564 4236 2402 5658 684 6863 7536 8318 5706 7890 5509 1545
28 88 5971 9412 8434 5668 5495 871 4195 230 6106 8918 2205 7781 8725 4033 8873 7385 6755 6429 8107 2454 8526 6845 9878 8337 1306 3562 2208
29 2465 3245 2975 9633 665 6119 6133 2543 2810 352 6566 9015 5188 1383 7939 9816 5326 6131 2336 1621 6666 8561 4174 7950 3250 3718 6151 9317 7058
30 4679 3119 8191 6886 9195 1455 7984 5310 5700 387 9983 3672 1394 8692 4460 9967 3777 6117 7969 5286 8495 2750 2503 5144 5290 7165 3427 5458 910 2848
28 7109 1421 7092 4372 1355 5766 6956 5193 636 938 8109 1681 6292 5704 5810 5575 4562 591 4389 5772 4201 7658 4252 1585 8538 7742 5685 7986
24 519 7293 892 5920 3906 908 8160 65 4654 6713 2955 809 6816 6776 4272 4082 3187 7844 532 6217 1938 6955 4133 9765
7 7957 3579 2511 7236 4629 1817 3848
26 4309 8630 1674 6420 9042 3993 1181 1160 542 2467 6036 2375 9270 3752 9080 6810 7095 8135 6557 2801 5365 7283 7600 3134 6458 3618
14 5970 8783 6068 5757 8088 9609 4203 4378 8091 9126 132 4725 729 6339
26 4839 3708 7926 8228 9300 3443 8105 22 2607 8475 6495 2047 3953 3730 8769 5789 5961 3048 1091 4731 4315 5024 8089 5253 3994 2441
17 5324 1414 2230 6409 4291 5267 6313 9900 3429 5608 4426 3691 4582 1402 9205 4135 7909
16 606 1447 2523 7867 5012 4007 9276 2386 2924 8968 8891 9301 4691 955 5753 9387
27 423 1883 5710 6473 2442 102 6989 6716 584 852 2341 1819 7819 8064 3788 5164 2965 4972 5867 8142 6209 5096 2683 2456 6093 4145 9430
26 1776 8020 1564 2896 1465 9410 9466 2884 659 8820 3722 6857 4688 5929 6486 2197 4100 5997 351 5762 2096 2592 7126 1084 2888 2770
26 719 5352 4986 7847 1281 5764 3782 3258 5692 5715 2179 7024 6042 4312 3873 3004 8172 5687 3504 8762 1969 6573 1619 4901 3458 8453
22 1066 2324 513 5699 1386 2140 8642 5170 2453 7453 8344 654 1244 4732 416 107 7667 5508 1202 6524 3440 2658
11 6663 9166 8967 362 2488 8226 1731 7590 8527 7851 7795
22 187 1228 4833 9815 9450 5601 8785 374 2966 8413 2065 912 7259 5389 7217 9697 1750 9801 787 9978 7128 7522
15 6031 7097 2787 4485 1557 7477 1644 9288 3466 7712 6571 6452 6655 2960 6517
16 5335 9733 4455 4875 4405 7364 7282 6476 7103 1193 808 2621 1844 8332 4886 8908
23 8175 9820 1489 326 5477 3433 9897 74 1561 2933 6581 732 1566 5168 2646 7408 3864 2987 3998 7989 579 8611 443
8 3817 3333 6304 7580 856 2660 5653 4374
26 1560 3311 4848 9353 3270 4139 1239 5951 7837 6268 1944 3135 7046 512 7788 7651 1083 2676 6945 2258 6236 5842 1473 2280 5666 805
21 4758 1784 6455 839 3616 1529 9732 4571 6219 2029 2427 3419 4859 2980 7051 8948 2847 1701 3184 4160 3836
27 3580 6123 530 655 4376 4481 1613 9075 1595 1429 1532 6562 7918 3137 999 7497 9593 6091 5346 5321 2344 145 3744 7905 2865 6470 6152
21 7499 6662 6053 4830 5593 2343 4072 5133 1980 7178 1050 4770 5877 9661 6733 291 4051 9518 2070 9451 8319
25 1273 2166 5295 4869 9681 4786 2979 3867 2107 777 6775 3077 9908 9571 4982 8881 1610 3668 940 9986 7954 5798 2880 321 3478
28 1867 2233 6164 498 4396 2741 4541 6784 5809 8239 4840 6833 1921 5258 701 2268 3682 6720 3834 5843 3302 5560 5905 9814 6979 4510 7235 4241
25 6252 984 8915 4274 5564 2248 7339 280 281 1464 890 3101 5419 3455 4322 1167 2800 2849 2066 3094 8349 3633 6943 1295 1562
13 7965 8227 1582 2909 7073 6049 6690 1662 3237 914 2353 6559 7586
20 6822 1512 6410 5347 9477 6009 3729 2088 8287 3823 8712 5775 1848 404 858 3106 3252 1722 4923 8163
10 2432 3546 2143 5516 4115 5453 2304 2652 3930 5903
25 7070 1637 4635 3816 8747 6182 6089 369 2314 799 4114 2281 866 9894 3438 4925 7264 6990 6761 6616 2629 2786 8497 3791 8556
21 4742 6529 5517 135 3022 5371 8108 7076 1249 3920 8084 3226 5275 44 804 2823 3162 9259 7878 8137 8582
21 6002 8965 6910 7529 9911 2766 5353 8689 3545 9643 255 2038 7706 8702 7978 3771 2252 4896 6022 702 8122
20 3055 8262 7347 6904 5862 1163 8153 3339 1468 6906 4030 4614 4216 764 4275 6606 6715 7489 6250 6919
26 1178 1977 3915 4441 5279 9478 5040 4204 4443 366 7298 1827 6709 8738 9665 8839 5993 4151 7607 1788 6057 3274 6007 3932 6158 6717
6 8292 9406 8370 5777 6771 4887
25 7475 3049 3976 7086 6903 7663 380 175 5792 9741 6253 1981 5301 2631 9998 2768 2004 7997 2826 4462 7705 6661 9427 13 6665
15 672 2589 5480 6154 5927 2490 6731 2339 6598 9808 4424 6522 1699 8825 2090
22 5235 1838 6168 533 7710 1079 4713 629 1101 5033 3157 7407 6157 3534 3053 9821 9233 6928 8399 8905 2237 5067
14 8477 2424 6786 9830 9795 7922 7162 1846 5899 2292 4634 8416 7305 9287
16 8890 3767 2693 6315 7371 6443 1793 784 9069 6934 5339 8980 7906 265 587 1577
25 6277 6139 7117 3512 5234 7759 7411 5994 3843 8505 9810 2959 5470 2299 9293 4235 548 7056 3235 5051 8369 1894 7831 6477 2055
25 8773 7940 6352 8136 6366 4856 4985 6680 154 4903 7853 5585 6347 5826 4187 1807 7979 5288 7540 160 1517 8455 8275 4479 1633
23 2720 4873 8447 4207 3116 8176 3290 7169 3648 4653 2630 6463 4700 60 3140 2307 8925 9432 270 1173 5819 4662 8377
20 9409 2603 499 9754 396 1686 928 433 9506 8958 2242 3515 5197 1526 9095 7565 8282 6266 295 9608
20 2920 7711 4935 975 1723 5291 8665 7729 4528 2302 3001 8206 1812 8174 6358 6246 6492 1837 9831 4841
17 4094 7140 1251 9628 6316 2999 9546 64 4724 7048 8312 4832 4046 9418 1064 4022 1594
29 3629 7114 5369 199 8791 6402 1553 9928 9809 1364 2043 9667 5210 2931 4487 8049 936 243 8954 9453 4722 6867 9294 3301 4610 5659 9580 5682 9677
14 677 1194 5377 7382 6966 1352 7425 8782 1067 6441 1374 8106 6890 3950
28 5497 3655 200 3200 9524 2059 3784 9731 8631 3469 9322 8767 1310 3674 8822 2756 4579 2932 9125 8658 6651 9243 6411 4226 2251 4069 5174 3032
28 9679 666 8493 9132 2095 403 8952 5140 3592 3351 8129 2093 6707 2340 6878 4917 848 1063 3363 7736 7369 8398 9771 7991 7183 6994 9970 5723
26 3607 3409 6804 9640 3680 5069 7239 8244 5155 2844 8746 9955 6505 8335 6827 3401 752 9903 7157 4640 2870 9922 948 4220 5718 8874
28 1097 1407 6004 9297 3740 4764 9684 97 9089 2104 1199 2345 3323 682 5357 5490 2204 6309 4131 3876 1366 3683 555 5331 4905 8636 690 4683
27 9752 3276 6741 2399 5892 753 2831 2240 4433 4802 5340 2861 1275 4549 6459 9748 8317 6999 3581 2022 8619 7343 4977 7057 6242 1128 3883
22 6670 7156 9556 69 8093 4914 767 872 6684 681 8100 9854 2943 3087 3987 8232 7185 944 7349 2764 6273 8463
29 1757 8458 2401 7870 2825 5344 6491 5356 4206 8103 215 2086 4121 1551 5309 5728 6779 8927 7571 6938 9904 3096 6954 2604 9266 593 1581 1522 6465
7 9514 477 4575 9927 4476 1403 710
27 5440 8932 661 7574 782 3701 2852 2675 934 3621 6218 1871 9994 3925 6963 5171 3061 5336 2028 5053 4146 4766 1354 3310 8879 6322 4392
15 2571 8149 9401 435 164 6512 8761 7275 6297 7754 1834 8661 1320 6129 3491
27 9003 3147 5008 9981 3663 6134 8960 4491 2048 1012 5529 3413 1058 8567 5468 6714 1270 8885 8269 4283 4447 6631 436 3665 2794 2165 5173
10 6381 7948 712 6464 5095 7402 3819 9759 4474 535
28 3549 6404 8203 3066 8989 6638 9737 8667 193 6885 3308 5176 8764 2159 7510 4632 1068 954 6180 6936 2974 5109 2925 4383 259 6335 8888 8740
18 4601 8029 7927 4064 6984 8445 5660 2045 3896 4834 7573 7542 8534 7394 4138 5334 5788 5865
28 563 3338 5830 7361 1348 8869 6374 9729 8511 5323 1420 4075 4251 3262 3139 470 4001 8045 8660 2763 8964 7821 7427 3422 302 8622 5265 3643
26 7657 7020 2074 9613 607 3215 1523 106 7764 2846 5219 8550 3278 4335 3045 7974 5257 4993 1901 9258 8393 3460 7307 2985 8433 6439
25 5860 7810 6155 3411 3885 9135 8555 6484 4449 9789 4085 8987 5919 262 573 7776 5703 5392 6986 51 5011 298 3012 1139 9476
22 8708 7435 5466 9144 2992 8368 3190 2661 7988 1480 9031 4394 4264 4329 1961 3415 7001 9876 2623 3107 5790 8222
28 2015 211 881 8542 8953 3851 6925 2882 7798 4902 7397 1786 3684 9919 2733 4946 1673 345 3464 5617 2730 68 9942 6045 6789 3500 638 2225
24 9847 9402 6669 6550 8795 1733 7342 7762 6746 8159 9167 4472 232 863 9547 1165 8584 1711 8828 2201 1712 7170 2976 2709
28 2883 2738 3601 718 2245 1835 4966 1862 7576 1259 9238 3210 6982 5016 3256 4025 5984 1814 7623 9041 3179 1268 75 6334 5494 5029 1247 8311
22 8758 3430 7567 172 9182 1587 9035 4384 4588 2186 8972 1379 5657 5252 1103 110 7437 4813 5047 6918 9753 4292
24 5445 2297 9392 485 4800 5622 3847 5099 3568 8450 6629 441 4747 3183 6354 6555 642 7826 197 2098 2697 6348 9782 7783
28 8310 6502 3176 6942 1685 942 7730 930 7693 2948 8099 8963 5442 929 537 8325 600 9269 9943 5327 5673 140 2310 8249 4445 4018 1813 3723
25 9976 7028 277 3875 267 5751 8094 674 6121 9584 7920 3007 1967 9043 3011 4852 7330 8417 6637 2792 5634 7074 6311 7784 8722
14 6916 6189 1530 6711 9483 7854 8946 4363 7917 3576 8152 2595 6676 2408
25 4008 9046 1697 7000 4409 3802 2076 4497 3675 461 1104 1639 1396 6038 1314 8360 2256 4739 500 7656 4569 9356 8483 2878 2620
10 4078 2942 1363 3614 2486 5272 7676 5474 4298 8012
22 9888 19 7428 1200 9951 2181 1146 7071 3217 6050 9261 5277 6233 4488 3587 480 3020 2133 3349 5423 5348 4393
25 9913 5954 4686 9872 8298 2954 6808 5619 8446 484 5023 7351 5640 4809 877 1017 3355 6314 2308 4998 5202 7138 7219 7393 8147
30 1305 567 9666 7102 1634 5690 2802 3785 9388 4113 8928 2645 458 6353 6102 909 125 6572 3171 1434 3081 9895 4995 5942 6998 3745 383 56 398 2897
21 6263 658 9503 780 1797 7284 589 5119 3241 2083 8914 2873 7981 304 9145 6693 9486 635 4269 1758 8384
25 6815 4984 9320 3073 9071 9199 3532 6587 7014 350 9407 133 9880 6829 3917 1982 4240 3365 5215 8982 9764 759 3734 5398 3588
25 3307 8484 6239 1206 5679 6378 4343 7271 2749 801 5195 8896 4870 6105 3935 4102 2575 3726 4999 450 3019 1919 455 1652 7375
28 4071 8711 867 5045 8494 8800 2228 9328 754 9213 5233 5558 2996 4452 9470 8439 2051 449 335 6095 3192 8056 5580 1280 8078 7311 6434 4846
10 303 8736 4164 3632 2577 6244 5437 8500 7422 6190
27 2316 8557 4910 4153 1792 8173 9833 8780 2393 8063 3 8169 3967 9163 9704 7072 8673 8944 8065 861 9051 3243 3486 6019 2337 8411 8618
28 1335 3540 8328 4920 3783 9610 85 177 3531 4895 4907 8620 9826 2777 7960 4212 7652 1704 1484 8333 1825 2734 2843 2157 4649 3690 3064 2755
17 2917 1438 5189 9487 4411 9750 4669 5594 4442 5073 797 70 3522 2853 5434 7481 5412
27 8731 1113 3510 5621 2600 6216 4593 5169 524 5208 2319 3186 3356 1999 1125 4512 7260 2500 4945 570 7511 9147 3265 8090 3858 59 7467
21 1138 8302 5996 1904 2916 6648 5088 8300 5009 121 6379 8125 1922 6306 5065 5836 1060 2450 4778 869 8717
29 9619 4583 3989 3717 6392 7232 5375 7134 6344 138 6868 7610 1876 5729 7418 963 1854 1657 4524 6511 3837 602 9873 2224 8797 2905 6148 2449 4955
25 5086 1170 8892 7572 6000 3879 9068 6013 9836 4019 612 9141 6375 4718 5379 2311 9403 7675 7961 2723 8356 4516 9961 2593 2134
29 4618 3527 5049 318 4704 1487 8695 7150 2264 8864 6165 282 7326 5582 7718 2871 2688 9855 5078 647 9373 4083 8223 5126 5388 679 1939 4592 8069
27 2061 4387 206 9105 8681 6261 772 6283 294 2958 2057 6059 9157 6774 7016 2433 7800 735 3467 80 3630 1971 7377 4134 188 6518 8414
28 8878 8274 615 1508 3232 5557 3829 1062 1779 6423 5268 4043 2936 503 6937 8531 5938 3764 3456 5121 6401 3941 7395 9203 4785 5224 2926 626
22 5300 7612 3865 6718 656 7840 6570 1169 949 2011 862 6104 4651 9428 2611 9162 7543 972 7047 7030 2811 835
22 4058 699 3354 57 6523 6196 7636 4636 2648 2082 7900 5804 8917 8284 8004 4351 2222 5153 4514 7023 1398 9049
26 9707 5727 6159 7666 5719 8955 8037 9561 4355 2206 4068 8150 8524 6940 2398 6061 6114 6072 7765 2752 9465 1149 8251 2677 8862 2152
20 1315 817 368 5382 6763 2685 3598 3361 8400 4936 3503 6632 4288 5972 630 6545 1290 1958 3514 6840
20 7929 726 2690 511 2997 1294 3513 4045 4347 7316 7727 2935 2437 7507 2950 5080 4560 1026 9032 6960
23 7861 1384 9267 9252 3330 5019 7886 1780 8634 63 4627 9086 8036 7526 2249 4808 4484 8971 5876 3218 1095 6271 9396
15 4059 7687 7804 5475 1292 547 509 5354 3143 5416 2953 9439 762 1691 8499
25 7429 6745 208 4101 4123 4105 3227 2272 1428 5004 2956 3574 5992 9533 3178 3023 4726 3322 4864 5429 7087 3369 9669 246 6060
25 5192 3197 4194 4048 2439 3625 5986 5039 1643 3399 6033 8863 1918 8704 4574 2666 4534 3727 3934 6330 7268 1677 9178 9834 1082
25 6783 3918 8548 284 5779 1845 4063 5914 6548 3300 2552 1828 6299 2712 6704 9211 7027 42 8389 9063 2554 763 7017 6595 2203
9 5299 3005 2957 1830 5511 5656 9262 4256 2053
21 7013 9231 7534 3115 3152 4055 8621 4155 7708 7832 2003 806 9597 1782 407 5736 9648 6917 5471 1207 1972
18 7401 8290 8784 210 1913 9127 6422 5803 3981 9844 9303 3450 4002 8401 7440 1682 8402 9525
26 4855 8489 873 412 4806 5249 1714 1597 9774 5320 9739 5427 1395 8966 2363 3884 9149 4680 9746 2830 4149 4295 5361 9635 6241 3812
20 7463 5218 9274 5090 1755 9202 4605 9357 7037 9441 3454 6743 7972 1327 3153 9747 5456 8171 6750 181
29 273 7864 874 6029 3666 9419 2696 7171 7445 4775 1790 4734 9838 8268 8974 6240 7626 2903 5850 3634 6590 2158 8270 2822 4551 5683 7214 8718 9326
26 3167 7891 7373 849 6927 1762 9458 3609 2972 9208 4628 7148 5278 112 1499 771 4430 3154 9389 6988 2499 8451 9484 3111 737 9766
14 769 5227 3024 2973 7662 2984 3793 5702 4767 5526 5630 4784 2633 1555
26 3444 3249 4467 6066 3213 7474 261 8669 235 1370 2010 4719 7327 3331 2789 5200 8041 7835 6230 5623 3084 5150 392 7035 4803 2845
18 9305 1492 8574 7602 3058 9130 4017 5553 4361 4678 7964 7888 8778 1574 6351 5273 9736 4962
21 4377 6485 9495 1994 6842 7994 9972 9062 883 4406 4266 9321 8212 7615 8593 9275 7932 9788 5114 1743 766
3 2247 7325 7678
19 9563 6199 209 950 4205 5695 3451 6237 286 6727 1748 7267 7560 9780 6583 6384 925 2746 6364
28 2135 6150 9869 7172 8059 5799 3949 7387 1391 1930 576 1624 1753 1291 4621 8258 1485 1857 7887 9491 191 4983 9642 9676 7985 1115 3313 8897
28 2949 1609 4184 439 1963 6023 8412 5260 9623 5451 3673 6821 624 2546 6897 8015 1671 8643 5085 9174 4480 7478 2946 1044 9792 3273 7527 247
22 713 9864 5756 5678 6380 6270 6597 4824 8748 3894 11 8906 7966 738 3299 220 2255 7124 1483 9443 6976 8000
29 3696 9109 751 5050 1282 9604 8220 7624 4248 5122 5958 9706 6020 7094 5793 359 4097 6847 5745 7625 4444 1279 341 7814 8735 1052 5318 7953 6260
29 6412 7180 2642 9757 3537 5628 1494 9505 8058 7843 9574 3772 6824 8745 3266 686 5614 9386 9367 1936 269 8144 6837 8487 4723 1826 3688 1020 3969
29 8703 1323 9282 7557 8042 3818 952 397 4353 1820 1774 1756 4489 7007 9268 4710 8010 7815 9404 3423 6183 7261 2161 5735 3357 6844 7409 82 5376
29 700 5213 6206 2717 2110 7562 7081 821 2874 2154 2923 8299 3841 213 9730 3195 3538 8771 8709 2761 1126 2148 9590 810 9010 7980 2819 8185 8057
9 117 3257 2198 5566 1729 100 6399 6544 1452
14 3442 8158 5636 5732 8995 7912 5701 6832 2156 4104 9968 3341 7713 4277
27 6695 190 7792 168 9634 6825 7933 7761 3895 1979 8760 3285 4009 1471 9029 3980 9870 6823 5943 6957 2779 73 4438 4996 4522 5443 1009
25 1543 1605 4112 6338 2934 1647 8259 9742 1459 7659 7077 692 889 5482 1042 2991 9578 8676 8977 968 7218 438 8083 6603 5370
16 6831 3358 1325 40 2267 4912 1166 1933 6621 2097 4783 1077 5325 2257 2521 6770
24 3156 9935 3910 8285 7380 225 1745 9962 7805 1299 8830 9541 3962 4878 7790 3982 2125 5965 6653 440 5884 5118 6365 1642
24 8518 9405 2711 8338 497 9497 6062 1872 6582 8901 6751 7879 3473 4454 116 5350 1578 7265 7233 1754 344 8923 4823 437
26 6901 3640 3092 4703 6503 475 9842 1968 1415 7724 4866 2040 6683 7587 8775 7090 9355 1789 558 6551 8474 1028 9552 6569 5773 1713
29 5769 9090 9813 3105 6856 2952 6272 2320 379 6883 9607 6682 8883 5052 7582 1463 5132 7031 1505 2387 9946 7836 6895 5731 6052 9773 3892 795 6613
27 9393 3236 3773 3108 507 4403 1182 8996 4981 5221 9659 8997 8903 6137 7982 7299 2295 6126 9415 4535 4671 1056 5439 3046 2138 2286 3620
28 7913 3475 9289 313 6893 1152 4270 254 8481 5610 1747 1740 4368 227 1606 8729 5759 8315 7144 5932 2046 8295 8238 5545 430 906 4338 6221
18 7040 789 9030 8766 2731 4643 6618 425 5076 3859 8026 9790 3216 5083 4565 1342 6636 3088
28 6403 1949 3565 1693 146 5861 4397 1297 5256 463 5569 9056 518 6578 1572 9422 9247 2489 4708 9802 6781 45 6074 9591 1301 9184 6959 3631
27 3855 3651 3368 1186 5662 5724 2377 9912 30 2366 1907 5556 9917 7321 6318 6947 1769 2672 6626 9245 1617 2703 1074 3543 9614 8113 5543
19 2384 1411 6801 8598 8457 6948 6011 6754 8409 1329 5956 8392 623 226 3014 1575 7603 8674 4186
28 1515 8425 1588 3083 1873 7246 2119 1864 2220 7078 3556 543 9785 3992 5908 1136 198 4386 785 1413 7780 3109 3844 5368 7725 4140 7601 8054
21 3371 5237 3188 5182 9164 832 8876 444 9822 2547 8111 7519 4837 8919 3766 3180 9494 165 7123 9061 8607
17 9325 5991 4773 2024 9343 8818 6468 5677 6828 1829 5198 3080 4364 3043 9690 9776 1966
19 1992 6849 9806 2216 4245 3435 3759 649 9228 2760 4221 9022 2153 6785 5565 3919 1469 1140 722
17 9675 4693 493 4202 8575 8854 6871 6407 1246 3926 4926 9200 9522 2615 2007 3185 1602
30 7928 7198 4109 9586 5539 66 7278 2406 5514 2612 3075 7525 6915 9292 6970 4173 4468 4191 631 5015 9094 4458 2050 7476 7955 7335 472 1019 3386 1134
18 6198 2641 9627 4482 895 9537 5838 3770 2395 3133 4498 1791 5373 8872 5976 2062 2431 6527
27 6807 5387 6756 601 8768 529 7019 1110 7604 9553 2548 5305 2191 5625 8347 4889 8060 309 4182 3889 705 2827 2460 1497 9646 1118 2544
21 8640 3826 7355 1539 4278 6205 5801 3428 2371 6103 706 7354 6214 1462 7052 3853 1928 7539 6073 5046 1150
26 3869 7993 4196 4285 4613 9171 2653 7643 6902 2921 4689 3610 7823 9103 2851 8732 264 179 6701 5960 5048 7673 8327 5077 1805 231
29 4435 7512 3821 5712 8682 92 7856 7315 3247 7516 1466 3174 67 7842 2978 8763 2389 2012 253 4152 7720 4010 966 9606 1636 8934 5551 7161 142
23 4307 7108 6630 8079 4944 7221 163 8815 714 3231 2274 7820 1450 5778 2303 2195 5707 1216 2491 7524 4142 343 4013
19 8670 6793 2109 3352 4893 3144 3846 4316 7771 9076 1172 5800 7089 4180 1540 1285 5044 7039 5939
19 3253 3575 9602 2783 5303 1046 8595 4552 7829 5879 1096 9479 6622 7130 1328 3437 2150 9914 5616
19 9449 2031 2167 4990 9375 5014 9612 2866 1836 2707 221 7202 3681 7288 2321 8744 3971 7766 20
28 375 1013 6192 3739 9100 1738 5603 6930 2842 7749 6839 9023 1914 7353 9183 2468 8248 4370 6660 8388 6691 9695 6037 8322 1795 8404 1088 5606
12 8329 4208 5983 932 4118 4492 5159 1976 1823 4799 3035 124
21 474 3608 9072 2841 9490 5271 386 6262 9699 3678 6166 9197 4271 8579 1611 8441 4968 3954 7008 5063 3120
29 5868 4260 2681 1518 4028 6705 3169 4089 4031 9701 9823 9694 9934 5026 618 9143 4789 4730 5851 9437 1732 6109 8999 289 5895 4446 5280 9577 8217
29 222 6135 7314 35 4035 2482 7041 4300 7274 1947 2315 575 6083 283 153 3763 114 8931 9315 2524 1089 8894 6028 5264 9123 1892 9937 6417 1948
29 1040 2788 5425 1503 7883 4544 1676 4163 2906 7592 2479 4314 5708 9727 1516 7619 385 6030 3446 1253 3659 673 8604 5223 8436 8341 2698 9977 9916
26 1005 7129 481 951 381 2781 6639 156 6659 5070 698 2370 5061 9456 5739 1375 5863 9423 5590 571 4934 6950 5248 4820 3611 1887
23 1105 1111 956 8348 9952 3098 8945 3474 7967 7998 1283 1073 8076 9442 1818 9848 9958 2342 619 410 26 1131 5825
22 3555 1372 5890 8536 2333 6026 2732 5713 1081 4623 5910 2042 5730 3913 8291 5097 3908 3881 5893 9501 7694 3861
26 9550 3325 6971 9002 7245 1179 3062 2557 7806 2535 5872 4518 3416 6171 3406 6077 6175 2496 3649 4991 5151 6421 9210 3298 8087 2840
24 5424 8024 4794 4225 3594 6101 2745 6082 8506 8373 9436 1236 9111 8280 1596 2403 4341 3282 7841 8230 4390 3887 1343 8957
24 84 7398 457 8868 1222 9209 2857 3657 4857 8014 2089 4290 2244 7142 8048 1654 2911 3306 2588 8522 6941 3151 3914 1015
27 5693 4546 245 5120 1272 6305 4913 5100 7770 3754 4566 4125 776 1946 2084 7192 4874 4176 7908 3118 38 2705 5871 5869 1427 7146 1378
13 1135 9579 4898 4504 4067 8501 6489 9398 2795 1659 5555 5037 2659
18 3578 7113 4853 2541 8753 7855 971 4922 3240 5607 7946 9971 8569 9312 7391 7356 4156 1653
24 4894 1406 1121 419 6563 1381 1706 3996 1373 3244 2699 2391 4129 6136 2704 4702 6592 5846 7184 8168 9013 8808 5390 8138
20 9140 109 5006 1908 1601 4024 7256 2527 2415 6041 4453 4625 527 256 9085 943 3523 888 9918 5631
26 9799 9649 6200 9735 7692 1565 3623 8486 9073 1008 6140 3372 6386 4906 4647 1702 760 2971 5980 915 5924 6889 1586 424 7163 6350
27 6706 9347 7406 1260 7174 7901 2817 3122 6197 4496 9358 9542 9867 9348 7292 6996 8986 6561 207 1893 4303 8452 2594 2210 7537 5312 6170
24 920 4781 5089 7876 9512 1496 1331 3952 7187 1198 2601 1045 338 1590 1031 1964 3700 7168 3567 2199 9351 5 4466 4325
26 2559 5808 1030 4720 8085 4318 8742 1189 7697 9950 7370 3584 6203 2359 4144 2443 4333 4110 3485 8066 3944 1467 7269 879 685 8947
19 7956 5948 1142 3199 2000 2919 4034 9101 23 3071 6668 5754 8663 1495 4600 4542 431 9536 2508
29 5717 5113 7546 7554 1460 9037 5082 7558 3901 2397 8033 1924 9299 8755 2506 3359 1604 7345 1457 7895 1162 651 5207 5251 16 2113 8949 6210 1646
25 2695 9452 7975 5955 3026 6601 5409 4872 9496 6178 2141 8193 7384 2390 7392 8616 5183 8165 1265 1262 7868 6611 9603 4707 5059
10 961 7889 9316 1655 476 8397 7304 4817 7133 4399
27 372 3596 608 4807 2686 559 7344 8272 2885 9106 1709 134 7734 285 8050 9605 1618 7332 2863 5671 891 6553 1811 4015 8430 9638 7049
27 7952 3208 3317 989 9620 4854 6698 4328 1710 1417 7987 6921 7009 1592 356 7583 5589 8875 3769 6768 6812 3214 8130 5676 3702 7460 8350
18 24 739 4233 7446 266 3054 3760 788 4631 6700 3002 7803 5459 2671 7509 7358 9024 8850
28 768 8073 9286 4410 9064 3477 921 5844 1752 8148 1612 4533 9225 6187 9331 3689 3198 7447 2367 9310 2069 1397 8454 324 6051 322 8210 5125
12 4090 7320 1869 306 2767 3492 8196 6080 5774 913 900 8001
16 9084 7471 8832 4826 3936 3911 5918 1356 8046 4189 1576 2457 2253 7281 3402 7111
25 2869 5743 7379 8973 560 3393 7812 6331 2052 670 1389 6312 8242 1870 50 5966 8651 2772 2803 1957 257 8893 4570 5147 7937
25 8962 9473 4624 6645 8421 8882 5837 7679 2977 3731 7914 3796 2213 8920 3747 6282 1432 6760 6640 5946 9601 2806 1599 9721 7641
29 2356 1773 8786 854 9180 617 159 2753 4227 6426 6056 4711 4851 9113 5292 8539 4280 4746 2419 9807 3725 3804 8537 3831 5542 2103 371 9048 939
22 3654 5284 6539 4357 5805 2587 1486 4740 9218 3670 1401 8639 7469 6014 3010 4692 182 3741 8123 4501 3586 4091
32 4637 9463 825 7683 1175 5036 1537 1942 4871 5105 21 1048 4916 6326 3340 4992 9899 9122 4765 7449 4234 1765 9953 960 8180 8205 6788 8 9560 9369 6748 2530
28 6115 7287 7768 2440 2982 6024 7916 6946 6333 355 395 8177 9185 5767 6734 9155 2662 8016 8776 9337 426 1542 860 1665 5404 9827 2312 6185
11 4150 4706 3779 1399 6349 7839 4192 5883 1680 2820 3069
26 3988 1860 1177 6425 7685 992 5853 709 189 5394 8911 8516 9498 6858 7672 5950 1615 5947 5488 1708 4081 2087 1607 7485 6876 8994
27 5885 2536 4661 1986 1491 9065 6762 4969 5684 2910 202 8097 4942 8250 9224 7782 964 4954 2459 2647 1877 54 3280 3652 0 5953 4120
28 4379 8459 409 2112 9527 6280 1250 9156 7176 1271 6367 6769 7368 9863 3738 1687 7728 9352 7199 6732 2334 4183 6534 7297 1195 3860 8098 2724
27 311 977 3615 9492 2673 9133 3524 6596 880 9361 9298 2396 333 7285 4382 4190 859 7400 6500 8286 8880 4375 3324 2298 811 6685 7115
12 541 5858 8309 5663 3036 9138 2288 446 12 4000 9600 2358
6 7399 1024 1267 3191 9738 7110
25 7561 3951 8902 4016 6575 5287 5426 2388 2025 3845 1800 8624 6605 1772 6325 6226 4262 6267 9005 9840 9350 432 4606 6487 8008
24 4143 1803 2184 9018 1443 9408 9333 9987 7062 7006 6528 3570 4650 6385 3916 2891 1675 7084 6295 5493 6015 831 8278 7042
28 4494 6493 9965 1843 9314 422 8806 2790 716 7822 1069 9038 582 5313 6556 4578 28 6224 687 1188 2379 6065 3898 9198 5455 1809 5003 1300
26 568 1874 2209 3370 3854 4331 459 7817 9724 6728 6436 8068 4323 634 1666 4745 451 6278 4812 2080 49 5633 3863 4909 327 4599
17 8950 2436 5507 9549 6446 6647 1725 1912 8339 7075 4052 3488 1408 4695 325 7002 8321
26 6228 5875 9012 6922 5351 5428 5124 7778 4937 5864 4096 4701 5852 8427 7107 7201 4026 1853 3472 6394 7242 7050 8777 4054 8898 6342
19 622 8376 5540 290 3051 8353 8378 9151 6907 6864 2383 3039 4330 3212 3893 1690 9363 2378 9515
20 1833 7230 9559 2425 2212 6980 9438 917 53 2369 4681 420 3125 8707 204 7450 2836 5446 9673 5244
5 6541 3196 3396 2573 5891
26 6961 9985 2881 8772 6538 9761 2404 7456 9440 8407 3271 6064 924 3123 8166 970 9629 4360 3296 1533 6899 4753 1400 5758 8374 6467
22 55 5491 5214 8816 6454 4645 9647 4699 6579 3798 7493 6345 3314 6591 5127 3641 8714 9271 5460 5714 5179 8120
28 29 9920 5562 2769 3305 4211 2854 689 4044 6803 4919 201 851 6490 1382 2325 9618 765 8756 5612 5930 5319 5177 148 9461 7869 1923 6870
23 1664 9052 3068 5626 2077 3082 3970 1098 1302 454 793 3753 2765 2850 6612 1124 5128 2447 9161 717 1277 6107 1190
18 9523 1630 4255 1777 8110 4555 9159 8560 8062 2054 7508 8562 6722 7809 6725 6323 3591 8276
27 9283 2538 1010 6413 152 5228 9475 9570 1311 5465 2122 8857 1668 361 9767 9416 3805 7125 6071 9715 3268 7423 2807 8380 31 4127 5848
22 9216 7210 5205 9485 9345 572 9242 8719 628 7893 2708 1616 6852 8005 2726 783 9168 9745 7559 5637 1559 749
18 4842 4885 6951 3602 8192 3809 2721 3000 4971 4963 4077 1333 452 8770 667 9545 9417 5944
17 2576 3990 7372 935 4953 8951 5238 9652 8316 9368 7266 4608 8605 1087 2130 9354 6494
26 4346 3148 1002 3685 9837 4470 8687 6043 894 1107 2918 4943 9308 276 3878 5750 3254 9931 4161 401 7310 8613 6087 7977 406 2276
16 4948 7585 8448 4020 2060 4749 3775 5400 847 8237 5247 8788 3028 1093 2540 1898
25 1888 9852 5771 6012 4658 633 1256 9019 5190 5438 5768 7022 5916 123 1419 4408 5989 3716 7514 3886 2064 6433 9589 1479 3644
16 734 6558 4421 3375 1627 6480 578 8827 7122 5141 7863 8216 5549 1878 5538 4023
26 3149 6658 8573 4107 6173 46 990 8984 8214 9482 4559 129 7106 5880 2894 7910 5518 3056 4095 2114 1987 6010 4451 9650 5760 4243
22 7119 6752 3991 9804 6034 9576 2355 4792 8686 9632 9077 3498 5306 4365 9150 4547 2348 1770 6525 3888 1856 8596
31 4214 5034 8207 1252 761 9923 6719 4356 9963 8288 9896 2417 6211 2945 8650 7352 4626 8469 5401 7258 7308 8002 5928 3720 1698 9797 8765 2679 1055 7824 1212
25 157 4428 3334 9702 1910 1886 2126 1937 6850 6391 320 4881 3959 7646 3013 9966 3516 7279 6841 5726 236 5544 329 5563 8124
29 7862 9636 7208 6584 8504 9481 3326 1943 5567 3710 3425 4892 695 4219 1266 3973 7802 7272 6167 78 1649 5781 3063 2529 1895 4308 8541 6819 9906
21 2986 6110 3947 6430 1365 7777 8116 4858 7903 4301 5492 5506 390 131 5873 1157 9499 9517 1043 5415 9215
18 297 1651 2780 119 6764 9949 4930 2362 4838 9519 6830 3797 5072 9454 3275 4348 5449 3110
28 1978 5359 5025 6220 8034 3366 7096 7633 7569 7931 1598 2938 3079 6708 6290 4979 2596 3389 9148 4737 4900 2182 9340 4463 4752 2902 1359 7441
27 3103 2079 7638 8521 8219 4065 3905 7301 5041 1461 8693 3501 3813 4915 6478 3379 1567 1648 885 8600 7181 6599 1658 1683 9714 2411 5988
29 5341 4414 9255 7196 1245 1620 2260 3465 4074 774 744 7538 6604 3511 3391 7302 1237 7331 9173 5229 7963 2858 4563 5204 7112 5937 9004 2818 2163
27 2912 8055 7648 5686 7686 2105 6213 9234 8263 1338 2568 7222 9687 5139 7462 985 4845 6790 5038 9615 747 8365 5820 3238 8666 5547 5020
16 5716 7329 248 6475 2651 2900 7135 1422 5123 6838 893 6437 3031 6513 9335 7581
19 3281 2123 9385 8653 2551 9134 7043 382 7924 8502 7935 1029 9941 8833 5166 1229 7405 905 8047
27 957 3138 5017 483 7494 4862 7068 1660 6757 1911 5473 8007 9534 4407 6396 4165 1183 7388 2466 5696 1070 5075 6343 9865 5296 1003 5629
23 6724 6735 2904 6634 4940 292 9165 8909 7503 7488 3295 6987 2309 9734 6692 5925 1965 6510 3385 5505 3820 8655 5979
29 445 7553 8198 9705 4938 8112 5241 4696 7769 3507 6462 2994 6891 9725 7137 8126 9108 5022 9016 974 4422 6535 6291 1287 6981 3781 758 707 3259
20 3693 5112 7248 98 982 1324 1023 7139 703 7313 9857 7480 2223 3558 4419 8606 144 3033 8131 980
8 2020 5358 8462 4246 3566 9617 4027 6285
13 8395 902 4665 9349 174 8235 534 6992 3484 5068 5652 562 3626
24 2008 8848 8382 3605 7579 6967 4744 5021 4209 2498 5031 6540 9933 7598 551 5945 2890 3337 323 2131 1760 4079 2326 5841
29 8406 2714 5748 6186 8796 1884 9158 6359 4828 52 1392 1368 6730 4440 6888 8437 2016 305 3448 5203 8805 7431 478 7055 460 5489 1890 2172 5501
29 5598 9996 482 4558 4137 6048 6896 3418 6279 2164 9882 2989 5380 2400 683 242 1882 2381 8003 8117 8241 9206 8472 9861 4540 5436 3928 1210 2627
19 7141 9128 2118 1997 3842 6357 4709 9044 17 6289 1336 504 8943 3965 4554 3518 2243 5697 8535
27 3471 8586 1054 5957 2635 2937 5866 1109 3203 462 4117 1603 5211 8933 6231 6142 2995 5448 8052 6773 1749 6124 3441 2487 7436 7166 5108
22 3030 6924 8440 9251 6397 6432 4218 4148 8199 6586 2775 3653 1798 1360 7606 7517 8267 522 7289 299 7350 9311
15 585 2357 6307 9696 7690 4659 595 2797 377 2515 959 8253 3749 6933 9172
20 8840 2512 364 7153 6174 9399 340 5791 2034 4265 8013 4670 4178 7752 9120 4760 3671 1242 9703 4918
15 8102 328 4836 7882 1509 9273 5962 1831 9054 800 405 6798 3628 6234 8824
29 268 7104 5554 2518 7193 3194 494 2407 8533 4787 865 4358 2636 663 6678 694 9009 3525 346 3374 4952 4780 1133 4434 8507 3015 2259 2773 3617
26 4495 9137 4630 6128 506 3493 7191 6672 388 8721 8470 8916 678 4217 5512 7461 8381 668 162 6712 520 9756 4367 9339 721 6018
23 1353 8209 3362 5417 7750 9881 8649 6962 3660 399 7179 4237 9295 9957 5266 2392 9893 4465 301 790 8352 4311 7496
27 5406 6884 7249 417 4656 3636 9645 2556 8798 586 1861 8976 467 2068 9212 2414 7018 941 2091 3852 167 9040 5812 5973 7881 1705 8022
30 8342 9685 1959 7787 4587 2033 4099 2275 715 5824 5709 8491 7231 2622 3328 2614 5464 9658 8077 8922 9253 3150 411 2970 3604 9622 4199 8724 9700 2509
28 1528 3758 8835 2056 611 6580 7746 105 6161 1393 3561 5527 592 1431 2876 850 3142 2027 1185 429 3551 7639 6796 9129 9371 7834 1478 7093
20 7640 1593 1995 9575 5107 7682 9186 1623 7545 2149 5832 1144 983 6448 108 8939 5057 669 6993 757
27 583 7704 2455 1326 7628 6809 9364 1412 8610 9644 1123 8431 5587 1796 9091 9583 9488 2555 8465 4598 9892 8514 3806 4774 6914 9214 9829
26 5649 3468 8324 596 1369 4327 7830 6223 9272 1330 1840 9884 6235 3145 9471 5638 517 3248 5935 1153 4611 6546 828 8641 263 3279
25 2941 8435 9011 4782 8831 5642 2434 1746 4213 1016 1071 6939 8334 581 5217 5355 7470 8633 745 192 1868 7833 4005 6 9532
19 8204 8566 565 4250 2754 5952 353 8485 1896 130 6848 538 2532 37 1688 6483 7549 7680 8330
23 3025 1984 1524 6710 9190 671 2171 9624 5635 7791 4899 8544 1727 3161 7003 8525 9984 5531 3412 3533 2094 8279 1645
30 1735 8021 3603 4666 6526 4021 3102 4130 6094 3986 5094 3902 2231 9237 8361 2700 5611 8887 4674 7797 3497 1440 6100 4132 5185 36 6958 5485 7459 2813
27 5304 4959 6208 5156 8530 4595 2368 9027 7915 8662 8017 3436 3948 2837 9460 1493 7531 9327 8817 6758 7550 5270 9066 4169 1832 1231 1022
29 741 627 6296 7243 6742 6398 9678 8652 2969 2565 2907 6519 9001 126 6908 4259 2694 6286 7486 5963 3076 5828 7204 1390 2583 9014 4040 4281 6111
28 5381 5990 2657 2537 7434 415 8101 9232 4939 2534 5172 3141 122 4060 4620 9170 8513 1885 237 5795 9716 4412 8468 3792 4568 6853 7714 8700
27 8559 6740 2649 1 8937 4880 553 2809 8182 3496 7132 5216 2990 6332 8362 3404 1941 4754 6667 9279 1571 9587 5469 6096 6035 2516 4042
27 9979 6747 9845 4003 2409 3778 9070 5847 9980 3597 9444 1761 3130 836 4004 4822 7945 3018 8528 5467 9875 5030 5688 8363 8503 9025 3021
25 4829 5815 4119 3155 9379 8540 9655 5032 6726 4188 1822 7721 815 7500 7473 1990 1035 6195 8685 7175 5797 7996 2196 2597 3569
22 3743 4511 6255 3554 3583 7785 1441 5457 5116 8659 4667 9433 7021 4473 3078 8415 5734 9989 7541 625 9995 1998
18 9581 8699 4867 4011 9798 8132 5897 1906 8802 8602 7054 9786 5599 3856 5002 5149 4861 4908
16 1269 4200 9631 5888 6438 7209 8151 8860 8164 8296 4159 1531 5583 1337 6542 2939
19 6321 8345 1541 8051 9053 3711 101 5936 1926 2372 1507 6193 9794 1726 5923 1514 2410 590 6084
26 8520 3029 502 3445 6985 9033 3345 1521 9516 9849 6181 3877 594 7250 9969 2282 3960 5199 9588 9502 4556 8386 5435 6032 9146 8490
24 6039 4965 4714 8627 1781 9783 6081 2137 2560 4486 6130 3509 8749 4890 5066 4380 1361 8859 4672 6968 8372 4759 4273 8900
11 3457 864 47 2967 8071 5138 6496 2725 1952 7611 4177
27 8728 5818 697 2605 5620 2323 7665 3904 147 523 6909 5064 9230 1047 2947 9447 7177 1707 9509 8570 8913 8589 8580 5362 9220 1456 7681
21 4687 9544 5535 1233 6498 8609 4344 969 6932 3811 5163 1448 614 7860 1317 2494 8471 6145 6328 1347 9803
18 3564 7116 442 4733 5783 8615 4070 2533 6086 4721 7518 9280 911 8053 4193 3637 9281 4951
16 580 9246 5887 7934 2464 1319 884 2202 8197 5142 1426 3206 7593 9336 7154 9956
28 6649 2026 6125 7337 7211 531 2385 1583 843 6865 7793 6898 4768 5559 8811 9435 1358 3801 1554 6372 8985 9057 58 5839 2998 6227 2691 7825
19 61 4537 6765 9925 7291 2808 2438 9365 2638 2579 7338 5175 9599 5949 3126 9668 1226 3664 9309
29 4788 3160 3786 8803 6141 1474 9263 9222 6882 5933 7898 7167 3449 9474 8067 8829 217 9244 2868 5397 8255 2317 5378 5146 3327 8647 447 4506 7252
14 5161 1192 3536 855 5524 7845 5822 1080 9660 3224 5294 3698 6445 9749
20 6952 6457 9469 3050 3220 2217 7595 3165 5835 1891 7164 3182 1248 7220 83 7506 2376 4545 1086 5269
25 6456 4437 730 3193 9843 2640 453 2563 5921 319 1203 7247 9096 7786 6310 1806 8734 2188 8006 8221 1903 421 778 1931 9374
28 8179 9974 3129 4228 4029 8671 2665 4888 2108 1257 5770 5878 8366 2021 1307 1154 2451 4529 5000 1011 3835 2968 899 5811 1614 1641 8941 9940
22 7877 2899 1955 8133 7190 2751 8992 6006 3344 1719 7852 4609 7505 7378 1321 2469 8202 1579 2145 1174 9131 3857
28 9207 2838 8224 3921 2250 9832 8030 4400 1859 2680 5959 4690 6447 1387 90 9092 3283 195 9688 8846 7976 6383 7200 3957 5776 2421 7011 8154
23 7799 4648 212 9654 6729 2585 2394 3434 1004 3476 6806 7689 3547 3222 9902 3595 2582 2155 4950 9760 4735 3612 3388
28 489 5572 9874 7312 7442 1106 1349 9177 4819 137 9006 7237 6444 2634 6679 3336 9431 5117 8592 5588 7038 9521 4061 1213 6782 2238 4911 6127
23 8420 6877 4154 6749 9179 7732 2187 691 4989 6156 1051 8307 7807 3072 6974 723 8975 6935 2194 7530 7079 8340 3755
26 8675 2748 1208 1416 1767 3979 8779 8428 1810 6975 7726 5747 829 9468 6017 9905 6440 7589 466 637 2643 5148 7303 4267 2609 7472
12 8184 9763 7483 7348 1661 4284 7295 3838 9811 2185 9960 7568
20 6424 2426 9944 448 3542 823 127 4006 3297 7280 1991 3922 2606 234 9555 5476 1950 1076 840 391
17 6160 7082 8346 8146 9871 9457 3117 3261 7515 7794 8645 4014 1061 3955 7753 8623 807
27 1866 1635 128 95 1201 8194 3940 244 5915 4302 6681 3269 6953 4805 7735 5349 2294 4694 2485 6229 9124 3658 9973 3703 2100 1341 4286
25 5245 2742 1640 2856 3420 376 7263 7216 2072 7873 3751 613 693 7620 9455 1049 8358 2446 7225 4116 9067 756 5896 3480 1137
27 3692 1734 7637 7085 1684 5135 6346 7555 9639 9229 4924 274 1953 6146 103 1736 1763 2879 3526 3715 3780 8488 7617 2200 3872 1261 5232
25 8578 2480 9341 1985 8018 3124 7532 81 5786 8926 4039 5519 5259 1116 331 3506 2420 3695 1351 8983 228 1808 7951 4904 8119
15 7468 8394 4517 1631 1187 3040 6568 834 3627 1865 1258 4041 3897 4757 2170
28 3239 2006 2539 6567 7253 660 8523 1768 7498 4224 6406 2740 3968 9718 4964 9683 4827 9791 6506 5115 1437 792 2550 3405 7938 2221 4049 2273
30 1993 5393 7631 9104 7668 3721 2578 2602 1700 3505 7614 724 2501 4106 5600 3593 1989 9193 8336 2416 3822 6508 2743 6723 2929 9567 18 1472 8480 2117
18 9121 7194 5568 544 8074 6543 1117 6791 5834 652 1404 8781 8684 3899 5230 5499 8375 5855
30 9901 5654 8254 3840 3502 2473 115 6163 979 6674 4561 9136 736 1629 6854 2360 7160 5196 4053 1858 5912 5328 2886 5806 8183 9656 526 3255 8424 7789
26 7911 3170 5307 9751 1346 3439 7466 2229 8460 2715 1850 6552 2644 7653 2351 9448 4175 6371 4287 1161 6673 2637 2908 926 9915 8847
30 9411 842 2147 7323 1863 4615 7811 2115 1504 2023 5329 6619 2218 6866 2129 8359 2522 6225 2584 5261 1764 7317 8092 9154 1983 1230 6257 1547 3589 7173
27 4882 8739 1804 9769 9511 4652 896 3530 5782 5725 5670 6920 7091 1715 5360 5882 5035 9594 6320 7892 4108 1506 3571 3719 5978 8178 6405
28 5902 2791 2495 640 9712 4639 1511 546 8644 9264 4282 4772 7904 9079 4712 8294 4771 2328 3613 9413 3303 3348 5740 3095 1148 2608 3284 79
23 1563 2132 2505 4584 5941 9889 9566 1264 4947 2713 6116 9239 5741 8668 653 4461 6275 6846 9257 251 8865 6817 3762
27 7229 166 720 6069 1102 7535 1168 1458 2875 5372 4550 9420 5154 6184 7944 3395 8697 2462 6949 574 6419 7756 6207 7719 8265 9860 1569
20 4066 8449 9805 802 9743 8236 7684 25 7063 3059 5274 1927 5084 5749 7660 6294 1312 7426 4716 3097
13 6965 8713 4507 9954 5062 4697 3383 7059 7992 1549 9637 1288 5399
24 610 400 6265 3938 6356 6814 5043 7941 8257 8801 2796 5092 3494 2478 1286 2617 2895 9883 8387 9726 4239 5840 6514 4432
12 7318 2928 3866 8554 32 5433 4326 8243 5160 1376 5821 9573
24 2429 8104 6327 3114 2207 1263 6744 8819 2365 6860 7566 6400 8473 8162 5418 7412 7717 5613 1014 1205 1951 7597 7374 4319
17 2278 945 2782 5602 2352 6969 5366 2128 1220 987 9000 6451 4317 389 6795 1801 9472
27 6633 9191 7430 6474 7492 2776 1453 4617 886 118 1589 9720 5998 2444 8545 4682 6778 6995 5136 5496 2092 5624 7396 488 4931 2922 464
18 9020 1090 8040 1628 1667 7386 2160 8970 3746 6067 3225 6687 4769 9507 3787 6302 9290 1730
27 2774 8792 6245 6615 4585 9710 6247 2291 8510 1799 4642 2901 5411 5005 9376 8432 9835 7942 2331 603 6628 1025 4181 3113 6978 7053 998
16 9626 7575 6274 7921 4849 1171 4459 2139 8140 6759 8907 4416 8716 3679 6191 5817
27 9291 7846 4761 3966 3807 5584 2930 3669 4147 6800 3127 4499 8988 1501 1905 1340 4276 9083 6055 1243 6259 4580 5894 7029 2300 6650 1962
28 9187 5744 2566 5711 8187 3958 3482 9284 4249 2373 7796 9592 958 3489 9877 3360 9531 3706 2674 6623 9535 9047 8095 5162 540 770 8910 9304
25 8509 9087 6879 3750 6926 3121 7715 4036 5999 6027 9059 3517 1974 2283 1092 4425 2616 9568 6177 8482 7044 4728 8612 3880 2271
16 2418 7671 8810 1289 746 3978 9323 6872 868 5414 2650 3984 662 2824 9850 4296
3 4586 9459 7376
24 4644 2654 3839 4776 2035 4664 4456 6642 2374 2151 4660 1296 4567 7871 5186 363 5098 8305 1156 4928 7241 8877 7899 7182
28 2327 5487 41 2305 3319 7438 9858 8617 3228 8229 5907 680 8031 2364 8289 149 1405 471 3548 5609 7744 8677 937 2940 9717 7577 9558 4750
25 4098 2106 3403 5816 2470 9429 907 4477 2290 8023 8027 9421 515 7599 1622 4831 5165 2063 33 6144 4530 6614 3559 8723 4987
12 6694 3202 4811 9115 3871 4185 2073 4057 3286 644 1254 9938
7 219 2736 7813 9921 3733 3931 2862
25 1815 1973 4366 7414 2513 3946 357 7197 1255 3645 9630 4388 8841 347 1036 2553 6256 9391 7244 3128 7722 5342 4641 7733 3380
10 7227 3246 4994 9467 8626 139 1385 9891 953 2211
27 3008 8979 1218 6058 3047 2927 141 4415 8895 3163 2144 7099 556 4974 4254 8443 5013 5079 479 8757 4751 5644 5874 4418 794 4122 6063
18 5222 3067 5541 8614 5650 2771 8804 8303 8572 5784 5454 8371 5408 6964 9334 557 1038 1510
25 8271 4352 8998 9992 3211 9240 6737 8741 275 8383 6469 1656 6802 814 2380 3223 3943 312 2872 2692 8866 7069 7533 1001 6997
25 9670 3104 1223 1500 2663 8403 91 9964 2702 8843 1960 8547 5532 4092 9302 1696 7848 7897 8886 8114 1225 5591 1147 1454 9999
15 2176 3774 4222 4037 3189 5595 2855 7359 7995 4242 7968 5111 1718 307 1446
26 6361 7451 1970 2261 7034 8367 300 2075 516 6905 8743 7205 7502 4198 6387 973 7195 5807 9663 6099 5515 7669 6481 7758 9990 845
27 2944 8978 4299 2382 3789 6222 5452 7907 5101 9160 6488 8646 2526 510 1824 6675 9572 2549 6646 5561 2349 9332 5926 9307 393 5293 5665
22 8564 1625 6836 9947 7884 8529 7642 8694 4638 3086 1274 743 8479 4814 4509 6355 2127 2287 1127 7731 8625 9887
29 113 5060 150 7226 5503 7203 8938 178 1309 7457 6179 8826 7949 1771 434 8025 278 1130 5655 2236 4032 4612 373 185 2747 349 8260 3656 1304
9 3321 5384 2189 2452 4960 6588 781 3234 6610
19 3647 9021 1548 8961 8807 9959 2545 3600 5246 9007 748 4633 8515 2301 3172 796 3975 2227 4354
21 6913 2422 8588 6818 6703 233 7630 3521 4263 205 7032 7925 9825 238 9017 7688 8809 5977 8648 2032 9770
17 7716 8231 8969 1197 7105 9028 1380 7083 1490 2475 9446 6461 9390 6388 8423 5592 7700
6 6607 8277 7465 6021 1430 2591
24 2313 8323 8351 5212 6340 1902 7816 3646 1476 4293 3765 5134 3694 5157 6777 8039 4012 3312 8139 7228 8838 2816 9719 316
26 3168 5721 3833 5917 5263 704 5374 5298 833 384 6363 9181 4847 2832 5618 4448 5940 1122 8837 2262 4401 7487 2839 6212 616 7223
27 6900 4223 9543 4404 6076 1721 4798 1568 5632 857 194 8492 3912 8218 2678 9674 988 336 418 5845 2628 7215 4729 1573 3929 7739 2169
21 1724 271 1527 4088 7464 3635 1032 9285 6564 3242 9204 664 2701 9781 6944 2318 2361 1204 5225 8543 4124
24 5402 5746 4717 7149 9611 3977 4997 4597 7454 6382 1775 5421 3353 5110 5410 5787 5407 7300 9008 4741 1935 9993 4268 5055
23 3667 5332 2330 1470 514 4543 9142 3761 5396 819 7328 8496 9529 2655 5420 5987 5521 2815 4339 5889 2914 3945 4197
8 2507 3329 4502 7737 6739 5091 9569 1293
28 5343 7677 1276 8637 4602 241 8118 7010 7513 5074 9859 947 1591 7403 8115 8234 7262 2590 4500 6792 5283 3728 4310 5596 8211 750 224 5672
17 554 3384 3017 7444 9708 1638 1632 9248 6092 1678 5831 9119 5431 3287 5461 4577 4490
27 7088 8715 4673 1580 3414 8188 5576 993 9975 5995 7894 599 9221 6047 991 8304 6249 2350 1925 5178 605 598 4927 7818 2277 3229 4929
25 8587 1100 9744 6293 39 1716 9192 7296 897 408 9366 184 3956 490 8442 4464 4229 3563 1694 2005 8834 3677 5322 3903 8870
28 9698 315 3830 4705 330 7479 1436 8851 8266 365 2722 740 4591 3277 4168 4076 5796 2101 1703 7970 1219 2067 5705 2289 4350 8690 8884 6721
27 6418 2963 332 9657 2799 6537 2706 6657 3499 7045 7389 3757 7866 6772 1435 5102 8565 4373 8680 4340 525 4261 3923 6112 7943 6113 7404
23 8698 7346 5250 7065 5317 6416 7012 2085 2785 3582 8476 4738 7584 2175 8790 3529 609 7702 8519 4553 818 4305 2618
20 6780 7357 6202 3585 3398 8379 9948 8585 3230 1085 9414 7983 4676 2347 9909 6317 1552 5130 5931 4795
7 6767 1689 3263 2497 4957 169 5982
29 4056 5510 3541 7874 9464 5674 4503 8990 2121 5481 3963 7647 4988 2859 7521 5681 8656 6509 4572 7838 1608 7740 5814 5242 7136 3452 3042 2964 3619
27 6044 8426 3557 7152 853 708 4398 2558 2234 4564 3924 4073 279 3447 946 5605 5639 577 5577 1849 4230 6702 9775 3400 2019 3417 3825
28 2531 1852 9890 8419 2041 8546 8038 2174 8691 5785 731 5220 7101 9250 9050 2728 1099 9088 9500 3800 6390 3882 7416 7484 6881 7772 5854 7410
22 3410 6851 5285 2036 3112 657 7808 6460 342 6120 6696 8705 6861 495 171 2682 2739 8845 7644 9217 6046 3705
28 5881 9768 4815 2338 354 7276 120 2270 7629 9324 1934 5314 9110 6414 6308 8081 521 3662 2778 6427 4427 8577 314 755 1367 2814 6016 2664
28 1879 3424 6536 4657 3038 348 643 7971 7857 4515 2037 887 3808 8281 2461 2493 3642 4505 2354 287 2120 8683 5311 296 1191 7151 3347 6479
29 8086 3849 4863 5158 4450 5913 8981 2192 7865 4821 8293 9384 8127 841 2190 7723 8498 9318 9201 8532 3810 6281 2569 6482 9793 86 8429 2564 5504
16 8189 3891 4349 5240 8128 3732 4607 8737 3373 711 6677 6301 8551 6609 9988 1626
28 2828 9691 8157 4050 2235 922 7548 9381 5550 2898 3862 9226 7654 1875 9722 2561 7520 3392 7273 6554 6972 5447 3158 3942 9434 176 5900 9227
27 1794 7319 8410 7277 5187 4171 6132 3099 8956 3874 6699 6085 7743 72 5911 2762 4210 8215 5643 2562 5570 8201 1120 9711 8701 1570 2586
27 7849 9595 6003 9562 4297 3057 7448 4756 2477 4884 4111 5486 9508 9554 6176 6504 6859 9762 2226 2860 798 1021 1234 6088 7390 962 8195
11 394 8629 2718 1744 9074 111 5964 6991 2502 7290 1425
29 6269 8774 3462 9254 7698 9118 646 6805 3622 508 7691 7366 8793 5763 8844 3074 3927 5528 6797 7439 9885 1600 7238 4956 1377 6533 901 3264 4158
23 6843 3459 9078 8823 2639 6652 1232 7745 8245 4244 8261 8814 1217 9879 6608 3650 5103 9932 5010 2405 4967 3890 8070
16 5027 9851 1221 1550 3453 1215 6589 252 7613 4337 4332 5974 8942 4215 465 3204
27 7709 5698 4980 9680 5627 986 9564 5405 6243 7872 9800 7594 5523 1720 2504 214 6415 561 4810 4548 1442 1536 2961 5536 2610 4047 9796
29 7188 5856 3426 3795 5054 645 8190 2173 9539 7080 2835 9758 9709 7552 733 4423 803 1298 2757 7858 9551 6624 7158 1362 1728 6973 6664 2864 5646
19 1332 2520 5282 8991 4493 6251 967 3790 2804 2241 6515 1129 1158 3335 7591 7257 6288 5395 9296
11 4475 6377 1670 2269 6520 927 4755 5302 8552 7251 143
10 7064 2915 1313 4973 3539 6644 2030 9196 3713 3346
8 8213 2784 6450 933 9819 552 8597 1880
18 8787 5500 428 8856 9116 5422 2613 7118 1211 3909 3997 15 7341 4777 3999 5909 1119 5513
20 3697 9306 3381 7962 3707 4086 3832 4457 9480 5755 5648 5333 2689 8364 3995 8861 3407 3687 8959 6300
25 6912 3490 4879 8638 3315 9784 5042 8904 4675 3085 4978 7340 3387 9616 4513 8354 9772 6194 8751 1663 5647 4883 8654 9176 4531
18 4536 4170 4080 9557 378 8273 2044 1143 8478 9034 6531 9489 5463 7 7696 8044 994 7649
25 6656 3572 9045 9625 8035 3205 3624 3173 1787 5180 5385 1519 4970 2719 5552 8314 7333 496 5363 7828 5330 8240 3041 1751 3737
