31 6428 2805 2202 6200 7979 2293 4784 738 5670 1127 9436 8466 4281 4582 5854 1721 7167 8190 649 8171 4861 4269 2102 267 6139 6713 2571 1446 5021 655 7911
31 9475 1141 5557 4996 9592 2212 1677 5506 943 6364 2522 7387 3955 683 5265 1358 982 7700 8401 2488 7041 4245 8521 4324 7501 1686 3015 9064 7029 3826 7559
31 45 9159 8590 1186 6234 5226 4250 7176 8913 7960 9338 9499 2243 7000 5332 8066 3747 8860 9140 2231 2113 1806 9028 7862 8308 4531 749 1615 6564 5562 2518
29 1566 3581 5008 9441 9227 4777 9629 1689 3489 8004 1749 6954 2314 7962 1353 3343 6905 840 6775 9230 6880 5518 2392 818 1428 6442 3305 2134 7690
29 156 4322 7781 2890 4169 2135 5949 2375 2687 9990 3086 2230 4728 1003 1621 4312 4955 414 8082 2726 4778 2180 1153 7486 3141 516 2467 7270 2388
28 6975 2086 498 8625 7442 4009 1913 2609 939 5862 9317 9526 8558 6735 1504 7558 4610 2792 8271 6035 1478 4000 1500 4721 7604 5678 2810 9895
30 2717 9194 330 4239 9966 2186 8526 3669 8249 1810 3487 9720 1723 2539 9068 4045 1726 6841 52 2270 9195 6984 5888 8789 8788 2731 7214 7371 2901 900
30 7849 9925 159 7173 1100 9621 8250 8634 0 2403 1370 878 301 1934 2675 1968 1866 1173 9262 2684 8198 2127 4007 7469 3699 5101 8736 852 870 2406
32 4467 962 1038 8678 7636 3582 1644 3411 6519 674 7317 5975 413 6287 4892 6809 861 5786 6565 6621 3594 3973 4554 9114 7902 6602 9032 8637 4384 4548 3202 447
26 6430 3860 9568 9019 4476 1994 8737 9186 8483 8215 2946 8435 3806 2010 8713 9659 4572 5362 7548 2764 9789 2302 1576 6008 9866 3375
28 5254 482 9417 6935 5826 593 4053 1243 6615 4031 5601 7531 8231 8185 7114 7053 3535 3602 1741 3414 5929 6825 9950 235 8164 24 5042 1793
29 2995 1938 552 6655 4034 4227 6049 7944 6389 1064 5700 8602 4591 9249 4092 2944 2982 6594 1225 7023 9429 7685 4528 9649 2796 1396 3148 4897 7908
29 6198 601 7216 5938 3866 8277 5744 1770 7561 5434 1218 7767 6310 7682 3786 5378 3567 6494 9480 8208 2222 9722 5657 3157 2819 5918 1150 2386 6441
28 2870 8724 1925 3772 1756 404 4104 703 7866 3984 468 594 1402 4215 4420 9595 4700 834 1955 742 4203 7034 2875 1811 4798 9535 5960 8932
28 5832 8183 89 9606 7367 2339 147 9762 974 2891 3134 4090 1453 7212 7630 5614 7578 8331 4513 5979 5364 296 2483 2667 731 9687 7123 1099
30 8103 1769 2583 1021 16 5598 706 899 4550 2233 2722 6233 2735 9839 4696 1056 5994 4317 9312 7437 2029 2598 4781 8557 4403 5445 4884 3173 4556 1185
31 8450 7132 4989 5511 2963 2841 4252 320 4672 7405 8238 5055 199 2913 3241 9261 9552 3470 3890 248 2650 6023 9062 8772 4705 9034 6305 467 6883 8265 722
27 820 9360 1040 8717 2767 3610 8791 4017 4647 7082 4212 8115 157 9931 6119 4946 6853 5977 2073 4849 2025 2261 6153 3404 2957 1235 4576
30 4611 773 2954 8733 8445 6027 4597 8620 6186 2892 3212 8358 3191 4612 2404 2704 3920 3641 9981 5468 9746 945 5656 7665 5589 5660 2054 5507 7066 1993
31 701 811 6402 9836 4156 1794 2258 7393 3715 6584 5297 5647 642 2066 8142 5732 5409 1511 3253 8230 9807 1945 7263 1318 7342 8247 6654 4518 9100 277 4361
28 4182 839 6959 5472 3172 4152 8178 150 9149 3545 3194 1920 4343 6741 7587 2216 4085 3754 8703 8664 9744 2784 8174 6447 501 9731 503 6014
27 6507 1143 5334 8624 9974 5499 174 9451 51 5904 1548 4136 7589 7739 5356 8498 2663 9626 1850 579 5814 3224 4593 7544 5054 3829 9418
29 5482 1599 2793 5069 3260 3462 9816 4304 8958 9675 290 5304 564 7740 1552 4080 2692 325 9922 9944 944 3980 8451 4468 6325 6013 2911 5050 9914
31 6261 3075 5149 2557 8745 1024 678 682 2637 3882 431 3813 972 2643 5913 680 3446 4902 5295 1732 5139 8705 4041 8079 2117 3948 9285 9023 9904 6235 1868
28 1134 7256 23 4660 8872 5945 6551 800 5935 4888 4818 4456 9792 2845 958 5590 3884 4868 1087 6896 4102 3221 2597 6797 7807 8750 3970 5988
30 9151 4801 3632 4766 3099 7742 3275 9504 9439 1012 4446 2083 8153 2412 3795 7104 5504 3674 5643 17 9875 5871 5449 6917 7717 6201 4228 8918 2456 1651
28 2234 9594 6214 8586 273 1855 5610 5010 1121 4241 3986 1389 1933 4382 6670 9564 8336 7628 7283 3789 2240 7933 3084 8110 4913 3474 4526 2980
27 7678 3827 910 4957 3671 8834 2499 1620 6412 648 545 3834 8371 6414 5268 6953 6343 631 7780 7420 7092 3578 6293 2478 6074 3366 2217
28 3353 3145 3775 6461 8778 9268 949 6866 7660 3481 546 6454 4402 2428 5214 3837 5001 4299 7093 7403 1722 770 9061 7523 3988 3345 3059 6065
30 835 8698 4066 554 2858 5910 2137 7719 1998 2680 3340 4124 3825 3490 4430 9160 3152 5485 6009 7231 8947 8340 5328 7498 737 9679 4380 7764 6969 9700
31 3155 2765 2241 5564 6363 779 2236 91 9880 4003 3989 2547 2986 8591 9448 9177 8373 193 8702 4162 2344 8312 2486 2476 312 2376 4196 5586 3008 9404 7414
27 8044 4671 2554 4650 8936 6280 6112 7111 9818 8008 8721 6486 3983 1457 2593 7881 3432 3433 853 6034 1514 6909 2063 5882 5618 2016 3232
28 5266 7179 5771 4458 2479 5783 2642 5850 4465 2960 2931 1182 5417 9501 2171 6998 5541 3325 8868 4731 9086 4209 6541 6887 5936 9586 7174 3570
28 5876 306 7918 2855 3867 8237 1229 7054 4251 8638 6385 1309 8552 8512 2973 2970 7795 4406 7879 2665 5866 3307 2162 8576 9065 4820 5513 9343
30 9670 7426 6796 9470 2396 1907 6618 3151 8460 8974 3166 3055 115 1091 9002 8475 9424 1828 588 3244 2580 6608 5544 6801 7799 2491 3940 2848 2431 4014
29 9053 8299 1734 747 9385 3744 3332 7878 2728 1007 3791 5998 855 831 6147 802 3927 2087 8495 5179 6803 7269 7594 898 2896 5275 9916 1345 4871
26 7674 9445 5492 3339 7151 1923 3573 5315 4306 8894 686 3246 5962 6904 6146 5816 6199 6529 5004 2729 9878 6327 4619 368 1268 3517
29 8078 8364 5756 7191 338 4627 9745 3904 8042 2055 3146 5768 394 9824 7431 6166 9893 2886 8303 4863 7057 7954 9146 4265 889 9517 491 5953 2288
30 6440 2851 5613 4568 8431 3410 1016 9537 5587 2846 3637 9689 933 8332 1963 6321 5730 6807 3596 6120 5034 3809 5995 783 9022 105 7478 937 4345 9941
29 3216 6557 8125 1746 8003 6516 3118 6990 2531 5556 9798 3850 6586 3631 9228 2576 3063 2278 6518 5640 8674 827 206 821 4490 5809 4683 6955 8351
29 2822 5062 352 3316 8699 5066 7286 6167 177 7401 3925 359 7247 6996 4332 3886 3895 2299 3880 9516 2816 5172 4485 6053 3661 3906 8353 3444 4171
30 3873 1942 3878 702 5115 1608 2873 8410 5138 74 789 2068 8413 1459 5450 7344 6438 5037 7365 3125 3773 4606 2196 8344 8388 1454 7106 9080 9645 8753
29 3187 5645 4166 7120 3268 8063 8462 7201 2908 6212 1081 4822 822 4906 1176 8094 7882 8288 5651 2974 6004 4234 6840 8836 3729 8018 4954 1211 4978
32 4891 4581 7235 7421 9785 3557 1042 5446 1821 4562 6037 5440 39 428 8329 2283 6851 6861 8269 4086 6132 3093 6805 6089 11 2732 7332 1115 8272 1607 518 6164
29 1959 957 8027 9735 7519 3049 8756 3997 8581 6296 3144 4443 5405 9216 7623 700 9794 2111 1581 4016 1273 8030 4426 8685 2844 8792 6189 8715 9577
30 3636 4830 457 4535 2145 2085 3755 7412 6419 6328 5355 2078 5963 8752 8436 2032 1736 9553 5212 6734 4208 4772 5025 5381 2197 7542 3451 788 4419 8311
28 2139 724 7222 7752 4976 7203 3949 2745 7869 6666 7352 5291 403 7242 4128 4109 211 7141 4719 1357 293 8690 6832 9001 2273 4708 6942 6172
27 7782 2351 563 9095 3757 4076 5218 3182 670 8511 8191 7949 9279 7924 7155 2327 4812 3394 8091 3526 7967 1347 3859 6929 3840 9109 9784
30 1813 804 6154 1909 2640 873 4495 8320 3203 5159 6084 7484 7466 9809 5817 6591 4883 8200 3820 9156 875 748 723 4409 6040 4936 5787 8771 9431 2507
31 9601 9814 3665 4543 1822 6278 9467 9310 3678 472 8147 8857 6456 3849 877 4779 713 7378 386 3378 9316 6333 6118 3538 5776 374 4984 3041 2306 6974 1990
29 1826 1466 5967 2777 8829 3412 9147 1238 5512 7142 2320 3494 9218 3798 6291 6175 3599 7500 2333 4618 1992 4626 8075 808 1812 6041 5543 4832 6246
30 1179 4804 1271 1816 3259 6113 605 7061 4642 3500 6795 5906 2116 1972 1879 6502 2237 1571 3231 4653 7098 4154 8508 7204 1669 4008 5870 3072 1665 6207
28 2758 4662 9940 4926 5086 4788 9898 2542 363 1419 5701 510 7792 7058 7556 4051 7823 8304 9846 8473 7140 6455 5629 9576 3734 3664 6639 233
31 3448 2198 9942 1140 5553 7986 504 5348 1784 1767 7671 7847 9910 54 7377 5219 2759 6048 7834 3276 4837 1757 2455 6636 2434 8043 2308 1801 1484 2804 5211
27 3060 1831 3051 1983 9636 7147 9329 8264 6277 532 2808 7941 4074 1392 2187 5199 1781 3718 1379 5893 7454 9514 4369 2523 9161 7747 592
29 2921 8644 4057 6416 7084 6123 6622 3528 5739 8993 7024 2629 9728 5018 71 3377 7831 3400 4118 7961 1940 6126 699 1108 9713 4811 5317 8307 1921
27 8786 9727 3460 9699 9454 8108 9356 5296 4388 7610 7345 3174 3011 3974 4633 9681 9040 1240 3031 8380 7391 6986 1538 8117 7089 5635 2155
28 207 7186 5209 1520 9120 3623 6767 8006 9795 9415 3865 3742 9704 5162 729 9673 9387 4310 1623 1803 8021 6477 5558 8955 41 7008 1350 7364
29 2922 6956 7984 6890 2252 5182 81 3079 4724 5502 7336 258 9081 2683 6692 2060 4737 3960 8233 6469 1159 3053 5019 2694 8747 1981 5280 362 3595
26 3766 625 5195 7230 1220 408 5925 8263 2989 7950 76 5847 6878 9299 5505 756 5498 2449 6700 6116 5180 8555 6709 7553 3957 1596
27 187 7760 1060 5815 6815 7870 9456 8000 2071 3330 9110 2148 8639 7276 3102 461 8984 6875 7255 3223 9691 8084 7970 5256 8374 2530 6787
29 2734 9440 8143 7744 1421 4018 1095 9235 3558 8262 2558 1493 4869 9769 7112 6072 8051 2419 2447 3539 9199 2773 351 3510 9805 3668 4422 341 519
29 2038 2146 4392 4318 6620 6681 6868 6634 3651 4004 2689 1837 6862 5828 7809 2540 9617 2364 2492 4894 8048 6855 4036 8802 1682 5725 8941 2952 2436
31 3709 377 7115 5942 2614 5868 8798 9182 9059 3887 3398 2474 4179 5848 8650 7265 6644 645 5628 1265 4357 5641 2880 423 1183 6335 7551 7050 2895 9838 5517
30 5959 8372 4757 3598 9175 3455 6520 2298 9107 437 1132 4997 8878 8616 2686 9217 4258 2753 7622 8041 5458 3964 9840 3627 3352 652 2572 578 7399 2582
30 5371 8896 7871 1275 9640 221 590 6309 927 3185 4334 7863 5290 6665 57 9344 8276 8034 842 8056 9005 1902 5992 607 7052 8567 6660 9422 4775 1154
29 5014 3025 8166 6003 1197 5416 1996 8873 5105 2001 2061 6225 872 1948 1642 5006 733 2043 4752 1252 8930 5143 2199 6569 3943 5466 7817 6842 6596
29 6599 6808 3179 6819 5855 5251 7572 541 1932 3167 5314 6354 8665 7005 4417 7615 5642 4244 912 6528 6870 3874 1208 9813 7923 8880 2123 224 8385
28 7277 9157 328 3312 1398 4718 8176 8572 4190 6097 7131 4290 8455 8826 1308 8942 9525 812 4187 3566 6913 1018 8706 5294 6136 390 8151 6537
29 9106 9960 8366 3471 5895 5082 6727 9939 3130 2457 9842 6552 9434 4011 6426 1713 9295 241 7684 9711 8570 9331 4319 1374 181 3607 3161 1106 3810
29 9058 8246 6497 9913 479 1558 5542 2295 760 2266 5802 5603 3515 3356 3449 6375 3401 5662 3013 2246 5061 6219 5743 2421 25 20 4895 2349 1298
30 2368 5524 5939 9743 6509 2352 5796 2591 209 2310 5568 4064 2857 9739 1929 8864 4365 4125 6760 772 488 6122 4620 2566 692 2567 1385 5736 8819 3048
29 2584 2672 6543 1956 2512 4006 1961 7259 6710 6817 4630 2955 1688 2502 5974 918 4213 6226 9209 595 1903 1116 2932 9402 4012 6324 6012 5257 9556
26 389 2996 5941 2933 2239 5726 5619 5390 9178 4130 8769 7150 9024 8175 4525 1640 1563 7825 6605 1663 2160 2065 9208 9778 2291 3870
28 526 3704 4754 4803 6382 3009 8500 9133 6162 9126 2011 7432 5890 6941 965 2581 2309 8563 104 6194 2588 3483 6103 2962 7746 8959 3403 5690
25 8980 7539 5917 3914 8053 2633 8046 1009 7592 110 9482 8801 6386 8842 5477 1613 3046 7783 5494 622 6619 9253 5231 2925 75
26 1579 8961 6857 4217 1380 2167 3033 9943 2562 6697 5292 5451 5379 3137 2697 1502 7127 4429 1949 8163 8929 1594 205 8105 6561 2611
28 2150 6891 6001 4088 4311 979 5126 771 3803 4885 3835 9029 9651 8038 1063 2193 4693 6628 538 3852 4826 8729 1912 1583 787 1881 6435 977
31 9738 4473 9887 5865 9052 1210 4286 466 5772 2937 6847 7472 9575 5106 9233 2761 7012 6448 9098 8196 5038 8839 3178 765 4210 2991 5391 2828 1027 7996 7527
30 3922 3169 6664 170 3177 7992 3346 6057 4025 4641 5856 6918 1747 3981 8254 8926 4240 1231 2045 3690 6558 1475 6281 8088 9353 2088 587 4257 6598 63
28 577 7639 1531 1614 2752 15 5683 3170 5887 1519 991 7423 9750 6581 1103 4351 4434 2975 8367 8800 4333 5933 9205 4326 5386 8731 7470 5240
26 9392 1204 5608 1014 5751 9790 2439 1433 2843 7942 997 7990 430 178 5540 2714 8217 4860 9644 3509 3712 5342 6932 2371 5204 2451
29 8172 3756 4794 34 1417 2051 4867 5435 5457 4758 9885 9921 1292 2019 376 6483 3662 6400 6195 6949 8059 9859 9620 2626 8559 4352 5489 5991 6575
28 6570 6257 534 5740 2244 6445 9590 3479 5163 6230 7190 9983 9311 8807 8095 379 4522 9671 5708 3217 9638 9193 2964 3354 8416 2481 9995 8898
29 6812 7175 3937 2 4219 2358 2138 8285 4315 8274 734 8055 9664 4295 4161 9547 4373 9292 6353 3824 7963 1696 3726 8632 3727 1361 5774 1653 2497
30 1711 5326 314 3560 9520 6481 8754 1804 5084 1248 4293 4266 9833 4986 3944 1535 4750 3113 801 4806 867 2159 506 7619 6077 7711 127 8928 5930 6511
31 3883 7382 1365 61 434 7430 606 8111 1306 1219 2654 4665 4168 6813 2121 8446 7310 633 8133 3371 6140 9105 160 4912 2978 3369 3938 7858 3758 7153 4131
31 8858 3288 9868 5914 2940 9150 3292 3731 7467 4950 7392 1028 9883 5474 2120 228 3622 5093 9588 2206 9021 2229 326 5754 767 7055 4741 7289 1629 9786 9510
30 3039 2823 4796 9257 9755 2323 4082 6267 420 4363 5192 3453 5024 3585 8796 8031 3301 8773 4070 9730 2742 7451 3823 372 37 730 2544 7966 3913 4188
29 5634 6982 5984 5237 4386 4181 4722 5396 9619 5369 5133 203 4720 2262 9464 5132 7069 4033 3790 646 97 4675 8252 6209 754 2422 4532 3522 7533
27 8725 2091 5503 6864 8950 1562 393 4394 6919 1120 5119 5096 1960 7308 4862 5299 4970 1351 8491 1884 7535 6080 9201 9962 1820 7837 8816
28 8346 9200 460 3442 7607 2337 7483 5028 1228 5289 3923 7692 2324 9810 4570 2321 9017 6685 3017 7137 7562 9433 3752 4571 8376 145 845 7207
27 3183 3562 687 3921 3331 1985 2569 7513 2161 1676 7328 7766 1044 6829 1885 6439 5924 1341 7168 3296 9225 9348 121 6667 3931 5551 9802
28 8598 7794 6879 6493 4249 8575 5525 2410 3156 1671 5533 8855 603 1170 318 4800 5154 1931 2164 8869 8580 6108 5316 2884 9633 3120 4585 6906
33 1434 7914 5097 9202 144 2570 7416 167 6395 5376 8874 1872 8245 2020 259 8137 4276 5695 2226 2568 4654 6054 3550 7160 1251 9486 9977 1580 1543 103 1672 8470 6576
30 9435 3720 3533 544 9933 4622 2101 6427 9936 7046 4684 6145 3415 6406 1452 5270 3213 8837 6058 1748 3282 9275 7905 9198 3351 8712 3779 9293 6240 2681
29 4935 7606 8870 5153 7798 5520 5478 134 5439 6708 4856 1395 8145 8686 5820 1598 2445 6712 4842 1075 8405 8202 5140 2285 3459 4702 1288 7885 419
27 4119 1568 7397 9219 4195 171 1093 7441 739 3388 7305 6224 2080 3010 3441 6743 5758 7591 1656 7070 5807 6903 1061 1378 6573 2814 3554
29 4974 7720 4238 2876 4455 4175 6500 6099 6979 1871 3078 3407 5497 4713 1145 2251 9483 1161 9709 5636 4464 959 5872 7714 1957 2514 637 4767 2367
31 1408 3181 7496 7219 3524 5308 5714 7464 6747 565 391 7039 8832 5905 1188 6450 3657 4838 1346 2026 9337 5288 5626 3861 7480 9291 3214 7930 2441 6149 8314
30 3387 596 656 2526 2906 6379 5433 9495 1839 1118 8224 7400 3147 9118 1856 7853 6930 7218 1523 6777 1561 9132 3133 5120 2618 497 1270 6524 3188 9604
30 5604 8339 5794 8273 7667 9242 3335 6764 1532 8655 6069 8047 2520 2463 1418 1409 815 3605 7994 3419 6900 2641 2471 6101 3257 6907 5344 8317 5284 6588
29 586 9890 476 502 4560 215 2391 1735 8398 4792 4178 1867 4100 2818 6044 9326 3677 9169 9426 7732 8822 8064 2377 2529 4222 8979 396 7322 8009
32 5835 4107 9366 1205 1745 3380 7327 5784 8154 8723 2373 8347 5830 1147 3700 4368 9122 1673 4103 6476 2271 9294 5267 4859 5011 2079 3998 3936 9828 5970 9410 2678
28 4764 5595 7689 2399 2350 8751 1283 8201 2334 6547 7745 9835 6648 4992 143 1413 2219 8843 3885 6307 5563 6536 4651 6911 2927 7804 9918 5269
27 9371 6897 8073 350 3396 8693 4567 3541 3427 2947 8628 6927 7838 2354 4199 6453 1376 1624 3077 7599 6852 5785 8542 843 3030 4923 3386
29 2635 7418 6578 6093 8875 8540 9115 5883 5863 1420 3912 8877 8284 1128 9411 693 4027 8414 444 7262 4899 5414 5710 8838 6248 634 9894 8402 4821
29 9189 5944 6640 3476 6351 8439 6554 9803 3647 4931 1269 4941 5083 237 6114 2666 7233 2484 1213 6020 7945 9605 7101 6769 2559 638 8501 8945 4747
33 3190 9340 3076 4507 5387 9754 785 6411 6652 2983 1304 5142 5597 5309 7785 239 6484 7953 2527 6977 6850 5415 7573 8692 7226 8102 2545 7618 4615 9099 3024 2809 9799
30 9191 1817 1348 7394 4436 2168 9773 4795 5157 1657 7468 4652 4774 8931 2416 9 2464 5746 5187 8804 7582 2277 1019 50 149 5173 8077 2789 3472 1177
29 8995 5383 8977 8327 3122 3783 8328 3341 9870 3313 3507 116 387 9672 8621 1221 6334 8023 4742 3466 8452 6642 7452 1900 2638 6506 7261 2556 7917
30 4172 5030 7946 2604 4717 2747 5051 489 8790 793 8588 1431 521 9497 3435 9455 2348 6075 5741 8587 2227 3600 1008 1162 9063 9181 6916 5729 5365 9212
30 4115 9213 1067 5310 7579 443 3847 6299 4478 794 4264 6138 2370 5080 4617 8630 3897 9674 1950 5043 3751 9265 8065 7073 8192 4905 5633 3816 4256 9204
29 4071 3832 3579 1499 9263 5210 6007 8463 8441 4527 7473 9412 3020 2589 7363 9430 8999 222 7813 1471 3666 9926 1455 8326 8742 9582 2834 2143 5470
29 7318 4049 6931 6168 7161 837 9322 1854 1174 4799 4432 5068 2426 1988 3303 7557 4146 7206 4836 6964 8524 8173 2987 9124 415 8893 5591 7655 2894
30 6781 5160 2874 8890 9428 35 9407 8001 8848 8486 9260 8668 9087 8691 5367 7919 99 6282 8667 5884 9706 9401 7819 708 5016 8708 6972 2357 5845 6279
28 660 994 8903 3746 2914 7144 9955 9461 1895 1317 8917 1825 4410 1914 9359 388 6512 3615 9985 9341 7293 2089 9661 9524 7791 1634 8574 8964
29 7883 8432 4068 2042 3405 4933 3300 3299 2961 4263 4958 8131 2050 2705 8248 1249 7757 4129 1654 6083 1582 4854 3358 7019 2721 3959 8024 2594 1773
28 3491 7642 2785 5537 9984 3898 6242 3537 9753 8469 9562 67 7388 1498 5104 5026 5825 2625 6571 6662 5649 8363 2866 9476 4600 7839 6843 3748
26 2182 528 7638 5668 1575 784 6295 5757 7664 3379 2656 6115 1661 3525 9630 6315 6695 5047 3624 2824 9069 641 8891 7926 3872 7234
29 9141 8669 1330 2195 7980 6658 3420 9457 230 5547 7071 644 2923 709 8334 475 1496 3740 3327 705 5111 6297 1041 942 9025 8895 4512 7315 3143
27 3117 9246 6754 7976 8884 6125 8050 93 7541 7105 4782 5803 7860 559 6698 8720 5655 3788 4308 3023 828 9074 8002 9863 5650 6157 5486
28 78 3482 8513 7351 1080 2144 7022 2918 1368 8812 7703 5514 4440 8844 6082 2893 7779 4470 5773 6232 1510 7302 7339 7520 79 3979 7537 5208
30 3425 1130 2069 4279 432 9980 8711 3326 2950 848 5384 5322 8562 5198 3061 9390 9876 9197 8029 4609 1006 1332 3561 4848 8510 1449 1943 5926 1473 98
31 9861 9443 446 3659 2860 6348 2058 9599 4273 5760 5183 3229 1000 2188 1262 8883 5947 6380 6768 355 3638 495 5165 3689 3577 5408 7730 2703 3308 7593 1778
28 6056 2648 3361 8919 4 2815 3318 7872 2541 7629 2260 798 3121 7321 585 4756 6617 4404 1101 6641 1982 9945 983 8306 2709 4872 7801 4605
33 6933 5552 1539 8740 667 6102 721 6452 2782 6361 6559 576 1096 7753 5347 331 3199 2981 5978 3650 263 5272 72 122 1090 329 9972 1112 1209 4762 6404 9873 647
29 1577 275 6046 9039 1390 1257 2096 4134 7693 4396 4062 6318 3839 6684 4813 3463 1886 1 8156 9783 2787 7266 1372 7128 4020 5711 8305 5780 8096
29 4189 8835 5462 2304 8530 8651 956 1802 9308 332 8214 5699 6018 9845 8871 2326 5040 1450 4023 1970 4932 1202 6273 3848 2862 940 4940 1738 1363
29 4904 474 7439 968 4716 9540 2762 8553 7993 1039 3743 2178 4658 4511 9796 938 2708 5573 7510 3549 6568 3864 2865 3438 3111 2942 451 3106 6405
27 493 9718 49 7552 9076 7249 3881 8012 5424 6750 7580 4243 3310 2743 2671 8295 1537 6526 5335 1234 9550 7440 5864 9423 8514 212 8694
29 3592 9696 4236 2418 3373 1123 1165 745 8911 9848 685 7450 1158 911 8775 4918 6846 2658 8519 4865 7479 6383 8361 1529 3066 6688 2329 8784 9192
27 9014 1824 5952 8969 2140 6922 6746 5079 2738 7680 9363 6574 6098 4919 6433 4328 5631 1291 6043 6107 3070 6593 4407 9347 3985 696 5044
29 3516 7229 523 6699 3950 3845 4030 1160 8322 1792 7407 9332 8605 5993 8489 3888 6106 1195 7848 6839 5625 3206 3676 18 5702 8409 1550 3422 6632
26 691 2163 698 6595 1410 6563 9258 2468 4969 1098 3908 1166 5852 1870 2730 2006 9276 9717 1058 5469 5145 5358 5571 6490 6513 7555
30 2417 1893 5898 9130 5448 1760 2673 5639 4247 9634 8760 5279 322 6174 4157 2125 2110 507 1591 6549 6031 3990 6702 640 717 3717 7731 7852 7978 4644
28 7937 3247 8850 1036 6910 1217 1592 2613 8182 6860 6609 1589 8482 8341 2872 6714 8333 481 3714 9578 3691 8127 932 1181 4735 4881 6656 531
28 1048 9740 1437 6635 4415 5658 589 8532 266 8689 1092 123 2984 9256 5373 2387 650 3822 6193 4216 6243 1570 3424 8146 9320 7435 3901 2494
29 4052 9589 1113 6475 6284 1604 4730 5580 9324 8477 3277 7554 924 5135 3389 1383 7236 7210 5246 342 9357 6679 8393 2257 3710 8953 8978 2968 7887
28 8424 2607 7380 422 1659 3836 8865 9585 7927 9854 1849 3603 5811 9303 4098 5191 3512 3085 9174 1246 976 3749 6467 464 2311 378 8062 9837
27 7653 1492 7402 2012 1597 8074 8266 630 1485 3176 8573 1742 8661 568 4819 6649 5799 9009 1534 217 7197 6499 2203 5032 1295 2075 2565
30 5046 6980 6294 5247 1124 8766 8257 8239 2238 3018 5121 6820 9964 3819 947 254 8242 6940 8480 9779 7241 7446 8676 5932 814 6920 9041 5667 8290 2719
28 152 5837 7015 5997 2395 5052 6686 7768 1032 2867 9051 7620 5015 3096 9050 4780 4595 9897 1026 8881 6420 4362 826 6577 3197 3589 1212 4087
29 2600 9038 9820 8120 7295 7383 208 2622 7675 5090 4163 9970 8815 2852 4602 2077 2631 8758 5385 2131 3000 1814 8010 8556 6251 1939 3328 8589 4690
30 7324 6720 8481 2769 9484 1740 4673 2794 2207 4929 3546 2948 2076 8538 777 5972 3672 3928 3329 3255 7640 6070 9449 6501 1017 1815 4995 3207 2985 6173
28 9168 8121 3972 3618 6407 2746 4096 5596 2322 3654 2919 4497 7983 7312 1905 4277 611 9066 5287 3728 7550 129 8485 714 6169 9438 825 7641
26 7576 9850 8592 2003 6211 4221 2744 8541 4095 4564 916 3609 2741 2130 583 1941 3252 3787 6370 4296 8648 7453 9947 6762 7805 4789
28 7245 6770 8017 1926 5680 6794 5857 8920 8349 2303 9889 3402 8437 3095 6749 270 9047 1073 5078 4253 2579 6579 2072 9277 573 9003 8240 2630
30 2603 8057 2864 128 5669 6973 6677 5144 43 1354 5523 4032 2276 6951 4226 5095 1616 1645 1286 8403 562 1699 7445 8433 1470 6921 3653 120 4771 7264
29 8709 3551 6623 9804 5896 3091 3556 4194 5976 1643 300 2033 8255 2114 9325 3409 9551 8459 3915 5858 9684 712 186 1337 7508 6068 1255 8216 9958
28 5057 3209 5934 2971 6556 1055 7110 6369 5253 1555 5023 8859 2397 9490 2546 7763 1272 6466 3408 5616 7 2575 8169 978 1509 4680 5361 5193
28 570 8447 5965 4046 4391 795 5125 8506 4370 8944 7776 2897 2017 4288 2220 4112 4843 5252 1565 1180 7530 1628 6 9865 860 5948 8768 6301
27 6603 5041 2836 7724 3707 2992 1917 9808 8040 7037 5404 1935 4749 8338 2185 1469 324 8259 847 2361 3200 8104 4105 7223 1323 126 9154
27 42 1846 8134 7026 7625 7158 690 2158 111 1668 7009 4985 1029 5804 8529 2181 2988 9946 154 7686 7169 876 2340 8845 5849 8387 7688
29 3016 929 7569 4327 9382 9761 6816 5323 8793 9733 9973 452 2255 8337 2235 4776 7124 8764 4043 8186 761 8809 7600 3163 485 2938 2904 4956 7460
28 1785 688 9695 1700 5258 3536 7065 9533 7045 3262 2052 9222 2682 1142 7909 6302 6946 9726 5853 6373 8101 897 3910 8535 6059 9071 6498 6017
25 6190 8654 9891 1758 9856 3644 6854 6553 4272 4990 8106 986 4748 7271 618 9487 9867 8 9333 4176 9342 7192 3226 1559 1508
27 3590 4260 6765 4480 5713 3733 1198 1194 6872 3315 6213 4294 4925 4637 9598 6758 8429 6604 3342 4073 9176 1874 1279 7968 6821 4965 3708
28 681 3210 5653 3201 2353 1795 908 7777 200 5879 525 636 6368 9844 628 1439 635 7999 7433 4649 5745 1072 614 9881 1518 617 2786 5823
29 6197 4805 6778 896 5148 7957 4703 1525 1427 1256 1754 3975 7989 8963 6696 4549 1495 1625 774 7797 3413 6858 7228 3614 9912 4998 2829 6179 2254
28 3153 8730 3119 3005 3696 9391 4298 7981 2179 3648 7761 5327 1618 6701 2056 604 7626 4645 5750 3357 5576 3022 7220 2328 1305 8987 5216 8465
26 1574 9662 2365 1442 9708 2838 5053 9220 8013 5983 5770 2977 2903 5718 1456 904 4143 6087 3768 4537 6751 4416 2712 2807 6217 9307
25 8854 1752 5889 191 7982 7575 1430 173 689 400 8089 6510 4180 2204 2508 2564 6938 9693 797 6517 441 6833 5491 3062 6730
31 3875 4980 6610 3333 676 3716 9825 4975 7278 6562 5704 83 2184 858 3759 5220 2015 2462 1906 5617 4886 7971 9298 2074 6478 7119 4479 2041 836 6480 1445
29 7148 6683 665 1175 4655 9027 7891 6744 7202 9442 2725 8943 4002 7001 7146 1052 7836 4541 9701 6381 3564 3294 3542 5764 6745 2448 8011 8619 2661
27 9488 2698 4994 7384 5244 2701 1412 3871 4348 5900 7062 6033 8813 5894 4578 3963 4538 4453 9901 8735 9610 7512 7306 5795 7156 5002 9969
27 4753 6668 9336 4769 2930 8421 5682 6643 4341 4559 8369 5000 3879 6253 1137 4614 5806 9465 6555 6071 9377 1546 8058 7152 3652 6737 7063
32 5500 9243 5206 1148 2430 9096 2057 6036 2853 8914 8289 7955 6171 2651 9116 5118 6272 7099 6134 5880 7103 7632 7959 8656 5363 3154 1786 2749 9113 9094 1503 2149
28 5777 5583 2205 3762 3680 2359 662 1707 204 9420 7925 8907 6882 6721 1719 1122 2972 8116 6792 3029 6834 1155 1297 5560 192 1022 3633 8799
29 5465 7337 3630 9459 3306 4715 4309 1004 6205 9853 1020 7409 6651 8448 109 5330 5767 4424 7221 5236 8827 5099 315 6583 6022 6159 9580 2215 969
27 7833 5130 8434 6032 7769 1282 9315 6312 2318 2646 7284 3982 3685 9185 2151 2475 505 7495 3140 3862 520 5709 9221 547 8228 8879 2103
30 6423 5801 3701 7864 3907 3186 7239 679 6874 4457 7462 4504 9072 6429 989 7171 1927 3805 4847 3222 1901 3658 3613 5039 3219 7616 1937 2779 7362 7348
31 7643 5388 9591 9732 8083 7482 4887 4514 9078 4545 9339 5238 3606 8734 9280 6006 1894 7515 2224 226 6939 4399 8795 3189 9603 2437 2926 509 9748 3334 4964
28 2772 8394 9747 429 7985 375 62 3804 3854 7880 4229 8988 4945 1915 9365 8135 5627 9998 7762 9656 6066 5234 2250 2264 172 5621 6133 2423
29 7080 6152 417 2755 9937 7952 7800 8646 9491 619 7536 2826 2900 3390 1494 9290 7750 5567 1702 2639 9519 5735 7465 3045 7738 9398 6626 4418 960
27 6392 9136 8710 5113 1152 4677 6566 5353 6436 7330 3892 7830 4546 914 4815 2425 6487 7373 4233 7254 6592 8323 4450 6818 2907 6332 8805
27 2440 2830 9117 7894 5456 7679 6616 9648 5401 8211 2909 4435 2044 9389 8348 8982 4493 8291 9965 9715 5792 7977 3946 4026 9358 2561 7272
31 175 2156 6245 7309 2965 4636 5224 2770 9975 9851 4736 5035 5584 9993 3454 3464 5606 6895 8497 5554 3916 2628 139 4729 2553 4255 399 5569 951 8539 3436
29 6229 7511 5903 6970 3518 2036 4903 8365 8518 9289 8912 4489 2040 9628 710 1135 5827 7803 7143 4372 3485 6095 3497 3002 7602 3649 6798 7903 8395
29 2849 1187 188 7449 1178 289 4486 9583 6550 6606 4153 4565 2390 580 7088 369 7546 985 7350 8825 1200 5824 316 1716 9900 448 7921 1367 6090
31 3123 5532 8797 961 8820 8072 5706 9571 1541 9231 7415 753 8976 9250 6060 1706 1832 5958 9405 8300 454 8301 2356 1447 3559 8803 4517 2999 8187 4635 470
31 3249 4349 2000 3679 8282 8910 3703 8831 3830 5301 4483 3228 9908 6449 5874 7077 7725 4727 7248 8866 7003 807 8397 5607 1827 8243 1834 3406 4698 7854 5255
29 602 1191 5213 9042 5109 1025 6292 2710 6752 9327 5407 2028 384 832 3828 7102 7159 1013 8420 9518 864 8612 5250 195 5402 2510 2444 6061 4184
28 9822 9321 9248 2649 5696 294 7361 996 356 6715 2097 8623 7007 8384 3461 5479 471 759 2490 4982 7913 8763 2427 7121 7090 5609 6269 6088
28 1808 8561 2090 1066 6275 4393 2868 435 8458 833 9793 7958 2833 382 6100 981 64 2521 4686 7627 8357 7224 5341 4608 1705 8640 6587 9741
29 6340 8090 4303 1556 5129 1053 9241 5637 2409 8641 5012 7727 353 741 3705 7948 8578 999 354 3621 4987 6131 757 6899 4746 4682 6397 7194 3107
31 2586 2517 7574 4765 2459 4966 952 2519 7299 7840 8005 5235 8309 7209 1002 4147 8015 5716 4139 7898 9624 7225 549 201 2934 5765 3081 7770 1010 2781 7021
28 138 3503 4802 2141 7603 5671 9665 7369 2281 5293 9545 1172 7340 2657 2424 758 6104 4191 3263 935 7017 8965 8606 6408 8682 5374 9782 9481
27 4466 7297 3899 2472 5117 9302 6703 2242 4745 5278 8794 4047 4284 1962 1853 7013 3869 5495 9911 5623 9399 5575 1995 4877 6901 4461 4594
29 7662 5336 6888 4870 1505 3851 1131 3587 6793 1602 1259 2030 8350 2465 2817 66 4492 6387 5927 672 6165 1355 8287 1479 1626 3760 3279 2007 1766
30 9543 2496 3027 5461 1890 7180 8594 5188 9622 8292 987 569 1163 55 9381 3344 9011 9077 905 2259 3397 3523 4121 5719 1951 77 3274 4592 4963 3504
29 6130 5703 8386 3501 3698 9899 4639 4313 7296 252 7304 2928 5169 8426 3220 623 1057 2174 2997 9142 6196 8157 8739 6534 1474 4580 6029 5779 85
26 7995 3911 7922 8261 9719 2154 1245 1149 3320 8213 4914 3926 664 4421 1876 8960 8684 967 2733 2210 9602 948 2537 8060 8548 9255
28 9413 8502 3128 6155 9772 6966 704 4621 4385 5071 5350 5480 5395 2606 5122 917 86 8310 3007 776 7193 1129 2751 5196 166 1638 5851 9527
29 8220 90 1768 4909 2578 4084 4942 6359 8840 6015 5964 2825 6993 9008 5752 9616 8707 8571 7624 1844 1569 3270 1658 9508 2046 7413 9474 5418 6051
29 9581 6227 3765 26 8438 462 2912 5022 2021 409 1011 7672 2124 9655 5909 5842 407 1858 1336 3089 9137 6259 4484 3447 5337 4138 5526 9444 6625
28 4768 7205 8927 8052 1241 9874 1865 1888 6331 9254 6531 7802 3131 5306 8915 3853 5539 4648 5060 3372 6937 4968 2883 7457 9705 2501 5029 9138
29 2265 8545 3656 3322 906 309 1276 7375 4454 2132 4833 8505 8035 3778 8109 1068 6530 9469 303 8444 8457 4920 146 6771 4510 4688 6358 2059 9354
29 7633 1573 2524 1250 9489 3019 4524 6944 2788 6472 5592 9821 2699 9158 6176 8124 5648 3359 2128 2460 279 9319 29 5217 2115 251 2902 1946 7722
29 5798 1424 4214 4710 3266 232 7988 3604 8036 2538 7032 9057 1650 6945 2869 1050 4706 1823 8086 8785 5452 1005 6260 3588 5950 7861 9349 1954 4915
29 1572 8607 3534 5632 5263 9907 5901 4487 1882 8627 6824 1899 3127 3321 1146 9712 6350 2740 6965 6827 5164 7571 4709 8408 4908 4381 990 2099 2791
30 9988 8207 4807 8503 3953 5724 6985 6859 5177 5406 597 9375 2760 1214 7846 5427 2615 5971 7676 8396 3142 2172 7198 8014 7754 4959 7281 2737 3769 4275
32 8946 5325 6062 8492 4091 9416 8418 8564 499 4575 5343 257 7906 9855 3488 3807 7035 5519 3250 4094 9509 9083 3052 6401 242 1311 9557 4666 624 8092 1791 6614
30 7851 5147 2332 450 1862 9817 6657 2129 3520 1477 7812 1516 38 9466 1483 4448 6462 9297 6288 3473 7398 7749 5141 1086 4366 616 7166 5928 1551 8636
29 5588 5535 416 4896 6237 9549 2346 9477 2027 7755 8593 995 7355 5441 3629 7702 3458 1918 4557 4056 763 5722 2190 1633 8810 2706 1727 2620 5453
28 3815 2550 3833 6871 60 4355 3205 9485 1299 8680 2835 9979 6434 4930 2560 9421 2290 613 483 9386 346 5922 1718 2211 6303 3719 6898 4901
27 295 405 5185 6936 1631 7408 513 2679 9554 7670 70 8159 4376 8007 7844 7200 5242 2118 6314 5620 6342 1857 5812 240 3083 7474 6135
27 6669 9166 1818 4151 3036 3238 2840 6393 1609 1074 5036 6773 7157 7588 9729 8139 2929 6691 2861 1922 1989 8940 7125 7107 6988 6542 7417
30 2223 7545 1805 6889 627 8726 185 4395 1253 4055 9067 2763 6378 7509 4551 1416 6802 8313 6527 4991 2023 4558 1586 3374 2360 262 796 6633 2956 2338
28 327 9446 4060 1751 8049 5436 1076 8375 117 4889 323 6893 9187 3543 8149 9716 8996 4704 244 3900 1438 9849 2282 3208 253 4827 4254 4678
25 7320 6488 854 6961 5005 3267 6437 1411 6572 4726 3484 4344 1261 6418 9214 7273 2307 5572 4508 7145 7490 6761 3355 5698 511
27 4967 3240 2442 9286 2049 740 9406 1777 3069 1233 8296 5259 5720 5943 3418 8158 536 3162 9512 4198 3673 752 1685 5813 8582 9841 4916
30 3440 8184 9635 1037 6150 4573 4323 1440 2489 980 871 1683 3553 5200 5808 7493 1887 5422 524 657 7497 8229 2856 4999 4584 1765 1071 6094 4135 5666
29 9111 3235 7011 5377 8193 5058 2136 3780 2274 5490 4921 4316 5579 8886 4167 9323 7932 2690 6505 1400 2831 4744 4462 9637 8749 8165 8484 4268 202
28 4078 7047 9584 7244 3702 1441 964 2435 219 8617 7188 6178 3251 8761 8990 3814 5464 923 6682 3935 7827 1331 6659 892 8660 7789 2668 973
31 8033 5919 3505 7358 9559 6869 4553 4282 8256 7835 168 7706 8939 2811 6836 2939 2287 775 6877 5980 1043 7211 8923 1966 4907 9759 3601 5859 7850 6546 7326
31 1386 4397 5476 850 9702 7845 8933 8022 194 9274 8260 7645 7370 7300 8925 1530 5646 8614 5003 2723 5194 2035 7274 1274 2905 88 4646 480 3138 7806 5065
28 9180 1030 4773 7335 8324 9139 6580 6522 8517 465 1104 2153 2495 6143 8148 7126 8975 6962 6958 7067 921 7301 9572 9112 9991 3038 5836 3082
29 3831 1359 8080 1860 3844 7436 7087 2232 6163 7038 1545 1526 1206 8956 2724 5075 7859 3287 3204 2453 9237 2958 9048 2363 7734 7788 556 6810 3531
27 5262 5324 3855 2343 8954 4137 4953 5822 7291 7036 7275 1524 1489 2413 4414 2312 2070 8537 179 5421 8136 5305 5009 6828 9774 9767 6806
29 6096 3265 4949 1807 4442 4248 9831 1593 8478 3195 5510 7815 4101 5352 6192 6716 5577 5076 2407 9928 4301 2605 8719 459 3426 4337 4346 1697 5273
28 395 281 3350 1554 5020 4307 6994 4193 7268 4844 7560 7532 5152 9232 2889 9046 1366 438 9663 8354 8126 8045 3527 2248 8061 3289 4502 7260
28 4077 6671 8286 8949 663 791 308 9350 1797 2799 9857 9309 2551 6706 1536 5081 7410 347 3617 1617 963 3996 5538 3196 65 7997 2267 9932
29 3042 1125 9460 3149 9073 9273 555 9055 9172 1603 4900 7816 7771 8144 225 8901 95 6492 6249 8671 3012 5762 3309 6548 7972 7463 2385 2850 7886
27 2098 2847 7695 3278 8765 1203 4734 5168 1242 6185 7213 865 6298 9902 3495 8221 5399 4451 3732 1334 9574 6774 9953 581 9765 4962 8629
27 1717 6330 4701 1192 9669 6876 8417 4356 5861 6800 868 3721 6601 9207 5114 418 5810 1190 5103 7716 7182 1731 7647 6203 3645 1399 4300
31 5455 3902 3496 9251 3811 919 3722 9394 6538 9531 373 1861 1444 8536 9414 5346 3978 6306 1033 2420 2192 1078 1481 8716 2109 8219 4291 4561 4353 9296 5638
27 6613 4474 3302 7020 2664 1138 8577 9986 5969 3784 7522 584 600 1774 4471 4072 7912 1780 1619 5338 3966 3591 9903 7094 6495 1875 7368
30 4114 8453 6347 5031 4050 7723 4302 7379 5748 2832 9919 1564 140 2577 6337 7586 367 2256 1117 5131 8138 9102 9472 5300 3493 426 5471 7424 2587 6422
28 7138 9742 1247 3640 1560 3347 5166 4358 2574 8728 1435 6814 567 58 8882 7564 3004 608 9396 5788 1362 8853 2778 8554 882 8270 5915 3818
28 4616 8468 6151 9408 9751 7865 8679 7338 7390 620 886 3035 7056 1847 9091 8355 6924 398 9144 1335 4022 7567 7360 4664 5459 8195 1136 5674
30 2209 4922 8565 6459 8714 1674 2313 3158 8122 3506 5550 5766 6728 5761 3801 8362 1819 3891 9345 463 6934 1107 7987 5665 2393 9698 3168 1916 8167 6479
29 1999 7901 551 69 1737 4408 2429 4350 2247 6160 5578 7059 5108 6457 3108 1382 830 1973 424 3976 4725 3032 4449 8818 3098 9134 6823 6952 9770
28 9351 9764 1712 7253 5585 7381 883 5223 6300 8025 5222 7935 5869 3382 1517 6653 5688 2022 9226 9775 3725 4155 6086 1266 1015 4674 8360 8696
25 3511 6600 9352 5151 7773 7605 8828 4413 790 4374 1436 7288 3026 4207 1848 3088 8496 5203 2317 7139 8672 5398 5789 764 7652
32 5260 862 7448 7458 7116 4192 8957 4472 9044 2176 3336 7122 3434 3314 6471 9763 4148 6170 3376 285 9641 5697 3736 7113 3977 7857 8823 2275 6266 7294 5227 7577
30 9049 2381 256 659 931 1639 3486 2797 6236 9270 4140 2382 1321 2500 7491 8732 7737 6039 1201 5094 6514 8456 735 5615 7991 5430 9463 4714 5681 5033
26 4398 2795 7648 5181 4739 930 8897 9954 1089 1215 8604 5600 4723 48 6786 8867 9653 4763 9026 9373 8962 442 7617 6184 3530 2659
28 3423 94 7787 8851 8906 5360 5228 4048 2039 3565 6252 9007 2014 5581 7033 514 7353 4924 9566 1476 1859 2284 1997 4360 9542 7002 5897 7936
30 1109 2713 8971 276 3064 6313 6485 5368 9272 3544 4520 9815 1709 8666 6208 4177 3616 9119 4059 6689 7832 3445 6067 8342 9948 894 5805 1486 1533 7134
28 9888 5673 4797 915 9632 7232 2801 8746 2331 2917 4110 7257 4515 249 8140 8129 6180 7570 7447 3761 8181 9379 4270 6784 31 2119 5717 7187
30 2446 2563 612 7611 6925 5460 8697 8569 107 6535 1980 4857 6191 9179 7025 3894 2372 2979 6403 6326 5931 9125 7303 6848 5286 1254 1393 1369 4354 5392
28 6950 1312 928 5128 4697 7406 4231 1258 6470 2601 5382 4519 5689 1406 5067 4676 6204 7585 3569 7504 8275 9364 7595 1404 5734 8070 2493 5987
27 7427 2297 8170 3781 1600 5307 9961 3430 7709 8253 292 4081 125 3477 1664 1391 8425 5463 6987 1388 2438 9335 1790 8081 4237 6650 8909
30 6042 4469 1364 5156 5534 2201 4278 4377 4880 1971 4040 7267 1695 8278 4160 3514 8688 101 5389 8199 246 6923 4971 1841 7713 6704 2487 1184 3080 1199
27 1788 7251 5349 6790 5313 2920 1322 5496 9376 8862 7928 1319 6010 1482 3692 3129 1156 7943 2898 9834 8635 632 3450 4412 1891 7422 1627
29 666 1062 477 4126 2166 8727 3243 4640 1307 8391 9127 778 6206 7290 8787 2315 2200 4202 6736 1649 1343 1381 9539 4150 44 7810 5161 2670 7899
29 934 8440 8297 2305 5207 357 2221 1342 2525 9203 4898 1622 6948 5840 9334 7199 8610 4438 5957 1684 4846 6458 6391 6489 5686 2214 6673 1522 8114
27 8267 9037 9930 8471 5318 8494 250 2536 8476 715 7282 6367 4603 9877 7514 9596 5186 3945 348 7669 8888 9657 7601 8846 2716 8412 2994
30 1641 27 8415 2715 8234 5 1487 8423 9425 2595 8258 1045 1085 8345 782 3028 8597 14 8319 5357 6863 913 458 9305 5155 2177 5536 9505 7178 124
28 8551 9791 4808 9811 5860 4858 3281 8235 3304 5530 9281 7525 3284 3893 9996 4934 3319 478 2602 6525 1987 9318 7376 6943 891 5844 6264 6216
30 8097 2191 6319 5528 1051 2013 970 4015 6978 8700 4292 1708 3563 3124 1223 1830 4113 8972 5331 6967 7710 7940 1979 9536 857 5527 9244 953 3159 5738
29 7609 726 8566 2048 9462 851 8251 2415 4204 4687 8899 4825 2645 557 7075 7499 297 7292 4475 46 1065 9245 6316 1978 3547 453 1540 3857 8194
30 1753 1035 810 2469 7790 9494 9892 2477 2009 6357 2943 1034 345 7696 1662 234 2951 3068 9528 8379 3475 3969 5089 8531 7998 2885 2105 8743 8180 6091
29 3256 6597 5721 1976 6410 4165 2677 3090 4589 5403 1349 9089 5791 6352 4943 4335 3799 6050 7208 7826 2688 8467 9503 6076 6356 3092 9971 5877 1911
29 4065 9692 8227 1772 7109 8162 53 5916 5875 4938 8123 2513 7068 2842 7346 3684 3961 9419 2133 4499 4876 5892 7818 8852 7505 3014 4981 282 3876
30 8544 4661 6425 5134 8204 2024 3114 402 5176 7097 3863 4689 6811 6772 6545 6376 4893 755 9511 7506 1984 8430 7389 1031 4733 6366 5937 4890 3540 7492
25 719 8085 5846 8356 4607 4628 3272 5911 6690 9593 3846 2720 213 96 9103 2839 6127 2458 4013 6560 8203 8935 574 4540 3071
28 1764 8205 7014 3324 3612 1462 2018 3619 6473 1301 5311 9703 5611 805 2800 6220 7081 8155 8016 5676 7085 4342 2953 2627 1601 6722 2585 7796
27 9328 1896 6231 3367 397 8968 1167 4325 5070 9812 6999 3456 1761 6399 9823 8210 1224 9530 6285 162 8951 2336 9886 9934 3421 2532 9558
29 5354 8657 5197 3385 7323 9625 4948 4089 720 7765 161 9092 2408 3771 1507 7893 1606 5239 6045 7956 6645 8863 3739 4613 5521 7100 5375 4235 8618
31 9282 8472 2152 40 1422 2401 343 2644 2674 1759 1083 3362 4460 4375 1280 2882 9852 9471 7027 2473 2366 5663 2669 3586 5677 8994 1316 9164 7772 283 1289
26 8595 9447 7183 1809 6504 7910 4083 4158 7743 6914 310 3094 5833 2300 9560 7425 8107 9532 3924 9013 6661 8527 9788 321 1001 537
29 2711 1468 4481 3932 5940 5654 2301 7915 9660 313 9976 3273 609 4601 5048 838 2949 4149 4738 8113 9614 5283 7657 1506 8770 9148 2516 3218 2528
29 7584 6791 9104 3987 9129 158 7016 6105 6286 7931 8330 4028 5281 1097 1829 5727 7778 9587 4389 591 3097 7920 7659 2383 4411 4841 7729 6680 4977
27 6845 3492 7329 2037 6912 236 975 926 7078 8150 5366 9862 9906 1352 210 2757 183 1216 5431 4206 317 7897 856 6867 3958 9724 6148
29 7136 1833 4170 6463 2756 4629 1612 9223 484 22 6523 718 2122 2998 6137 9959 6365 3574 2660 4604 2515 1324 3626 4505 859 1975 3962 119 4875
27 8407 3104 8952 1675 3150 7621 385 6274 4831 4691 6856 7824 907 6182 866 30 5531 440 992 2676 988 8633 5996 7164 7319 4791 711
29 102 7855 4122 6756 5423 9165 2608 6971 3532 8318 1908 4823 2878 3034 361 9507 2945 1743 3395 9541 4242 2374 1375 1800 1263 9383 966 6732 6202
29 9858 8128 8177 4937 5612 1239 5990 456 3480 5769 2286 9012 1919 9736 6873 5652 6384 4596 1710 9239 4225 7311 3165 1443 6431 9579 9987 2634 4329
28 8849 4494 7096 7031 6258 9967 6822 5167 8649 5838 5189 5329 4952 5063 5027 3896 7673 180 9016 3365 5684 2503 1277 1281 4437 3697 3580 6804
31 2378 5467 336 5675 3763 5999 2218 1300 2774 9781 7651 5175 7873 4835 5782 32 8550 5546 2695 7217 9597 1230 9639 885 9819 7517 12 4552 8774 2157 3227
28 7822 3929 9951 7279 238 184 8642 3105 7195 529 4583 1553 4851 2225 6991 4509 762 599 1729 1513 8449 7048 8522 1119 2959 6776 2879 694
29 4759 68 8118 1049 6421 3667 9183 8645 8904 59 6672 8824 9458 5072 6629 3499 6963 100 260 1077 1843 1782 7461 3800 2094 2189 824 5473 3634
30 3384 7793 5136 7929 6983 1448 7668 8093 1944 3770 9153 392 84 4428 5073 922 8908 9734 5493 7040 9896 2871 7565 4569 6239 5158 2398 5559 1327 496
27 5233 8934 8130 6718 8992 7117 841 8206 5064 3290 2877 1744 6228 1114 8028 2702 9521 4220 4024 5319 6241 5091 344 6002 5092 7568 2107
28 3233 7030 1407 291 1260 813 9184 3192 3215 8603 1852 1799 6763 3065 1636 5594 7829 6739 9473 1394 658 1703 9652 4038 7521 7246 1313 5561
26 3877 3681 3951 2147 4183 1222 7748 4785 9771 9502 2685 1046 6624 2888 6079 6110 6589 1284 8280 4463 4039 3239 3057 9829 6038 2504
31 993 9538 288 4200 8681 7526 2433 9994 6344 9173 2610 9618 8020 3646 1451 4230 5790 1763 7189 9611 8856 9843 366 9569 1869 9924 8241 8830 8236 6142 582
30 1377 1339 9685 4824 6283 6464 1542 4387 2142 9737 1423 3548 1320 8509 4743 1771 6540 4623 4010 2112 1356 4173 3947 809 8533 8981 2616 4586 5410 4659
29 2452 8983 8400 3682 5968 2775 9121 8673 3465 1310 2509 5501 5694 2316 2632 920 903 7733 1584 2662 5271 2621 8427 8811 8779 2170 340 1851 7049
27 1587 8504 5077 1278 5574 2106 9395 87 6268 6705 2887 4379 7712 8762 6451 3047 8900 2592 176 1157 8474 8188 9170 7396 7938 4707 411
27 9155 3991 598 4144 1588 6766 6409 5570 1680 4019 8611 1544 1892 8490 5982 2653 8847 7314 7372 8748 4624 4790 4850 6717 8658 6371 3808
25 3968 2803 8781 5298 7715 319 8718 8876 615 2062 2780 7118 5426 4814 9776 8054 7821 1528 8428 8179 4927 1958 8596 7654 5320
25 654 6687 5545 3735 684 8293 1898 530 6740 5059 6183 7072 7663 1401 5775 1169 7563 9171 5961 5088 1877 1333 427 2915 2296
27 8039 8568 1842 5127 1465 1787 7028 4205 3785 9035 5488 8390 2342 5737 3971 247 4439 8600 542 6355 5017 6222 2093 7951 1739 6647 1635
30 4960 4447 6265 9522 9806 8615 7974 3348 2194 1897 6276 2590 5249 1796 6026 8422 7307 2798 5899 500 8419 3597 4755 3994 8112 7154 6377 9388 7718 5723
24 1415 3575 5171 768 9864 4145 1693 7614 6707 9300 673 3180 9409 5419 7133 19 28 9479 6723 732 7477 3796 9018 6121
28 9714 436 9131 6117 9384 5102 6262 3917 901 1193 6989 9871 4132 3568 2369 492 4232 3184 2362 6019 5339 9623 7583 9642 9927 7965 3285 4331
26 3363 9031 9361 9797 780 9721 3741 5303 2470 6515 360 6976 1701 5230 6362 6111 955 8626 8098 364 114 6782 8100 8916 3468 7471
28 8141 7708 487 1863 9752 7842 9546 4452 7597 4201 5124 6719 9367 8560 8223 3073 7129 2754 1084 1775 8998 2655 5981 8032 5907 4058 7165 9600
29 4141 1512 9957 2599 6000 5229 6779 572 36 6630 3364 4988 5428 7612 7130 7184 6078 8321 9758 4711 727 7250 9101 4287 2718 8225 7697 4111 7456
29 7735 548 227 3694 7890 6995 7149 3858 3724 2175 1360 7108 9372 4425 6757 9707 4488 449 4164 7975 6394 8212 4075 8647 7683 2776 4516 4364 3116
30 4852 7343 5908 7969 1325 2768 941 3439 3100 4864 7243 8967 7877 3812 2617 998 131 8226 4534 9085 8767 3843 4283 1974 9766 4973 677 7004 4097 3399
27 2652 5245 3919 4186 8549 8381 2748 6218 5425 1082 8499 7811 92 3502 2549 8534 9070 1480 4770 155 6733 3688 6011 621 4197 1991 9827
29 9561 8523 6482 817 9515 4314 8970 2450 9240 3675 6210 2647 6025 3317 9923 9666 494 255 7285 5444 8662 7904 3655 4108 2533 806 9615 6830 7502
28 9215 6785 4099 3620 6005 473 888 4521 8493 1986 1557 6693 9278 643 169 3576 302 9162 9801 5630 469 1328 9978 2104 1227 1079 7608 2084
27 5370 286 5475 3643 7699 5829 9963 7349 4874 5045 2924 2355 2092 6915 245 274 2245 6443 7095 7874 2002 2619 1527 5582 4695 9188 7756
28 3660 9992 9787 3264 1267 7728 7538 7489 3802 6711 5420 7596 6388 2534 2739 9668 1567 716 3261 1164 1463 6047 9374 4783 1287 7741 5178 3006
26 9211 8543 8464 8584 9909 7896 1549 7876 4223 5137 3584 2082 3753 4477 2108 7889 7064 3967 1755 8382 5184 4042 6360 4699 3381 7774
27 3198 1196 2693 9079 3323 2279 4069 743 7455 7091 9780 1244 6908 9060 6968 5484 5393 6789 6346 6886 9631 7287 1728 6533 287 265 5107
27 9832 8152 9492 1835 3291 4817 164 6738 4174 5659 3280 7334 5661 6187 844 7238 112 3293 7964 3738 9206 8905 7354 2976 6637 9869 8887
26 5955 4259 2169 2253 7177 5201 3821 2280 4882 3686 1873 5202 214 3639 8461 7476 5920 7814 8209 1501 5380 4961 4840 4643 946 697
25 3611 8406 9506 2506 2394 1344 141 6675 5781 2325 6646 1838 751 4845 4740 5672 148 725 298 3478 4631 3993 3101 3918 1648
28 7828 3628 4067 6374 571 7185 1340 5302 5146 1290 6590 1698 4218 1171 3370 56 4305 2941 2827 4928 3750 8302 197 7705 4947 3349 9403 3642
27 13 1425 7581 5483 82 4694 7227 3234 9760 3392 527 3695 8601 5565 2727 1789 9266 2272 3428 1605 5437 10 3841 218 9563 7843 4037
28 671 3856 5345 9128 3164 1373 80 8389 902 4542 6263 4401 4873 3368 305 1070 1977 5692 7357 9269 136 9210 3498 2294 566 4274 7934 2783
28 6021 7395 6992 2384 3764 8966 1547 6215 358 7875 9529 8335 3136 7298 6742 5731 2047 8973 4142 728 7892 4979 8520 9143 2008 2400 2936 6491
24 6638 9826 2263 9397 9678 9989 3934 550 9093 1647 9677 954 337 6539 5205 307 5087 2347 5190 5728 8515 439 8744 9768
27 2636 2335 2228 7543 2126 6221 7356 261 3774 5951 1880 799 3054 9252 2821 3109 5123 7083 2543 4816 9680 3713 2269 6532 6881 8443 7947
30 4574 4944 8841 6073 73 216 311 9006 7784 21 9247 4667 8938 339 1094 1783 1047 5056 7181 7333 165 6144 3521 6289 7868 6415 8487 8583 8683 4347
30 750 8026 7481 879 6016 4093 365 9362 9949 3254 4431 1168 8507 412 512 2034 5174 4261 268 8525 1432 9313 1110 8160 5515 1947 3457 769 3956 5644
28 8404 3693 3383 3417 1715 7637 5742 4079 4262 881 3416 7549 4371 7044 6607 4555 1578 5605 401 4563 5243 2612 7524 8695 5593 7631 7841 6835
30 9054 3258 108 540 421 6753 5351 3513 7916 893 9917 8294 334 8989 2967 264 9400 6884 5989 370 4853 3965 6290 4267 4681 8197 7677 6496 8631 4712
28 2993 553 5881 3295 8701 8281 7751 8687 1692 1189 6460 9370 5839 3941 4340 335 9567 1720 7634 410 5753 4336 2812 8343 6052 9152 5007 9346
28 445 280 5555 6474 9123 2555 3242 6446 7163 1883 7503 1630 4547 3730 3723 6323 887 3737 4663 5715 9301 4993 2498 8244 2268 2969 1315 3952
27 3452 2916 4400 4005 163 9565 3429 4289 5397 9654 7459 3393 1461 9570 9999 7808 9749 5891 4029 1232 7252 9686 3930 8776 3868 1690 3767
31 1965 7487 5529 3126 1515 8368 6244 3745 2707 1207 2100 1069 1490 3003 9453 8759 2341 5755 744 3776 7325 7786 8806 1687 880 113 5946 5685 936 4063 9478
26 7006 4390 9304 7528 515 5522 3625 3777 7135 9368 1585 9287 522 3437 9264 3552 2173 535 6349 3338 6465 5599 7644 5276 4866 7215
26 1660 4878 7694 2736 5333 5797 7359 4444 2552 4533 1405 6024 8279 4855 9196 9513 1845 3337 9493 4810 8922 9523 5985 9045 5372 9643
26 3171 1491 8833 6844 6676 4185 8316 4579 4657 5818 8659 189 539 278 6223 6725 2402 829 9234 2461 4427 9905 3237 6181 6271 9163
26 4634 5966 7698 7867 8937 7598 9267 6329 8067 3058 8892 5691 6892 4120 7196 7438 6678 6247 668 1953 6981 4297 9030 1105 9847 849
27 3236 4246 2813 1590 4123 9229 9393 9658 3794 4127 5411 7043 7656 1840 1403 8921 4786 4972 4939 6109 9608 6631 4459 7411 9452 6663 6627
30 7613 1285 5112 1059 304 7488 6341 9380 425 925 8652 560 5282 6063 8378 7681 2432 1632 9534 8608 3792 5321 118 2443 2454 4061 6308 4793 9015 7907
28 6885 626 271 9378 3391 6304 4116 5274 5843 5793 7939 5834 6780 863 2837 8168 381 9929 1733 3999 5264 5085 6317 517 1967 6947 9607 8392
26 9872 4338 6250 8613 629 6255 7691 4809 383 7374 8889 8861 198 895 9283 5487 2899 5778 6468 7736 8622 1237 5285 371 4685 7010
29 9284 9288 2330 3903 6748 7485 792 8442 7316 5821 5749 4021 3635 1467 9935 5622 4482 1338 8817 2081 3593 9036 3135 9020 8068 3074 561 8479 4539
26 8546 6729 1139 9190 9915 4828 2289 2183 1724 7237 1314 533 6432 8757 7428 3248 9088 7547 707 3572 5624 9082 196 575 8585 1397
28 8653 9236 2573 4910 7721 3225 3040 8377 2624 1694 1460 1371 133 6544 4598 3211 8087 2910 6957 151 9259 6926 1930 5261 2067 5481 3555 5885
28 558 846 1924 8547 229 220 5170 2064 3508 4383 5438 1936 4761 4280 6521 1088 4054 4133 7051 6372 269 543 6799 9667 7280 7726 8298 3021
27 9688 8399 3044 1776 6322 6731 5759 9725 9314 7419 5413 1023 9043 2165 6398 9830 803 2700 3245 9000 5902 9879 5232 1762 1655 9697 7341
28 1595 736 6030 2966 4530 1414 7240 8783 2802 1329 2548 4599 1294 1667 1488 3043 1652 4879 7507 3115 7895 8985 3842 1798 6311 1678 8268 6413
29 9145 1691 7529 874 7707 4834 7086 9238 4692 1725 5277 4679 4544 5442 8352 6345 669 6726 2411 2319 4359 4285 4445 9167 5819 8218 2031 9330 5707
29 746 5241 4951 6928 9956 2535 1969 1750 243 135 4732 6585 2004 1458 7018 2466 2379 5733 2596 5923 7170 786 9108 2405 2505 4590 9968 3529 7649
27 1387 4751 9884 3050 9097 675 6902 1836 5100 3797 2935 7404 9694 6156 8283 6396 3193 9920 6064 3933 8411 823 6838 7386 7900 8132 9982
26 8099 8383 1779 1964 5705 3443 1151 4044 4638 9500 6238 7701 6338 3939 1611 3056 1426 7646 6081 7687 1878 4367 47 2380 4339 8670
29 8948 9075 5516 3992 4587 8924 1302 8528 3683 5412 7443 2790 7973 3175 984 9757 4378 1910 6270 4211 3230 9306 3838 7074 2095 5747 5432 9860 7162
29 7566 1704 130 5400 9777 971 3001 1730 4588 5687 5509 9952 7429 2859 6129 153 3067 9427 5098 6417 7366 1384 9369 9496 7666 6339 3663 6161 6865
27 8579 5973 1670 4529 8663 6826 380 6567 3110 8808 223 4423 4669 8370 2806 4498 508 5602 2750 8069 6158 9450 455 6503 6755 2213 7534
28 4760 4501 9756 9224 3139 1236 4566 8076 3037 9548 1889 2389 909 4829 9609 4839 5394 884 7635 6788 4668 9682 9004 3112 8782 1464 1928 4625
28 7313 7704 5886 5116 3283 5912 8488 3711 6256 3298 6849 6612 5664 8675 5443 7758 5447 9647 5986 4159 7444 137 661 651 5215 8986 9555 1637
29 816 182 7060 9612 6444 1681 132 8454 106 4577 1226 8755 3360 3269 5800 7172 9683 4035 6759 272 6831 284 6694 5359 486 5548 9573 6390 2480
28 2766 7475 6092 9627 8991 8609 9437 1679 6188 9090 3817 781 6508 7258 6611 5248 6124 5841 4405 4330 4536 1646 5873 3995 3909 9613 8037 2623
27 2414 7494 7331 1429 4001 5693 6128 190 5074 5508 3670 7076 1102 9800 6837 4106 5340 490 9432 7434 3087 5225 8777 7518 9723 869 1864
27 4523 4632 3519 653 1133 2771 5312 7661 9690 8189 1952 8814 3271 7385 5013 8643 1296 9938 8359 7658 6141 4271 7856 3467 2249 9882 819
27 1472 9498 2005 7516 3954 1293 33 8741 1326 3608 6582 1303 7884 639 7888 3571 7079 2208 8704 8738 349 3687 5110 3583 5712 9544 5921
29 8315 5049 4503 4917 9033 610 7347 5878 2511 8677 6997 6085 9135 9010 3889 1054 2292 5150 9676 8161 9271 8071 3469 695 4320 5549 4224 6320 6055
28 3782 7042 7650 4983 1521 3103 4117 4500 9056 3431 6674 8722 3132 9355 4656 6724 6336 8997 4441 6894 433 142 1497 1714 6783 6028 9650 7540
28 6424 766 9646 8885 6177 1264 2053 3297 3905 1610 5429 8222 1126 231 5956 4496 4321 4787 4670 4491 890 6254 8902 2990 8516 2345 6960 7820
29 333 4433 2482 5566 3 5867 1904 9084 5763 8325 3286 8821 1144 406 3942 8780 8599 299 8119 4911 2696 3793 5221 3706 2691 9710 2881 950 7775
