13 49 19
6 76 5
0 0 0
x
8 97 5
9 24 32
x
1 0 1
2 0 2
x
10 44 41
14 85 39
x
9 61 10
11 3 43
3 50 1
12 8 44
1 87 4
10 54 20
11 16 0
14 23 8
x
x
14 6 0
11 90 5
5 2 1
x
x
8 22 11
15 63 40
15 86 11
5 72 40
2 54 3
12 96 39
3 0 3
1 66 35
x
15 78 32
5 97 11
x
4 96 34
6 13 24
10 38 7
2 96 26
15 5 2
13 65 17
6 23 20
15 99 44
2 70 16
7 28 4
4 0 4
1 60 9
8 12 25
0 95 31
14 73 17
10 93 40
2 65 19
11 56 39
5 0 5
6 0 6
7 11 26
10 37 43
1 74 42
7 69 1
13 87 24
10 67 3
7 0 7
7 54 38
x
8 0 8
15 57 7
x
6 57 26
x
x
5 43 41
7 91 21
5 8 3
9 40 1
12 69 8
14 56 12
13 95 38
7 95 16
2 36 42
2 78 7
x
9 0 9
x
6 86 40
15 9 4
3 88 31
10 11 27
6 50 4
5 45 13
11 12 28
6 40 16
x
8 99 0
7 83 21
2 28 24
15 39 18
5 66 15
1 12 29
9 64 26
x
7 38 34
5 31 35
7 70 0
10 99 14
0 11 5
12 12 30
x
2 86 30
5 23 22
13 6 6
8 89 27
4 21 31
10 76 37
x
10 12 31
11 28 25
x
8 79 14
0 23 30
12 22 34
4 24 35
2 12 32
x
3 73 7
13 23 42
x
13 76 44
10 0 10
9 38 44
11 0 11
12 0 12
13 0 13
14 0 14
x
6 34 42
4 41 39
11 79 4
5 89 18
x
8 58 16
0 30 29
12 76 6
13 39 11
2 80 11
13 32 33
2 87 43
9 75 33
14 96 19
15 0 15
5 9 7
6 88 3
x
8 55 6
8 39 28
11 68 26
9 66 31
3 24 18
12 94 24
1 40 19
11 13 33
11 40 40
11 64 18
10 81 23
14 15 34
0 71 35
x
15 64 12
2 38 15
14 1 13
x
x
4 64 9
3 65 42
13 68 14
6 42 36
15 49 23
1 7 8
10 40 0
8 14 35
11 8 9
8 67 23
11 76 1
9 28 27
15 41 1
x
4 89 19
12 55 35
0 97 7
4 33 8
2 74 9
1 76 18
13 53 43
5 52 2
3 13 36
4 76 3
14 62 27
4 13 37
3 83 20
10 63 29
x
0 78 1
0 82 2
8 75 13
0 67 24
13 47 25
14 61 26
x
x
x
12 92 25
4 29 33
15 25 0
9 90 13
x
0 2 16
0 43 4
9 43 24
1 2 17
x
3 93 4
2 49 40
14 33 44
x
15 32 3
2 13 38
x
8 88 44
2 3 18
1 31 40
11 33 15
x
15 17 39
x
10 28 9
15 75 34
3 61 43
9 14 40
x
12 42 38
5 33 6
7 31 12
0 90 36
13 60 8
2 75 39
12 85 37
2 14 41
8 9 10
1 70 2
14 76 36
11 15 42
3 71 0
1 81 16
8 32 17
x
x
14 69 21
12 31 32
6 67 30
x
9 32 11
8 49 9
2 56 28
11 34 20
6 31 28
15 89 38
5 82 9
0 41 42
x
12 64 40
3 2 19
14 88 9
8 96 15
x
1 47 37
4 4 20
14 35 43
12 15 43
0 16 44
9 68 18
x
5 1 21
13 15 27
x
x
1 46 13
6 8 22
7 24 16
2 24 31
12 57 31
4 69 43
7 3 23
13 51 35
2 32 5
x
13 40 12
14 99 7
x
9 51 34
0 98 17
1 33 14
4 37 2
14 28 1
3 43 29
6 81 12
2 40 0
14 18 28
6 99 31
3 33 15
7 86 17
9 34 23
8 2 24
0 68 20
x
15 80 9
x
11 18 32
9 3 25
10 49 8
x
5 68 28
14 11 11
4 43 0
7 65 32
5 81 17
0 45 11
14 80 42
8 92 30
8 17 38
15 68 36
9 81 43
11 82 23
10 5 26
3 67 5
1 97 23
8 26 3
6 27 7
6 60 21
11 71 24
x
14 51 32
x
15 60 22
11 2 27
10 71 22
12 16 42
0 34 27
11 95 35
12 3 28
9 59 30
8 10 12
12 9 13
4 91 22
5 77 38
0 62 34
15 91 28
0 55 43
3 78 25
14 59 19
1 58 20
12 66 29
6 97 35
7 50 15
1 25 15
10 21 36
13 28 26
8 42 20
13 1 29
x
1 55 41
5 18 43
2 62 1
6 37 39
7 42 43
4 72 1
13 82 1
14 43 3
6 18 1
7 73 41
13 25 38
7 16 2
x
4 9 14
4 45 25
x
9 16 3
15 36 30
x
2 89 20
x
3 58 27
x
1 17 10
x
x
2 93 44
x
9 9 15
x
10 85 28
1 43 27
10 96 14
x
2 59 13
8 51 42
14 3 30
15 3 31
5 93 29
5 40 42
x
0 74 15
6 92 33
12 51 14
13 42 39
11 44 7
15 44 26
8 44 37
4 50 30
1 72 39
7 35 22
3 36 40
x
7 59 3
14 64 41
12 17 17
4 17 18
7 25 36
6 71 34
0 5 32
1 6 33
3 38 9
2 7 34
5 84 0
x
8 72 31
9 47 16
10 18 19
x
x
7 60 42
x
3 17 44
1 92 6
x
14 91 2
x
x
13 44 22
3 6 35
9 35 35
1 79 11
1 53 0
4 6 36
9 83 4
5 5 37
x
5 62 4
4 84 15
11 98 10
1 18 5
0 48 18
4 55 24
15 27 37
x
x
x
15 6 13
x
x
x
13 77 16
2 43 35
x
x
x
10 22 44
11 37 31
5 28 39
x
6 10 38
4 22 41
6 62 11
7 8 39
14 60 37
6 47 44
3 10 16
x
x
3 47 32
0 83 33
12 59 27
11 53 6
14 26 40
7 45 33
12 35 23
9 71 38
7 78 44
12 73 21
15 77 27
2 82 27
6 6 17
0 19 14
x
11 23 13
6 54 10
11 87 2
7 80 24
8 28 19
14 38 10
10 58 25
8 53 22
12 39 15
x
12 80 10
13 56 18
13 18 21
3 19 33
1 49 31
10 10 18
9 95 12
5 39 36
15 84 17
1 19 25
13 79 30
2 44 4
10 33 4
10 83 35
7 81 35
12 27 16
x
7 99 40
14 47 5
5 50 14
4 73 44
0 28 23
0 72 9
10 34 6
2 45 12
9 73 42
x
9 87 42
3 63 23
x
x
8 37 7
0 20 40
x
x
11 11 19
0 57 13
0 37 21
x
8 84 18
9 54 0
5 13 20
4 19 42
15 54 19
9 78 19
1 85 22
x
x
15 14 21
1 37 26
2 19 10
x
2 53 29
3 53 21
4 26 40
1 28 21
15 71 10
5 57 44
1 62 36
11 48 17
x
15 96 43
x
13 92 41
x
x
1 20 44
8 63 33
11 61 37
0 6 22
9 20 37
0 86 25
x
x
10 88 32
4 59 6
12 90 3
13 73 2
x
7 89 19
9 84 7
15 28 41
x
15 48 35
13 37 37
13 11 23
3 95 8
x
8 6 40
4 80 29
9 6 41
0 80 26
15 21 5
10 24 12
12 47 11
0 52 28
8 85 26
x
10 8 42
x
x
x
7 20 14
x
4 31 38
1 80 28
4 20 27
3 29 2
