7 58 19
11 46 5
0 0 0
x
x
3 24 32
x
1 0 1
2 0 2
x
5 61 41
13 73 39
x
9 83 10
11 3 43
8 67 1
12 8 44
13 79 4
7 60 20
2 54 0
2 55 8
x
x
1 7 0
13 84 5
0 6 1
x
x
2 62 11
9 64 40
13 89 11
11 51 40
7 98 3
15 32 39
3 0 3
10 24 35
x
12 62 32
15 36 11
x
15 39 34
0 82 24
14 99 7
15 43 26
0 7 2
9 86 17
2 66 20
x
11 56 16
3 97 4
4 0 4
11 59 9
0 71 25
15 6 31
11 60 17
15 47 40
10 28 19
9 13 39
5 0 5
6 0 6
0 87 26
3 71 43
12 9 42
11 63 1
13 92 24
9 90 3
7 0 7
8 72 38
x
8 0 8
8 77 7
x
8 80 26
x
x
6 99 41
15 49 21
0 8 3
7 64 1
11 68 8
8 84 12
15 57 38
15 62 16
6 18 42
12 64 7
x
9 0 9
x
12 98 40
0 11 4
12 66 31
0 92 27
8 9 4
5 65 13
0 93 28
5 70 16
x
x
13 97 21
4 33 24
5 72 18
9 94 15
0 94 29
11 64 26
x
5 74 34
4 20 35
11 72 0
x
0 16 5
1 15 30
x
13 47 30
2 74 22
0 21 6
15 53 27
2 58 31
11 79 37
x
1 18 31
2 79 25
x
12 71 14
2 84 30
3 28 34
2 59 35
1 23 32
15 66 18
10 40 7
4 9 42
x
13 16 44
10 0 10
6 20 44
11 0 11
12 0 12
13 0 13
14 0 14
x
5 8 42
8 13 39
11 75 4
14 28 18
x
8 92 16
4 45 29
12 75 6
3 51 11
12 79 11
5 11 33
14 31 43
11 84 33
x
15 0 15
0 26 7
14 33 3
x
11 87 6
5 78 28
9 96 26
10 15 31
3 38 18
x
5 84 19
2 12 33
6 22 40
15 71 23
15 30 42
1 24 34
11 65 35
15 73 1
10 49 12
6 26 15
2 70 13
x
x
10 10 9
15 55 7
10 53 14
7 11 36
8 15 23
0 30 8
4 49 0
1 28 35
0 35 9
10 58 23
15 77 25
3 43 27
5 87 1
x
13 76 19
9 18 35
15 79 0
4 53 8
12 11 9
11 89 18
12 12 43
7 66 2
1 31 36
11 92 3
13 17 27
1 35 37
12 14 20
8 87 29
15 84 9
12 19 1
12 81 2
11 96 13
3 93 24
3 63 25
12 21 26
x
x
x
15 80 15
4 11 33
3 16 0
14 37 13
x
0 2 16
6 28 4
5 93 24
1 2 17
x
x
7 71 40
4 24 44
x
4 57 3
0 99 38
x
15 5 44
2 3 18
4 37 40
4 22 15
x
1 40 39
x
2 89 9
12 22 34
8 69 43
1 44 40
x
7 16 38
4 64 6
4 41 12
14 42 36
9 24 8
12 24 39
14 47 37
1 49 41
0 9 10
10 33 2
12 27 36
1 46 42
15 82 17
12 82 16
4 69 17
x
x
10 62 21
4 74 32
10 66 30
x
4 61 11
7 75 9
9 20 28
5 16 20
4 78 28
14 51 38
15 88 35
9 29 42
x
10 37 40
3 2 19
15 9 9
15 89 10
x
4 99 37
4 4 20
4 80 43
1 47 43
1 55 44
10 45 18
x
5 1 21
1 58 27
x
x
4 39 13
6 8 22
2 71 16
3 53 31
9 30 31
10 70 43
7 3 23
8 20 35
4 83 5
15 90 42
5 81 12
x
x
7 77 34
15 95 3
4 87 14
5 97 2
3 58 1
6 34 29
13 6 12
6 30 0
1 62 28
x
5 19 15
14 53 17
4 26 23
8 2 24
10 73 20
x
14 6 9
x
2 14 32
9 3 25
6 38 8
x
10 76 28
0 43 11
7 80 0
10 83 32
12 86 17
5 90 11
14 9 42
15 12 30
1 67 38
10 87 36
13 18 43
12 31 23
10 5 26
9 32 5
15 97 19
2 94 3
2 96 7
9 36 21
10 90 24
x
7 81 32
x
9 38 22
11 2 27
11 18 22
2 19 42
4 91 27
14 56 35
12 3 28
9 43 30
0 38 12
0 48 13
14 64 22
12 36 38
9 45 34
15 16 28
7 86 43
11 28 25
9 41 19
9 50 20
10 96 29
x
8 22 15
3 33 15
5 2 36
3 67 26
6 43 20
13 1 29
x
7 88 41
2 20 43
9 52 1
4 94 39
6 45 43
10 35 1
13 20 1
6 48 3
2 25 1
12 42 41
4 97 38
1 72 2
x
0 52 14
5 21 25
x
1 76 3
5 26 30
x
14 59 20
x
7 91 27
x
1 80 10
x
x
15 21 44
x
0 56 15
x
14 14 28
6 52 27
15 24 14
x
10 80 13
8 26 42
14 3 30
15 3 31
14 69 29
7 21 42
x
11 13 15
14 73 33
7 94 14
6 55 39
6 57 7
6 61 26
7 24 37
6 65 30
11 23 39
5 29 22
13 54 40
x
8 97 3
10 18 41
2 30 17
1 81 18
3 73 36
13 28 34
0 5 32
1 6 33
5 32 9
2 7 34
13 32 0
x
11 33 31
6 70 16
1 83 19
x
x
11 8 42
x
2 35 44
14 78 6
x
14 83 2
x
x
7 29 22
3 6 35
5 39 35
10 99 11
9 99 0
4 6 36
12 87 4
5 5 37
x
9 55 4
13 37 15
x
1 86 5
6 76 18
9 9 24
2 72 37
x
x
x
1 87 13
x
x
x
14 1 16
6 74 35
x
x
x
5 37 44
5 45 31
3 76 39
x
6 10 38
3 36 41
9 59 11
7 8 39
8 99 37
7 35 44
1 12 16
x
x
6 79 32
12 92 33
9 66 27
8 28 6
5 42 40
6 81 33
5 48 23
11 25 38
14 17 44
12 47 21
12 40 27
14 19 27
0 41 17
1 89 14
x
3 79 13
8 31 10
13 42 2
12 88 24
4 13 19
5 52 10
8 34 25
8 39 22
7 32 15
x
13 49 10
8 41 18
1 90 21
3 10 33
6 86 31
0 61 18
14 88 12
6 6 36
13 25 17
1 95 25
12 50 30
7 38 4
5 43 4
12 53 35
13 45 35
3 83 16
x
x
6 90 5
6 94 14
11 36 44
3 47 23
13 11 9
7 39 6
6 96 12
13 12 42
x
x
14 26 23
x
x
5 57 7
2 36 40
x
x
0 62 19
8 45 13
6 13 21
x
12 90 18
8 50 0
0 63 20
3 15 42
8 55 19
12 55 19
12 96 22
x
x
0 68 21
5 59 26
2 39 10
x
3 65 29
7 41 21
3 50 40
3 87 21
11 39 10
8 58 44
8 63 36
7 45 17
x
15 27 43
x
14 93 41
x
x
3 19 44
9 75 33
9 71 37
0 74 22
3 90 37
13 56 25
x
x
13 60 32
9 79 6
x
11 43 2
x
14 96 19
13 65 7
4 17 41
x
7 50 35
6 16 37
0 78 23
13 68 8
x
8 6 40
12 58 29
9 6 41
13 13 26
2 44 5
1 96 12
7 51 11
7 55 28
14 23 26
x
10 8 42
x
x
x
2 49 14
x
3 95 38
13 15 28
2 53 27
4 29 2
