750
56
412
584
436
196
538
214 236
564 409
320
102 937
806 977
659 513
591
964
605
41
433
34
536
309
644
221 118
707
720 858
419 200
830
502
468
160 953
791
883 735
586 447
904 840
190 108
126 947
717 832
398 249
728
925
211
753 622
712
431
892 744
666 770
103
286
78
811
54 15
445 339
598 511
11
298
754
71 156
64 861
395 195
161 138
387
17
37 991
979 982
509
557
715 573
688
258
210
406
742
951
570
241
678
747
685 617
793 956
98
140
46 144
677
268
435
749 619
962
460
784
654
865
669
974 929
191 67
175 31
223 285
325
638
120
889
636 703
936
980 814
836
225
393
859
910 40
180 91
696 553
450
81
462
253 162
552 438
828 12
587 471
255
247
542 413
104 51
185 44
423
756
899
512 372
798 721
804
782 670
773 912
451
745
220
769 624
224 304
484 424
43
122
633 701
727
463
905
13
606
230
497
818 695
928 80
198 146
578 470
375 290
997
998
761
24
85 99
550
733
364
473
360
2 115
634 475
510 454
838 763
683 524
777
209
306 169
246 307
601 572
819
679
363 242
548 415
86 995
779
48
171 18
849
627
723
499
711 609
272
987
324 204
637 716
476 401
92
514
222
869
428 414
416
332
778
340
107
567
596
251
663
968 885
789 653
635 481
590 534
529 490
59 147
112
385 388
82 72
374
218 182
493
826
100
74
269 368
14
592
346
234 173
264 105
870
989
427 289
266 199
237 101
909 817
551
348
611
741
219
955
780
927 801
0 960
23
370
159
271 297
516
265
823
844
999 847
597
902 795
158 137
746
170
816 662
607 482
466 386
496 344
295 153
384 394
700 620
918 760
930 857
972
275
850
487 444
79 20
111
608 494
335 376
319
238 227
738
630 537
116 157
940 846
68 10
136
639
647
500
906
775
22
9
337 383
403 262
783 661
281
228
328
671
776
316
736
730
181
820
109
934 825
240
420
575
970
282
303
84 27
283
732
750 615
786
731 881
45
919 794
7
614
176
28
824 988
961 93
852
878
829
916 796
128 188
594
53 8
498 452
233
545 518
399 243
417 256
457
267
692
668 765
492 355
815
467
194
179
901 813
785
168 984
568 469
478 350
216
390 407
400
748
526
939
5
652
645
569
579 434
279
898 751
425
58 49
70
378
432 422
631 544
574
807
722
978
143 259
676 808
29
141
994
193
310 155
758 664
971
616
75
911 705
291 150
87
561
66 52
556
923
323
135
16
531
313
527 402
648
702
888
706
896
19
446
89
300
827
834 737
226 151
172 124
189
501 373
121
201
724
887
812
629
603 543
152 94
710 625
76 872
884 740
261
924
673 522
117 26
239
589 458
257 327
274
377
781 932
187
946 873
299
577 525
69 894
441
418 263
36 835
667
691
338 273
177
985 837
203
119 130
334
506
132
276
42
491
131 133
366 345
302
505
63
343 410
148
245
477
559
831
990 833
774 681
882 697
682
448
914
959
515
164
759 643
945 797
690
752 665
83
860
957 866
520
867
767
260
145
768
558 408
660 726
90
314
4
167
799
453
843
966
315
595 474
73
931
235
519
379
854
694
351
357
317
486
875
293
110
938
479
296
166
504
876 805
656
621
213
77
47 841
139
802
149
532
743
788 714
429
333
430
507
207 114
845
623
397
950
908
391
699 581
284
848
381
942
541
465 336
65 862
921
809
626
893
347
907
725
472
97 88
718
254
277
361
33
21
308
358
35
646
628 583
874
280 321
986
55 134
954
163 6
897 32
657 528
822
713
604
480
464 443
729
922
880
967 952
935
651 547
206 231
975
709 612
367
250 165
483
154
868 30
96 903
871 675
57 993
588
996 973
698 800
294
517 405
554
186
352
618 461
533
790
976
642
192
1
658
672
762 686
95 891
839
178
948
50
495 365
106
440
719
602
25
855
580 562
202
600 521
248 318
565
649
734
60
197
965 943
61 853
125
359 371
39
342
362
142
655
312
803
764
582 459
704
174
212
851
687
326
311
895
787
331 330
449 341
288 244
650
184
755
593
232
229
576
62
680
205
766
549
489
641
992
356
933
560
771
396
411
503 382
530
941 856
349
983
354
539
508
523 392
287
113
757
981 129
949 879
369
613
842
540
610
442
439
772
404
546
421
305
917
693
863
215 270
886
708
38
208
488
301
821
640
877
3
389
913
353 252
944
555
217
127
322 183
456
900
380
739
958 920
535 455
963
278
292
485
599 571
329
585 437
864
810 689
926
684 566
792
969
890
632 674
563 426
123 915
