1352
205 125
204 124
203 123
202 122
201 121
200 120
199 120
198 120
197 120
196 120
195 120
194 120
193 120
192 120
191 120
190 120
189 120
188 120
187 120
186 120
185 120
184 120
183 120
182 120
181 120
180 120
179 120
178 120
177 120
176 120
175 120
174 120
173 120
172 120
171 120
170 120
169 120
168 120
167 120
166 120
165 120
164 120
163 120
162 120
161 120
160 120
159 120
158 120
157 120
156 120
155 120
154 120
153 120
152 120
151 120
150 120
149 120
148 120
147 120
146 120
145 120
144 120
143 120
142 120
141 120
140 120
139 120
138 120
137 120
136 120
135 120
134 120
133 120
132 120
131 120
130 120
129 120
128 120
127 120
126 120
125 120
124 120
123 120
122 120
121 120
120 120
119 120
118 120
117 120
116 120
115 120
114 120
113 120
112 120
111 120
110 120
109 120
108 120
107 120
106 120
105 120
104 120
103 120
102 120
101 120
100 120
99 120
98 120
97 120
96 120
95 120
94 120
93 120
92 120
91 120
205 114
204 115
203 116
202 117
201 118
200 119
205 103
204 104
203 105
202 106
201 107
200 108
199 109
198 110
197 111
196 112
195 113
194 114
193 115
192 116
191 117
190 118
189 119
205 92
204 93
203 94
202 95
201 96
200 97
199 98
198 99
197 100
196 101
195 102
194 103
193 104
192 105
191 106
190 107
189 108
188 109
187 110
186 111
185 112
184 113
183 114
182 115
181 116
180 117
179 118
178 119
205 81
204 82
203 83
202 84
201 85
200 86
199 87
198 88
197 89
196 90
195 91
194 92
193 93
192 94
191 95
190 96
189 97
188 98
187 99
186 100
185 101
184 102
183 103
182 104
181 105
180 106
179 107
178 108
177 109
176 110
175 111
174 112
173 113
172 114
171 115
170 116
169 117
168 118
167 119
205 70
204 71
203 72
202 73
201 74
200 75
199 76
198 77
197 78
196 79
195 80
194 81
193 82
192 83
191 84
190 85
189 86
188 87
187 88
186 89
185 90
184 91
183 92
182 93
181 94
180 95
179 96
178 97
177 98
176 99
175 100
174 101
173 102
172 103
171 104
170 105
169 106
168 107
167 108
166 109
165 110
164 111
163 112
162 113
161 114
160 115
159 116
158 117
157 118
156 119
205 59
204 60
203 61
202 62
201 63
200 64
199 65
198 66
197 67
196 68
195 69
194 70
193 71
192 72
191 73
190 74
189 75
188 76
187 77
186 78
185 79
184 80
183 81
182 82
181 83
180 84
179 85
178 86
177 87
176 88
175 89
174 90
173 91
172 92
171 93
170 94
169 95
168 96
167 97
166 98
165 99
164 100
163 101
162 102
161 103
160 104
159 105
158 106
157 107
156 108
155 109
154 110
153 111
152 112
151 113
150 114
149 115
148 116
147 117
146 118
145 119
181 131
180 130
179 129
178 128
177 127
176 126
175 125
174 124
173 123
172 122
171 121
181 109
180 110
179 111
178 112
177 113
176 114
175 115
174 116
173 117
172 118
171 119
181 98
180 99
179 100
178 101
177 102
176 103
175 104
174 105
173 106
172 107
171 108
170 109
169 110
168 111
167 112
166 113
165 114
164 115
163 116
162 117
161 118
160 119
181 87
180 88
179 89
178 90
177 91
176 92
175 93
174 94
173 95
172 96
171 97
170 98
169 99
168 100
167 101
166 102
165 103
164 104
163 105
162 106
161 107
160 108
159 109
158 110
157 111
156 112
155 113
154 114
153 115
152 116
151 117
150 118
149 119
181 76
180 77
179 78
178 79
177 80
176 81
175 82
174 83
173 84
172 85
171 86
170 87
169 88
168 89
167 90
166 91
165 92
164 93
163 94
162 95
161 96
160 97
159 98
158 99
157 100
156 101
155 102
154 103
153 104
152 105
151 106
150 107
149 108
148 109
147 110
146 111
145 112
144 113
143 114
142 115
141 116
140 117
139 118
138 119
181 65
180 66
179 67
178 68
177 69
176 70
175 71
174 72
173 73
172 74
171 75
170 76
169 77
168 78
167 79
166 80
165 81
164 82
163 83
162 84
161 85
160 86
159 87
158 88
157 89
156 90
155 91
154 92
153 93
152 94
151 95
150 96
149 97
148 98
147 99
146 100
145 101
144 102
143 103
142 104
141 105
140 106
139 107
138 108
137 109
136 110
135 111
134 112
133 113
132 114
131 115
130 116
129 117
128 118
127 119
181 54
180 55
179 56
178 57
177 58
176 59
175 60
174 61
173 62
172 63
171 64
170 65
169 66
168 67
167 68
166 69
165 70
164 71
163 72
162 73
161 74
160 75
159 76
158 77
157 78
156 79
155 80
154 81
153 82
152 83
151 84
150 85
149 86
148 87
147 88
146 89
145 90
144 91
143 92
142 93
141 94
140 95
139 96
138 97
137 98
136 99
135 100
134 101
133 102
132 103
131 104
130 105
129 106
128 107
127 108
126 109
125 110
124 111
123 112
122 113
121 114
120 115
119 116
118 117
117 118
116 119
172 34
171 35
170 36
169 37
168 38
167 39
166 40
165 41
164 42
163 43
162 44
161 45
160 46
159 47
158 48
157 49
156 50
155 51
154 52
153 53
152 54
151 55
150 56
149 57
148 58
147 59
146 60
145 61
144 62
143 63
142 64
141 65
140 66
139 67
138 68
137 69
136 70
135 71
134 72
133 73
132 74
131 75
130 76
129 77
128 78
127 79
126 80
125 81
124 82
123 83
122 84
121 85
120 86
119 87
118 88
117 89
116 90
115 91
114 92
113 93
112 94
111 95
110 96
109 97
108 98
107 99
106 100
105 101
104 102
103 103
102 104
101 105
100 106
99 107
98 108
97 109
96 110
95 111
94 112
93 113
92 114
91 115
90 116
90 117
90 118
90 119
161 34
160 35
159 36
158 37
157 38
156 39
155 40
154 41
153 42
152 43
151 44
150 45
149 46
148 47
147 48
146 49
145 50
144 51
143 52
142 53
141 54
140 55
139 56
138 57
137 58
136 59
135 60
134 61
133 62
132 63
131 64
130 65
129 66
128 67
127 68
126 69
125 70
124 71
123 72
122 73
121 74
120 75
119 76
118 77
117 78
116 79
115 80
114 81
113 82
112 83
111 84
110 85
109 86
108 87
107 88
106 89
105 90
104 91
103 92
102 93
101 94
100 95
99 96
98 97
97 98
96 99
95 100
94 101
93 102
92 103
91 104
90 105
90 106
90 107
90 108
90 109
90 110
90 111
90 112
90 113
90 114
90 115
158 123
157 122
156 121
158 112
157 113
156 114
155 115
154 116
153 117
152 118
151 119
158 71
157 72
156 73
155 74
154 75
153 76
152 77
151 78
150 79
149 80
148 81
147 82
146 83
145 84
144 85
143 86
142 87
141 88
140 89
139 90
138 91
137 92
136 93
135 94
134 95
133 96
132 97
131 98
130 99
129 100
128 101
127 102
126 103
125 104
124 105
123 106
122 107
121 108
120 109
119 110
118 111
117 112
116 113
115 114
114 115
113 116
112 117
111 118
110 119
158 60
157 61
156 62
155 63
154 64
153 65
152 66
151 67
150 68
149 69
148 70
147 71
146 72
145 73
144 74
143 75
142 76
141 77
140 78
139 79
138 80
137 81
136 82
135 83
134 84
133 85
132 86
131 87
130 88
129 89
128 90
127 91
126 92
125 93
124 94
123 95
122 96
121 97
120 98
119 99
118 100
117 101
116 102
115 103
114 104
113 105
112 106
111 107
110 108
109 109
108 110
107 111
106 112
105 113
104 114
103 115
102 116
101 117
100 118
99 119
150 34
149 35
148 36
147 37
146 38
145 39
144 40
143 41
142 42
141 43
140 44
139 45
138 46
137 47
136 48
135 49
134 50
133 51
132 52
131 53
130 54
129 55
128 56
127 57
126 58
125 59
124 60
123 61
122 62
121 63
120 64
119 65
118 66
117 67
116 68
115 69
114 70
113 71
112 72
111 73
110 74
109 75
108 76
107 77
106 78
105 79
104 80
103 81
102 82
101 83
100 84
99 85
98 86
97 87
96 88
95 89
94 90
93 91
92 92
91 93
90 94
90 95
90 96
90 97
90 98
90 99
90 100
90 101
90 102
90 103
90 104
147 123
146 122
145 121
147 112
146 113
145 114
144 115
143 116
142 117
141 118
140 119
147 60
146 61
145 62
144 63
143 64
142 65
141 66
140 67
139 68
138 69
137 70
136 71
135 72
134 73
133 74
132 75
131 76
130 77
129 78
128 79
127 80
126 81
125 82
124 83
123 84
122 85
121 86
120 87
119 88
118 89
117 90
116 91
115 92
114 93
113 94
112 95
111 96
110 97
109 98
108 99
107 100
106 101
105 102
104 103
103 104
102 105
101 106
100 107
99 108
98 109
97 110
96 111
95 112
94 113
93 114
92 115
91 116
139 34
138 35
137 36
136 37
135 38
134 39
133 40
132 41
131 42
130 43
129 44
128 45
127 46
126 47
125 48
124 49
123 50
122 51
121 52
120 53
119 54
118 55
117 56
116 57
115 58
114 59
113 60
112 61
111 62
110 63
109 64
108 65
107 66
106 67
105 68
104 69
103 70
102 71
101 72
100 73
99 74
98 75
97 76
96 77
95 78
94 79
93 80
92 81
91 82
90 83
90 84
90 85
90 86
90 87
90 88
90 89
90 90
90 91
90 92
90 93
136 123
135 122
134 121
136 112
135 113
134 114
133 115
132 116
131 117
130 118
129 119
136 60
135 61
134 62
133 63
132 64
131 65
130 66
129 67
128 68
127 69
126 70
125 71
124 72
123 73
122 74
121 75
120 76
119 77
118 78
117 79
116 80
115 81
114 82
113 83
112 84
111 85
110 86
109 87
108 88
107 89
106 90
105 91
104 92
103 93
102 94
101 95
100 96
99 97
98 98
97 99
96 100
95 101
94 102
93 103
92 104
91 105
128 34
127 35
126 36
125 37
124 38
123 39
122 40
121 41
120 42
119 43
118 44
117 45
116 46
115 47
114 48
113 49
112 50
111 51
110 52
109 53
108 54
107 55
106 56
105 57
104 58
103 59
102 60
101 61
100 62
99 63
98 64
97 65
96 66
95 67
94 68
93 69
92 70
91 71
90 72
90 73
90 74
90 75
90 76
90 77
90 78
90 79
90 80
90 81
90 82
117 34
116 35
115 36
114 37
113 38
112 39
111 40
110 41
109 42
108 43
107 44
106 45
105 46
104 47
103 48
102 49
101 50
100 51
99 52
98 53
97 54
96 55
95 56
94 57
93 58
92 59
91 60
90 61
90 62
90 63
90 64
90 65
90 66
90 67
90 68
90 69
90 70
90 71
106 34
105 35
104 36
103 37
102 38
101 39
100 40
99 41
98 42
97 43
96 44
95 45
94 46
93 47
92 48
91 49
90 50
90 51
90 52
90 53
90 54
90 55
90 56
90 57
90 58
90 59
90 60
95 34
94 35
93 36
92 37
91 38
90 39
90 40
90 41
90 42
90 43
90 44
90 45
90 46
90 47
90 48
90 49
93 123
92 122
91 121
93 112
92 113
91 114
93 71
92 72
91 73
93 60
92 61
91 62
84 34
85 35
86 36
87 37
88 38
89 39
82 123
83 122
84 121
85 120
86 120
87 120
88 120
89 120
82 112
83 113
84 114
85 115
86 116
87 117
88 118
89 119
82 71
83 72
84 73
85 74
86 75
87 76
88 77
89 78
82 60
83 61
84 62
85 63
86 64
87 65
88 66
89 67
73 34
74 35
75 36
76 37
77 38
78 39
79 40
80 41
81 42
82 43
83 44
84 45
85 46
86 47
87 48
88 49
89 50
71 123
72 122
73 121
74 120
75 120
76 120
77 120
78 120
79 120
80 120
81 120
82 120
83 120
84 120
71 112
72 113
73 114
74 115
75 116
76 117
77 118
78 119
71 71
72 72
73 73
74 74
75 75
76 76
77 77
78 78
79 79
80 80
81 81
82 82
83 83
84 84
85 85
86 86
87 87
88 88
89 89
71 60
72 61
73 62
74 63
75 64
76 65
77 66
78 67
79 68
80 69
81 70
90 120
172
205 125
205 114
205 103
205 92
205 81
205 70
205 59
181 131
181 120
181 109
181 98
181 87
181 76
181 65
181 54
172 34
161 34
158 123
158 112
158 71
158 60
150 34
147 123
147 112
147 71
147 60
139 34
136 123
136 112
136 71
136 60
128 34
117 34
106 34
95 34
93 123
93 112
93 71
93 60
84 34
82 123
82 112
82 71
82 60
73 34
71 123
71 112
71 71
71 60
205 125
205 114
205 103
205 92
205 81
205 70
205 59
181 131
181 120
181 109
181 98
181 87
181 76
181 65
181 54
172 34
161 34
158 123
158 112
158 71
158 60
150 34
147 123
147 112
147 71
147 60
139 34
136 123
136 112
136 71
136 60
128 34
117 34
106 34
95 34
93 123
93 112
93 71
93 60
84 34
82 123
82 112
82 71
82 60
73 34
71 123
71 112
71 71
71 60
205 125
205 114
205 103
205 92
205 81
205 70
205 59
181 131
181 120
181 109
181 98
181 87
181 76
181 65
181 54
172 34
161 34
158 123
158 112
158 71
158 60
150 34
147 123
147 112
147 71
147 60
139 34
136 123
136 112
136 71
136 60
128 34
117 34
106 34
95 34
93 123
93 112
93 71
93 60
84 34
82 123
82 112
82 71
82 60
73 34
71 123
71 112
71 71
71 60
205 125
205 114
205 103
205 92
205 81
205 70
205 59
181 131
181 120
181 109
181 98
181 87
181 76
181 65
181 54
172 34
161 34
158 123
158 112
158 71
158 60
150 34
147 123
147 112
147 71
