5084
522 287
521 286
520 285
519 284
518 283
517 282
516 281
515 280
514 279
513 279
512 279
511 279
510 279
509 279
508 279
507 279
506 279
505 279
504 279
503 279
502 279
501 279
500 279
499 279
498 279
497 279
496 279
495 279
494 279
493 279
492 279
491 279
490 279
489 279
488 279
487 279
486 279
485 279
484 279
483 279
482 279
481 279
480 279
479 279
478 279
477 279
476 279
475 279
474 279
473 279
472 279
471 279
470 279
469 279
468 279
467 279
466 279
465 279
464 279
463 279
462 279
461 279
460 279
459 279
458 279
457 279
456 279
455 279
454 279
453 279
452 279
451 279
450 279
449 279
448 279
447 279
446 279
445 279
444 279
443 279
442 279
441 279
440 279
439 279
438 279
437 279
436 279
435 279
434 279
433 279
432 279
431 279
430 279
429 279
428 279
427 279
426 279
425 279
424 279
423 279
422 279
421 279
420 279
419 279
418 279
417 279
416 279
415 279
414 279
413 279
412 279
411 279
410 279
409 279
408 279
407 279
406 279
405 279
404 279
403 279
402 279
401 279
400 279
399 279
398 279
397 279
396 279
395 279
394 279
393 279
392 279
391 279
390 279
389 279
388 279
387 279
386 279
385 279
384 279
383 279
382 279
381 279
380 279
379 279
378 279
377 279
376 279
375 279
374 279
373 279
372 279
371 279
370 279
369 279
368 279
367 279
366 279
365 279
364 279
363 279
362 279
361 279
360 279
359 279
358 279
357 279
356 279
355 279
354 279
353 279
352 279
351 279
350 279
349 279
348 279
347 279
346 279
345 279
344 279
343 279
342 279
341 279
340 279
339 279
338 279
337 279
336 279
335 279
334 279
333 279
332 279
331 279
330 279
329 279
328 279
327 279
326 279
325 279
324 279
323 279
322 279
321 279
320 279
319 279
318 279
317 279
316 279
315 279
314 279
313 279
312 279
311 279
310 279
309 279
308 279
307 279
306 279
305 279
304 279
303 279
302 279
301 279
300 279
299 279
298 279
297 279
296 279
295 279
294 279
293 279
292 279
291 279
290 279
289 279
288 279
287 279
286 279
285 279
284 279
283 279
282 279
281 279
280 279
279 279
278 279
277 279
276 279
275 279
274 279
273 279
272 279
271 279
270 279
269 279
268 279
267 279
266 279
265 279
264 279
263 279
262 279
261 279
260 279
259 279
258 279
257 279
256 279
255 279
254 279
253 279
252 279
251 279
250 279
249 279
248 279
247 279
246 279
245 279
244 279
243 279
242 279
241 279
240 279
239 279
238 279
237 279
236 279
235 279
234 279
233 279
232 279
231 279
230 279
229 279
228 279
227 279
226 279
225 279
224 279
223 279
222 279
221 279
220 279
219 279
218 279
217 279
216 279
215 279
214 279
213 279
212 279
211 279
210 279
209 279
208 279
207 279
206 279
205 279
204 279
203 279
499 258
498 259
497 260
496 261
495 262
494 263
493 264
492 265
491 266
490 267
489 268
488 269
487 270
486 271
485 272
484 273
483 274
482 275
481 276
480 277
479 278
499 247
498 248
497 249
496 250
495 251
494 252
493 253
492 254
491 255
490 256
489 257
488 258
487 259
486 260
485 261
484 262
483 263
482 264
481 265
480 266
479 267
478 268
477 269
476 270
475 271
474 272
473 273
472 274
471 275
470 276
469 277
468 278
499 236
498 237
497 238
496 239
495 240
494 241
493 242
492 243
491 244
490 245
489 246
488 247
487 248
486 249
485 250
484 251
483 252
482 253
481 254
480 255
479 256
478 257
477 258
476 259
475 260
474 261
473 262
472 263
471 264
470 265
469 266
468 267
467 268
466 269
465 270
464 271
463 272
462 273
461 274
460 275
459 276
458 277
457 278
492 274
491 275
490 276
489 277
488 278
488 246
487 247
486 248
485 249
484 250
483 251
482 252
481 253
480 254
479 255
478 256
477 257
476 258
475 259
474 260
473 261
472 262
471 263
470 264
469 265
468 266
467 267
466 268
465 269
464 270
463 271
462 272
461 273
460 274
459 275
458 276
457 277
456 278
452 261
451 262
450 263
449 264
448 265
447 266
446 267
445 268
444 269
443 270
442 271
441 272
440 273
439 274
438 275
437 276
436 277
435 278
354 108
353 109
352 110
351 111
350 112
349 113
348 114
347 115
346 116
345 117
344 118
343 119
342 120
341 121
340 122
339 123
338 124
337 125
336 126
335 127
334 128
333 129
332 130
331 131
330 132
329 133
328 134
327 135
326 136
325 137
324 138
323 139
322 140
321 141
320 142
319 143
318 144
317 145
316 146
315 147
314 148
313 149
312 150
311 151
310 152
309 153
308 154
307 155
306 156
305 157
304 158
303 159
302 160
301 161
300 162
299 163
298 164
297 165
296 166
295 167
294 168
293 169
292 170
291 171
290 172
289 173
288 174
287 175
286 176
285 177
284 178
283 179
282 180
281 181
280 182
279 183
278 184
277 185
276 186
275 187
274 188
273 189
272 190
271 191
270 192
269 193
268 194
267 195
266 196
265 197
264 198
263 199
262 200
261 201
260 202
259 203
258 204
257 205
256 206
255 207
254 208
253 209
252 210
251 211
250 212
249 213
248 214
247 215
246 216
245 217
244 218
243 219
242 220
241 221
240 222
239 223
238 224
237 225
236 226
235 227
234 228
233 229
232 230
231 231
230 232
229 233
228 234
227 235
226 236
225 237
224 238
223 239
222 240
221 241
220 242
219 243
218 244
217 245
216 246
215 247
214 248
213 249
212 250
211 251
210 252
209 253
208 254
207 255
206 256
205 257
204 258
203 259
202 260
202 261
202 262
202 263
202 264
202 265
202 266
202 267
202 268
202 269
202 270
202 271
202 272
202 273
202 274
202 275
202 276
202 277
202 278
353 119
352 120
351 121
350 122
349 123
348 124
347 125
346 126
345 127
344 128
343 129
342 130
341 131
340 132
339 133
338 134
337 135
336 136
335 137
334 138
333 139
332 140
331 141
330 142
329 143
328 144
327 145
326 146
325 147
324 148
323 149
322 150
321 151
320 152
319 153
318 154
317 155
316 156
315 157
314 158
313 159
312 160
311 161
310 162
309 163
308 164
307 165
306 166
305 167
304 168
303 169
302 170
301 171
300 172
299 173
298 174
297 175
296 176
295 177
294 178
293 179
292 180
291 181
290 182
289 183
288 184
287 185
286 186
285 187
284 188
283 189
282 190
281 191
280 192
279 193
278 194
277 195
276 196
275 197
274 198
273 199
272 200
271 201
270 202
269 203
268 204
267 205
266 206
265 207
264 208
263 209
262 210
261 211
260 212
259 213
258 214
257 215
256 216
255 217
254 218
253 219
252 220
251 221
250 222
249 223
248 224
247 225
246 226
245 227
244 228
243 229
242 230
241 231
240 232
239 233
238 234
237 235
236 236
235 237
234 238
233 239
232 240
231 241
230 242
229 243
228 244
227 245
226 246
225 247
224 248
223 249
222 250
221 251
220 252
219 253
218 254
217 255
216 256
215 257
214 258
213 259
212 260
211 261
210 262
209 263
208 264
207 265
206 266
205 267
204 268
203 269
351 147
350 148
349 149
348 150
347 151
346 152
345 153
344 154
343 155
342 156
341 157
340 158
339 159
338 160
337 161
336 162
335 163
334 164
333 165
332 166
331 167
330 168
329 169
328 170
327 171
326 172
325 173
324 174
323 175
322 176
321 177
320 178
319 179
318 180
317 181
316 182
315 183
314 184
313 185
312 186
311 187
310 188
309 189
308 190
307 191
306 192
305 193
304 194
303 195
302 196
301 197
300 198
299 199
298 200
297 201
296 202
295 203
294 204
293 205
292 206
291 207
290 208
289 209
288 210
287 211
286 212
285 213
284 214
283 215
282 216
281 217
280 218
279 219
278 220
277 221
276 222
275 223
274 224
273 225
272 226
271 227
270 228
269 229
268 230
267 231
266 232
265 233
264 234
263 235
262 236
261 237
260 238
259 239
258 240
257 241
256 242
255 243
254 244
253 245
252 246
251 247
250 248
249 249
248 250
247 251
246 252
245 253
244 254
243 255
242 256
241 257
240 258
239 259
238 260
237 261
236 262
235 263
234 264
233 265
232 266
231 267
230 268
229 269
228 270
227 271
226 272
225 273
224 274
223 275
222 276
221 277
220 278
349 176
348 177
347 178
346 179
345 180
344 181
343 182
342 183
341 184
340 185
339 186
338 187
337 188
336 189
335 190
334 191
333 192
332 193
331 194
330 195
329 196
328 197
327 198
326 199
325 200
324 201
323 202
322 203
321 204
320 205
319 206
318 207
317 208
316 209
315 210
314 211
313 212
312 213
311 214
310 215
309 216
308 217
307 218
306 219
305 220
304 221
303 222
302 223
301 224
300 225
299 226
298 227
297 228
296 229
295 230
294 231
293 232
292 233
291 234
290 235
289 236
288 237
287 238
286 239
285 240
284 241
283 242
282 243
281 244
280 245
279 246
278 247
277 248
276 249
275 250
274 251
273 252
272 253
271 254
270 255
269 256
268 257
267 258
266 259
265 260
264 261
263 262
262 263
261 264
260 265
259 266
258 267
257 268
256 269
255 270
254 271
253 272
252 273
251 274
250 275
249 276
248 277
247 278
349 165
348 166
347 167
346 168
345 169
344 170
343 171
342 172
341 173
340 174
339 175
338 176
337 177
336 178
335 179
334 180
333 181
332 182
331 183
330 184
329 185
328 186
327 187
326 188
325 189
324 190
323 191
322 192
321 193
320 194
319 195
318 196
317 197
316 198
315 199
314 200
313 201
312 202
311 203
310 204
309 205
308 206
307 207
306 208
305 209
304 210
303 211
302 212
301 213
300 214
299 215
298 216
297 217
296 218
295 219
294 220
293 221
292 222
291 223
290 224
289 225
288 226
287 227
286 228
285 229
284 230
283 231
282 232
281 233
280 234
279 235
278 236
277 237
276 238
275 239
274 240
273 241
272 242
271 243
270 244
269 245
268 246
267 247
266 248
265 249
264 250
263 251
262 252
261 253
260 254
259 255
258 256
257 257
256 258
255 259
254 260
253 261
252 262
251 263
250 264
249 265
248 266
247 267
246 268
245 269
244 270
243 271
242 272
241 273
240 274
239 275
238 276
237 277
236 278
347 187
346 188
345 189
344 190
343 191
342 192
341 193
340 194
339 195
338 196
337 197
336 198
335 199
334 200
333 201
332 202
331 203
330 204
329 205
328 206
327 207
326 208
325 209
324 210
323 211
322 212
321 213
320 214
319 215
318 216
317 217
316 218
315 219
314 220
313 221
312 222
311 223
310 224
309 225
308 226
307 227
306 228
305 229
304 230
303 231
302 232
301 233
300 234
299 235
298 236
297 237
296 238
295 239
294 240
293 241
292 242
291 243
290 244
289 245
288 246
287 247
286 248
285 249
284 250
283 251
282 252
281 253
280 254
279 255
278 256
277 257
276 258
275 259
274 260
273 261
272 262
271 263
270 264
269 265
268 266
267 267
266 268
265 269
264 270
263 271
262 272
261 273
260 274
259 275
258 276
257 277
256 278
345 225
344 226
343 227
342 228
341 229
340 230
339 231
338 232
337 233
336 234
335 235
334 236
333 237
332 238
331 239
330 240
329 241
328 242
327 243
326 244
325 245
324 246
323 247
322 248
321 249
320 250
319 251
318 252
317 253
316 254
315 255
314 256
313 257
312 258
311 259
310 260
309 261
308 262
307 263
306 264
305 265
304 266
303 267
302 268
301 269
300 270
299 271
298 272
297 273
296 274
295 275
294 276
293 277
292 278
345 214
344 215
343 216
342 217
341 218
340 219
339 220
338 221
337 222
336 223
335 224
334 225
333 226
332 227
331 228
330 229
329 230
328 231
327 232
326 233
325 234
324 235
323 236
322 237
321 238
320 239
319 240
318 241
317 242
316 243
315 244
314 245
313 246
312 247
311 248
310 249
309 250
308 251
307 252
306 253
305 254
304 255
303 256
302 257
301 258
300 259
299 260
298 261
297 262
296 263
295 264
294 265
293 266
292 267
291 268
290 269
289 270
288 271
287 272
286 273
285 274
284 275
283 276
282 277
281 278
343 108
342 109
341 110
340 111
339 112
338 113
337 114
336 115
335 116
334 117
333 118
332 119
331 120
330 121
329 122
328 123
327 124
326 125
325 126
324 127
323 128
322 129
321 130
320 131
319 132
318 133
317 134
316 135
315 136
314 137
313 138
312 139
311 140
310 141
309 142
308 143
307 144
306 145
305 146
304 147
303 148
302 149
301 150
300 151
299 152
298 153
297 154
296 155
295 156
294 157
293 158
292 159
291 160
290 161
289 162
288 163
287 164
286 165
285 166
284 167
283 168
282 169
281 170
280 171
279 172
278 173
277 174
276 175
275 176
274 177
273 178
272 179
271 180
270 181
269 182
268 183
267 184
266 185
265 186
264 187
263 188
262 189
261 190
260 191
259 192
258 193
257 194
256 195
255 196
254 197
253 198
252 199
251 200
250 201
249 202
248 203
247 204
246 205
245 206
244 207
243 208
242 209
241 210
240 211
239 212
238 213
237 214
236 215
235 216
234 217
233 218
232 219
231 220
230 221
229 222
228 223
227 224
226 225
225 226
224 227
223 228
222 229
221 230
220 231
219 232
218 233
217 234
216 235
215 236
214 237
213 238
212 239
211 240
210 241
209 242
208 243
207 244
206 245
205 246
204 247
203 248
202 249
202 250
202 251
202 252
202 253
202 254
202 255
202 256
202 257
202 258
202 259
340 154
339 155
338 156
337 157
336 158
335 159
334 160
333 161
332 162
331 163
330 164
329 165
328 166
327 167
326 168
325 169
324 170
323 171
322 172
321 173
320 174
319 175
318 176
317 177
316 178
315 179
314 180
313 181
312 182
311 183
310 184
309 185
308 186
307 187
306 188
305 189
304 190
303 191
302 192
301 193
300 194
299 195
298 196
297 197
296 198
295 199
294 200
293 201
292 202
291 203
290 204
289 205
288 206
287 207
286 208
285 209
284 210
283 211
282 212
281 213
280 214
279 215
278 216
277 217
276 218
275 219
274 220
273 221
272 222
271 223
270 224
269 225
268 226
267 227
266 228
265 229
264 230
263 231
262 232
261 233
260 234
259 235
258 236
257 237
256 238
255 239
254 240
253 241
252 242
251 243
250 244
249 245
248 246
247 247
246 248
245 249
244 250
243 251
242 252
241 253
240 254
239 255
238 256
237 257
236 258
235 259
234 260
233 261
232 262
231 263
230 264
229 265
228 266
227 267
226 268
225 269
224 270
223 271
222 272
221 273
220 274
219 275
218 276
217 277
216 278
340 143
339 144
338 145
337 146
336 147
335 148
334 149
333 150
332 151
331 152
330 153
329 154
328 155
327 156
326 157
325 158
324 159
323 160
322 161
321 162
320 163
319 164
318 165
317 166
316 167
315 168
314 169
313 170
312 171
311 172
310 173
309 174
308 175
307 176
306 177
305 178
304 179
303 180
302 181
301 182
300 183
299 184
298 185
297 186
296 187
295 188
294 189
293 190
292 191
291 192
290 193
289 194
288 195
287 196
286 197
285 198
284 199
283 200
282 201
281 202
280 203
279 204
278 205
277 206
276 207
275 208
274 209
273 210
272 211
271 212
270 213
269 214
268 215
267 216
266 217
265 218
264 219
263 220
262 221
261 222
260 223
259 224
258 225
257 226
256 227
255 228
254 229
253 230
252 231
251 232
250 233
249 234
248 235
247 236
246 237
245 238
244 239
243 240
242 241
241 242
240 243
239 244
238 245
237 246
236 247
235 248
234 249
233 250
232 251
231 252
230 253
229 254
228 255
227 256
226 257
225 258
224 259
223 260
222 261
221 262
220 263
219 264
218 265
217 266
216 267
215 268
214 269
213 270
212 271
211 272
210 273
209 274
208 275
207 276
206 277
205 278
338 165
337 166
336 167
335 168
334 169
333 170
332 171
331 172
330 173
329 174
328 175
327 176
326 177
325 178
324 179
323 180
322 181
321 182
320 183
319 184
318 185
317 186
316 187
315 188
314 189
313 190
312 191
311 192
310 193
309 194
308 195
307 196
306 197
305 198
304 199
303 200
302 201
301 202
300 203
299 204
298 205
297 206
296 207
295 208
294 209
293 210
292 211
291 212
290 213
289 214
288 215
287 216
286 217
285 218
284 219
283 220
282 221
281 222
280 223
279 224
278 225
277 226
276 227
275 228
274 229
273 230
272 231
271 232
270 233
269 234
268 235
267 236
266 237
265 238
264 239
263 240
262 241
261 242
260 243
259 244
258 245
257 246
256 247
255 248
254 249
253 250
252 251
251 252
250 253
249 254
248 255
247 256
246 257
245 258
244 259
243 260
242 261
241 262
240 263
239 264
238 265
237 266
236 267
235 268
234 269
233 270
232 271
231 272
230 273
229 274
228 275
227 276
226 277
225 278
334 214
333 215
332 216
331 217
330 218
329 219
328 220
327 221
326 222
325 223
324 224
323 225
322 226
321 227
320 228
319 229
318 230
317 231
316 232
315 233
314 234
313 235
312 236
311 237
310 238
309 239
308 240
307 241
306 242
305 243
304 244
303 245
302 246
301 247
300 248
299 249
298 250
297 251
296 252
295 253
294 254
293 255
292 256
291 257
290 258
289 259
288 260
287 261
286 262
285 263
284 264
283 265
282 266
281 267
280 268
279 269
278 270
277 271
276 272
275 273
274 274
273 275
272 276
271 277
270 278
332 241
331 242
330 243
329 244
328 245
327 246
326 247
325 248
324 249
323 250
322 251
321 252
320 253
319 254
318 255
317 256
316 257
315 258
314 259
313 260
312 261
311 262
310 263
309 264
308 265
307 266
306 267
305 268
304 269
303 270
302 271
301 272
300 273
299 274
298 275
297 276
296 277
295 278
332 117
331 118
330 119
329 120
328 121
327 122
326 123
325 124
324 125
323 126
322 127
321 128
320 129
319 130
318 131
317 132
316 133
315 134
314 135
313 136
312 137
311 138
310 139
309 140
308 141
307 142
306 143
305 144
304 145
303 146
302 147
301 148
300 149
299 150
298 151
297 152
296 153
295 154
294 155
293 156
292 157
291 158
290 159
289 160
288 161
287 162
286 163
285 164
284 165
283 166
282 167
281 168
280 169
279 170
278 171
277 172
276 173
275 174
274 175
273 176
272 177
271 178
270 179
269 180
268 181
267 182
266 183
265 184
264 185
263 186
262 187
261 188
260 189
259 190
258 191
257 192
256 193
255 194
254 195
253 196
252 197
251 198
250 199
249 200
248 201
247 202
246 203
245 204
244 205
243 206
242 207
241 208
240 209
239 210
238 211
237 212
236 213
235 214
234 215
233 216
232 217
231 218
230 219
229 220
228 221
227 222
226 223
225 224
224 225
223 226
222 227
221 228
220 229
219 230
218 231
217 232
216 233
215 234
214 235
213 236
212 237
211 238
210 239
209 240
208 241
207 242
206 243
205 244
204 245
203 246
202 247
202 248
332 106
331 107
330 108
329 109
328 110
327 111
326 112
325 113
324 114
323 115
322 116
321 117
320 118
319 119
318 120
317 121
316 122
315 123
314 124
313 125
312 126
311 127
310 128
309 129
308 130
307 131
306 132
305 133
304 134
303 135
302 136
301 137
300 138
299 139
298 140
297 141
296 142
295 143
294 144
293 145
292 146
291 147
290 148
289 149
288 150
287 151
286 152
285 153
284 154
283 155
282 156
281 157
280 158
279 159
278 160
277 161
276 162
275 163
274 164
273 165
272 166
271 167
270 168
269 169
268 170
267 171
266 172
265 173
264 174
263 175
262 176
261 177
260 178
259 179
258 180
257 181
256 182
255 183
254 184
253 185
252 186
251 187
250 188
249 189
248 190
247 191
246 192
245 193
244 194
243 195
242 196
241 197
240 198
239 199
238 200
237 201
236 202
235 203
234 204
233 205
232 206
231 207
230 208
229 209
228 210
227 211
226 212
225 213
224 214
223 215
222 216
221 217
220 218
219 219
218 220
217 221
216 222
215 223
214 224
213 225
212 226
211 227
210 228
209 229
208 230
207 231
206 232
205 233
204 234
203 235
202 236
202 237
202 238
202 239
202 240
202 241
202 242
202 243
202 244
202 245
202 246
331 253
330 254
329 255
328 256
327 257
326 258
325 259
324 260
323 261
322 262
321 263
320 264
319 265
318 266
317 267
316 268
315 269
314 270
313 271
312 272
311 273
310 274
309 275
308 276
307 277
306 278
327 184
326 185
325 186
324 187
323 188
322 189
321 190
320 191
319 192
318 193
317 194
316 195
315 196
314 197
313 198
312 199
311 200
310 201
309 202
308 203
307 204
306 205
305 206
304 207
303 208
302 209
301 210
300 211
299 212
298 213
297 214
296 215
295 216
294 217
293 218
292 219
291 220
290 221
289 222
288 223
287 224
286 225
285 226
284 227
283 228
282 229
281 230
280 231
279 232
278 233
277 234
276 235
275 236
274 237
273 238
272 239
271 240
270 241
269 242
268 243
267 244
266 245
265 246
264 247
263 248
262 249
261 250
260 251
259 252
258 253
257 254
256 255
255 256
254 257
253 258
252 259
251 260
250 261
249 262
248 263
247 264
246 265
245 266
244 267
243 268
242 269
241 270
240 271
239 272
238 273
237 274
236 275
235 276
234 277
233 278
327 173
326 174
325 175
324 176
323 177
322 178
321 179
320 180
319 181
318 182
317 183
316 184
315 185
314 186
313 187
312 188
311 189
310 190
309 191
308 192
307 193
306 194
305 195
304 196
303 197
302 198
301 199
300 200
299 201
298 202
297 203
296 204
295 205
294 206
293 207
292 208
291 209
290 210
289 211
288 212
287 213
286 214
285 215
284 216
283 217
282 218
281 219
280 220
279 221
278 222
277 223
276 224
275 225
274 226
273 227
272 228
271 229
270 230
269 231
268 232
267 233
266 234
265 235
264 236
263 237
262 238
261 239
260 240
259 241
258 242
257 243
256 244
255 245
254 246
253 247
252 248
251 249
250 250
249 251
248 252
247 253
246 254
245 255
244 256
243 257
242 258
241 259
240 260
239 261
238 262
237 263
236 264
235 265
234 266
233 267
232 268
231 269
230 270
229 271
228 272
227 273
226 274
225 275
224 276
223 277
222 278
325 289
324 288
323 287
322 286
321 285
320 284
319 283
318 282
317 281
316 280
321 322
320 321
319 320
318 319
317 318
316 317
315 316
314 315
313 314
312 313
311 312
310 311
309 310
308 309
307 308
306 307
305 306
304 305
303 304
302 303
301 302
300 301
299 300
298 299
297 298
296 297
295 296
294 295
293 294
292 293
291 292
290 291
289 290
288 289
287 288
286 287
285 286
284 285
283 284
282 283
281 282
280 281
279 280
319 335
318 334
317 333
316 332
315 331
314 330
313 329
312 328
311 327
310 326
309 325
308 324
307 323
306 322
305 321
304 320
303 319
302 318
301 317
300 316
299 315
298 314
297 313
296 312
295 311
294 310
293 309
292 308
291 307
290 306
289 305
288 304
287 303
286 302
285 301
284 300
283 299
282 298
281 297
280 296
279 295
278 294
277 293
276 292
275 291
274 290
273 289
272 288
271 287
270 286
269 285
268 284
267 283
266 282
265 281
264 280
317 354
316 353
315 352
314 351
313 350
312 349
311 348
310 347
309 346
308 345
307 344
306 343
305 342
304 341
303 340
302 339
301 338
300 337
299 336
298 335
297 334
296 333
295 332
294 331
293 330
292 329
291 328
290 327
289 326
288 325
287 324
286 323
285 322
284 321
283 320
282 319
281 318
280 317
279 316
278 315
277 314
276 313
275 312
274 311
273 310
272 309
271 308
270 307
269 306
268 305
267 304
266 303
265 302
264 301
263 300
262 299
261 298
260 297
259 296
258 295
257 294
256 293
255 292
254 291
253 290
252 289
251 288
250 287
249 286
248 285
247 284
246 283
245 282
244 281
243 280
315 368
314 367
313 366
312 365
311 364
310 363
309 362
308 361
307 360
306 359
305 358
304 357
303 356
302 355
301 354
300 353
299 352
298 351
297 350
296 349
295 348
294 347
293 346
292 345
291 344
290 343
289 342
288 341
287 340
286 339
285 338
284 337
283 336
282 335
281 334
280 333
279 332
278 331
277 330
276 329
275 328
274 327
273 326
272 325
271 324
270 323
269 322
268 321
267 320
266 319
265 318
264 317
263 316
262 315
261 314
260 313
259 312
258 311
257 310
256 309
255 308
254 307
253 306
252 305
251 304
250 303
249 302
248 301
247 300
246 299
245 298
244 297
243 296
242 295
241 294
240 293
239 292
238 291
237 290
236 289
235 288
234 287
233 286
232 285
231 284
230 283
229 282
228 281
227 280
305 168
304 169
303 170
302 171
301 172
300 173
299 174
298 175
297 176
296 177
295 178
294 179
293 180
292 181
291 182
290 183
289 184
288 185
287 186
286 187
285 188
284 189
283 190
282 191
281 192
280 193
279 194
278 195
277 196
276 197
275 198
274 199
273 200
272 201
271 202
270 203
269 204
268 205
267 206
266 207
265 208
264 209
263 210
262 211
261 212
260 213
259 214
258 215
257 216
256 217
255 218
254 219
253 220
252 221
251 222
250 223
249 224
248 225
247 226
246 227
245 228
244 229
243 230
242 231
241 232
240 233
239 234
238 235
237 236
236 237
235 238
234 239
233 240
232 241
231 242
230 243
229 244
228 245
227 246
226 247
225 248
224 249
223 250
222 251
221 252
220 253
219 254
218 255
217 256
216 257
215 258
214 259
213 260
212 261
211 262
210 263
209 264
208 265
207 266
206 267
205 268
204 269
203 270
288 259
287 260
286 261
285 262
284 263
283 264
282 265
281 266
280 267
279 268
278 269
277 270
276 271
275 272
274 273
273 274
272 275
271 276
270 277
269 278
256 310
255 309
254 308
253 307
252 306
251 305
250 304
249 303
248 302
247 301
246 300
245 299
244 298
243 297
242 296
241 295
240 294
239 293
238 292
237 291
236 290
235 289
234 288
233 287
232 286
231 285
230 284
229 283
228 282
227 281
226 280
254 328
253 327
252 326
251 325
250 324
249 323
248 322
247 321
246 320
245 319
244 318
243 317
242 316
241 315
240 314
239 313
238 312
237 311
236 310
235 309
234 308
233 307
232 306
231 305
230 304
229 303
228 302
227 301
226 300
225 299
224 298
223 297
222 296
221 295
220 294
219 293
218 292
217 291
216 290
215 289
214 288
213 287
212 286
211 285
210 284
209 283
208 282
207 281
206 280
253 339
252 338
251 337
250 336
249 335
248 334
247 333
246 332
245 331
244 330
243 329
242 328
241 327
240 326
239 325
238 324
237 323
236 322
235 321
234 320
233 319
232 318
231 317
230 316
229 315
228 314
227 313
226 312
225 311
224 310
223 309
222 308
221 307
220 306
219 305
218 304
217 303
216 302
215 301
214 300
213 299
212 298
211 297
210 296
209 295
208 294
207 293
206 292
205 291
204 290
203 289
202 288
202 287
202 286
202 285
202 284
202 283
202 282
202 281
202 280
249 87
248 88
247 89
246 90
245 91
244 92
243 93
242 94
241 95
240 96
239 97
238 98
237 99
236 100
235 101
234 102
233 103
232 104
231 105
230 106
229 107
228 108
227 109
226 110
225 111
224 112
223 113
222 114
221 115
220 116
219 117
218 118
217 119
216 120
215 121
214 122
213 123
212 124
211 125
210 126
209 127
208 128
207 129
206 130
205 131
204 132
203 133
202 134
202 135
202 136
202 137
202 138
202 139
202 140
202 141
202 142
202 143
202 144
202 145
202 146
202 147
202 148
202 149
202 150
202 151
202 152
202 153
202 154
202 155
202 156
202 157
202 158
202 159
202 160
202 161
202 162
202 163
202 164
202 165
202 166
202 167
202 168
202 169
202 170
202 171
202 172
202 173
202 174
202 175
202 176
202 177
202 178
202 179
202 180
202 181
202 182
202 183
202 184
202 185
202 186
202 187
202 188
202 189
202 190
202 191
202 192
202 193
202 194
202 195
202 196
202 197
202 198
202 199
202 200
202 201
202 202
202 203
202 204
202 205
202 206
202 207
202 208
202 209
202 210
202 211
202 212
202 213
202 214
202 215
202 216
202 217
202 218
202 219
202 220
202 221
202 222
202 223
202 224
202 225
202 226
202 227
202 228
202 229
202 230
202 231
202 232
202 233
202 234
202 235
243 328
242 327
241 326
240 325
239 324
238 323
237 322
236 321
235 320
234 319
233 318
232 317
231 316
230 315
229 314
228 313
227 312
226 311
225 310
224 309
223 308
222 307
221 306
220 305
219 304
218 303
217 302
216 301
215 300
214 299
213 298
212 297
211 296
210 295
209 294
208 293
207 292
206 291
205 290
204 289
203 288
242 339
241 338
240 337
239 336
238 335
237 334
236 333
235 332
234 331
233 330
232 329
231 328
230 327
229 326
228 325
227 324
226 323
225 322
224 321
223 320
222 319
221 318
220 317
219 316
218 315
217 314
216 313
215 312
214 311
213 310
212 309
211 308
210 307
209 306
208 305
207 304
206 303
205 302
204 301
203 300
202 299
202 298
202 297
202 296
202 295
202 294
202 293
202 292
202 291
202 290
202 289
237 229
236 230
235 231
234 232
233 233
232 234
231 235
230 236
229 237
228 238
227 239
226 240
225 241
224 242
223 243
222 244
221 245
220 246
219 247
218 248
217 249
216 250
215 251
214 252
213 253
212 254
211 255
210 256
209 257
208 258
207 259
206 260
205 261
204 262
203 263
237 218
236 219
235 220
234 221
233 222
232 223
231 224
230 225
229 226
228 227
227 228
226 229
225 230
224 231
223 232
222 233
221 234
220 235
219 236
218 237
217 238
216 239
215 240
214 241
213 242
212 243
211 244
210 245
209 246
208 247
207 248
206 249
205 250
204 251
203 252
237 207
236 208
235 209
234 210
233 211
232 212
231 213
230 214
229 215
228 216
227 217
226 218
225 219
224 220
223 221
222 222
221 223
220 224
219 225
218 226
217 227
216 228
215 229
214 230
213 231
212 232
211 233
210 234
209 235
208 236
207 237
206 238
205 239
204 240
203 241
232 328
231 327
230 326
229 325
228 324
227 323
226 322
225 321
224 320
223 319
222 318
221 317
220 316
219 315
218 314
217 313
216 312
215 311
214 310
213 309
212 308
211 307
210 306
209 305
208 304
207 303
206 302
205 301
204 300
203 299
231 340
230 339
229 338
228 337
227 336
226 335
225 334
224 333
223 332
222 331
221 330
220 329
219 328
218 327
217 326
216 325
215 324
214 323
213 322
212 321
211 320
210 319
209 318
208 317
207 316
206 315
205 314
204 313
203 312
202 311
202 310
202 309
202 308
202 307
202 306
202 305
202 304
202 303
202 302
202 301
202 300
226 207
225 208
224 209
223 210
222 211
221 212
220 213
219 214
218 215
217 216
216 217
215 218
214 219
213 220
212 221
211 222
210 223
209 224
208 225
207 226
206 227
205 228
204 229
203 230
225 85
224 86
223 87
222 88
221 89
220 90
219 91
218 92
217 93
216 94
215 95
214 96
213 97
212 98
211 99
210 100
209 101
208 102
207 103
206 104
205 105
204 106
203 107
202 108
202 109
202 110
202 111
202 112
202 113
202 114
202 115
202 116
202 117
202 118
202 119
202 120
202 121
202 122
202 123
202 124
202 125
202 126
202 127
202 128
202 129
202 130
202 131
202 132
202 133
223 100
222 101
221 102
220 103
219 104
218 105
217 106
216 107
215 108
214 109
213 110
212 111
211 112
210 113
209 114
208 115
207 116
206 117
205 118
204 119
203 120
215 207
214 208
213 209
212 210
211 211
210 212
209 213
208 214
207 215
206 216
205 217
204 218
203 219
214 89
213 90
212 91
211 92
210 93
209 94
208 95
207 96
206 97
205 98
204 99
203 100
202 101
202 102
202 103
202 104
202 105
202 106
202 107
204 236
203 237
204 225
203 226
204 214
203 215
204 203
203 204
200 248
201 249
199 326
200 325
201 324
202 323
202 322
202 321
202 320
202 319
202 318
202 317
202 316
202 315
202 314
202 313
202 312
197 341
198 340
199 339
200 338
201 337
202 336
202 335
202 334
202 333
202 332
202 331
202 330
202 329
202 328
202 327
202 326
202 325
202 324
193 237
194 238
195 239
196 240
197 241
198 242
199 243
200 244
201 245
193 226
194 227
195 228
196 229
197 230
198 231
199 232
200 233
201 234
193 215
194 216
195 217
196 218
197 219
198 220
199 221
200 222
201 223
193 204
194 205
195 206
196 207
197 208
198 209
199 210
200 211
201 212
188 330
189 329
190 328
191 327
192 326
193 325
194 324
195 323
196 322
197 321
198 320
199 319
200 318
201 317
188 319
189 318
190 317
191 316
192 315
193 314
194 313
195 312
196 311
197 310
198 309
199 308
200 307
201 306
186 342
187 341
188 340
189 339
190 338
191 337
192 336
193 335
194 334
195 333
196 332
197 331
198 330
199 329
200 328
201 327
185 90
186 91
187 92
188 93
189 94
190 95
191 96
192 97
193 98
194 99
195 100
196 101
197 102
198 103
199 104
200 105
201 106
182 223
183 224
184 225
185 226
186 227
187 228
188 229
189 230
190 231
191 232
192 233
193 234
194 235
195 236
196 237
197 238
198 239
199 240
200 241
201 242
182 212
183 213
184 214
185 215
186 216
187 217
188 218
189 219
190 220
191 221
192 222
193 223
194 224
195 225
196 226
197 227
198 228
199 229
200 230
201 231
182 201
183 202
184 203
185 204
186 205
187 206
188 207
189 208
190 209
191 210
192 211
193 212
194 213
195 214
196 215
197 216
198 217
199 218
200 219
201 220
181 79
182 80
183 81
184 82
185 83
186 84
187 85
188 86
189 87
190 88
191 89
192 90
193 91
194 92
195 93
196 94
197 95
198 96
199 97
200 98
201 99
202 100
177 331
178 330
179 329
180 328
181 327
182 326
183 325
184 324
185 323
186 322
187 321
188 320
189 319
190 318
191 317
192 316
193 315
194 314
195 313
196 312
197 311
198 310
199 309
200 308
201 307
177 320
178 319
179 318
180 317
181 316
182 315
183 314
184 313
185 312
186 311
187 310
188 309
189 308
190 307
191 306
192 305
193 304
194 303
195 302
196 301
197 300
198 299
199 298
200 297
201 296
174 95
175 96
176 97
177 98
178 99
179 100
180 101
181 102
182 103
183 104
184 105
185 106
186 107
187 108
188 109
189 110
190 111
191 112
192 113
193 114
194 115
195 116
196 117
197 118
198 119
199 120
200 121
201 122
171 222
172 223
173 224
174 225
175 226
176 227
177 228
178 229
179 230
180 231
181 232
182 233
183 234
184 235
185 236
186 237
187 238
188 239
189 240
190 241
191 242
192 243
193 244
194 245
195 246
196 247
197 248
198 249
199 250
200 251
201 252
149 197
150 198
151 199
152 200
153 201
154 202
155 203
156 204
157 205
158 206
159 207
160 208
161 209
162 210
163 211
164 212
165 213
166 214
167 215
168 216
169 217
170 218
171 219
172 220
173 221
174 222
175 223
176 224
177 225
178 226
179 227
180 228
181 229
182 230
183 231
184 232
185 233
186 234
187 235
188 236
189 237
190 238
191 239
192 240
193 241
194 242
195 243
196 244
197 245
198 246
199 247
148 245
149 246
150 247
151 248
152 249
153 250
154 251
155 252
156 253
157 254
158 255
159 256
160 257
161 258
162 259
163 260
164 261
165 262
166 263
167 264
168 265
169 266
170 267
171 268
172 269
173 270
174 271
175 272
176 273
177 274
178 275
179 276
180 277
181 278
182 279
183 279
184 279
185 279
186 279
187 279
188 279
189 279
190 279
191 279
192 279
193 279
194 279
195 279
196 279
197 279
198 279
199 279
200 279
201 279
137 244
138 245
139 246
140 247
141 248
142 249
143 250
144 251
145 252
146 253
147 254
148 255
149 256
150 257
151 258
152 259
153 260
154 261
155 262
156 263
157 264
158 265
159 266
160 267
161 268
162 269
163 270
164 271
165 272
166 273
167 274
168 275
169 276
170 277
171 278
172 279
173 279
174 279
175 279
176 279
177 279
178 279
179 279
180 279
181 279
128 219
129 220
130 221
131 222
132 223
133 224
134 225
135 226
136 227
137 228
138 229
139 230
140 231
141 232
142 233
143 234
144 235
145 236
146 237
147 238
148 239
149 240
150 241
151 242
152 243
153 244
154 245
155 246
156 247
157 248
158 249
159 250
160 251
161 252
162 253
163 254
164 255
165 256
166 257
167 258
168 259
169 260
170 261
171 262
172 263
173 264
174 265
175 266
176 267
177 268
178 269
179 270
180 271
181 272
182 273
183 274
184 275
185 276
186 277
187 278
119 208
120 209
121 210
122 211
123 212
124 213
125 214
126 215
127 216
128 217
129 218
130 219
131 220
132 221
133 222
134 223
135 224
136 225
137 226
138 227
139 228
140 229
141 230
142 231
143 232
144 233
145 234
146 235
147 236
148 237
149 238
150 239
151 240
152 241
153 242
154 243
155 244
156 245
157 246
158 247
159 248
160 249
161 250
162 251
163 252
164 253
165 254
166 255
167 256
168 257
169 258
170 259
171 260
172 261
173 262
174 263
175 264
176 265
177 266
178 267
179 268
180 269
181 270
182 271
183 272
184 273
185 274
186 275
187 276
188 277
189 278
119 197
120 198
121 199
122 200
123 201
124 202
125 203
126 204
127 205
128 206
129 207
130 208
131 209
132 210
133 211
134 212
135 213
136 214
137 215
138 216
139 217
140 218
141 219
142 220
143 221
144 222
145 223
146 224
147 225
148 226
149 227
150 228
151 229
152 230
153 231
154 232
155 233
156 234
157 235
158 236
159 237
160 238
161 239
162 240
163 241
164 242
165 243
166 244
167 245
168 246
169 247
170 248
171 249
172 250
173 251
174 252
175 253
176 254
177 255
178 256
179 257
180 258
181 259
182 260
183 261
184 262
185 263
186 264
187 265
188 266
189 267
190 268
191 269
192 270
193 271
194 272
195 273
196 274
197 275
198 276
199 277
200 278
117 219
118 220
119 221
120 222
121 223
122 224
123 225
124 226
125 227
126 228
127 229
128 230
129 231
130 232
131 233
132 234
133 235
134 236
135 237
136 238
137 239
138 240
139 241
140 242
141 243
142 244
143 245
144 246
145 247
146 248
147 249
148 250
149 251
150 252
151 253
152 254
153 255
154 256
155 257
156 258
157 259
158 260
159 261
160 262
161 263
162 264
163 265
164 266
165 267
166 268
167 269
168 270
169 271
170 272
171 273
172 274
173 275
174 276
175 277
176 278
111 243
112 244
113 245
114 246
115 247
116 248
117 249
118 250
119 251
120 252
121 253
122 254
123 255
124 256
125 257
126 258
127 259
128 260
129 261
130 262
131 263
132 264
133 265
134 266
135 267
136 268
137 269
138 270
139 271
140 272
141 273
142 274
143 275
144 276
145 277
146 278
147 279
148 279
149 279
150 279
151 279
152 279
153 279
154 279
155 279
156 279
157 279
158 279
159 279
160 279
161 279
162 279
163 279
164 279
165 279
166 279
167 279
168 279
169 279
170 279
171 279
111 232
112 233
113 234
114 235
115 236
116 237
117 238
118 239
119 240
120 241
121 242
122 243
123 244
124 245
125 246
126 247
127 248
128 249
129 250
130 251
131 252
132 253
133 254
134 255
135 256
136 257
137 258
138 259
139 260
140 261
141 262
142 263
143 264
144 265
145 266
146 267
147 268
148 269
149 270
150 271
151 272
152 273
153 274
154 275
155 276
156 277
157 278
108 208
109 209
110 210
111 211
112 212
113 213
114 214
115 215
116 216
117 217
118 218
119 219
120 220
121 221
122 222
123 223
124 224
125 225
126 226
127 227
128 228
129 229
130 230
131 231
132 232
133 233
134 234
135 235
136 236
137 237
138 238
139 239
140 240
141 241
142 242
143 243
144 244
145 245
146 246
147 247
148 248
149 249
150 250
151 251
152 252
153 253
154 254
155 255
156 256
157 257
158 258
159 259
160 260
161 261
162 262
163 263
164 264
165 265
166 266
167 267
168 268
169 269
170 270
171 271
172 272
173 273
174 274
175 275
176 276
177 277
178 278
108 197
109 198
110 199
111 200
112 201
113 202
114 203
115 204
116 205
117 206
118 207
106 221
107 222
108 223
109 224
110 225
111 226
112 227
113 228
114 229
115 230
116 231
117 232
118 233
119 234
120 235
121 236
122 237
123 238
124 239
125 240
126 241
127 242
128 243
129 244
130 245
131 246
132 247
133 248
134 249
135 250
136 251
137 252
138 253
139 254
140 255
141 256
142 257
143 258
144 259
145 260
146 261
147 262
148 263
149 264
150 265
151 266
152 267
153 268
154 269
155 270
156 271
157 272
158 273
159 274
160 275
161 276
162 277
163 278
100 241
101 242
102 243
103 244
104 245
105 246
106 247
107 248
108 249
109 250
110 251
111 252
112 253
113 254
114 255
115 256
116 257
117 258
118 259
119 260
120 261
121 262
122 263
123 264
124 265
125 266
126 267
127 268
128 269
129 270
130 271
131 272
132 273
133 274
134 275
135 276
136 277
137 278
138 279
139 279
140 279
141 279
142 279
143 279
144 279
145 279
146 279
95 230
96 231
97 232
98 233
99 234
100 235
101 236
102 237
103 238
104 239
105 240
106 241
107 242
108 243
109 244
110 245
111 246
112 247
113 248
114 249
115 250
116 251
117 252
118 253
119 254
120 255
121 256
122 257
123 258
124 259
125 260
126 261
127 262
128 263
129 264
130 265
131 266
132 267
133 268
134 269
135 270
136 271
137 272
138 273
139 274
140 275
141 276
142 277
143 278
81 196
82 197
83 198
84 199
85 200
86 201
87 202
88 203
89 204
90 205
91 206
92 207
93 208
94 209
95 210
96 211
97 212
98 213
99 214
100 215
101 216
102 217
103 218
104 219
105 220
70 196
71 197
72 198
73 199
74 200
75 201
76 202
77 203
78 204
79 205
80 206
81 207
82 208
83 209
84 210
85 211
86 212
87 213
88 214
89 215
90 216
91 217
92 218
93 219
94 220
95 221
96 222
97 223
98 224
99 225
100 226
101 227
102 228
103 229
104 230
105 231
106 232
107 233
108 234
109 235
110 236
111 237
112 238
113 239
114 240
115 241
116 242
117 243
118 244
119 245
120 246
121 247
122 248
123 249
124 250
125 251
126 252
127 253
128 254
129 255
130 256
131 257
132 258
133 259
134 260
135 261
136 262
137 263
138 264
139 265
140 266
141 267
142 268
143 269
144 270
145 271
146 272
147 273
148 274
149 275
150 276
151 277
152 278
69 208
70 209
71 210
72 211
73 212
74 213
75 214
76 215
77 216
78 217
79 218
80 219
81 220
82 221
83 222
84 223
85 224
86 225
87 226
88 227
89 228
90 229
91 230
92 231
93 232
94 233
95 234
96 235
97 236
98 237
99 238
100 239
101 240
102 241
103 242
104 243
105 244
106 245
107 246
108 247
109 248
110 249
111 250
112 251
113 252
114 253
115 254
116 255
117 256
118 257
119 258
120 259
121 260
122 261
123 262
124 263
125 264
126 265
127 266
128 267
129 268
130 269
131 270
132 271
133 272
134 273
135 274
136 275
137 276
138 277
139 278
62 238
63 239
64 240
65 241
66 242
67 243
68 244
69 245
70 246
71 247
72 248
73 249
74 250
75 251
76 252
77 253
78 254
79 255
80 256
81 257
82 258
83 259
84 260
85 261
86 262
87 263
88 264
89 265
90 266
91 267
92 268
93 269
94 270
95 271
96 272
97 273
98 274
99 275
100 276
101 277
102 278
103 279
104 279
105 279
106 279
107 279
108 279
109 279
110 279
111 279
112 279
113 279
114 279
115 279
116 279
117 279
118 279
119 279
120 279
121 279
122 279
123 279
124 279
125 279
126 279
127 279
128 279
129 279
130 279
131 279
132 279
133 279
134 279
135 279
136 279
137 279
35 62
36 63
37 64
38 65
39 66
40 67
41 68
42 69
43 70
44 71
45 72
46 73
47 74
48 75
49 76
50 77
51 78
52 79
53 80
54 81
55 82
56 83
57 84
58 85
59 86
60 87
61 88
62 89
63 90
64 91
65 92
66 93
67 94
68 95
69 96
70 97
71 98
72 99
73 100
74 101
75 102
76 103
77 104
78 105
79 106
80 107
81 108
82 109
83 110
84 111
85 112
86 113
87 114
88 115
89 116
90 117
91 118
92 119
93 120
94 121
95 122
96 123
97 124
98 125
99 126
100 127
101 128
102 129
103 130
104 131
105 132
106 133
107 134
108 135
109 136
110 137
111 138
112 139
113 140
114 141
115 142
116 143
117 144
118 145
119 146
120 147
121 148
122 149
123 150
124 151
125 152
126 153
127 154
128 155
129 156
130 157
131 158
132 159
133 160
134 161
135 162
136 163
137 164
138 165
139 166
140 167
141 168
142 169
143 170
144 171
145 172
146 173
147 174
148 175
149 176
150 177
151 178
152 179
153 180
154 181
155 182
156 183
157 184
158 185
159 186
160 187
161 188
162 189
163 190
164 191
165 192
166 193
167 194
168 195
169 196
170 197
171 198
172 199
173 200
174 201
175 202
176 203
177 204
178 205
179 206
180 207
181 208
182 209
183 210
184 211
185 212
186 213
187 214
188 215
189 216
190 217
191 218
192 219
193 220
194 221
195 222
196 223
197 224
198 225
199 226
200 227
201 228
202 279
100
522 287
499 258
499 247
499 236
492 274
488 246
452 261
354 108
353 119
351 147
349 176
349 165
347 187
345 225
345 214
343 108
340 154
340 143
338 176
338 165
334 225
334 214
332 241
332 117
332 106
331 253
329 154
329 143
327 184
327 173
325 289
321 322
319 335
317 354
315 368
305 168
305 157
288 259
256 310
254 328
253 339
249 87
243 328
242 339
237 229
237 218
237 207
232 328
231 340
226 229
226 218
226 207
225 85
223 100
215 229
215 218
215 207
214 89
204 236
204 225
204 214
204 203
200 248
199 326
197 341
193 237
193 226
193 215
193 204
188 330
188 319
186 342
185 90
182 223
182 212
182 201
181 79
177 331
177 320
174 95
171 222
149 197
148 245
137 244
128 219
119 208
119 197
117 219
111 243
111 232
108 208
108 197
106 221
100 241
95 230
81 196
70 196
69 208
62 238
35 62
